Instance,Terminal,Layer,X location,Y location,Voltage
FILLER_0_12_37,VPWR,li1,23.0000,46.2400,1.799963
FILLER_0_12_3,VPWR,li1,7.1300,46.2400,1.799972
FILLER_0_11_45,VPWR,li1,26.9100,40.8000,1.799988
FILLER_0_11_19,VPWR,li1,14.9500,40.8000,1.799990
FILLER_0_11_7,VPWR,li1,11.5000,40.8000,1.799992
FILLER_0_10_29,VPWR,li1,19.3200,40.8000,1.799988
FILLER_0_10_21,VPWR,li1,16.1000,40.8000,1.799990
FILLER_0_10_9,VPWR,li1,12.4200,40.8000,1.799992
FILLER_0_10_3,VPWR,li1,7.5900,40.8000,1.799994
FILLER_0_9_46,VPWR,li1,27.1400,35.3600,1.799918
FILLER_0_9_23,VPWR,li1,16.7900,35.3600,1.799937
FILLER_0_9_11,VPWR,li1,13.3400,35.3600,1.799949
FILLER_0_8_44,VPWR,li1,25.9900,35.3600,1.799918
FILLER_0_8_32,VPWR,li1,23.0000,35.3600,1.799918
FILLER_0_8_26,VPWR,li1,17.9400,35.3600,1.799937
FILLER_0_7_37,VPWR,li1,24.3800,29.9200,1.799991
FILLER_0_7_3,VPWR,li1,7.8200,29.9200,1.799994
FILLER_0_6_37,VPWR,li1,24.3800,29.9200,1.799991
FILLER_0_6_27,VPWR,li1,18.1700,29.9200,1.799991
FILLER_0_6_23,VPWR,li1,17.0200,29.9200,1.799991
FILLER_0_6_3,VPWR,li1,9.6600,29.9200,1.799994
FILLER_0_5_13,VPWR,li1,14.2600,24.4800,1.799992
FILLER_0_5_9,VPWR,li1,9.8900,24.4800,1.799994
FILLER_0_5_3,VPWR,li1,8.2800,24.4800,1.799994
FILLER_0_4_41,VPWR,li1,25.3000,24.4800,1.799987
FILLER_0_4_29,VPWR,li1,21.6200,24.4800,1.799987
FILLER_0_4_27,VPWR,li1,18.1700,24.4800,1.799990
FILLER_0_4_15,VPWR,li1,15.1800,24.4800,1.799992
FILLER_0_4_3,VPWR,li1,9.6600,24.4800,1.799994
FILLER_0_3_27,VPWR,li1,18.1700,19.0400,1.799951
FILLER_0_3_19,VPWR,li1,16.1000,19.0400,1.799957
FILLER_0_3_3,VPWR,li1,8.2800,19.0400,1.799972
FILLER_0_2_40,VPWR,li1,24.3800,19.0400,1.799939
FILLER_0_2_29,VPWR,li1,19.7800,19.0400,1.799951
FILLER_0_2_27,VPWR,li1,18.1700,19.0400,1.799951
FILLER_0_2_19,VPWR,li1,16.1000,19.0400,1.799957
FILLER_0_2_3,VPWR,li1,8.7400,19.0400,1.799972
FILLER_0_1_37,VPWR,li1,24.3800,13.6000,1.800000
FILLER_0_1_15,VPWR,li1,14.2600,13.6000,1.800000
FILLER_0_1_9,VPWR,li1,9.8900,13.6000,1.800000
FILLER_0_1_3,VPWR,li1,8.2800,13.6000,1.800000
FILLER_0_0_34,VPWR,li1,23.0000,13.6000,1.800000
FILLER_0_0_20,VPWR,li1,16.5600,13.6000,1.800000
FILLER_0_0_15,VPWR,li1,12.8800,13.6000,1.800000
FILLER_0_0_3,VPWR,li1,9.6600,13.6000,1.800000
clkbuf_1_1__f_clk,VPWR,li1,13.8000,46.2400,1.799963
clkbuf_1_0__f_clk,VPWR,li1,23.0000,19.0400,1.799939
clkbuf_0_clk,VPWR,li1,22.0800,35.3600,1.799918
zero2five_counter_13,VPWR,li1,26.9100,24.4800,1.799987
output12,VPWR,li1,26.9100,29.9200,1.799991
output11,VPWR,li1,26.9100,29.9200,1.799991
output10,VPWR,li1,26.9100,35.3600,1.799918
output9,VPWR,li1,26.9100,40.8000,1.799988
output8,VPWR,li1,26.9100,46.2400,1.799963
output7,VPWR,li1,24.1500,46.2400,1.799963
output6,VPWR,li1,25.5300,46.2400,1.799963
output5,VPWR,li1,25.5300,13.6000,1.800000
output4,VPWR,li1,26.9100,13.6000,1.800000
output3,VPWR,li1,26.9100,13.6000,1.800000
output2,VPWR,li1,26.9100,19.0400,1.799939
input1,VPWR,li1,7.8200,40.8000,1.799994
TAP_TAPCELL_ROW_12_32,VPWR,li1,18.6300,45.9330,1.799963
TAP_TAPCELL_ROW_10_31,VPWR,li1,18.6300,40.4930,1.799989
TAP_TAPCELL_ROW_8_30,VPWR,li1,18.6300,35.0530,1.799930
TAP_TAPCELL_ROW_6_29,VPWR,li1,18.6300,29.6130,1.799991
TAP_TAPCELL_ROW_4_28,VPWR,li1,18.6300,24.1730,1.799990
TAP_TAPCELL_ROW_2_27,VPWR,li1,18.6300,18.7330,1.799951
TAP_TAPCELL_ROW_0_26,VPWR,li1,18.6300,13.2930,1.800000
PHY_EDGE_ROW_12_Left_25,VPWR,li1,6.2100,46.2400,1.799972
PHY_EDGE_ROW_11_Left_24,VPWR,li1,6.2100,40.8000,1.799994
PHY_EDGE_ROW_10_Left_23,VPWR,li1,6.2100,40.8000,1.799994
PHY_EDGE_ROW_9_Left_22,VPWR,li1,6.2100,35.3600,1.799959
PHY_EDGE_ROW_8_Left_21,VPWR,li1,6.2100,35.3600,1.799959
PHY_EDGE_ROW_7_Left_20,VPWR,li1,6.2100,29.9200,1.799994
PHY_EDGE_ROW_6_Left_19,VPWR,li1,6.2100,29.9200,1.799994
PHY_EDGE_ROW_5_Left_18,VPWR,li1,6.2100,24.4800,1.799994
PHY_EDGE_ROW_4_Left_17,VPWR,li1,6.2100,24.4800,1.799994
PHY_EDGE_ROW_3_Left_16,VPWR,li1,6.2100,19.0400,1.799972
PHY_EDGE_ROW_2_Left_15,VPWR,li1,6.2100,19.0400,1.799972
PHY_EDGE_ROW_1_Left_14,VPWR,li1,6.2100,13.6000,1.800000
PHY_EDGE_ROW_0_Left_13,VPWR,li1,6.2100,13.6000,1.800000
PHY_EDGE_ROW_12_Right_12,VPWR,li1,28.2900,46.2400,1.799963
PHY_EDGE_ROW_11_Right_11,VPWR,li1,28.2900,40.8000,1.799988
PHY_EDGE_ROW_10_Right_10,VPWR,li1,28.2900,40.8000,1.799988
PHY_EDGE_ROW_9_Right_9,VPWR,li1,28.2900,35.3600,1.799918
PHY_EDGE_ROW_8_Right_8,VPWR,li1,28.2900,35.3600,1.799918
PHY_EDGE_ROW_7_Right_7,VPWR,li1,28.2900,29.9200,1.799991
PHY_EDGE_ROW_6_Right_6,VPWR,li1,28.2900,29.9200,1.799991
PHY_EDGE_ROW_5_Right_5,VPWR,li1,28.2900,24.4800,1.799987
PHY_EDGE_ROW_4_Right_4,VPWR,li1,28.2900,24.4800,1.799987
PHY_EDGE_ROW_3_Right_3,VPWR,li1,28.2900,19.0400,1.799939
PHY_EDGE_ROW_2_Right_2,VPWR,li1,28.2900,19.0400,1.799939
PHY_EDGE_ROW_1_Right_1,VPWR,li1,28.2900,13.6000,1.800000
PHY_EDGE_ROW_0_Right_0,VPWR,li1,28.2900,13.6000,1.800000
_47_,VPWR,li1,8.9700,40.8000,1.799994
_45_,VPWR,li1,12.1900,35.3600,1.799959
_44_,VPWR,li1,14.0300,29.9200,1.799991
_43_,VPWR,li1,22.3100,24.4800,1.799987
_42_,VPWR,li1,20.9300,40.8000,1.799988
_41_,VPWR,li1,25.5300,40.8000,1.799988
_40_,VPWR,li1,19.5500,35.3600,1.799930
_39_,VPWR,li1,14.0300,13.6000,1.800000
_38_,VPWR,li1,13.5700,19.0400,1.799967
_37_,VPWR,li1,20.7000,46.2400,1.799963
_36_,VPWR,li1,14.2600,29.9200,1.799991
_35_,VPWR,li1,25.5300,19.0400,1.799939
_34_,VPWR,li1,23.6900,40.8000,1.799988
_33_,VPWR,li1,20.2400,29.9200,1.799991
_32_,VPWR,li1,10.8100,24.4800,1.799994
_31_,VPWR,li1,8.7400,35.3600,1.799959
_30_,VPWR,li1,11.2700,13.6000,1.800000
_29_,VPWR,li1,8.2800,46.2400,1.799972
_28_,VPWR,li1,19.7800,29.9200,1.799991
_27_,VPWR,li1,17.9400,13.6000,1.800000
_26_,VPWR,li1,22.3100,19.0400,1.799939
_25_,VPWR,li1,21.8500,29.9200,1.799991
_24_,VPWR,li1,20.0100,13.6000,1.800000
_23_,VPWR,li1,21.1600,13.6000,1.800000
_22_,VPWR,li1,21.6200,29.9200,1.799991
_21_,VPWR,li1,12.4200,19.0400,1.799967
_20_,VPWR,li1,11.2700,19.0400,1.799972
_19_,VPWR,li1,17.7100,40.8000,1.799989
_18_,VPWR,li1,21.1600,40.8000,1.799988
