Instance,Terminal,Layer,X location,Y location,Voltage
FILLER_0_12_37,VGND,li1,23.0000,43.5200,0.000038
FILLER_0_12_3,VGND,li1,7.1300,43.5200,0.000034
FILLER_0_11_45,VGND,li1,26.9100,43.5200,0.000038
FILLER_0_11_19,VGND,li1,14.9500,43.5200,0.000034
FILLER_0_11_7,VGND,li1,11.5000,43.5200,0.000034
FILLER_0_10_29,VGND,li1,19.3200,38.0800,0.000057
FILLER_0_10_21,VGND,li1,16.1000,38.0800,0.000048
FILLER_0_10_9,VGND,li1,12.4200,38.0800,0.000035
FILLER_0_10_3,VGND,li1,7.5900,38.0800,0.000035
FILLER_0_9_46,VGND,li1,27.1400,38.0800,0.000066
FILLER_0_9_23,VGND,li1,16.7900,38.0800,0.000048
FILLER_0_9_11,VGND,li1,13.3400,38.0800,0.000035
FILLER_0_8_44,VGND,li1,25.9900,32.6400,0.000013
FILLER_0_8_32,VGND,li1,23.0000,32.6400,0.000013
FILLER_0_8_26,VGND,li1,17.9400,32.6400,0.000013
FILLER_0_7_37,VGND,li1,24.3800,32.6400,0.000013
FILLER_0_7_3,VGND,li1,7.8200,32.6400,0.000012
FILLER_0_6_37,VGND,li1,24.3800,27.2000,0.000011
FILLER_0_6_27,VGND,li1,18.1700,27.2000,0.000008
FILLER_0_6_23,VGND,li1,17.0200,27.2000,0.000008
FILLER_0_6_3,VGND,li1,9.6600,27.2000,0.000006
FILLER_0_5_13,VGND,li1,14.2600,27.2000,0.000006
FILLER_0_5_9,VGND,li1,9.8900,27.2000,0.000006
FILLER_0_5_3,VGND,li1,8.2800,27.2000,0.000006
FILLER_0_4_41,VGND,li1,25.3000,21.7600,0.000050
FILLER_0_4_29,VGND,li1,21.6200,21.7600,0.000050
FILLER_0_4_27,VGND,li1,18.1700,21.7600,0.000041
FILLER_0_4_15,VGND,li1,15.1800,21.7600,0.000028
FILLER_0_4_3,VGND,li1,9.6600,21.7600,0.000028
FILLER_0_3_27,VGND,li1,18.1700,21.7600,0.000041
FILLER_0_3_19,VGND,li1,16.1000,21.7600,0.000035
FILLER_0_3_3,VGND,li1,8.2800,21.7600,0.000028
FILLER_0_2_40,VGND,li1,24.3800,16.3200,0.000000
FILLER_0_2_29,VGND,li1,19.7800,16.3200,0.000000
FILLER_0_2_27,VGND,li1,18.1700,16.3200,0.000000
FILLER_0_2_19,VGND,li1,16.1000,16.3200,0.000000
FILLER_0_2_3,VGND,li1,8.7400,16.3200,0.000000
FILLER_0_1_37,VGND,li1,24.3800,16.3200,0.000000
FILLER_0_1_15,VGND,li1,14.2600,16.3200,0.000000
FILLER_0_1_9,VGND,li1,9.8900,16.3200,0.000000
FILLER_0_1_3,VGND,li1,8.2800,16.3200,0.000000
FILLER_0_0_34,VGND,li1,23.0000,10.8800,0.000000
FILLER_0_0_20,VGND,li1,16.5600,10.8800,0.000000
FILLER_0_0_15,VGND,li1,12.8800,10.8800,0.000000
FILLER_0_0_3,VGND,li1,9.6600,10.8800,0.000000
clkbuf_1_1__f_clk,VGND,li1,13.8000,43.5200,0.000034
clkbuf_1_0__f_clk,VGND,li1,23.0000,21.7600,0.000050
clkbuf_0_clk,VGND,li1,22.0800,38.0800,0.000066
zero2five_counter_13,VGND,li1,26.9100,21.7600,0.000050
output12,VGND,li1,26.9100,27.2000,0.000011
output11,VGND,li1,26.9100,32.6400,0.000013
output10,VGND,li1,26.9100,32.6400,0.000013
output9,VGND,li1,26.9100,38.0800,0.000066
output8,VGND,li1,26.9100,43.5200,0.000038
output7,VGND,li1,24.1500,43.5200,0.000038
output6,VGND,li1,25.5300,43.5200,0.000038
output5,VGND,li1,25.5300,10.8800,0.000000
output4,VGND,li1,26.9100,10.8800,0.000000
output3,VGND,li1,26.9100,16.3200,0.000000
output2,VGND,li1,26.9100,16.3200,0.000000
input1,VGND,li1,7.8200,43.5200,0.000034
TAP_TAPCELL_ROW_12_32,VGND,li1,18.6300,43.8110,0.000036
TAP_TAPCELL_ROW_10_31,VGND,li1,18.6300,38.3710,0.000057
TAP_TAPCELL_ROW_8_30,VGND,li1,18.6300,32.9310,0.000013
TAP_TAPCELL_ROW_6_29,VGND,li1,18.6300,27.4910,0.000008
TAP_TAPCELL_ROW_4_28,VGND,li1,18.6300,22.0510,0.000041
TAP_TAPCELL_ROW_2_27,VGND,li1,18.6300,16.6110,0.000000
TAP_TAPCELL_ROW_0_26,VGND,li1,18.6300,11.1710,0.000000
PHY_EDGE_ROW_12_Left_25,VGND,li1,6.2100,43.5200,0.000034
PHY_EDGE_ROW_11_Left_24,VGND,li1,6.2100,43.5200,0.000034
PHY_EDGE_ROW_10_Left_23,VGND,li1,6.2100,38.0800,0.000035
PHY_EDGE_ROW_9_Left_22,VGND,li1,6.2100,38.0800,0.000035
PHY_EDGE_ROW_8_Left_21,VGND,li1,6.2100,32.6400,0.000012
PHY_EDGE_ROW_7_Left_20,VGND,li1,6.2100,32.6400,0.000012
PHY_EDGE_ROW_6_Left_19,VGND,li1,6.2100,27.2000,0.000006
PHY_EDGE_ROW_5_Left_18,VGND,li1,6.2100,27.2000,0.000006
PHY_EDGE_ROW_4_Left_17,VGND,li1,6.2100,21.7600,0.000028
PHY_EDGE_ROW_3_Left_16,VGND,li1,6.2100,21.7600,0.000028
PHY_EDGE_ROW_2_Left_15,VGND,li1,6.2100,16.3200,0.000000
PHY_EDGE_ROW_1_Left_14,VGND,li1,6.2100,16.3200,0.000000
PHY_EDGE_ROW_0_Left_13,VGND,li1,6.2100,10.8800,0.000000
PHY_EDGE_ROW_12_Right_12,VGND,li1,28.2900,43.5200,0.000038
PHY_EDGE_ROW_11_Right_11,VGND,li1,28.2900,43.5200,0.000038
PHY_EDGE_ROW_10_Right_10,VGND,li1,28.2900,38.0800,0.000066
PHY_EDGE_ROW_9_Right_9,VGND,li1,28.2900,38.0800,0.000066
PHY_EDGE_ROW_8_Right_8,VGND,li1,28.2900,32.6400,0.000013
PHY_EDGE_ROW_7_Right_7,VGND,li1,28.2900,32.6400,0.000013
PHY_EDGE_ROW_6_Right_6,VGND,li1,28.2900,27.2000,0.000011
PHY_EDGE_ROW_5_Right_5,VGND,li1,28.2900,27.2000,0.000011
PHY_EDGE_ROW_4_Right_4,VGND,li1,28.2900,21.7600,0.000050
PHY_EDGE_ROW_3_Right_3,VGND,li1,28.2900,21.7600,0.000050
PHY_EDGE_ROW_2_Right_2,VGND,li1,28.2900,16.3200,0.000000
PHY_EDGE_ROW_1_Right_1,VGND,li1,28.2900,16.3200,0.000000
PHY_EDGE_ROW_0_Right_0,VGND,li1,28.2900,10.8800,0.000000
_47_,VGND,li1,8.9700,38.0800,0.000035
_45_,VGND,li1,12.1900,32.6400,0.000012
_44_,VGND,li1,14.0300,32.6400,0.000013
_43_,VGND,li1,22.3100,27.2000,0.000011
_42_,VGND,li1,20.9300,43.5200,0.000038
_41_,VGND,li1,25.5300,38.0800,0.000066
_40_,VGND,li1,19.5500,32.6400,0.000013
_39_,VGND,li1,14.0300,10.8800,0.000000
_38_,VGND,li1,13.5700,21.7600,0.000028
_37_,VGND,li1,20.7000,43.5200,0.000038
_36_,VGND,li1,14.2600,27.2000,0.000006
_35_,VGND,li1,25.5300,16.3200,0.000000
_34_,VGND,li1,23.6900,38.0800,0.000066
_33_,VGND,li1,20.2400,32.6400,0.000013
_32_,VGND,li1,10.8100,27.2000,0.000006
_31_,VGND,li1,8.7400,38.0800,0.000035
_30_,VGND,li1,11.2700,16.3200,0.000000
_29_,VGND,li1,8.2800,43.5200,0.000034
_28_,VGND,li1,19.7800,27.2000,0.000010
_27_,VGND,li1,17.9400,16.3200,0.000000
_26_,VGND,li1,22.3100,16.3200,0.000000
_25_,VGND,li1,21.8500,32.6400,0.000013
_24_,VGND,li1,20.0100,10.8800,0.000000
_23_,VGND,li1,21.1600,16.3200,0.000000
_22_,VGND,li1,21.6200,27.2000,0.000011
_21_,VGND,li1,12.4200,16.3200,0.000000
_20_,VGND,li1,11.2700,21.7600,0.000028
_19_,VGND,li1,17.7100,38.0800,0.000048
_18_,VGND,li1,21.1600,38.0800,0.000066
