
===========================================================================
report_checks -unconstrained
===========================================================================
======================= Fastest Corner ===================================

Startpoint: OP[0] (input port clocked by __VIRTUAL_CLK__)
Endpoint: OUT[6] (output port clocked by __VIRTUAL_CLK__)
Path Group: __VIRTUAL_CLK__
Path Type: max
Corner: Fastest

Fanout     Cap    Slew   Delay    Time   Description
-----------------------------------------------------------------------------
                  0.00    0.00    0.00   clock __VIRTUAL_CLK__ (rise edge)
                          0.00    0.00   clock network delay (ideal)
                          2.00    2.00 v input external delay
     1    0.00    0.01    0.00    2.00 v OP[0] (in)
                                         OP[0] (net)
                  0.01    0.00    2.00 v input17/A (sky130_fd_sc_hd__buf_2)
     5    0.05    0.08    0.13    2.13 v input17/X (sky130_fd_sc_hd__buf_2)
                                         net17 (net)
                  0.09    0.00    2.14 v _235_/A_N (sky130_fd_sc_hd__nand3b_4)
     4    0.02    0.07    0.15    2.28 v _235_/Y (sky130_fd_sc_hd__nand3b_4)
                                         _163_ (net)
                  0.07    0.00    2.28 v rebuffer1/A (sky130_fd_sc_hd__clkbuf_2)
     4    0.02    0.06    0.12    2.40 v rebuffer1/X (sky130_fd_sc_hd__clkbuf_2)
                                         net29 (net)
                  0.06    0.00    2.40 v rebuffer2/A (sky130_fd_sc_hd__buf_4)
     3    0.02    0.04    0.12    2.52 v rebuffer2/X (sky130_fd_sc_hd__buf_4)
                                         net30 (net)
                  0.04    0.00    2.52 v _239_/A1 (sky130_fd_sc_hd__a21oi_2)
     2    0.04    0.32    0.28    2.81 ^ _239_/Y (sky130_fd_sc_hd__a21oi_2)
                                         _167_ (net)
                  0.32    0.00    2.81 ^ _248_/B (sky130_fd_sc_hd__or3_1)
     1    0.00    0.03    0.09    2.90 ^ _248_/X (sky130_fd_sc_hd__or3_1)
                                         _006_ (net)
                  0.03    0.00    2.90 ^ _249_/B (sky130_fd_sc_hd__and2_1)
     2    0.02    0.17    0.18    3.08 ^ _249_/X (sky130_fd_sc_hd__and2_1)
                                         _007_ (net)
                  0.17    0.00    3.08 ^ _250_/B1 (sky130_fd_sc_hd__o21ai_4)
     4    0.04    0.08    0.08    3.16 v _250_/Y (sky130_fd_sc_hd__o21ai_4)
                                         _008_ (net)
                  0.08    0.00    3.17 v _257_/A1 (sky130_fd_sc_hd__a311o_4)
     5    0.04    0.08    0.27    3.44 v _257_/X (sky130_fd_sc_hd__a311o_4)
                                         _015_ (net)
                  0.08    0.00    3.44 v _276_/A3 (sky130_fd_sc_hd__a311oi_4)
     3    0.03    0.32    0.35    3.80 ^ _276_/Y (sky130_fd_sc_hd__a311oi_4)
                                         _033_ (net)
                  0.32    0.00    3.80 ^ _277_/A_N (sky130_fd_sc_hd__and2b_1)
     1    0.01    0.05    0.16    3.96 v _277_/X (sky130_fd_sc_hd__and2b_1)
                                         _034_ (net)
                  0.05    0.00    3.96 v _291_/A2 (sky130_fd_sc_hd__a21o_1)
     2    0.02    0.08    0.18    4.14 v _291_/X (sky130_fd_sc_hd__a21o_1)
                                         net26 (net)
                  0.08    0.00    4.15 v output26/A (sky130_fd_sc_hd__clkbuf_4)
     1    0.03    0.06    0.15    4.30 v output26/X (sky130_fd_sc_hd__clkbuf_4)
                                         OUT[6] (net)
                  0.06    0.00    4.30 v OUT[6] (out)
                                  4.30   data arrival time

                  0.00   10.00   10.00   clock __VIRTUAL_CLK__ (rise edge)
                          0.00   10.00   clock network delay (ideal)
                         -0.25    9.75   clock uncertainty
                          0.00    9.75   clock reconvergence pessimism
                         -2.00    7.75   output external delay
                                  7.75   data required time
-----------------------------------------------------------------------------
                                  7.75   data required time
                                 -4.30   data arrival time
-----------------------------------------------------------------------------
                                  3.45   slack (MET)



======================= Slowest Corner ===================================

Startpoint: OP[0] (input port clocked by __VIRTUAL_CLK__)
Endpoint: OUT[4] (output port clocked by __VIRTUAL_CLK__)
Path Group: __VIRTUAL_CLK__
Path Type: max
Corner: Slowest

Fanout     Cap    Slew   Delay    Time   Description
-----------------------------------------------------------------------------
                  0.00    0.00    0.00   clock __VIRTUAL_CLK__ (rise edge)
                          0.00    0.00   clock network delay (ideal)
                          2.00    2.00 v input external delay
     1    0.00    0.02    0.01    2.01 v OP[0] (in)
                                         OP[0] (net)
                  0.02    0.00    2.01 v input17/A (sky130_fd_sc_hd__buf_2)
     5    0.05    0.23    0.39    2.40 v input17/X (sky130_fd_sc_hd__buf_2)
                                         net17 (net)
                  0.23    0.00    2.40 v _235_/A_N (sky130_fd_sc_hd__nand3b_4)
     4    0.02    0.18    0.43    2.83 v _235_/Y (sky130_fd_sc_hd__nand3b_4)
                                         _163_ (net)
                  0.18    0.00    2.83 v rebuffer1/A (sky130_fd_sc_hd__clkbuf_2)
     4    0.02    0.15    0.33    3.17 v rebuffer1/X (sky130_fd_sc_hd__clkbuf_2)
                                         net29 (net)
                  0.15    0.00    3.17 v _243_/A2 (sky130_fd_sc_hd__a21oi_2)
     2    0.03    0.58    0.60    3.76 ^ _243_/Y (sky130_fd_sc_hd__a21oi_2)
                                         _001_ (net)
                  0.58    0.00    3.77 ^ _244_/A2 (sky130_fd_sc_hd__o21a_2)
     4    0.04    0.33    0.64    4.41 ^ _244_/X (sky130_fd_sc_hd__o21a_2)
                                         _002_ (net)
                  0.33    0.00    4.41 ^ _247_/A_N (sky130_fd_sc_hd__and3b_2)
     3    0.03    0.19    0.68    5.09 v _247_/X (sky130_fd_sc_hd__and3b_2)
                                         _005_ (net)
                  0.19    0.00    5.09 v _250_/A1 (sky130_fd_sc_hd__o21ai_4)
     4    0.04    0.54    0.60    5.69 ^ _250_/Y (sky130_fd_sc_hd__o21ai_4)
                                         _008_ (net)
                  0.54    0.00    5.69 ^ _336_/A2 (sky130_fd_sc_hd__a31o_1)
     1    0.01    0.19    0.57    6.26 ^ _336_/X (sky130_fd_sc_hd__a31o_1)
                                         _087_ (net)
                  0.19    0.00    6.26 ^ _337_/B (sky130_fd_sc_hd__nand2_1)
     1    0.01    0.20    0.25    6.51 v _337_/Y (sky130_fd_sc_hd__nand2_1)
                                         _088_ (net)
                  0.20    0.00    6.51 v _338_/C (sky130_fd_sc_hd__and3_1)
     1    0.02    0.25    0.62    7.13 v _338_/X (sky130_fd_sc_hd__and3_1)
                                         _089_ (net)
                  0.25    0.00    7.13 v _346_/A (sky130_fd_sc_hd__or3_4)
     1    0.03    0.18    0.97    8.10 v _346_/X (sky130_fd_sc_hd__or3_4)
                                         _097_ (net)
                  0.18    0.00    8.10 v _347_/A (sky130_fd_sc_hd__buf_1)
     1    0.02    0.22    0.36    8.46 v _347_/X (sky130_fd_sc_hd__buf_1)
                                         net24 (net)
                  0.22    0.00    8.46 v output24/A (sky130_fd_sc_hd__buf_2)
     1    0.03    0.17    0.44    8.90 v output24/X (sky130_fd_sc_hd__buf_2)
                                         OUT[4] (net)
                  0.17    0.00    8.90 v OUT[4] (out)
                                  8.90   data arrival time

                  0.00   10.00   10.00   clock __VIRTUAL_CLK__ (rise edge)
                          0.00   10.00   clock network delay (ideal)
                         -0.25    9.75   clock uncertainty
                          0.00    9.75   clock reconvergence pessimism
                         -2.00    7.75   output external delay
                                  7.75   data required time
-----------------------------------------------------------------------------
                                  7.75   data required time
                                 -8.90   data arrival time
-----------------------------------------------------------------------------
                                 -1.15   slack (VIOLATED)



======================= Typical Corner ===================================

Startpoint: A[2] (input port clocked by __VIRTUAL_CLK__)
Endpoint: OUT[4] (output port clocked by __VIRTUAL_CLK__)
Path Group: __VIRTUAL_CLK__
Path Type: max
Corner: Typical

Fanout     Cap    Slew   Delay    Time   Description
-----------------------------------------------------------------------------
                  0.00    0.00    0.00   clock __VIRTUAL_CLK__ (rise edge)
                          0.00    0.00   clock network delay (ideal)
                          2.00    2.00 ^ input external delay
     1    0.00    0.02    0.01    2.01 ^ A[2] (in)
                                         A[2] (net)
                  0.02    0.00    2.01 ^ input3/A (sky130_fd_sc_hd__buf_2)
     4    0.05    0.23    0.23    2.24 ^ input3/X (sky130_fd_sc_hd__buf_2)
                                         net3 (net)
                  0.23    0.01    2.25 ^ _176_/A (sky130_fd_sc_hd__buf_4)
    10    0.07    0.19    0.29    2.54 ^ _176_/X (sky130_fd_sc_hd__buf_4)
                                         _104_ (net)
                  0.19    0.01    2.54 ^ _194_/B1 (sky130_fd_sc_hd__a22o_1)
     2    0.03    0.26    0.33    2.87 ^ _194_/X (sky130_fd_sc_hd__a22o_1)
                                         _122_ (net)
                  0.26    0.00    2.88 ^ _196_/A3 (sky130_fd_sc_hd__a31o_1)
     2    0.02    0.22    0.32    3.20 ^ _196_/X (sky130_fd_sc_hd__a31o_1)
                                         _124_ (net)
                  0.22    0.00    3.20 ^ _198_/C (sky130_fd_sc_hd__and3_1)
     2    0.03    0.32    0.41    3.61 ^ _198_/X (sky130_fd_sc_hd__and3_1)
                                         _126_ (net)
                  0.32    0.00    3.61 ^ _199_/B1 (sky130_fd_sc_hd__a31o_1)
     2    0.03    0.27    0.33    3.94 ^ _199_/X (sky130_fd_sc_hd__a31o_1)
                                         _127_ (net)
                  0.27    0.00    3.94 ^ _201_/B (sky130_fd_sc_hd__xor2_2)
     2    0.02    0.32    0.34    4.28 ^ _201_/X (sky130_fd_sc_hd__xor2_2)
                                         _129_ (net)
                  0.32    0.00    4.28 ^ _210_/A (sky130_fd_sc_hd__nand3_2)
     3    0.02    0.18    0.23    4.51 v _210_/Y (sky130_fd_sc_hd__nand3_2)
                                         _138_ (net)
                  0.18    0.00    4.51 v _345_/A1 (sky130_fd_sc_hd__a31o_1)
     1    0.01    0.05    0.26    4.76 v _345_/X (sky130_fd_sc_hd__a31o_1)
                                         _096_ (net)
                  0.05    0.00    4.76 v _346_/C (sky130_fd_sc_hd__or3_4)
     1    0.03    0.10    0.40    5.16 v _346_/X (sky130_fd_sc_hd__or3_4)
                                         _097_ (net)
                  0.10    0.00    5.16 v _347_/A (sky130_fd_sc_hd__buf_1)
     1    0.02    0.11    0.19    5.35 v _347_/X (sky130_fd_sc_hd__buf_1)
                                         net24 (net)
                  0.11    0.00    5.35 v output24/A (sky130_fd_sc_hd__buf_2)
     1    0.03    0.09    0.22    5.57 v output24/X (sky130_fd_sc_hd__buf_2)
                                         OUT[4] (net)
                  0.09    0.00    5.58 v OUT[4] (out)
                                  5.58   data arrival time

                  0.00   10.00   10.00   clock __VIRTUAL_CLK__ (rise edge)
                          0.00   10.00   clock network delay (ideal)
                         -0.25    9.75   clock uncertainty
                          0.00    9.75   clock reconvergence pessimism
                         -2.00    7.75   output external delay
                                  7.75   data required time
-----------------------------------------------------------------------------
                                  7.75   data required time
                                 -5.58   data arrival time
-----------------------------------------------------------------------------
                                  2.17   slack (MET)




===========================================================================
report_checks --slack_max -0.01
============================================================================
======================= Fastest Corner ===================================

No paths found.

======================= Slowest Corner ===================================

Startpoint: OP[0] (input port clocked by __VIRTUAL_CLK__)
Endpoint: OUT[4] (output port clocked by __VIRTUAL_CLK__)
Path Group: __VIRTUAL_CLK__
Path Type: max
Corner: Slowest

Fanout     Cap    Slew   Delay    Time   Description
-----------------------------------------------------------------------------
                  0.00    0.00    0.00   clock __VIRTUAL_CLK__ (rise edge)
                          0.00    0.00   clock network delay (ideal)
                          2.00    2.00 v input external delay
     1    0.00    0.02    0.01    2.01 v OP[0] (in)
                                         OP[0] (net)
                  0.02    0.00    2.01 v input17/A (sky130_fd_sc_hd__buf_2)
     5    0.05    0.23    0.39    2.40 v input17/X (sky130_fd_sc_hd__buf_2)
                                         net17 (net)
                  0.23    0.00    2.40 v _235_/A_N (sky130_fd_sc_hd__nand3b_4)
     4    0.02    0.18    0.43    2.83 v _235_/Y (sky130_fd_sc_hd__nand3b_4)
                                         _163_ (net)
                  0.18    0.00    2.83 v rebuffer1/A (sky130_fd_sc_hd__clkbuf_2)
     4    0.02    0.15    0.33    3.17 v rebuffer1/X (sky130_fd_sc_hd__clkbuf_2)
                                         net29 (net)
                  0.15    0.00    3.17 v _243_/A2 (sky130_fd_sc_hd__a21oi_2)
     2    0.03    0.58    0.60    3.76 ^ _243_/Y (sky130_fd_sc_hd__a21oi_2)
                                         _001_ (net)
                  0.58    0.00    3.77 ^ _244_/A2 (sky130_fd_sc_hd__o21a_2)
     4    0.04    0.33    0.64    4.41 ^ _244_/X (sky130_fd_sc_hd__o21a_2)
                                         _002_ (net)
                  0.33    0.00    4.41 ^ _247_/A_N (sky130_fd_sc_hd__and3b_2)
     3    0.03    0.19    0.68    5.09 v _247_/X (sky130_fd_sc_hd__and3b_2)
                                         _005_ (net)
                  0.19    0.00    5.09 v _250_/A1 (sky130_fd_sc_hd__o21ai_4)
     4    0.04    0.54    0.60    5.69 ^ _250_/Y (sky130_fd_sc_hd__o21ai_4)
                                         _008_ (net)
                  0.54    0.00    5.69 ^ _336_/A2 (sky130_fd_sc_hd__a31o_1)
     1    0.01    0.19    0.57    6.26 ^ _336_/X (sky130_fd_sc_hd__a31o_1)
                                         _087_ (net)
                  0.19    0.00    6.26 ^ _337_/B (sky130_fd_sc_hd__nand2_1)
     1    0.01    0.20    0.25    6.51 v _337_/Y (sky130_fd_sc_hd__nand2_1)
                                         _088_ (net)
                  0.20    0.00    6.51 v _338_/C (sky130_fd_sc_hd__and3_1)
     1    0.02    0.25    0.62    7.13 v _338_/X (sky130_fd_sc_hd__and3_1)
                                         _089_ (net)
                  0.25    0.00    7.13 v _346_/A (sky130_fd_sc_hd__or3_4)
     1    0.03    0.18    0.97    8.10 v _346_/X (sky130_fd_sc_hd__or3_4)
                                         _097_ (net)
                  0.18    0.00    8.10 v _347_/A (sky130_fd_sc_hd__buf_1)
     1    0.02    0.22    0.36    8.46 v _347_/X (sky130_fd_sc_hd__buf_1)
                                         net24 (net)
                  0.22    0.00    8.46 v output24/A (sky130_fd_sc_hd__buf_2)
     1    0.03    0.17    0.44    8.90 v output24/X (sky130_fd_sc_hd__buf_2)
                                         OUT[4] (net)
                  0.17    0.00    8.90 v OUT[4] (out)
                                  8.90   data arrival time

                  0.00   10.00   10.00   clock __VIRTUAL_CLK__ (rise edge)
                          0.00   10.00   clock network delay (ideal)
                         -0.25    9.75   clock uncertainty
                          0.00    9.75   clock reconvergence pessimism
                         -2.00    7.75   output external delay
                                  7.75   data required time
-----------------------------------------------------------------------------
                                  7.75   data required time
                                 -8.90   data arrival time
-----------------------------------------------------------------------------
                                 -1.15   slack (VIOLATED)



======================= Typical Corner ===================================

No paths found.


===========================================================================
 report_check_types -max_slew -max_cap -max_fanout -violators
============================================================================
======================= Fastest Corner ===================================


max slew violations count Fastest: 0
max fanout violations count Fastest: 0
max cap violations count Fastest: 0
======================= Slowest Corner ===================================

max slew

Pin                                    Limit    Slew   Slack
------------------------------------------------------------
_340_/B                                 0.75    0.94   -0.19 (VIOLATED)
_309_/B1                                0.75    0.94   -0.19 (VIOLATED)
_322_/B1                                0.75    0.94   -0.19 (VIOLATED)
_298_/B1                                0.75    0.94   -0.19 (VIOLATED)
_332_/B1                                0.75    0.94   -0.19 (VIOLATED)
_232_/B1                                0.75    0.94   -0.19 (VIOLATED)
_228_/Y                                 0.75    0.94   -0.19 (VIOLATED)
_311_/B                                 0.75    0.87   -0.12 (VIOLATED)
_320_/B1                                0.75    0.87   -0.12 (VIOLATED)
_301_/A1                                0.75    0.87   -0.12 (VIOLATED)
_290_/A1                                0.75    0.87   -0.12 (VIOLATED)
_335_/B2                                0.75    0.87   -0.12 (VIOLATED)
_267_/A1                                0.75    0.87   -0.12 (VIOLATED)
_345_/A2                                0.75    0.87   -0.12 (VIOLATED)
_303_/A                                 0.75    0.87   -0.12 (VIOLATED)
_172_/Y                                 0.75    0.87   -0.12 (VIOLATED)
_340_/A_N                               0.75    0.81   -0.06 (VIOLATED)
_343_/B1                                0.75    0.81   -0.06 (VIOLATED)
_339_/Y                                 0.75    0.81   -0.06 (VIOLATED)
_320_/A1                                0.75    0.79   -0.04 (VIOLATED)
_206_/A                                 0.75    0.79   -0.04 (VIOLATED)
_204_/Y                                 0.75    0.79   -0.04 (VIOLATED)


max slew violations count Slowest: 22
max fanout violations count Slowest: 0
max cap violations count Slowest: 0
======================= Typical Corner ===================================


max slew violations count Typical: 0
max fanout violations count Typical: 0
max cap violations count Typical: 0

===========================================================================
report_parasitic_annotation -report_unannotated
============================================================================
Found 0 unannotated drivers.
Found 0 partially unannotated drivers.

===========================================================================
max slew violation count 22
max fanout violation count 0
max cap violation count 0
============================================================================

===========================================================================
check_setup -verbose -unconstrained_endpoints -multiple_clock -no_clock -no_input_delay -loops -generated_clocks
===========================================================================
