
===========================================================================
report_checks -path_delay min (Hold)
============================================================================
======================= Fastest Corner ===================================

Startpoint: B[0] (input port clocked by __VIRTUAL_CLK__)
Endpoint: OUT[0] (output port clocked by __VIRTUAL_CLK__)
Path Group: __VIRTUAL_CLK__
Path Type: min
Corner: Fastest

Fanout     Cap    Slew   Delay    Time   Description
-----------------------------------------------------------------------------
                  0.00    0.00    0.00   clock __VIRTUAL_CLK__ (rise edge)
                          0.00    0.00   clock network delay (ideal)
                          2.00    2.00 v input external delay
     1    0.00    0.01    0.00    2.00 v B[0] (in)
                                         B[0] (net)
                  0.01    0.00    2.00 v input9/A (sky130_fd_sc_hd__clkbuf_2)
     4    0.03    0.09    0.11    2.11 v input9/X (sky130_fd_sc_hd__clkbuf_2)
                                         net9 (net)
                  0.09    0.00    2.11 v _184_/A (sky130_fd_sc_hd__buf_4)
    10    0.07    0.07    0.15    2.26 v _184_/X (sky130_fd_sc_hd__buf_4)
                                         _112_ (net)
                  0.07    0.00    2.27 v _307_/A1 (sky130_fd_sc_hd__a31o_1)
     1    0.01    0.05    0.15    2.41 v _307_/X (sky130_fd_sc_hd__a31o_1)
                                         net20 (net)
                  0.05    0.00    2.41 v output20/A (sky130_fd_sc_hd__buf_2)
     1    0.03    0.06    0.12    2.54 v output20/X (sky130_fd_sc_hd__buf_2)
                                         OUT[0] (net)
                  0.06    0.00    2.54 v OUT[0] (out)
                                  2.54   data arrival time

                  0.00    0.00    0.00   clock __VIRTUAL_CLK__ (rise edge)
                          0.00    0.00   clock network delay (ideal)
                          0.25    0.25   clock uncertainty
                          0.00    0.25   clock reconvergence pessimism
                         -2.00   -1.75   output external delay
                                 -1.75   data required time
-----------------------------------------------------------------------------
                                 -1.75   data required time
                                 -2.54   data arrival time
-----------------------------------------------------------------------------
                                  4.29   slack (MET)


Startpoint: A[5] (input port clocked by __VIRTUAL_CLK__)
Endpoint: OUT[5] (output port clocked by __VIRTUAL_CLK__)
Path Group: __VIRTUAL_CLK__
Path Type: min
Corner: Fastest

Fanout     Cap    Slew   Delay    Time   Description
-----------------------------------------------------------------------------
                  0.00    0.00    0.00   clock __VIRTUAL_CLK__ (rise edge)
                          0.00    0.00   clock network delay (ideal)
                          2.00    2.00 ^ input external delay
     1    0.00    0.01    0.01    2.01 ^ A[5] (in)
                                         A[5] (net)
                  0.01    0.00    2.01 ^ input6/A (sky130_fd_sc_hd__buf_2)
     6    0.06    0.21    0.17    2.18 ^ input6/X (sky130_fd_sc_hd__buf_2)
                                         net6 (net)
                  0.21    0.00    2.18 ^ _233_/A2 (sky130_fd_sc_hd__a311o_1)
     1    0.01    0.09    0.15    2.34 ^ _233_/X (sky130_fd_sc_hd__a311o_1)
                                         _161_ (net)
                  0.09    0.00    2.34 ^ _267_/B1 (sky130_fd_sc_hd__a211o_1)
     1    0.01    0.06    0.08    2.42 ^ _267_/X (sky130_fd_sc_hd__a211o_1)
                                         net25 (net)
                  0.06    0.00    2.42 ^ output25/A (sky130_fd_sc_hd__buf_2)
     1    0.03    0.13    0.14    2.56 ^ output25/X (sky130_fd_sc_hd__buf_2)
                                         OUT[5] (net)
                  0.13    0.00    2.56 ^ OUT[5] (out)
                                  2.56   data arrival time

                  0.00    0.00    0.00   clock __VIRTUAL_CLK__ (rise edge)
                          0.00    0.00   clock network delay (ideal)
                          0.25    0.25   clock uncertainty
                          0.00    0.25   clock reconvergence pessimism
                         -2.00   -1.75   output external delay
                                 -1.75   data required time
-----------------------------------------------------------------------------
                                 -1.75   data required time
                                 -2.56   data arrival time
-----------------------------------------------------------------------------
                                  4.31   slack (MET)


Startpoint: A[6] (input port clocked by __VIRTUAL_CLK__)
Endpoint: OUT[6] (output port clocked by __VIRTUAL_CLK__)
Path Group: __VIRTUAL_CLK__
Path Type: min
Corner: Fastest

Fanout     Cap    Slew   Delay    Time   Description
-----------------------------------------------------------------------------
                  0.00    0.00    0.00   clock __VIRTUAL_CLK__ (rise edge)
                          0.00    0.00   clock network delay (ideal)
                          2.00    2.00 ^ input external delay
     1    0.00    0.01    0.01    2.01 ^ A[6] (in)
                                         A[6] (net)
                  0.01    0.00    2.01 ^ input7/A (sky130_fd_sc_hd__clkbuf_2)
     5    0.04    0.18    0.16    2.16 ^ input7/X (sky130_fd_sc_hd__clkbuf_2)
                                         net7 (net)
                  0.18    0.00    2.17 ^ _289_/A1 (sky130_fd_sc_hd__o211ai_1)
     1    0.00    0.04    0.07    2.24 v _289_/Y (sky130_fd_sc_hd__o211ai_1)
                                         _046_ (net)
                  0.04    0.00    2.24 v _290_/B1 (sky130_fd_sc_hd__a31o_1)
     1    0.00    0.03    0.07    2.31 v _290_/X (sky130_fd_sc_hd__a31o_1)
                                         _047_ (net)
                  0.03    0.00    2.31 v _291_/B1 (sky130_fd_sc_hd__a21o_1)
     2    0.02    0.08    0.11    2.42 v _291_/X (sky130_fd_sc_hd__a21o_1)
                                         net26 (net)
                  0.08    0.00    2.43 v output26/A (sky130_fd_sc_hd__clkbuf_4)
     1    0.03    0.06    0.13    2.56 v output26/X (sky130_fd_sc_hd__clkbuf_4)
                                         OUT[6] (net)
                  0.06    0.00    2.56 v OUT[6] (out)
                                  2.56   data arrival time

                  0.00    0.00    0.00   clock __VIRTUAL_CLK__ (rise edge)
                          0.00    0.00   clock network delay (ideal)
                          0.25    0.25   clock uncertainty
                          0.00    0.25   clock reconvergence pessimism
                         -2.00   -1.75   output external delay
                                 -1.75   data required time
-----------------------------------------------------------------------------
                                 -1.75   data required time
                                 -2.56   data arrival time
-----------------------------------------------------------------------------
                                  4.31   slack (MET)


Startpoint: OP[2] (input port clocked by __VIRTUAL_CLK__)
Endpoint: OUT[7] (output port clocked by __VIRTUAL_CLK__)
Path Group: __VIRTUAL_CLK__
Path Type: min
Corner: Fastest

Fanout     Cap    Slew   Delay    Time   Description
-----------------------------------------------------------------------------
                  0.00    0.00    0.00   clock __VIRTUAL_CLK__ (rise edge)
                          0.00    0.00   clock network delay (ideal)
                          2.00    2.00 v input external delay
     1    0.00    0.01    0.00    2.00 v OP[2] (in)
                                         OP[2] (net)
                  0.01    0.00    2.00 v input19/A (sky130_fd_sc_hd__clkbuf_4)
     6    0.05    0.08    0.12    2.13 v input19/X (sky130_fd_sc_hd__clkbuf_4)
                                         net19 (net)
                  0.08    0.00    2.13 v _265_/A (sky130_fd_sc_hd__and3_2)
     7    0.04    0.09    0.18    2.31 v _265_/X (sky130_fd_sc_hd__and3_2)
                                         _023_ (net)
                  0.09    0.00    2.32 v _302_/A1 (sky130_fd_sc_hd__a31o_1)
     2    0.02    0.06    0.16    2.48 v _302_/X (sky130_fd_sc_hd__a31o_1)
                                         net27 (net)
                  0.06    0.00    2.48 v output27/A (sky130_fd_sc_hd__buf_2)
     1    0.03    0.06    0.12    2.60 v output27/X (sky130_fd_sc_hd__buf_2)
                                         OUT[7] (net)
                  0.06    0.00    2.60 v OUT[7] (out)
                                  2.60   data arrival time

                  0.00    0.00    0.00   clock __VIRTUAL_CLK__ (rise edge)
                          0.00    0.00   clock network delay (ideal)
                          0.25    0.25   clock uncertainty
                          0.00    0.25   clock reconvergence pessimism
                         -2.00   -1.75   output external delay
                                 -1.75   data required time
-----------------------------------------------------------------------------
                                 -1.75   data required time
                                 -2.60   data arrival time
-----------------------------------------------------------------------------
                                  4.35   slack (MET)


Startpoint: OP[2] (input port clocked by __VIRTUAL_CLK__)
Endpoint: OUT[2] (output port clocked by __VIRTUAL_CLK__)
Path Group: __VIRTUAL_CLK__
Path Type: min
Corner: Fastest

Fanout     Cap    Slew   Delay    Time   Description
-----------------------------------------------------------------------------
                  0.00    0.00    0.00   clock __VIRTUAL_CLK__ (rise edge)
                          0.00    0.00   clock network delay (ideal)
                          2.00    2.00 v input external delay
     1    0.00    0.01    0.00    2.00 v OP[2] (in)
                                         OP[2] (net)
                  0.01    0.00    2.00 v input19/A (sky130_fd_sc_hd__clkbuf_4)
     6    0.05    0.08    0.12    2.13 v input19/X (sky130_fd_sc_hd__clkbuf_4)
                                         net19 (net)
                  0.08    0.00    2.13 v _265_/A (sky130_fd_sc_hd__and3_2)
     7    0.04    0.09    0.18    2.31 v _265_/X (sky130_fd_sc_hd__and3_2)
                                         _023_ (net)
                  0.09    0.00    2.32 v _326_/A2 (sky130_fd_sc_hd__a31o_1)
     1    0.03    0.09    0.21    2.52 v _326_/X (sky130_fd_sc_hd__a31o_1)
                                         net22 (net)
                  0.09    0.00    2.52 v output22/A (sky130_fd_sc_hd__buf_2)
     1    0.03    0.06    0.13    2.66 v output22/X (sky130_fd_sc_hd__buf_2)
                                         OUT[2] (net)
                  0.06    0.00    2.66 v OUT[2] (out)
                                  2.66   data arrival time

                  0.00    0.00    0.00   clock __VIRTUAL_CLK__ (rise edge)
                          0.00    0.00   clock network delay (ideal)
                          0.25    0.25   clock uncertainty
                          0.00    0.25   clock reconvergence pessimism
                         -2.00   -1.75   output external delay
                                 -1.75   data required time
-----------------------------------------------------------------------------
                                 -1.75   data required time
                                 -2.66   data arrival time
-----------------------------------------------------------------------------
                                  4.41   slack (MET)


Startpoint: OP[2] (input port clocked by __VIRTUAL_CLK__)
Endpoint: OUT[3] (output port clocked by __VIRTUAL_CLK__)
Path Group: __VIRTUAL_CLK__
Path Type: min
Corner: Fastest

Fanout     Cap    Slew   Delay    Time   Description
-----------------------------------------------------------------------------
                  0.00    0.00    0.00   clock __VIRTUAL_CLK__ (rise edge)
                          0.00    0.00   clock network delay (ideal)
                          2.00    2.00 v input external delay
     1    0.00    0.01    0.00    2.00 v OP[2] (in)
                                         OP[2] (net)
                  0.01    0.00    2.00 v input19/A (sky130_fd_sc_hd__clkbuf_4)
     6    0.05    0.08    0.12    2.13 v input19/X (sky130_fd_sc_hd__clkbuf_4)
                                         net19 (net)
                  0.08    0.00    2.13 v _265_/A (sky130_fd_sc_hd__and3_2)
     7    0.04    0.09    0.18    2.31 v _265_/X (sky130_fd_sc_hd__and3_2)
                                         _023_ (net)
                  0.09    0.00    2.32 v _335_/A1 (sky130_fd_sc_hd__a221o_1)
     1    0.02    0.08    0.22    2.54 v _335_/X (sky130_fd_sc_hd__a221o_1)
                                         net23 (net)
                  0.08    0.00    2.54 v output23/A (sky130_fd_sc_hd__buf_2)
     1    0.03    0.06    0.13    2.67 v output23/X (sky130_fd_sc_hd__buf_2)
                                         OUT[3] (net)
                  0.06    0.00    2.67 v OUT[3] (out)
                                  2.67   data arrival time

                  0.00    0.00    0.00   clock __VIRTUAL_CLK__ (rise edge)
                          0.00    0.00   clock network delay (ideal)
                          0.25    0.25   clock uncertainty
                          0.00    0.25   clock reconvergence pessimism
                         -2.00   -1.75   output external delay
                                 -1.75   data required time
-----------------------------------------------------------------------------
                                 -1.75   data required time
                                 -2.67   data arrival time
-----------------------------------------------------------------------------
                                  4.42   slack (MET)


Startpoint: A[4] (input port clocked by __VIRTUAL_CLK__)
Endpoint: OUT[4] (output port clocked by __VIRTUAL_CLK__)
Path Group: __VIRTUAL_CLK__
Path Type: min
Corner: Fastest

Fanout     Cap    Slew   Delay    Time   Description
-----------------------------------------------------------------------------
                  0.00    0.00    0.00   clock __VIRTUAL_CLK__ (rise edge)
                          0.00    0.00   clock network delay (ideal)
                          2.00    2.00 ^ input external delay
     1    0.00    0.01    0.01    2.01 ^ A[4] (in)
                                         A[4] (net)
                  0.01    0.00    2.01 ^ input5/A (sky130_fd_sc_hd__buf_2)
     6    0.05    0.17    0.15    2.16 ^ input5/X (sky130_fd_sc_hd__buf_2)
                                         net5 (net)
                  0.17    0.00    2.16 ^ _341_/A2 (sky130_fd_sc_hd__a31o_1)
     1    0.02    0.12    0.15    2.31 ^ _341_/X (sky130_fd_sc_hd__a31o_1)
                                         _092_ (net)
                  0.12    0.00    2.31 ^ _346_/B (sky130_fd_sc_hd__or3_4)
     1    0.03    0.06    0.12    2.44 ^ _346_/X (sky130_fd_sc_hd__or3_4)
                                         _097_ (net)
                  0.06    0.00    2.44 ^ _347_/A (sky130_fd_sc_hd__buf_1)
     1    0.02    0.17    0.14    2.58 ^ _347_/X (sky130_fd_sc_hd__buf_1)
                                         net24 (net)
                  0.17    0.00    2.58 ^ output24/A (sky130_fd_sc_hd__buf_2)
     1    0.03    0.13    0.16    2.74 ^ output24/X (sky130_fd_sc_hd__buf_2)
                                         OUT[4] (net)
                  0.13    0.00    2.74 ^ OUT[4] (out)
                                  2.74   data arrival time

                  0.00    0.00    0.00   clock __VIRTUAL_CLK__ (rise edge)
                          0.00    0.00   clock network delay (ideal)
                          0.25    0.25   clock uncertainty
                          0.00    0.25   clock reconvergence pessimism
                         -2.00   -1.75   output external delay
                                 -1.75   data required time
-----------------------------------------------------------------------------
                                 -1.75   data required time
                                 -2.74   data arrival time
-----------------------------------------------------------------------------
                                  4.49   slack (MET)


Startpoint: B[1] (input port clocked by __VIRTUAL_CLK__)
Endpoint: OUT[1] (output port clocked by __VIRTUAL_CLK__)
Path Group: __VIRTUAL_CLK__
Path Type: min
Corner: Fastest

Fanout     Cap    Slew   Delay    Time   Description
-----------------------------------------------------------------------------
                  0.00    0.00    0.00   clock __VIRTUAL_CLK__ (rise edge)
                          0.00    0.00   clock network delay (ideal)
                          2.00    2.00 ^ input external delay
     1    0.00    0.02    0.01    2.01 ^ B[1] (in)
                                         B[1] (net)
                  0.02    0.00    2.01 ^ input10/A (sky130_fd_sc_hd__clkbuf_2)
     5    0.04    0.18    0.16    2.16 ^ input10/X (sky130_fd_sc_hd__clkbuf_2)
                                         net10 (net)
                  0.18    0.00    2.17 ^ _175_/A (sky130_fd_sc_hd__buf_4)
    10    0.07    0.16    0.18    2.34 ^ _175_/X (sky130_fd_sc_hd__buf_4)
                                         _103_ (net)
                  0.16    0.01    2.35 ^ _309_/A2 (sky130_fd_sc_hd__o22a_1)
     1    0.01    0.09    0.12    2.46 ^ _309_/X (sky130_fd_sc_hd__o22a_1)
                                         _063_ (net)
                  0.09    0.00    2.47 ^ _317_/A (sky130_fd_sc_hd__or4b_1)
     1    0.01    0.06    0.10    2.56 ^ _317_/X (sky130_fd_sc_hd__or4b_1)
                                         _071_ (net)
                  0.06    0.00    2.56 ^ _318_/A (sky130_fd_sc_hd__buf_1)
     2    0.02    0.20    0.16    2.73 ^ _318_/X (sky130_fd_sc_hd__buf_1)
                                         net21 (net)
                  0.20    0.00    2.73 ^ output21/A (sky130_fd_sc_hd__buf_2)
     1    0.03    0.13    0.16    2.89 ^ output21/X (sky130_fd_sc_hd__buf_2)
                                         OUT[1] (net)
                  0.13    0.00    2.89 ^ OUT[1] (out)
                                  2.89   data arrival time

                  0.00    0.00    0.00   clock __VIRTUAL_CLK__ (rise edge)
                          0.00    0.00   clock network delay (ideal)
                          0.25    0.25   clock uncertainty
                          0.00    0.25   clock reconvergence pessimism
                         -2.00   -1.75   output external delay
                                 -1.75   data required time
-----------------------------------------------------------------------------
                                 -1.75   data required time
                                 -2.89   data arrival time
-----------------------------------------------------------------------------
                                  4.64   slack (MET)



worst slack corner Fastest: 4.2861
======================= Slowest Corner ===================================

Startpoint: B[0] (input port clocked by __VIRTUAL_CLK__)
Endpoint: OUT[0] (output port clocked by __VIRTUAL_CLK__)
Path Group: __VIRTUAL_CLK__
Path Type: min
Corner: Slowest

Fanout     Cap    Slew   Delay    Time   Description
-----------------------------------------------------------------------------
                  0.00    0.00    0.00   clock __VIRTUAL_CLK__ (rise edge)
                          0.00    0.00   clock network delay (ideal)
                          2.00    2.00 v input external delay
     1    0.00    0.02    0.01    2.01 v B[0] (in)
                                         B[0] (net)
                  0.02    0.00    2.01 v input9/A (sky130_fd_sc_hd__clkbuf_2)
     4    0.03    0.23    0.29    2.30 v input9/X (sky130_fd_sc_hd__clkbuf_2)
                                         net9 (net)
                  0.23    0.00    2.30 v _184_/A (sky130_fd_sc_hd__buf_4)
    10    0.07    0.17    0.42    2.71 v _184_/X (sky130_fd_sc_hd__buf_4)
                                         _112_ (net)
                  0.17    0.00    2.72 v _307_/A1 (sky130_fd_sc_hd__a31o_1)
     1    0.01    0.15    0.43    3.15 v _307_/X (sky130_fd_sc_hd__a31o_1)
                                         net20 (net)
                  0.15    0.00    3.15 v output20/A (sky130_fd_sc_hd__buf_2)
     1    0.03    0.17    0.37    3.52 v output20/X (sky130_fd_sc_hd__buf_2)
                                         OUT[0] (net)
                  0.17    0.00    3.52 v OUT[0] (out)
                                  3.52   data arrival time

                  0.00    0.00    0.00   clock __VIRTUAL_CLK__ (rise edge)
                          0.00    0.00   clock network delay (ideal)
                          0.25    0.25   clock uncertainty
                          0.00    0.25   clock reconvergence pessimism
                         -2.00   -1.75   output external delay
                                 -1.75   data required time
-----------------------------------------------------------------------------
                                 -1.75   data required time
                                 -3.52   data arrival time
-----------------------------------------------------------------------------
                                  5.27   slack (MET)


Startpoint: A[5] (input port clocked by __VIRTUAL_CLK__)
Endpoint: OUT[5] (output port clocked by __VIRTUAL_CLK__)
Path Group: __VIRTUAL_CLK__
Path Type: min
Corner: Slowest

Fanout     Cap    Slew   Delay    Time   Description
-----------------------------------------------------------------------------
                  0.00    0.00    0.00   clock __VIRTUAL_CLK__ (rise edge)
                          0.00    0.00   clock network delay (ideal)
                          2.00    2.00 ^ input external delay
     1    0.00    0.03    0.01    2.01 ^ A[5] (in)
                                         A[5] (net)
                  0.03    0.00    2.01 ^ input6/A (sky130_fd_sc_hd__buf_2)
     6    0.06    0.43    0.41    2.43 ^ input6/X (sky130_fd_sc_hd__buf_2)
                                         net6 (net)
                  0.43    0.00    2.43 ^ _233_/A2 (sky130_fd_sc_hd__a311o_1)
     1    0.01    0.20    0.54    2.97 ^ _233_/X (sky130_fd_sc_hd__a311o_1)
                                         _161_ (net)
                  0.20    0.00    2.97 ^ _267_/B1 (sky130_fd_sc_hd__a211o_1)
     1    0.01    0.12    0.26    3.23 ^ _267_/X (sky130_fd_sc_hd__a211o_1)
                                         net25 (net)
                  0.12    0.00    3.23 ^ output25/A (sky130_fd_sc_hd__buf_2)
     1    0.03    0.27    0.35    3.58 ^ output25/X (sky130_fd_sc_hd__buf_2)
                                         OUT[5] (net)
                  0.27    0.00    3.58 ^ OUT[5] (out)
                                  3.58   data arrival time

                  0.00    0.00    0.00   clock __VIRTUAL_CLK__ (rise edge)
                          0.00    0.00   clock network delay (ideal)
                          0.25    0.25   clock uncertainty
                          0.00    0.25   clock reconvergence pessimism
                         -2.00   -1.75   output external delay
                                 -1.75   data required time
-----------------------------------------------------------------------------
                                 -1.75   data required time
                                 -3.58   data arrival time
-----------------------------------------------------------------------------
                                  5.33   slack (MET)


Startpoint: A[6] (input port clocked by __VIRTUAL_CLK__)
Endpoint: OUT[6] (output port clocked by __VIRTUAL_CLK__)
Path Group: __VIRTUAL_CLK__
Path Type: min
Corner: Slowest

Fanout     Cap    Slew   Delay    Time   Description
-----------------------------------------------------------------------------
                  0.00    0.00    0.00   clock __VIRTUAL_CLK__ (rise edge)
                          0.00    0.00   clock network delay (ideal)
                          2.00    2.00 v input external delay
     1    0.00    0.02    0.01    2.01 v A[6] (in)
                                         A[6] (net)
                  0.02    0.00    2.01 v input7/A (sky130_fd_sc_hd__clkbuf_2)
     5    0.04    0.29    0.33    2.34 v input7/X (sky130_fd_sc_hd__clkbuf_2)
                                         net7 (net)
                  0.29    0.00    2.34 v _289_/A1 (sky130_fd_sc_hd__o211ai_1)
     1    0.01    0.16    0.41    2.75 ^ _289_/Y (sky130_fd_sc_hd__o211ai_1)
                                         _046_ (net)
                  0.16    0.00    2.75 ^ _290_/B1 (sky130_fd_sc_hd__a31o_1)
     1    0.01    0.10    0.22    2.97 ^ _290_/X (sky130_fd_sc_hd__a31o_1)
                                         _047_ (net)
                  0.10    0.00    2.97 ^ _291_/B1 (sky130_fd_sc_hd__a21o_1)
     2    0.02    0.32    0.33    3.30 ^ _291_/X (sky130_fd_sc_hd__a21o_1)
                                         net26 (net)
                  0.32    0.00    3.30 ^ output26/A (sky130_fd_sc_hd__clkbuf_4)
     1    0.03    0.18    0.42    3.72 ^ output26/X (sky130_fd_sc_hd__clkbuf_4)
                                         OUT[6] (net)
                  0.18    0.00    3.72 ^ OUT[6] (out)
                                  3.72   data arrival time

                  0.00    0.00    0.00   clock __VIRTUAL_CLK__ (rise edge)
                          0.00    0.00   clock network delay (ideal)
                          0.25    0.25   clock uncertainty
                          0.00    0.25   clock reconvergence pessimism
                         -2.00   -1.75   output external delay
                                 -1.75   data required time
-----------------------------------------------------------------------------
                                 -1.75   data required time
                                 -3.72   data arrival time
-----------------------------------------------------------------------------
                                  5.47   slack (MET)


Startpoint: OP[2] (input port clocked by __VIRTUAL_CLK__)
Endpoint: OUT[7] (output port clocked by __VIRTUAL_CLK__)
Path Group: __VIRTUAL_CLK__
Path Type: min
Corner: Slowest

Fanout     Cap    Slew   Delay    Time   Description
-----------------------------------------------------------------------------
                  0.00    0.00    0.00   clock __VIRTUAL_CLK__ (rise edge)
                          0.00    0.00   clock network delay (ideal)
                          2.00    2.00 v input external delay
     1    0.00    0.02    0.01    2.01 v OP[2] (in)
                                         OP[2] (net)
                  0.02    0.00    2.01 v input19/A (sky130_fd_sc_hd__clkbuf_4)
     6    0.05    0.20    0.33    2.34 v input19/X (sky130_fd_sc_hd__clkbuf_4)
                                         net19 (net)
                  0.20    0.00    2.34 v _265_/A (sky130_fd_sc_hd__and3_2)
     7    0.04    0.23    0.57    2.92 v _265_/X (sky130_fd_sc_hd__and3_2)
                                         _023_ (net)
                  0.23    0.00    2.92 v _302_/A1 (sky130_fd_sc_hd__a31o_1)
     2    0.02    0.17    0.47    3.39 v _302_/X (sky130_fd_sc_hd__a31o_1)
                                         net27 (net)
                  0.17    0.00    3.39 v output27/A (sky130_fd_sc_hd__buf_2)
     1    0.03    0.17    0.37    3.76 v output27/X (sky130_fd_sc_hd__buf_2)
                                         OUT[7] (net)
                  0.17    0.00    3.76 v OUT[7] (out)
                                  3.76   data arrival time

                  0.00    0.00    0.00   clock __VIRTUAL_CLK__ (rise edge)
                          0.00    0.00   clock network delay (ideal)
                          0.25    0.25   clock uncertainty
                          0.00    0.25   clock reconvergence pessimism
                         -2.00   -1.75   output external delay
                                 -1.75   data required time
-----------------------------------------------------------------------------
                                 -1.75   data required time
                                 -3.76   data arrival time
-----------------------------------------------------------------------------
                                  5.51   slack (MET)


Startpoint: OP[2] (input port clocked by __VIRTUAL_CLK__)
Endpoint: OUT[2] (output port clocked by __VIRTUAL_CLK__)
Path Group: __VIRTUAL_CLK__
Path Type: min
Corner: Slowest

Fanout     Cap    Slew   Delay    Time   Description
-----------------------------------------------------------------------------
                  0.00    0.00    0.00   clock __VIRTUAL_CLK__ (rise edge)
                          0.00    0.00   clock network delay (ideal)
                          2.00    2.00 v input external delay
     1    0.00    0.02    0.01    2.01 v OP[2] (in)
                                         OP[2] (net)
                  0.02    0.00    2.01 v input19/A (sky130_fd_sc_hd__clkbuf_4)
     6    0.05    0.20    0.33    2.34 v input19/X (sky130_fd_sc_hd__clkbuf_4)
                                         net19 (net)
                  0.20    0.00    2.34 v _265_/A (sky130_fd_sc_hd__and3_2)
     7    0.04    0.23    0.57    2.92 v _265_/X (sky130_fd_sc_hd__and3_2)
                                         _023_ (net)
                  0.23    0.00    2.92 v _326_/A2 (sky130_fd_sc_hd__a31o_1)
     1    0.03    0.24    0.58    3.50 v _326_/X (sky130_fd_sc_hd__a31o_1)
                                         net22 (net)
                  0.24    0.00    3.50 v output22/A (sky130_fd_sc_hd__buf_2)
     1    0.03    0.17    0.41    3.91 v output22/X (sky130_fd_sc_hd__buf_2)
                                         OUT[2] (net)
                  0.17    0.00    3.91 v OUT[2] (out)
                                  3.91   data arrival time

                  0.00    0.00    0.00   clock __VIRTUAL_CLK__ (rise edge)
                          0.00    0.00   clock network delay (ideal)
                          0.25    0.25   clock uncertainty
                          0.00    0.25   clock reconvergence pessimism
                         -2.00   -1.75   output external delay
                                 -1.75   data required time
-----------------------------------------------------------------------------
                                 -1.75   data required time
                                 -3.91   data arrival time
-----------------------------------------------------------------------------
                                  5.66   slack (MET)


Startpoint: B[3] (input port clocked by __VIRTUAL_CLK__)
Endpoint: OUT[3] (output port clocked by __VIRTUAL_CLK__)
Path Group: __VIRTUAL_CLK__
Path Type: min
Corner: Slowest

Fanout     Cap    Slew   Delay    Time   Description
-----------------------------------------------------------------------------
                  0.00    0.00    0.00   clock __VIRTUAL_CLK__ (rise edge)
                          0.00    0.00   clock network delay (ideal)
                          2.00    2.00 ^ input external delay
     1    0.00    0.04    0.02    2.02 ^ B[3] (in)
                                         B[3] (net)
                  0.04    0.00    2.02 ^ input12/A (sky130_fd_sc_hd__clkbuf_2)
     3    0.03    0.26    0.30    2.32 ^ input12/X (sky130_fd_sc_hd__clkbuf_2)
                                         net12 (net)
                  0.26    0.00    2.32 ^ _191_/A (sky130_fd_sc_hd__buf_4)
    10    0.08    0.35    0.47    2.79 ^ _191_/X (sky130_fd_sc_hd__buf_4)
                                         _119_ (net)
                  0.35    0.00    2.80 ^ _334_/A1 (sky130_fd_sc_hd__a311o_1)
     1    0.00    0.09    0.40    3.20 ^ _334_/X (sky130_fd_sc_hd__a311o_1)
                                         _086_ (net)
                  0.09    0.00    3.20 ^ _335_/C1 (sky130_fd_sc_hd__a221o_1)
     1    0.02    0.29    0.34    3.53 ^ _335_/X (sky130_fd_sc_hd__a221o_1)
                                         net23 (net)
                  0.29    0.00    3.53 ^ output23/A (sky130_fd_sc_hd__buf_2)
     1    0.03    0.27    0.42    3.95 ^ output23/X (sky130_fd_sc_hd__buf_2)
                                         OUT[3] (net)
                  0.27    0.00    3.95 ^ OUT[3] (out)
                                  3.95   data arrival time

                  0.00    0.00    0.00   clock __VIRTUAL_CLK__ (rise edge)
                          0.00    0.00   clock network delay (ideal)
                          0.25    0.25   clock uncertainty
                          0.00    0.25   clock reconvergence pessimism
                         -2.00   -1.75   output external delay
                                 -1.75   data required time
-----------------------------------------------------------------------------
                                 -1.75   data required time
                                 -3.95   data arrival time
-----------------------------------------------------------------------------
                                  5.70   slack (MET)


Startpoint: A[4] (input port clocked by __VIRTUAL_CLK__)
Endpoint: OUT[4] (output port clocked by __VIRTUAL_CLK__)
Path Group: __VIRTUAL_CLK__
Path Type: min
Corner: Slowest

Fanout     Cap    Slew   Delay    Time   Description
-----------------------------------------------------------------------------
                  0.00    0.00    0.00   clock __VIRTUAL_CLK__ (rise edge)
                          0.00    0.00   clock network delay (ideal)
                          2.00    2.00 ^ input external delay
     1    0.00    0.03    0.01    2.01 ^ A[4] (in)
                                         A[4] (net)
                  0.03    0.00    2.01 ^ input5/A (sky130_fd_sc_hd__buf_2)
     6    0.05    0.36    0.36    2.38 ^ input5/X (sky130_fd_sc_hd__buf_2)
                                         net5 (net)
                  0.36    0.00    2.38 ^ _341_/A2 (sky130_fd_sc_hd__a31o_1)
     1    0.02    0.26    0.51    2.89 ^ _341_/X (sky130_fd_sc_hd__a31o_1)
                                         _092_ (net)
                  0.26    0.00    2.89 ^ _346_/B (sky130_fd_sc_hd__or3_4)
     1    0.03    0.14    0.35    3.24 ^ _346_/X (sky130_fd_sc_hd__or3_4)
                                         _097_ (net)
                  0.14    0.00    3.24 ^ _347_/A (sky130_fd_sc_hd__buf_1)
     1    0.02    0.36    0.37    3.62 ^ _347_/X (sky130_fd_sc_hd__buf_1)
                                         net24 (net)
                  0.36    0.00    3.62 ^ output24/A (sky130_fd_sc_hd__buf_2)
     1    0.03    0.27    0.45    4.06 ^ output24/X (sky130_fd_sc_hd__buf_2)
                                         OUT[4] (net)
                  0.27    0.00    4.06 ^ OUT[4] (out)
                                  4.06   data arrival time

                  0.00    0.00    0.00   clock __VIRTUAL_CLK__ (rise edge)
                          0.00    0.00   clock network delay (ideal)
                          0.25    0.25   clock uncertainty
                          0.00    0.25   clock reconvergence pessimism
                         -2.00   -1.75   output external delay
                                 -1.75   data required time
-----------------------------------------------------------------------------
                                 -1.75   data required time
                                 -4.06   data arrival time
-----------------------------------------------------------------------------
                                  5.81   slack (MET)


Startpoint: A[1] (input port clocked by __VIRTUAL_CLK__)
Endpoint: OUT[1] (output port clocked by __VIRTUAL_CLK__)
Path Group: __VIRTUAL_CLK__
Path Type: min
Corner: Slowest

Fanout     Cap    Slew   Delay    Time   Description
-----------------------------------------------------------------------------
                  0.00    0.00    0.00   clock __VIRTUAL_CLK__ (rise edge)
                          0.00    0.00   clock network delay (ideal)
                          2.00    2.00 ^ input external delay
     1    0.00    0.03    0.02    2.02 ^ A[1] (in)
                                         A[1] (net)
                  0.03    0.00    2.02 ^ input2/A (sky130_fd_sc_hd__clkbuf_2)
     4    0.03    0.28    0.31    2.33 ^ input2/X (sky130_fd_sc_hd__clkbuf_2)
                                         net2 (net)
                  0.28    0.00    2.33 ^ _173_/A (sky130_fd_sc_hd__clkbuf_4)
    10    0.07    0.33    0.51    2.84 ^ _173_/X (sky130_fd_sc_hd__clkbuf_4)
                                         _101_ (net)
                  0.33    0.00    2.84 ^ _309_/A1 (sky130_fd_sc_hd__o22a_1)
     1    0.01    0.19    0.44    3.28 ^ _309_/X (sky130_fd_sc_hd__o22a_1)
                                         _063_ (net)
                  0.19    0.00    3.28 ^ _317_/A (sky130_fd_sc_hd__or4b_1)
     1    0.01    0.13    0.27    3.55 ^ _317_/X (sky130_fd_sc_hd__or4b_1)
                                         _071_ (net)
                  0.13    0.00    3.56 ^ _318_/A (sky130_fd_sc_hd__buf_1)
     2    0.02    0.43    0.41    3.96 ^ _318_/X (sky130_fd_sc_hd__buf_1)
                                         net21 (net)
                  0.43    0.00    3.97 ^ output21/A (sky130_fd_sc_hd__buf_2)
     1    0.03    0.27    0.47    4.44 ^ output21/X (sky130_fd_sc_hd__buf_2)
                                         OUT[1] (net)
                  0.27    0.00    4.44 ^ OUT[1] (out)
                                  4.44   data arrival time

                  0.00    0.00    0.00   clock __VIRTUAL_CLK__ (rise edge)
                          0.00    0.00   clock network delay (ideal)
                          0.25    0.25   clock uncertainty
                          0.00    0.25   clock reconvergence pessimism
                         -2.00   -1.75   output external delay
                                 -1.75   data required time
-----------------------------------------------------------------------------
                                 -1.75   data required time
                                 -4.44   data arrival time
-----------------------------------------------------------------------------
                                  6.19   slack (MET)



worst slack corner Slowest: 5.2693
======================= Typical Corner ===================================

Startpoint: B[0] (input port clocked by __VIRTUAL_CLK__)
Endpoint: OUT[0] (output port clocked by __VIRTUAL_CLK__)
Path Group: __VIRTUAL_CLK__
Path Type: min
Corner: Typical

Fanout     Cap    Slew   Delay    Time   Description
-----------------------------------------------------------------------------
                  0.00    0.00    0.00   clock __VIRTUAL_CLK__ (rise edge)
                          0.00    0.00   clock network delay (ideal)
                          2.00    2.00 v input external delay
     1    0.00    0.01    0.00    2.00 v B[0] (in)
                                         B[0] (net)
                  0.01    0.00    2.00 v input9/A (sky130_fd_sc_hd__clkbuf_2)
     4    0.03    0.13    0.16    2.16 v input9/X (sky130_fd_sc_hd__clkbuf_2)
                                         net9 (net)
                  0.13    0.00    2.16 v _184_/A (sky130_fd_sc_hd__buf_4)
    10    0.07    0.09    0.22    2.39 v _184_/X (sky130_fd_sc_hd__buf_4)
                                         _112_ (net)
                  0.10    0.00    2.39 v _307_/A1 (sky130_fd_sc_hd__a31o_1)
     1    0.01    0.08    0.23    2.62 v _307_/X (sky130_fd_sc_hd__a31o_1)
                                         net20 (net)
                  0.08    0.00    2.62 v output20/A (sky130_fd_sc_hd__buf_2)
     1    0.03    0.09    0.19    2.81 v output20/X (sky130_fd_sc_hd__buf_2)
                                         OUT[0] (net)
                  0.09    0.00    2.81 v OUT[0] (out)
                                  2.81   data arrival time

                  0.00    0.00    0.00   clock __VIRTUAL_CLK__ (rise edge)
                          0.00    0.00   clock network delay (ideal)
                          0.25    0.25   clock uncertainty
                          0.00    0.25   clock reconvergence pessimism
                         -2.00   -1.75   output external delay
                                 -1.75   data required time
-----------------------------------------------------------------------------
                                 -1.75   data required time
                                 -2.81   data arrival time
-----------------------------------------------------------------------------
                                  4.56   slack (MET)


Startpoint: A[5] (input port clocked by __VIRTUAL_CLK__)
Endpoint: OUT[5] (output port clocked by __VIRTUAL_CLK__)
Path Group: __VIRTUAL_CLK__
Path Type: min
Corner: Typical

Fanout     Cap    Slew   Delay    Time   Description
-----------------------------------------------------------------------------
                  0.00    0.00    0.00   clock __VIRTUAL_CLK__ (rise edge)
                          0.00    0.00   clock network delay (ideal)
                          2.00    2.00 ^ input external delay
     1    0.00    0.02    0.01    2.01 ^ A[5] (in)
                                         A[5] (net)
                  0.02    0.00    2.01 ^ input6/A (sky130_fd_sc_hd__buf_2)
     6    0.06    0.27    0.24    2.25 ^ input6/X (sky130_fd_sc_hd__buf_2)
                                         net6 (net)
                  0.27    0.00    2.26 ^ _233_/A2 (sky130_fd_sc_hd__a311o_1)
     1    0.01    0.13    0.26    2.52 ^ _233_/X (sky130_fd_sc_hd__a311o_1)
                                         _161_ (net)
                  0.13    0.00    2.52 ^ _267_/B1 (sky130_fd_sc_hd__a211o_1)
     1    0.01    0.08    0.14    2.66 ^ _267_/X (sky130_fd_sc_hd__a211o_1)
                                         net25 (net)
                  0.08    0.00    2.66 ^ output25/A (sky130_fd_sc_hd__buf_2)
     1    0.03    0.17    0.20    2.86 ^ output25/X (sky130_fd_sc_hd__buf_2)
                                         OUT[5] (net)
                  0.17    0.00    2.86 ^ OUT[5] (out)
                                  2.86   data arrival time

                  0.00    0.00    0.00   clock __VIRTUAL_CLK__ (rise edge)
                          0.00    0.00   clock network delay (ideal)
                          0.25    0.25   clock uncertainty
                          0.00    0.25   clock reconvergence pessimism
                         -2.00   -1.75   output external delay
                                 -1.75   data required time
-----------------------------------------------------------------------------
                                 -1.75   data required time
                                 -2.86   data arrival time
-----------------------------------------------------------------------------
                                  4.61   slack (MET)


Startpoint: OP[2] (input port clocked by __VIRTUAL_CLK__)
Endpoint: OUT[7] (output port clocked by __VIRTUAL_CLK__)
Path Group: __VIRTUAL_CLK__
Path Type: min
Corner: Typical

Fanout     Cap    Slew   Delay    Time   Description
-----------------------------------------------------------------------------
                  0.00    0.00    0.00   clock __VIRTUAL_CLK__ (rise edge)
                          0.00    0.00   clock network delay (ideal)
                          2.00    2.00 v input external delay
     1    0.00    0.01    0.00    2.00 v OP[2] (in)
                                         OP[2] (net)
                  0.01    0.00    2.00 v input19/A (sky130_fd_sc_hd__clkbuf_4)
     6    0.05    0.11    0.18    2.19 v input19/X (sky130_fd_sc_hd__clkbuf_4)
                                         net19 (net)
                  0.11    0.00    2.19 v _265_/A (sky130_fd_sc_hd__and3_2)
     7    0.04    0.12    0.28    2.47 v _265_/X (sky130_fd_sc_hd__and3_2)
                                         _023_ (net)
                  0.12    0.00    2.47 v _302_/A1 (sky130_fd_sc_hd__a31o_1)
     2    0.02    0.09    0.25    2.72 v _302_/X (sky130_fd_sc_hd__a31o_1)
                                         net27 (net)
                  0.09    0.00    2.72 v output27/A (sky130_fd_sc_hd__buf_2)
     1    0.03    0.09    0.19    2.91 v output27/X (sky130_fd_sc_hd__buf_2)
                                         OUT[7] (net)
                  0.09    0.00    2.91 v OUT[7] (out)
                                  2.91   data arrival time

                  0.00    0.00    0.00   clock __VIRTUAL_CLK__ (rise edge)
                          0.00    0.00   clock network delay (ideal)
                          0.25    0.25   clock uncertainty
                          0.00    0.25   clock reconvergence pessimism
                         -2.00   -1.75   output external delay
                                 -1.75   data required time
-----------------------------------------------------------------------------
                                 -1.75   data required time
                                 -2.91   data arrival time
-----------------------------------------------------------------------------
                                  4.66   slack (MET)


Startpoint: A[6] (input port clocked by __VIRTUAL_CLK__)
Endpoint: OUT[6] (output port clocked by __VIRTUAL_CLK__)
Path Group: __VIRTUAL_CLK__
Path Type: min
Corner: Typical

Fanout     Cap    Slew   Delay    Time   Description
-----------------------------------------------------------------------------
                  0.00    0.00    0.00   clock __VIRTUAL_CLK__ (rise edge)
                          0.00    0.00   clock network delay (ideal)
                          2.00    2.00 v input external delay
     1    0.00    0.01    0.00    2.00 v A[6] (in)
                                         A[6] (net)
                  0.01    0.00    2.00 v input7/A (sky130_fd_sc_hd__clkbuf_2)
     5    0.04    0.16    0.18    2.19 v input7/X (sky130_fd_sc_hd__clkbuf_2)
                                         net7 (net)
                  0.16    0.00    2.19 v _289_/A1 (sky130_fd_sc_hd__o211ai_1)
     1    0.01    0.10    0.23    2.42 ^ _289_/Y (sky130_fd_sc_hd__o211ai_1)
                                         _046_ (net)
                  0.10    0.00    2.42 ^ _290_/B1 (sky130_fd_sc_hd__a31o_1)
     1    0.01    0.06    0.11    2.53 ^ _290_/X (sky130_fd_sc_hd__a31o_1)
                                         _047_ (net)
                  0.06    0.00    2.53 ^ _291_/B1 (sky130_fd_sc_hd__a21o_1)
     2    0.02    0.20    0.19    2.72 ^ _291_/X (sky130_fd_sc_hd__a21o_1)
                                         net26 (net)
                  0.21    0.00    2.73 ^ output26/A (sky130_fd_sc_hd__clkbuf_4)
     1    0.03    0.11    0.23    2.96 ^ output26/X (sky130_fd_sc_hd__clkbuf_4)
                                         OUT[6] (net)
                  0.11    0.00    2.96 ^ OUT[6] (out)
                                  2.96   data arrival time

                  0.00    0.00    0.00   clock __VIRTUAL_CLK__ (rise edge)
                          0.00    0.00   clock network delay (ideal)
                          0.25    0.25   clock uncertainty
                          0.00    0.25   clock reconvergence pessimism
                         -2.00   -1.75   output external delay
                                 -1.75   data required time
-----------------------------------------------------------------------------
                                 -1.75   data required time
                                 -2.96   data arrival time
-----------------------------------------------------------------------------
                                  4.71   slack (MET)


Startpoint: OP[2] (input port clocked by __VIRTUAL_CLK__)
Endpoint: OUT[2] (output port clocked by __VIRTUAL_CLK__)
Path Group: __VIRTUAL_CLK__
Path Type: min
Corner: Typical

Fanout     Cap    Slew   Delay    Time   Description
-----------------------------------------------------------------------------
                  0.00    0.00    0.00   clock __VIRTUAL_CLK__ (rise edge)
                          0.00    0.00   clock network delay (ideal)
                          2.00    2.00 v input external delay
     1    0.00    0.01    0.00    2.00 v OP[2] (in)
                                         OP[2] (net)
                  0.01    0.00    2.00 v input19/A (sky130_fd_sc_hd__clkbuf_4)
     6    0.05    0.11    0.18    2.19 v input19/X (sky130_fd_sc_hd__clkbuf_4)
                                         net19 (net)
                  0.11    0.00    2.19 v _265_/A (sky130_fd_sc_hd__and3_2)
     7    0.04    0.12    0.28    2.47 v _265_/X (sky130_fd_sc_hd__and3_2)
                                         _023_ (net)
                  0.12    0.00    2.48 v _326_/A2 (sky130_fd_sc_hd__a31o_1)
     1    0.03    0.13    0.31    2.79 v _326_/X (sky130_fd_sc_hd__a31o_1)
                                         net22 (net)
                  0.13    0.00    2.79 v output22/A (sky130_fd_sc_hd__buf_2)
     1    0.03    0.09    0.21    3.00 v output22/X (sky130_fd_sc_hd__buf_2)
                                         OUT[2] (net)
                  0.09    0.00    3.00 v OUT[2] (out)
                                  3.00   data arrival time

                  0.00    0.00    0.00   clock __VIRTUAL_CLK__ (rise edge)
                          0.00    0.00   clock network delay (ideal)
                          0.25    0.25   clock uncertainty
                          0.00    0.25   clock reconvergence pessimism
                         -2.00   -1.75   output external delay
                                 -1.75   data required time
-----------------------------------------------------------------------------
                                 -1.75   data required time
                                 -3.00   data arrival time
-----------------------------------------------------------------------------
                                  4.75   slack (MET)


Startpoint: B[3] (input port clocked by __VIRTUAL_CLK__)
Endpoint: OUT[3] (output port clocked by __VIRTUAL_CLK__)
Path Group: __VIRTUAL_CLK__
Path Type: min
Corner: Typical

Fanout     Cap    Slew   Delay    Time   Description
-----------------------------------------------------------------------------
                  0.00    0.00    0.00   clock __VIRTUAL_CLK__ (rise edge)
                          0.00    0.00   clock network delay (ideal)
                          2.00    2.00 ^ input external delay
     1    0.00    0.02    0.01    2.01 ^ B[3] (in)
                                         B[3] (net)
                  0.02    0.00    2.01 ^ input12/A (sky130_fd_sc_hd__clkbuf_2)
     3    0.03    0.17    0.17    2.19 ^ input12/X (sky130_fd_sc_hd__clkbuf_2)
                                         net12 (net)
                  0.17    0.00    2.19 ^ _191_/A (sky130_fd_sc_hd__buf_4)
    10    0.08    0.22    0.26    2.45 ^ _191_/X (sky130_fd_sc_hd__buf_4)
                                         _119_ (net)
                  0.22    0.00    2.46 ^ _334_/A1 (sky130_fd_sc_hd__a311o_1)
     1    0.00    0.05    0.19    2.64 ^ _334_/X (sky130_fd_sc_hd__a311o_1)
                                         _086_ (net)
                  0.05    0.00    2.64 ^ _335_/C1 (sky130_fd_sc_hd__a221o_1)
     1    0.02    0.18    0.19    2.83 ^ _335_/X (sky130_fd_sc_hd__a221o_1)
                                         net23 (net)
                  0.18    0.00    2.83 ^ output23/A (sky130_fd_sc_hd__buf_2)
     1    0.03    0.17    0.23    3.06 ^ output23/X (sky130_fd_sc_hd__buf_2)
                                         OUT[3] (net)
                  0.17    0.00    3.07 ^ OUT[3] (out)
                                  3.07   data arrival time

                  0.00    0.00    0.00   clock __VIRTUAL_CLK__ (rise edge)
                          0.00    0.00   clock network delay (ideal)
                          0.25    0.25   clock uncertainty
                          0.00    0.25   clock reconvergence pessimism
                         -2.00   -1.75   output external delay
                                 -1.75   data required time
-----------------------------------------------------------------------------
                                 -1.75   data required time
                                 -3.07   data arrival time
-----------------------------------------------------------------------------
                                  4.82   slack (MET)


Startpoint: A[4] (input port clocked by __VIRTUAL_CLK__)
Endpoint: OUT[4] (output port clocked by __VIRTUAL_CLK__)
Path Group: __VIRTUAL_CLK__
Path Type: min
Corner: Typical

Fanout     Cap    Slew   Delay    Time   Description
-----------------------------------------------------------------------------
                  0.00    0.00    0.00   clock __VIRTUAL_CLK__ (rise edge)
                          0.00    0.00   clock network delay (ideal)
                          2.00    2.00 ^ input external delay
     1    0.00    0.02    0.01    2.01 ^ A[4] (in)
                                         A[4] (net)
                  0.02    0.00    2.01 ^ input5/A (sky130_fd_sc_hd__buf_2)
     6    0.05    0.22    0.21    2.22 ^ input5/X (sky130_fd_sc_hd__buf_2)
                                         net5 (net)
                  0.22    0.00    2.22 ^ _341_/A2 (sky130_fd_sc_hd__a31o_1)
     1    0.02    0.16    0.25    2.48 ^ _341_/X (sky130_fd_sc_hd__a31o_1)
                                         _092_ (net)
                  0.16    0.00    2.48 ^ _346_/B (sky130_fd_sc_hd__or3_4)
     1    0.03    0.09    0.19    2.66 ^ _346_/X (sky130_fd_sc_hd__or3_4)
                                         _097_ (net)
                  0.09    0.00    2.66 ^ _347_/A (sky130_fd_sc_hd__buf_1)
     1    0.02    0.23    0.21    2.87 ^ _347_/X (sky130_fd_sc_hd__buf_1)
                                         net24 (net)
                  0.23    0.00    2.87 ^ output24/A (sky130_fd_sc_hd__buf_2)
     1    0.03    0.17    0.24    3.12 ^ output24/X (sky130_fd_sc_hd__buf_2)
                                         OUT[4] (net)
                  0.17    0.00    3.12 ^ OUT[4] (out)
                                  3.12   data arrival time

                  0.00    0.00    0.00   clock __VIRTUAL_CLK__ (rise edge)
                          0.00    0.00   clock network delay (ideal)
                          0.25    0.25   clock uncertainty
                          0.00    0.25   clock reconvergence pessimism
                         -2.00   -1.75   output external delay
                                 -1.75   data required time
-----------------------------------------------------------------------------
                                 -1.75   data required time
                                 -3.12   data arrival time
-----------------------------------------------------------------------------
                                  4.87   slack (MET)


Startpoint: A[1] (input port clocked by __VIRTUAL_CLK__)
Endpoint: OUT[1] (output port clocked by __VIRTUAL_CLK__)
Path Group: __VIRTUAL_CLK__
Path Type: min
Corner: Typical

Fanout     Cap    Slew   Delay    Time   Description
-----------------------------------------------------------------------------
                  0.00    0.00    0.00   clock __VIRTUAL_CLK__ (rise edge)
                          0.00    0.00   clock network delay (ideal)
                          2.00    2.00 ^ input external delay
     1    0.00    0.02    0.01    2.01 ^ A[1] (in)
                                         A[1] (net)
                  0.02    0.00    2.01 ^ input2/A (sky130_fd_sc_hd__clkbuf_2)
     4    0.03    0.18    0.18    2.19 ^ input2/X (sky130_fd_sc_hd__clkbuf_2)
                                         net2 (net)
                  0.18    0.00    2.19 ^ _173_/A (sky130_fd_sc_hd__clkbuf_4)
    10    0.07    0.21    0.29    2.48 ^ _173_/X (sky130_fd_sc_hd__clkbuf_4)
                                         _101_ (net)
                  0.21    0.00    2.48 ^ _309_/A1 (sky130_fd_sc_hd__o22a_1)
     1    0.01    0.12    0.22    2.71 ^ _309_/X (sky130_fd_sc_hd__o22a_1)
                                         _063_ (net)
                  0.12    0.00    2.71 ^ _317_/A (sky130_fd_sc_hd__or4b_1)
     1    0.01    0.08    0.15    2.86 ^ _317_/X (sky130_fd_sc_hd__or4b_1)
                                         _071_ (net)
                  0.08    0.00    2.86 ^ _318_/A (sky130_fd_sc_hd__buf_1)
     2    0.02    0.27    0.23    3.09 ^ _318_/X (sky130_fd_sc_hd__buf_1)
                                         net21 (net)
                  0.27    0.00    3.09 ^ output21/A (sky130_fd_sc_hd__buf_2)
     1    0.03    0.17    0.25    3.34 ^ output21/X (sky130_fd_sc_hd__buf_2)
                                         OUT[1] (net)
                  0.17    0.00    3.34 ^ OUT[1] (out)
                                  3.34   data arrival time

                  0.00    0.00    0.00   clock __VIRTUAL_CLK__ (rise edge)
                          0.00    0.00   clock network delay (ideal)
                          0.25    0.25   clock uncertainty
                          0.00    0.25   clock reconvergence pessimism
                         -2.00   -1.75   output external delay
                                 -1.75   data required time
-----------------------------------------------------------------------------
                                 -1.75   data required time
                                 -3.34   data arrival time
-----------------------------------------------------------------------------
                                  5.09   slack (MET)



worst slack corner Typical: 4.5604
