
===========================================================================
report_checks -path_delay max (Setup)
============================================================================
======================= Fastest Corner ===================================

Startpoint: OP[0] (input port clocked by __VIRTUAL_CLK__)
Endpoint: OUT[6] (output port clocked by __VIRTUAL_CLK__)
Path Group: __VIRTUAL_CLK__
Path Type: max
Corner: Fastest

Fanout     Cap    Slew   Delay    Time   Description
-----------------------------------------------------------------------------
                  0.00    0.00    0.00   clock __VIRTUAL_CLK__ (rise edge)
                          0.00    0.00   clock network delay (ideal)
                          2.00    2.00 v input external delay
     1    0.00    0.01    0.00    2.00 v OP[0] (in)
                                         OP[0] (net)
                  0.01    0.00    2.00 v input17/A (sky130_fd_sc_hd__buf_2)
     5    0.05    0.08    0.13    2.13 v input17/X (sky130_fd_sc_hd__buf_2)
                                         net17 (net)
                  0.09    0.00    2.14 v _235_/A_N (sky130_fd_sc_hd__nand3b_4)
     4    0.02    0.07    0.15    2.28 v _235_/Y (sky130_fd_sc_hd__nand3b_4)
                                         _163_ (net)
                  0.07    0.00    2.28 v rebuffer1/A (sky130_fd_sc_hd__clkbuf_2)
     4    0.02    0.06    0.12    2.40 v rebuffer1/X (sky130_fd_sc_hd__clkbuf_2)
                                         net29 (net)
                  0.06    0.00    2.40 v rebuffer2/A (sky130_fd_sc_hd__buf_4)
     3    0.02    0.04    0.12    2.52 v rebuffer2/X (sky130_fd_sc_hd__buf_4)
                                         net30 (net)
                  0.04    0.00    2.52 v _239_/A1 (sky130_fd_sc_hd__a21oi_2)
     2    0.04    0.32    0.28    2.81 ^ _239_/Y (sky130_fd_sc_hd__a21oi_2)
                                         _167_ (net)
                  0.32    0.00    2.81 ^ _248_/B (sky130_fd_sc_hd__or3_1)
     1    0.00    0.03    0.09    2.90 ^ _248_/X (sky130_fd_sc_hd__or3_1)
                                         _006_ (net)
                  0.03    0.00    2.90 ^ _249_/B (sky130_fd_sc_hd__and2_1)
     2    0.02    0.17    0.18    3.08 ^ _249_/X (sky130_fd_sc_hd__and2_1)
                                         _007_ (net)
                  0.17    0.00    3.08 ^ _250_/B1 (sky130_fd_sc_hd__o21ai_4)
     4    0.04    0.08    0.08    3.16 v _250_/Y (sky130_fd_sc_hd__o21ai_4)
                                         _008_ (net)
                  0.08    0.00    3.17 v _257_/A1 (sky130_fd_sc_hd__a311o_4)
     5    0.04    0.08    0.27    3.44 v _257_/X (sky130_fd_sc_hd__a311o_4)
                                         _015_ (net)
                  0.08    0.00    3.44 v _276_/A3 (sky130_fd_sc_hd__a311oi_4)
     3    0.03    0.32    0.35    3.80 ^ _276_/Y (sky130_fd_sc_hd__a311oi_4)
                                         _033_ (net)
                  0.32    0.00    3.80 ^ _277_/A_N (sky130_fd_sc_hd__and2b_1)
     1    0.01    0.05    0.16    3.96 v _277_/X (sky130_fd_sc_hd__and2b_1)
                                         _034_ (net)
                  0.05    0.00    3.96 v _291_/A2 (sky130_fd_sc_hd__a21o_1)
     2    0.02    0.08    0.18    4.14 v _291_/X (sky130_fd_sc_hd__a21o_1)
                                         net26 (net)
                  0.08    0.00    4.15 v output26/A (sky130_fd_sc_hd__clkbuf_4)
     1    0.03    0.06    0.15    4.30 v output26/X (sky130_fd_sc_hd__clkbuf_4)
                                         OUT[6] (net)
                  0.06    0.00    4.30 v OUT[6] (out)
                                  4.30   data arrival time

                  0.00   10.00   10.00   clock __VIRTUAL_CLK__ (rise edge)
                          0.00   10.00   clock network delay (ideal)
                         -0.25    9.75   clock uncertainty
                          0.00    9.75   clock reconvergence pessimism
                         -2.00    7.75   output external delay
                                  7.75   data required time
-----------------------------------------------------------------------------
                                  7.75   data required time
                                 -4.30   data arrival time
-----------------------------------------------------------------------------
                                  3.45   slack (MET)


Startpoint: OP[0] (input port clocked by __VIRTUAL_CLK__)
Endpoint: OUT[4] (output port clocked by __VIRTUAL_CLK__)
Path Group: __VIRTUAL_CLK__
Path Type: max
Corner: Fastest

Fanout     Cap    Slew   Delay    Time   Description
-----------------------------------------------------------------------------
                  0.00    0.00    0.00   clock __VIRTUAL_CLK__ (rise edge)
                          0.00    0.00   clock network delay (ideal)
                          2.00    2.00 v input external delay
     1    0.00    0.01    0.00    2.00 v OP[0] (in)
                                         OP[0] (net)
                  0.01    0.00    2.00 v input17/A (sky130_fd_sc_hd__buf_2)
     5    0.05    0.08    0.13    2.13 v input17/X (sky130_fd_sc_hd__buf_2)
                                         net17 (net)
                  0.09    0.00    2.14 v _235_/A_N (sky130_fd_sc_hd__nand3b_4)
     4    0.02    0.07    0.15    2.28 v _235_/Y (sky130_fd_sc_hd__nand3b_4)
                                         _163_ (net)
                  0.07    0.00    2.28 v rebuffer1/A (sky130_fd_sc_hd__clkbuf_2)
     4    0.02    0.06    0.12    2.40 v rebuffer1/X (sky130_fd_sc_hd__clkbuf_2)
                                         net29 (net)
                  0.06    0.00    2.40 v _243_/A2 (sky130_fd_sc_hd__a21oi_2)
     2    0.03    0.26    0.24    2.65 ^ _243_/Y (sky130_fd_sc_hd__a21oi_2)
                                         _001_ (net)
                  0.26    0.00    2.65 ^ _244_/A2 (sky130_fd_sc_hd__o21a_2)
     4    0.04    0.15    0.19    2.84 ^ _244_/X (sky130_fd_sc_hd__o21a_2)
                                         _002_ (net)
                  0.15    0.00    2.85 ^ _247_/A_N (sky130_fd_sc_hd__and3b_2)
     3    0.03    0.07    0.19    3.04 v _247_/X (sky130_fd_sc_hd__and3b_2)
                                         _005_ (net)
                  0.07    0.00    3.04 v _250_/A1 (sky130_fd_sc_hd__o21ai_4)
     4    0.04    0.25    0.25    3.29 ^ _250_/Y (sky130_fd_sc_hd__o21ai_4)
                                         _008_ (net)
                  0.25    0.00    3.29 ^ _336_/A2 (sky130_fd_sc_hd__a31o_1)
     1    0.01    0.08    0.15    3.44 ^ _336_/X (sky130_fd_sc_hd__a31o_1)
                                         _087_ (net)
                  0.08    0.00    3.44 ^ _337_/B (sky130_fd_sc_hd__nand2_1)
     1    0.01    0.07    0.07    3.50 v _337_/Y (sky130_fd_sc_hd__nand2_1)
                                         _088_ (net)
                  0.07    0.00    3.51 v _338_/C (sky130_fd_sc_hd__and3_1)
     1    0.02    0.09    0.20    3.70 v _338_/X (sky130_fd_sc_hd__and3_1)
                                         _089_ (net)
                  0.09    0.00    3.70 v _346_/A (sky130_fd_sc_hd__or3_4)
     1    0.03    0.07    0.30    4.00 v _346_/X (sky130_fd_sc_hd__or3_4)
                                         _097_ (net)
                  0.07    0.00    4.00 v _347_/A (sky130_fd_sc_hd__buf_1)
     1    0.02    0.08    0.13    4.13 v _347_/X (sky130_fd_sc_hd__buf_1)
                                         net24 (net)
                  0.08    0.00    4.13 v output24/A (sky130_fd_sc_hd__buf_2)
     1    0.03    0.06    0.14    4.27 v output24/X (sky130_fd_sc_hd__buf_2)
                                         OUT[4] (net)
                  0.06    0.00    4.27 v OUT[4] (out)
                                  4.27   data arrival time

                  0.00   10.00   10.00   clock __VIRTUAL_CLK__ (rise edge)
                          0.00   10.00   clock network delay (ideal)
                         -0.25    9.75   clock uncertainty
                          0.00    9.75   clock reconvergence pessimism
                         -2.00    7.75   output external delay
                                  7.75   data required time
-----------------------------------------------------------------------------
                                  7.75   data required time
                                 -4.27   data arrival time
-----------------------------------------------------------------------------
                                  3.48   slack (MET)


Startpoint: OP[0] (input port clocked by __VIRTUAL_CLK__)
Endpoint: OUT[7] (output port clocked by __VIRTUAL_CLK__)
Path Group: __VIRTUAL_CLK__
Path Type: max
Corner: Fastest

Fanout     Cap    Slew   Delay    Time   Description
-----------------------------------------------------------------------------
                  0.00    0.00    0.00   clock __VIRTUAL_CLK__ (rise edge)
                          0.00    0.00   clock network delay (ideal)
                          2.00    2.00 v input external delay
     1    0.00    0.01    0.00    2.00 v OP[0] (in)
                                         OP[0] (net)
                  0.01    0.00    2.00 v input17/A (sky130_fd_sc_hd__buf_2)
     5    0.05    0.08    0.13    2.13 v input17/X (sky130_fd_sc_hd__buf_2)
                                         net17 (net)
                  0.09    0.00    2.14 v _235_/A_N (sky130_fd_sc_hd__nand3b_4)
     4    0.02    0.07    0.15    2.28 v _235_/Y (sky130_fd_sc_hd__nand3b_4)
                                         _163_ (net)
                  0.07    0.00    2.28 v rebuffer1/A (sky130_fd_sc_hd__clkbuf_2)
     4    0.02    0.06    0.12    2.40 v rebuffer1/X (sky130_fd_sc_hd__clkbuf_2)
                                         net29 (net)
                  0.06    0.00    2.40 v rebuffer2/A (sky130_fd_sc_hd__buf_4)
     3    0.02    0.04    0.12    2.52 v rebuffer2/X (sky130_fd_sc_hd__buf_4)
                                         net30 (net)
                  0.04    0.00    2.52 v _239_/A1 (sky130_fd_sc_hd__a21oi_2)
     2    0.04    0.32    0.28    2.81 ^ _239_/Y (sky130_fd_sc_hd__a21oi_2)
                                         _167_ (net)
                  0.32    0.00    2.81 ^ _248_/B (sky130_fd_sc_hd__or3_1)
     1    0.00    0.03    0.09    2.90 ^ _248_/X (sky130_fd_sc_hd__or3_1)
                                         _006_ (net)
                  0.03    0.00    2.90 ^ _249_/B (sky130_fd_sc_hd__and2_1)
     2    0.02    0.17    0.18    3.08 ^ _249_/X (sky130_fd_sc_hd__and2_1)
                                         _007_ (net)
                  0.17    0.00    3.08 ^ _250_/B1 (sky130_fd_sc_hd__o21ai_4)
     4    0.04    0.08    0.08    3.16 v _250_/Y (sky130_fd_sc_hd__o21ai_4)
                                         _008_ (net)
                  0.08    0.00    3.17 v _257_/A1 (sky130_fd_sc_hd__a311o_4)
     5    0.04    0.08    0.27    3.44 v _257_/X (sky130_fd_sc_hd__a311o_4)
                                         _015_ (net)
                  0.08    0.00    3.44 v _276_/A3 (sky130_fd_sc_hd__a311oi_4)
     3    0.03    0.32    0.35    3.80 ^ _276_/Y (sky130_fd_sc_hd__a311oi_4)
                                         _033_ (net)
                  0.32    0.00    3.80 ^ _296_/B (sky130_fd_sc_hd__or3_4)
     1    0.01    0.05    0.13    3.93 ^ _296_/X (sky130_fd_sc_hd__or3_4)
                                         _052_ (net)
                  0.05    0.00    3.94 ^ _302_/A3 (sky130_fd_sc_hd__a31o_1)
     2    0.02    0.12    0.15    4.09 ^ _302_/X (sky130_fd_sc_hd__a31o_1)
                                         net27 (net)
                  0.12    0.00    4.09 ^ output27/A (sky130_fd_sc_hd__buf_2)
     1    0.03    0.13    0.17    4.26 ^ output27/X (sky130_fd_sc_hd__buf_2)
                                         OUT[7] (net)
                  0.13    0.00    4.26 ^ OUT[7] (out)
                                  4.26   data arrival time

                  0.00   10.00   10.00   clock __VIRTUAL_CLK__ (rise edge)
                          0.00   10.00   clock network delay (ideal)
                         -0.25    9.75   clock uncertainty
                          0.00    9.75   clock reconvergence pessimism
                         -2.00    7.75   output external delay
                                  7.75   data required time
-----------------------------------------------------------------------------
                                  7.75   data required time
                                 -4.26   data arrival time
-----------------------------------------------------------------------------
                                  3.49   slack (MET)


Startpoint: A[2] (input port clocked by __VIRTUAL_CLK__)
Endpoint: OUT[5] (output port clocked by __VIRTUAL_CLK__)
Path Group: __VIRTUAL_CLK__
Path Type: max
Corner: Fastest

Fanout     Cap    Slew   Delay    Time   Description
-----------------------------------------------------------------------------
                  0.00    0.00    0.00   clock __VIRTUAL_CLK__ (rise edge)
                          0.00    0.00   clock network delay (ideal)
                          2.00    2.00 ^ input external delay
     1    0.00    0.01    0.01    2.01 ^ A[2] (in)
                                         A[2] (net)
                  0.01    0.00    2.01 ^ input3/A (sky130_fd_sc_hd__buf_2)
     4    0.05    0.17    0.17    2.17 ^ input3/X (sky130_fd_sc_hd__buf_2)
                                         net3 (net)
                  0.17    0.01    2.18 ^ _176_/A (sky130_fd_sc_hd__buf_4)
    10    0.07    0.15    0.19    2.37 ^ _176_/X (sky130_fd_sc_hd__buf_4)
                                         _104_ (net)
                  0.15    0.01    2.37 ^ _194_/B1 (sky130_fd_sc_hd__a22o_1)
     2    0.03    0.20    0.21    2.58 ^ _194_/X (sky130_fd_sc_hd__a22o_1)
                                         _122_ (net)
                  0.20    0.00    2.58 ^ _196_/A3 (sky130_fd_sc_hd__a31o_1)
     2    0.02    0.16    0.20    2.78 ^ _196_/X (sky130_fd_sc_hd__a31o_1)
                                         _124_ (net)
                  0.16    0.00    2.78 ^ _198_/C (sky130_fd_sc_hd__and3_1)
     2    0.03    0.25    0.27    3.05 ^ _198_/X (sky130_fd_sc_hd__and3_1)
                                         _126_ (net)
                  0.25    0.00    3.06 ^ _208_/A_N (sky130_fd_sc_hd__and2b_1)
     1    0.02    0.08    0.18    3.24 v _208_/X (sky130_fd_sc_hd__and2b_1)
                                         _136_ (net)
                  0.08    0.00    3.24 v _209_/B (sky130_fd_sc_hd__xnor2_2)
     3    0.03    0.26    0.24    3.48 ^ _209_/Y (sky130_fd_sc_hd__xnor2_2)
                                         _137_ (net)
                  0.26    0.00    3.48 ^ _210_/C (sky130_fd_sc_hd__nand3_2)
     3    0.02    0.13    0.12    3.60 v _210_/Y (sky130_fd_sc_hd__nand3_2)
                                         _138_ (net)
                  0.13    0.00    3.60 v _220_/B (sky130_fd_sc_hd__and3_1)
     1    0.02    0.08    0.20    3.79 v _220_/X (sky130_fd_sc_hd__and3_1)
                                         _148_ (net)
                  0.08    0.00    3.80 v _221_/B (sky130_fd_sc_hd__nor2_1)
     1    0.01    0.09    0.10    3.90 ^ _221_/Y (sky130_fd_sc_hd__nor2_1)
                                         _149_ (net)
                  0.09    0.00    3.90 ^ _267_/A2 (sky130_fd_sc_hd__a211o_1)
     1    0.01    0.06    0.11    4.01 ^ _267_/X (sky130_fd_sc_hd__a211o_1)
                                         net25 (net)
                  0.06    0.00    4.01 ^ output25/A (sky130_fd_sc_hd__buf_2)
     1    0.03    0.13    0.15    4.16 ^ output25/X (sky130_fd_sc_hd__buf_2)
                                         OUT[5] (net)
                  0.13    0.00    4.16 ^ OUT[5] (out)
                                  4.16   data arrival time

                  0.00   10.00   10.00   clock __VIRTUAL_CLK__ (rise edge)
                          0.00   10.00   clock network delay (ideal)
                         -0.25    9.75   clock uncertainty
                          0.00    9.75   clock reconvergence pessimism
                         -2.00    7.75   output external delay
                                  7.75   data required time
-----------------------------------------------------------------------------
                                  7.75   data required time
                                 -4.16   data arrival time
-----------------------------------------------------------------------------
                                  3.59   slack (MET)


Startpoint: OP[0] (input port clocked by __VIRTUAL_CLK__)
Endpoint: OUT[3] (output port clocked by __VIRTUAL_CLK__)
Path Group: __VIRTUAL_CLK__
Path Type: max
Corner: Fastest

Fanout     Cap    Slew   Delay    Time   Description
-----------------------------------------------------------------------------
                  0.00    0.00    0.00   clock __VIRTUAL_CLK__ (rise edge)
                          0.00    0.00   clock network delay (ideal)
                          2.00    2.00 v input external delay
     1    0.00    0.01    0.00    2.00 v OP[0] (in)
                                         OP[0] (net)
                  0.01    0.00    2.00 v input17/A (sky130_fd_sc_hd__buf_2)
     5    0.05    0.08    0.13    2.13 v input17/X (sky130_fd_sc_hd__buf_2)
                                         net17 (net)
                  0.09    0.00    2.14 v _235_/A_N (sky130_fd_sc_hd__nand3b_4)
     4    0.02    0.07    0.15    2.28 v _235_/Y (sky130_fd_sc_hd__nand3b_4)
                                         _163_ (net)
                  0.07    0.00    2.28 v rebuffer1/A (sky130_fd_sc_hd__clkbuf_2)
     4    0.02    0.06    0.12    2.40 v rebuffer1/X (sky130_fd_sc_hd__clkbuf_2)
                                         net29 (net)
                  0.06    0.00    2.40 v _243_/A2 (sky130_fd_sc_hd__a21oi_2)
     2    0.03    0.26    0.24    2.65 ^ _243_/Y (sky130_fd_sc_hd__a21oi_2)
                                         _001_ (net)
                  0.26    0.00    2.65 ^ _244_/A2 (sky130_fd_sc_hd__o21a_2)
     4    0.04    0.15    0.19    2.84 ^ _244_/X (sky130_fd_sc_hd__o21a_2)
                                         _002_ (net)
                  0.15    0.00    2.85 ^ _247_/A_N (sky130_fd_sc_hd__and3b_2)
     3    0.03    0.07    0.19    3.04 v _247_/X (sky130_fd_sc_hd__and3b_2)
                                         _005_ (net)
                  0.07    0.00    3.04 v _250_/A1 (sky130_fd_sc_hd__o21ai_4)
     4    0.04    0.25    0.25    3.29 ^ _250_/Y (sky130_fd_sc_hd__o21ai_4)
                                         _008_ (net)
                  0.25    0.00    3.29 ^ _328_/B (sky130_fd_sc_hd__nand2_1)
     1    0.02    0.11    0.12    3.41 v _328_/Y (sky130_fd_sc_hd__nand2_1)
                                         _080_ (net)
                  0.11    0.00    3.41 v _329_/B (sky130_fd_sc_hd__xnor2_1)
     1    0.01    0.22    0.23    3.64 ^ _329_/Y (sky130_fd_sc_hd__xnor2_1)
                                         _081_ (net)
                  0.22    0.00    3.64 ^ _335_/A2 (sky130_fd_sc_hd__a221o_1)
     1    0.02    0.14    0.19    3.83 ^ _335_/X (sky130_fd_sc_hd__a221o_1)
                                         net23 (net)
                  0.14    0.00    3.83 ^ output23/A (sky130_fd_sc_hd__buf_2)
     1    0.03    0.13    0.17    4.00 ^ output23/X (sky130_fd_sc_hd__buf_2)
                                         OUT[3] (net)
                  0.13    0.00    4.00 ^ OUT[3] (out)
                                  4.00   data arrival time

                  0.00   10.00   10.00   clock __VIRTUAL_CLK__ (rise edge)
                          0.00   10.00   clock network delay (ideal)
                         -0.25    9.75   clock uncertainty
                          0.00    9.75   clock reconvergence pessimism
                         -2.00    7.75   output external delay
                                  7.75   data required time
-----------------------------------------------------------------------------
                                  7.75   data required time
                                 -4.00   data arrival time
-----------------------------------------------------------------------------
                                  3.75   slack (MET)


Startpoint: OP[0] (input port clocked by __VIRTUAL_CLK__)
Endpoint: OUT[1] (output port clocked by __VIRTUAL_CLK__)
Path Group: __VIRTUAL_CLK__
Path Type: max
Corner: Fastest

Fanout     Cap    Slew   Delay    Time   Description
-----------------------------------------------------------------------------
                  0.00    0.00    0.00   clock __VIRTUAL_CLK__ (rise edge)
                          0.00    0.00   clock network delay (ideal)
                          2.00    2.00 v input external delay
     1    0.00    0.01    0.00    2.00 v OP[0] (in)
                                         OP[0] (net)
                  0.01    0.00    2.00 v input17/A (sky130_fd_sc_hd__buf_2)
     5    0.05    0.08    0.13    2.13 v input17/X (sky130_fd_sc_hd__buf_2)
                                         net17 (net)
                  0.09    0.00    2.14 v _235_/A_N (sky130_fd_sc_hd__nand3b_4)
     4    0.02    0.07    0.15    2.28 v _235_/Y (sky130_fd_sc_hd__nand3b_4)
                                         _163_ (net)
                  0.07    0.00    2.28 v rebuffer1/A (sky130_fd_sc_hd__clkbuf_2)
     4    0.02    0.06    0.12    2.40 v rebuffer1/X (sky130_fd_sc_hd__clkbuf_2)
                                         net29 (net)
                  0.06    0.00    2.40 v _243_/A2 (sky130_fd_sc_hd__a21oi_2)
     2    0.03    0.26    0.24    2.65 ^ _243_/Y (sky130_fd_sc_hd__a21oi_2)
                                         _001_ (net)
                  0.26    0.00    2.65 ^ _244_/A2 (sky130_fd_sc_hd__o21a_2)
     4    0.04    0.15    0.19    2.84 ^ _244_/X (sky130_fd_sc_hd__o21a_2)
                                         _002_ (net)
                  0.15    0.00    2.84 ^ _314_/A_N (sky130_fd_sc_hd__and2b_1)
     1    0.02    0.06    0.16    3.01 v _314_/X (sky130_fd_sc_hd__and2b_1)
                                         _068_ (net)
                  0.06    0.00    3.01 v _315_/A (sky130_fd_sc_hd__nor2_1)
     1    0.01    0.12    0.13    3.14 ^ _315_/Y (sky130_fd_sc_hd__nor2_1)
                                         _069_ (net)
                  0.12    0.00    3.14 ^ _316_/B (sky130_fd_sc_hd__or3b_1)
     1    0.02    0.12    0.16    3.30 ^ _316_/X (sky130_fd_sc_hd__or3b_1)
                                         _070_ (net)
                  0.12    0.00    3.30 ^ _317_/D_N (sky130_fd_sc_hd__or4b_1)
     1    0.01    0.07    0.29    3.59 v _317_/X (sky130_fd_sc_hd__or4b_1)
                                         _071_ (net)
                  0.07    0.00    3.59 v _318_/A (sky130_fd_sc_hd__buf_1)
     2    0.02    0.09    0.14    3.73 v _318_/X (sky130_fd_sc_hd__buf_1)
                                         net21 (net)
                  0.09    0.00    3.73 v output21/A (sky130_fd_sc_hd__buf_2)
     1    0.03    0.06    0.15    3.88 v output21/X (sky130_fd_sc_hd__buf_2)
                                         OUT[1] (net)
                  0.06    0.00    3.88 v OUT[1] (out)
                                  3.88   data arrival time

                  0.00   10.00   10.00   clock __VIRTUAL_CLK__ (rise edge)
                          0.00   10.00   clock network delay (ideal)
                         -0.25    9.75   clock uncertainty
                          0.00    9.75   clock reconvergence pessimism
                         -2.00    7.75   output external delay
                                  7.75   data required time
-----------------------------------------------------------------------------
                                  7.75   data required time
                                 -3.88   data arrival time
-----------------------------------------------------------------------------
                                  3.87   slack (MET)


Startpoint: OP[0] (input port clocked by __VIRTUAL_CLK__)
Endpoint: OUT[2] (output port clocked by __VIRTUAL_CLK__)
Path Group: __VIRTUAL_CLK__
Path Type: max
Corner: Fastest

Fanout     Cap    Slew   Delay    Time   Description
-----------------------------------------------------------------------------
                  0.00    0.00    0.00   clock __VIRTUAL_CLK__ (rise edge)
                          0.00    0.00   clock network delay (ideal)
                          2.00    2.00 v input external delay
     1    0.00    0.01    0.00    2.00 v OP[0] (in)
                                         OP[0] (net)
                  0.01    0.00    2.00 v input17/A (sky130_fd_sc_hd__buf_2)
     5    0.05    0.08    0.13    2.13 v input17/X (sky130_fd_sc_hd__buf_2)
                                         net17 (net)
                  0.09    0.00    2.14 v _235_/A_N (sky130_fd_sc_hd__nand3b_4)
     4    0.02    0.07    0.15    2.28 v _235_/Y (sky130_fd_sc_hd__nand3b_4)
                                         _163_ (net)
                  0.07    0.00    2.28 v rebuffer1/A (sky130_fd_sc_hd__clkbuf_2)
     4    0.02    0.06    0.12    2.40 v rebuffer1/X (sky130_fd_sc_hd__clkbuf_2)
                                         net29 (net)
                  0.06    0.00    2.40 v rebuffer2/A (sky130_fd_sc_hd__buf_4)
     3    0.02    0.04    0.12    2.52 v rebuffer2/X (sky130_fd_sc_hd__buf_4)
                                         net30 (net)
                  0.04    0.00    2.52 v _239_/A1 (sky130_fd_sc_hd__a21oi_2)
     2    0.04    0.32    0.28    2.81 ^ _239_/Y (sky130_fd_sc_hd__a21oi_2)
                                         _167_ (net)
                  0.32    0.00    2.81 ^ _241_/A1 (sky130_fd_sc_hd__o21ai_4)
     4    0.03    0.10    0.09    2.90 v _241_/Y (sky130_fd_sc_hd__o21ai_4)
                                         _169_ (net)
                  0.10    0.00    2.90 v _249_/A (sky130_fd_sc_hd__and2_1)
     2    0.02    0.08    0.17    3.07 v _249_/X (sky130_fd_sc_hd__and2_1)
                                         _007_ (net)
                  0.08    0.00    3.07 v _319_/A (sky130_fd_sc_hd__or3_1)
     1    0.02    0.11    0.31    3.38 v _319_/X (sky130_fd_sc_hd__or3_1)
                                         _072_ (net)
                  0.11    0.00    3.39 v _326_/A3 (sky130_fd_sc_hd__a31o_1)
     1    0.03    0.10    0.24    3.63 v _326_/X (sky130_fd_sc_hd__a31o_1)
                                         net22 (net)
                  0.10    0.00    3.63 v output22/A (sky130_fd_sc_hd__buf_2)
     1    0.03    0.06    0.15    3.78 v output22/X (sky130_fd_sc_hd__buf_2)
                                         OUT[2] (net)
                  0.06    0.00    3.78 v OUT[2] (out)
                                  3.78   data arrival time

                  0.00   10.00   10.00   clock __VIRTUAL_CLK__ (rise edge)
                          0.00   10.00   clock network delay (ideal)
                         -0.25    9.75   clock uncertainty
                          0.00    9.75   clock reconvergence pessimism
                         -2.00    7.75   output external delay
                                  7.75   data required time
-----------------------------------------------------------------------------
                                  7.75   data required time
                                 -3.78   data arrival time
-----------------------------------------------------------------------------
                                  3.97   slack (MET)


Startpoint: OP[1] (input port clocked by __VIRTUAL_CLK__)
Endpoint: OUT[0] (output port clocked by __VIRTUAL_CLK__)
Path Group: __VIRTUAL_CLK__
Path Type: max
Corner: Fastest

Fanout     Cap    Slew   Delay    Time   Description
-----------------------------------------------------------------------------
                  0.00    0.00    0.00   clock __VIRTUAL_CLK__ (rise edge)
                          0.00    0.00   clock network delay (ideal)
                          2.00    2.00 v input external delay
     1    0.00    0.00    0.00    2.00 v OP[1] (in)
                                         OP[1] (net)
                  0.00    0.00    2.00 v input18/A (sky130_fd_sc_hd__clkbuf_4)
     6    0.06    0.09    0.14    2.15 v input18/X (sky130_fd_sc_hd__clkbuf_4)
                                         net18 (net)
                  0.09    0.01    2.15 v _171_/B (sky130_fd_sc_hd__or2_2)
     4    0.04    0.10    0.26    2.41 v _171_/X (sky130_fd_sc_hd__or2_2)
                                         _099_ (net)
                  0.10    0.00    2.42 v _224_/B (sky130_fd_sc_hd__or2_1)
     1    0.02    0.07    0.20    2.62 v _224_/X (sky130_fd_sc_hd__or2_1)
                                         _152_ (net)
                  0.07    0.00    2.62 v _225_/A (sky130_fd_sc_hd__clkbuf_4)
     8    0.06    0.09    0.18    2.80 v _225_/X (sky130_fd_sc_hd__clkbuf_4)
                                         _153_ (net)
                  0.09    0.00    2.80 v _306_/A2 (sky130_fd_sc_hd__o21ai_1)
     1    0.01    0.16    0.17    2.97 ^ _306_/Y (sky130_fd_sc_hd__o21ai_1)
                                         _061_ (net)
                  0.16    0.00    2.97 ^ _307_/B1 (sky130_fd_sc_hd__a31o_1)
     1    0.01    0.11    0.12    3.10 ^ _307_/X (sky130_fd_sc_hd__a31o_1)
                                         net20 (net)
                  0.11    0.00    3.10 ^ output20/A (sky130_fd_sc_hd__buf_2)
     1    0.03    0.13    0.17    3.26 ^ output20/X (sky130_fd_sc_hd__buf_2)
                                         OUT[0] (net)
                  0.13    0.00    3.26 ^ OUT[0] (out)
                                  3.26   data arrival time

                  0.00   10.00   10.00   clock __VIRTUAL_CLK__ (rise edge)
                          0.00   10.00   clock network delay (ideal)
                         -0.25    9.75   clock uncertainty
                          0.00    9.75   clock reconvergence pessimism
                         -2.00    7.75   output external delay
                                  7.75   data required time
-----------------------------------------------------------------------------
                                  7.75   data required time
                                 -3.26   data arrival time
-----------------------------------------------------------------------------
                                  4.49   slack (MET)



worst slack corner Fastest: 3.4511
======================= Slowest Corner ===================================

Startpoint: OP[0] (input port clocked by __VIRTUAL_CLK__)
Endpoint: OUT[4] (output port clocked by __VIRTUAL_CLK__)
Path Group: __VIRTUAL_CLK__
Path Type: max
Corner: Slowest

Fanout     Cap    Slew   Delay    Time   Description
-----------------------------------------------------------------------------
                  0.00    0.00    0.00   clock __VIRTUAL_CLK__ (rise edge)
                          0.00    0.00   clock network delay (ideal)
                          2.00    2.00 v input external delay
     1    0.00    0.02    0.01    2.01 v OP[0] (in)
                                         OP[0] (net)
                  0.02    0.00    2.01 v input17/A (sky130_fd_sc_hd__buf_2)
     5    0.05    0.23    0.39    2.40 v input17/X (sky130_fd_sc_hd__buf_2)
                                         net17 (net)
                  0.23    0.00    2.40 v _235_/A_N (sky130_fd_sc_hd__nand3b_4)
     4    0.02    0.18    0.43    2.83 v _235_/Y (sky130_fd_sc_hd__nand3b_4)
                                         _163_ (net)
                  0.18    0.00    2.83 v rebuffer1/A (sky130_fd_sc_hd__clkbuf_2)
     4    0.02    0.15    0.33    3.17 v rebuffer1/X (sky130_fd_sc_hd__clkbuf_2)
                                         net29 (net)
                  0.15    0.00    3.17 v _243_/A2 (sky130_fd_sc_hd__a21oi_2)
     2    0.03    0.58    0.60    3.76 ^ _243_/Y (sky130_fd_sc_hd__a21oi_2)
                                         _001_ (net)
                  0.58    0.00    3.77 ^ _244_/A2 (sky130_fd_sc_hd__o21a_2)
     4    0.04    0.33    0.64    4.41 ^ _244_/X (sky130_fd_sc_hd__o21a_2)
                                         _002_ (net)
                  0.33    0.00    4.41 ^ _247_/A_N (sky130_fd_sc_hd__and3b_2)
     3    0.03    0.19    0.68    5.09 v _247_/X (sky130_fd_sc_hd__and3b_2)
                                         _005_ (net)
                  0.19    0.00    5.09 v _250_/A1 (sky130_fd_sc_hd__o21ai_4)
     4    0.04    0.54    0.60    5.69 ^ _250_/Y (sky130_fd_sc_hd__o21ai_4)
                                         _008_ (net)
                  0.54    0.00    5.69 ^ _336_/A2 (sky130_fd_sc_hd__a31o_1)
     1    0.01    0.19    0.57    6.26 ^ _336_/X (sky130_fd_sc_hd__a31o_1)
                                         _087_ (net)
                  0.19    0.00    6.26 ^ _337_/B (sky130_fd_sc_hd__nand2_1)
     1    0.01    0.20    0.25    6.51 v _337_/Y (sky130_fd_sc_hd__nand2_1)
                                         _088_ (net)
                  0.20    0.00    6.51 v _338_/C (sky130_fd_sc_hd__and3_1)
     1    0.02    0.25    0.62    7.13 v _338_/X (sky130_fd_sc_hd__and3_1)
                                         _089_ (net)
                  0.25    0.00    7.13 v _346_/A (sky130_fd_sc_hd__or3_4)
     1    0.03    0.18    0.97    8.10 v _346_/X (sky130_fd_sc_hd__or3_4)
                                         _097_ (net)
                  0.18    0.00    8.10 v _347_/A (sky130_fd_sc_hd__buf_1)
     1    0.02    0.22    0.36    8.46 v _347_/X (sky130_fd_sc_hd__buf_1)
                                         net24 (net)
                  0.22    0.00    8.46 v output24/A (sky130_fd_sc_hd__buf_2)
     1    0.03    0.17    0.44    8.90 v output24/X (sky130_fd_sc_hd__buf_2)
                                         OUT[4] (net)
                  0.17    0.00    8.90 v OUT[4] (out)
                                  8.90   data arrival time

                  0.00   10.00   10.00   clock __VIRTUAL_CLK__ (rise edge)
                          0.00   10.00   clock network delay (ideal)
                         -0.25    9.75   clock uncertainty
                          0.00    9.75   clock reconvergence pessimism
                         -2.00    7.75   output external delay
                                  7.75   data required time
-----------------------------------------------------------------------------
                                  7.75   data required time
                                 -8.90   data arrival time
-----------------------------------------------------------------------------
                                 -1.15   slack (VIOLATED)


Startpoint: A[2] (input port clocked by __VIRTUAL_CLK__)
Endpoint: OUT[6] (output port clocked by __VIRTUAL_CLK__)
Path Group: __VIRTUAL_CLK__
Path Type: max
Corner: Slowest

Fanout     Cap    Slew   Delay    Time   Description
-----------------------------------------------------------------------------
                  0.00    0.00    0.00   clock __VIRTUAL_CLK__ (rise edge)
                          0.00    0.00   clock network delay (ideal)
                          2.00    2.00 ^ input external delay
     1    0.00    0.03    0.01    2.01 ^ A[2] (in)
                                         A[2] (net)
                  0.03    0.00    2.01 ^ input3/A (sky130_fd_sc_hd__buf_2)
     4    0.05    0.36    0.40    2.42 ^ input3/X (sky130_fd_sc_hd__buf_2)
                                         net3 (net)
                  0.36    0.01    2.42 ^ _176_/A (sky130_fd_sc_hd__buf_4)
    10    0.07    0.31    0.53    2.96 ^ _176_/X (sky130_fd_sc_hd__buf_4)
                                         _104_ (net)
                  0.31    0.01    2.96 ^ _194_/B1 (sky130_fd_sc_hd__a22o_1)
     2    0.03    0.42    0.62    3.58 ^ _194_/X (sky130_fd_sc_hd__a22o_1)
                                         _122_ (net)
                  0.42    0.00    3.58 ^ _196_/A3 (sky130_fd_sc_hd__a31o_1)
     2    0.02    0.35    0.65    4.23 ^ _196_/X (sky130_fd_sc_hd__a31o_1)
                                         _124_ (net)
                  0.35    0.00    4.24 ^ _198_/C (sky130_fd_sc_hd__and3_1)
     2    0.03    0.50    0.76    4.99 ^ _198_/X (sky130_fd_sc_hd__and3_1)
                                         _126_ (net)
                  0.50    0.00    4.99 ^ _199_/B1 (sky130_fd_sc_hd__a31o_1)
     2    0.03    0.43    0.61    5.61 ^ _199_/X (sky130_fd_sc_hd__a31o_1)
                                         _127_ (net)
                  0.43    0.00    5.61 ^ _200_/B (sky130_fd_sc_hd__nand2_1)
     3    0.03    0.53    0.61    6.22 v _200_/Y (sky130_fd_sc_hd__nand2_1)
                                         _128_ (net)
                  0.53    0.00    6.23 v _282_/A1 (sky130_fd_sc_hd__a21o_1)
     3    0.02    0.20    0.63    6.86 v _282_/X (sky130_fd_sc_hd__a21o_1)
                                         _039_ (net)
                  0.20    0.00    6.86 v _283_/B (sky130_fd_sc_hd__or2_1)
     1    0.01    0.18    0.65    7.51 v _283_/X (sky130_fd_sc_hd__or2_1)
                                         _040_ (net)
                  0.18    0.00    7.51 v _290_/A2 (sky130_fd_sc_hd__a31o_1)
     1    0.00    0.08    0.46    7.96 v _290_/X (sky130_fd_sc_hd__a31o_1)
                                         _047_ (net)
                  0.08    0.00    7.97 v _291_/B1 (sky130_fd_sc_hd__a21o_1)
     2    0.02    0.22    0.45    8.41 v _291_/X (sky130_fd_sc_hd__a21o_1)
                                         net26 (net)
                  0.22    0.00    8.42 v output26/A (sky130_fd_sc_hd__clkbuf_4)
     1    0.03    0.14    0.41    8.83 v output26/X (sky130_fd_sc_hd__clkbuf_4)
                                         OUT[6] (net)
                  0.14    0.00    8.83 v OUT[6] (out)
                                  8.83   data arrival time

                  0.00   10.00   10.00   clock __VIRTUAL_CLK__ (rise edge)
                          0.00   10.00   clock network delay (ideal)
                         -0.25    9.75   clock uncertainty
                          0.00    9.75   clock reconvergence pessimism
                         -2.00    7.75   output external delay
                                  7.75   data required time
-----------------------------------------------------------------------------
                                  7.75   data required time
                                 -8.83   data arrival time
-----------------------------------------------------------------------------
                                 -1.08   slack (VIOLATED)


Startpoint: A[2] (input port clocked by __VIRTUAL_CLK__)
Endpoint: OUT[7] (output port clocked by __VIRTUAL_CLK__)
Path Group: __VIRTUAL_CLK__
Path Type: max
Corner: Slowest

Fanout     Cap    Slew   Delay    Time   Description
-----------------------------------------------------------------------------
                  0.00    0.00    0.00   clock __VIRTUAL_CLK__ (rise edge)
                          0.00    0.00   clock network delay (ideal)
                          2.00    2.00 ^ input external delay
     1    0.00    0.03    0.01    2.01 ^ A[2] (in)
                                         A[2] (net)
                  0.03    0.00    2.01 ^ input3/A (sky130_fd_sc_hd__buf_2)
     4    0.05    0.36    0.40    2.42 ^ input3/X (sky130_fd_sc_hd__buf_2)
                                         net3 (net)
                  0.36    0.01    2.42 ^ _176_/A (sky130_fd_sc_hd__buf_4)
    10    0.07    0.31    0.53    2.96 ^ _176_/X (sky130_fd_sc_hd__buf_4)
                                         _104_ (net)
                  0.31    0.01    2.96 ^ _194_/B1 (sky130_fd_sc_hd__a22o_1)
     2    0.03    0.42    0.62    3.58 ^ _194_/X (sky130_fd_sc_hd__a22o_1)
                                         _122_ (net)
                  0.42    0.00    3.58 ^ _196_/A3 (sky130_fd_sc_hd__a31o_1)
     2    0.02    0.35    0.65    4.23 ^ _196_/X (sky130_fd_sc_hd__a31o_1)
                                         _124_ (net)
                  0.35    0.00    4.24 ^ _198_/C (sky130_fd_sc_hd__and3_1)
     2    0.03    0.50    0.76    4.99 ^ _198_/X (sky130_fd_sc_hd__and3_1)
                                         _126_ (net)
                  0.50    0.00    4.99 ^ _199_/B1 (sky130_fd_sc_hd__a31o_1)
     2    0.03    0.43    0.61    5.61 ^ _199_/X (sky130_fd_sc_hd__a31o_1)
                                         _127_ (net)
                  0.43    0.00    5.61 ^ _200_/B (sky130_fd_sc_hd__nand2_1)
     3    0.03    0.53    0.61    6.22 v _200_/Y (sky130_fd_sc_hd__nand2_1)
                                         _128_ (net)
                  0.53    0.00    6.23 v _282_/A1 (sky130_fd_sc_hd__a21o_1)
     3    0.02    0.20    0.63    6.86 v _282_/X (sky130_fd_sc_hd__a21o_1)
                                         _039_ (net)
                  0.20    0.00    6.86 v _297_/A2 (sky130_fd_sc_hd__o21ai_2)
     1    0.02    0.50    0.53    7.38 ^ _297_/Y (sky130_fd_sc_hd__o21ai_2)
                                         _053_ (net)
                  0.50    0.00    7.39 ^ _301_/A2 (sky130_fd_sc_hd__a21bo_1)
     1    0.01    0.20    0.48    7.86 ^ _301_/X (sky130_fd_sc_hd__a21bo_1)
                                         _057_ (net)
                  0.20    0.00    7.86 ^ _302_/B1 (sky130_fd_sc_hd__a31o_1)
     2    0.02    0.27    0.38    8.25 ^ _302_/X (sky130_fd_sc_hd__a31o_1)
                                         net27 (net)
                  0.27    0.00    8.25 ^ output27/A (sky130_fd_sc_hd__buf_2)
     1    0.03    0.28    0.46    8.71 ^ output27/X (sky130_fd_sc_hd__buf_2)
                                         OUT[7] (net)
                  0.28    0.00    8.71 ^ OUT[7] (out)
                                  8.71   data arrival time

                  0.00   10.00   10.00   clock __VIRTUAL_CLK__ (rise edge)
                          0.00   10.00   clock network delay (ideal)
                         -0.25    9.75   clock uncertainty
                          0.00    9.75   clock reconvergence pessimism
                         -2.00    7.75   output external delay
                                  7.75   data required time
-----------------------------------------------------------------------------
                                  7.75   data required time
                                 -8.71   data arrival time
-----------------------------------------------------------------------------
                                 -0.96   slack (VIOLATED)


Startpoint: A[2] (input port clocked by __VIRTUAL_CLK__)
Endpoint: OUT[5] (output port clocked by __VIRTUAL_CLK__)
Path Group: __VIRTUAL_CLK__
Path Type: max
Corner: Slowest

Fanout     Cap    Slew   Delay    Time   Description
-----------------------------------------------------------------------------
                  0.00    0.00    0.00   clock __VIRTUAL_CLK__ (rise edge)
                          0.00    0.00   clock network delay (ideal)
                          2.00    2.00 ^ input external delay
     1    0.00    0.03    0.01    2.01 ^ A[2] (in)
                                         A[2] (net)
                  0.03    0.00    2.01 ^ input3/A (sky130_fd_sc_hd__buf_2)
     4    0.05    0.36    0.40    2.42 ^ input3/X (sky130_fd_sc_hd__buf_2)
                                         net3 (net)
                  0.36    0.01    2.42 ^ _176_/A (sky130_fd_sc_hd__buf_4)
    10    0.07    0.31    0.53    2.96 ^ _176_/X (sky130_fd_sc_hd__buf_4)
                                         _104_ (net)
                  0.31    0.01    2.96 ^ _194_/B1 (sky130_fd_sc_hd__a22o_1)
     2    0.03    0.42    0.62    3.58 ^ _194_/X (sky130_fd_sc_hd__a22o_1)
                                         _122_ (net)
                  0.42    0.00    3.58 ^ _196_/A3 (sky130_fd_sc_hd__a31o_1)
     2    0.02    0.35    0.65    4.23 ^ _196_/X (sky130_fd_sc_hd__a31o_1)
                                         _124_ (net)
                  0.35    0.00    4.24 ^ _198_/C (sky130_fd_sc_hd__and3_1)
     2    0.03    0.50    0.76    4.99 ^ _198_/X (sky130_fd_sc_hd__and3_1)
                                         _126_ (net)
                  0.50    0.00    5.00 ^ _208_/A_N (sky130_fd_sc_hd__and2b_1)
     1    0.02    0.21    0.68    5.67 v _208_/X (sky130_fd_sc_hd__and2b_1)
                                         _136_ (net)
                  0.21    0.00    5.67 v _209_/B (sky130_fd_sc_hd__xnor2_2)
     3    0.03    0.55    0.56    6.24 ^ _209_/Y (sky130_fd_sc_hd__xnor2_2)
                                         _137_ (net)
                  0.55    0.00    6.24 ^ _210_/C (sky130_fd_sc_hd__nand3_2)
     3    0.02    0.37    0.52    6.76 v _210_/Y (sky130_fd_sc_hd__nand3_2)
                                         _138_ (net)
                  0.37    0.00    6.76 v _220_/B (sky130_fd_sc_hd__and3_1)
     1    0.02    0.20    0.64    7.40 v _220_/X (sky130_fd_sc_hd__and3_1)
                                         _148_ (net)
                  0.20    0.00    7.40 v _221_/B (sky130_fd_sc_hd__nor2_1)
     1    0.01    0.21    0.27    7.67 ^ _221_/Y (sky130_fd_sc_hd__nor2_1)
                                         _149_ (net)
                  0.21    0.00    7.67 ^ _267_/A2 (sky130_fd_sc_hd__a211o_1)
     1    0.01    0.14    0.35    8.03 ^ _267_/X (sky130_fd_sc_hd__a211o_1)
                                         net25 (net)
                  0.14    0.00    8.03 ^ output25/A (sky130_fd_sc_hd__buf_2)
     1    0.03    0.27    0.39    8.42 ^ output25/X (sky130_fd_sc_hd__buf_2)
                                         OUT[5] (net)
                  0.27    0.00    8.42 ^ OUT[5] (out)
                                  8.42   data arrival time

                  0.00   10.00   10.00   clock __VIRTUAL_CLK__ (rise edge)
                          0.00   10.00   clock network delay (ideal)
                         -0.25    9.75   clock uncertainty
                          0.00    9.75   clock reconvergence pessimism
                         -2.00    7.75   output external delay
                                  7.75   data required time
-----------------------------------------------------------------------------
                                  7.75   data required time
                                 -8.42   data arrival time
-----------------------------------------------------------------------------
                                 -0.67   slack (VIOLATED)


Startpoint: OP[0] (input port clocked by __VIRTUAL_CLK__)
Endpoint: OUT[3] (output port clocked by __VIRTUAL_CLK__)
Path Group: __VIRTUAL_CLK__
Path Type: max
Corner: Slowest

Fanout     Cap    Slew   Delay    Time   Description
-----------------------------------------------------------------------------
                  0.00    0.00    0.00   clock __VIRTUAL_CLK__ (rise edge)
                          0.00    0.00   clock network delay (ideal)
                          2.00    2.00 v input external delay
     1    0.00    0.02    0.01    2.01 v OP[0] (in)
                                         OP[0] (net)
                  0.02    0.00    2.01 v input17/A (sky130_fd_sc_hd__buf_2)
     5    0.05    0.23    0.39    2.40 v input17/X (sky130_fd_sc_hd__buf_2)
                                         net17 (net)
                  0.23    0.00    2.40 v _235_/A_N (sky130_fd_sc_hd__nand3b_4)
     4    0.02    0.18    0.43    2.83 v _235_/Y (sky130_fd_sc_hd__nand3b_4)
                                         _163_ (net)
                  0.18    0.00    2.83 v rebuffer1/A (sky130_fd_sc_hd__clkbuf_2)
     4    0.02    0.15    0.33    3.17 v rebuffer1/X (sky130_fd_sc_hd__clkbuf_2)
                                         net29 (net)
                  0.15    0.00    3.17 v _243_/A2 (sky130_fd_sc_hd__a21oi_2)
     2    0.03    0.58    0.60    3.76 ^ _243_/Y (sky130_fd_sc_hd__a21oi_2)
                                         _001_ (net)
                  0.58    0.00    3.77 ^ _244_/A2 (sky130_fd_sc_hd__o21a_2)
     4    0.04    0.33    0.64    4.41 ^ _244_/X (sky130_fd_sc_hd__o21a_2)
                                         _002_ (net)
                  0.33    0.00    4.41 ^ _247_/A_N (sky130_fd_sc_hd__and3b_2)
     3    0.03    0.19    0.68    5.09 v _247_/X (sky130_fd_sc_hd__and3b_2)
                                         _005_ (net)
                  0.19    0.00    5.09 v _250_/A1 (sky130_fd_sc_hd__o21ai_4)
     4    0.04    0.54    0.60    5.69 ^ _250_/Y (sky130_fd_sc_hd__o21ai_4)
                                         _008_ (net)
                  0.54    0.00    5.69 ^ _328_/B (sky130_fd_sc_hd__nand2_1)
     1    0.02    0.32    0.48    6.17 v _328_/Y (sky130_fd_sc_hd__nand2_1)
                                         _080_ (net)
                  0.32    0.00    6.17 v _329_/B (sky130_fd_sc_hd__xnor2_1)
     1    0.01    0.23    0.44    6.61 v _329_/Y (sky130_fd_sc_hd__xnor2_1)
                                         _081_ (net)
                  0.23    0.00    6.61 v _335_/A2 (sky130_fd_sc_hd__a221o_1)
     1    0.02    0.23    0.90    7.51 v _335_/X (sky130_fd_sc_hd__a221o_1)
                                         net23 (net)
                  0.23    0.00    7.51 v output23/A (sky130_fd_sc_hd__buf_2)
     1    0.03    0.17    0.44    7.95 v output23/X (sky130_fd_sc_hd__buf_2)
                                         OUT[3] (net)
                  0.17    0.00    7.95 v OUT[3] (out)
                                  7.95   data arrival time

                  0.00   10.00   10.00   clock __VIRTUAL_CLK__ (rise edge)
                          0.00   10.00   clock network delay (ideal)
                         -0.25    9.75   clock uncertainty
                          0.00    9.75   clock reconvergence pessimism
                         -2.00    7.75   output external delay
                                  7.75   data required time
-----------------------------------------------------------------------------
                                  7.75   data required time
                                 -7.95   data arrival time
-----------------------------------------------------------------------------
                                 -0.20   slack (VIOLATED)


Startpoint: OP[0] (input port clocked by __VIRTUAL_CLK__)
Endpoint: OUT[1] (output port clocked by __VIRTUAL_CLK__)
Path Group: __VIRTUAL_CLK__
Path Type: max
Corner: Slowest

Fanout     Cap    Slew   Delay    Time   Description
-----------------------------------------------------------------------------
                  0.00    0.00    0.00   clock __VIRTUAL_CLK__ (rise edge)
                          0.00    0.00   clock network delay (ideal)
                          2.00    2.00 v input external delay
     1    0.00    0.02    0.01    2.01 v OP[0] (in)
                                         OP[0] (net)
                  0.02    0.00    2.01 v input17/A (sky130_fd_sc_hd__buf_2)
     5    0.05    0.23    0.39    2.40 v input17/X (sky130_fd_sc_hd__buf_2)
                                         net17 (net)
                  0.23    0.00    2.40 v _235_/A_N (sky130_fd_sc_hd__nand3b_4)
     4    0.02    0.18    0.43    2.83 v _235_/Y (sky130_fd_sc_hd__nand3b_4)
                                         _163_ (net)
                  0.18    0.00    2.83 v rebuffer1/A (sky130_fd_sc_hd__clkbuf_2)
     4    0.02    0.15    0.33    3.17 v rebuffer1/X (sky130_fd_sc_hd__clkbuf_2)
                                         net29 (net)
                  0.15    0.00    3.17 v _243_/A2 (sky130_fd_sc_hd__a21oi_2)
     2    0.03    0.58    0.60    3.76 ^ _243_/Y (sky130_fd_sc_hd__a21oi_2)
                                         _001_ (net)
                  0.58    0.00    3.77 ^ _244_/A2 (sky130_fd_sc_hd__o21a_2)
     4    0.04    0.33    0.64    4.41 ^ _244_/X (sky130_fd_sc_hd__o21a_2)
                                         _002_ (net)
                  0.33    0.00    4.41 ^ _314_/A_N (sky130_fd_sc_hd__and2b_1)
     1    0.02    0.17    0.58    4.99 v _314_/X (sky130_fd_sc_hd__and2b_1)
                                         _068_ (net)
                  0.17    0.00    4.99 v _315_/A (sky130_fd_sc_hd__nor2_1)
     1    0.01    0.29    0.34    5.34 ^ _315_/Y (sky130_fd_sc_hd__nor2_1)
                                         _069_ (net)
                  0.29    0.00    5.34 ^ _316_/B (sky130_fd_sc_hd__or3b_1)
     1    0.02    0.26    0.43    5.76 ^ _316_/X (sky130_fd_sc_hd__or3b_1)
                                         _070_ (net)
                  0.26    0.00    5.76 ^ _317_/D_N (sky130_fd_sc_hd__or4b_1)
     1    0.01    0.23    1.24    7.00 v _317_/X (sky130_fd_sc_hd__or4b_1)
                                         _071_ (net)
                  0.23    0.00    7.00 v _318_/A (sky130_fd_sc_hd__buf_1)
     2    0.02    0.26    0.42    7.42 v _318_/X (sky130_fd_sc_hd__buf_1)
                                         net21 (net)
                  0.26    0.00    7.42 v output21/A (sky130_fd_sc_hd__buf_2)
     1    0.03    0.17    0.46    7.88 v output21/X (sky130_fd_sc_hd__buf_2)
                                         OUT[1] (net)
                  0.17    0.00    7.88 v OUT[1] (out)
                                  7.88   data arrival time

                  0.00   10.00   10.00   clock __VIRTUAL_CLK__ (rise edge)
                          0.00   10.00   clock network delay (ideal)
                         -0.25    9.75   clock uncertainty
                          0.00    9.75   clock reconvergence pessimism
                         -2.00    7.75   output external delay
                                  7.75   data required time
-----------------------------------------------------------------------------
                                  7.75   data required time
                                 -7.88   data arrival time
-----------------------------------------------------------------------------
                                 -0.13   slack (VIOLATED)


Startpoint: OP[0] (input port clocked by __VIRTUAL_CLK__)
Endpoint: OUT[2] (output port clocked by __VIRTUAL_CLK__)
Path Group: __VIRTUAL_CLK__
Path Type: max
Corner: Slowest

Fanout     Cap    Slew   Delay    Time   Description
-----------------------------------------------------------------------------
                  0.00    0.00    0.00   clock __VIRTUAL_CLK__ (rise edge)
                          0.00    0.00   clock network delay (ideal)
                          2.00    2.00 ^ input external delay
     1    0.00    0.03    0.02    2.02 ^ OP[0] (in)
                                         OP[0] (net)
                  0.03    0.00    2.02 ^ input17/A (sky130_fd_sc_hd__buf_2)
     5    0.05    0.39    0.43    2.45 ^ input17/X (sky130_fd_sc_hd__buf_2)
                                         net17 (net)
                  0.39    0.00    2.45 ^ _235_/A_N (sky130_fd_sc_hd__nand3b_4)
     4    0.02    0.14    0.44    2.89 ^ _235_/Y (sky130_fd_sc_hd__nand3b_4)
                                         _163_ (net)
                  0.14    0.00    2.89 ^ rebuffer1/A (sky130_fd_sc_hd__clkbuf_2)
     4    0.02    0.19    0.32    3.21 ^ rebuffer1/X (sky130_fd_sc_hd__clkbuf_2)
                                         net29 (net)
                  0.19    0.00    3.21 ^ rebuffer2/A (sky130_fd_sc_hd__buf_4)
     3    0.02    0.12    0.32    3.53 ^ rebuffer2/X (sky130_fd_sc_hd__buf_4)
                                         net30 (net)
                  0.12    0.00    3.53 ^ _239_/A1 (sky130_fd_sc_hd__a21oi_2)
     2    0.03    0.28    0.30    3.83 v _239_/Y (sky130_fd_sc_hd__a21oi_2)
                                         _167_ (net)
                  0.28    0.00    3.84 v _248_/B (sky130_fd_sc_hd__or3_1)
     1    0.00    0.13    0.91    4.75 v _248_/X (sky130_fd_sc_hd__or3_1)
                                         _006_ (net)
                  0.13    0.00    4.75 v _249_/B (sky130_fd_sc_hd__and2_1)
     2    0.02    0.21    0.51    5.25 v _249_/X (sky130_fd_sc_hd__and2_1)
                                         _007_ (net)
                  0.21    0.00    5.25 v _319_/A (sky130_fd_sc_hd__or3_1)
     1    0.02    0.31    1.18    6.43 v _319_/X (sky130_fd_sc_hd__or3_1)
                                         _072_ (net)
                  0.31    0.00    6.43 v _326_/A3 (sky130_fd_sc_hd__a31o_1)
     1    0.03    0.25    0.70    7.13 v _326_/X (sky130_fd_sc_hd__a31o_1)
                                         net22 (net)
                  0.25    0.00    7.13 v output22/A (sky130_fd_sc_hd__buf_2)
     1    0.03    0.17    0.45    7.58 v output22/X (sky130_fd_sc_hd__buf_2)
                                         OUT[2] (net)
                  0.17    0.00    7.58 v OUT[2] (out)
                                  7.58   data arrival time

                  0.00   10.00   10.00   clock __VIRTUAL_CLK__ (rise edge)
                          0.00   10.00   clock network delay (ideal)
                         -0.25    9.75   clock uncertainty
                          0.00    9.75   clock reconvergence pessimism
                         -2.00    7.75   output external delay
                                  7.75   data required time
-----------------------------------------------------------------------------
                                  7.75   data required time
                                 -7.58   data arrival time
-----------------------------------------------------------------------------
                                  0.17   slack (MET)


Startpoint: OP[0] (input port clocked by __VIRTUAL_CLK__)
Endpoint: OUT[0] (output port clocked by __VIRTUAL_CLK__)
Path Group: __VIRTUAL_CLK__
Path Type: max
Corner: Slowest

Fanout     Cap    Slew   Delay    Time   Description
-----------------------------------------------------------------------------
                  0.00    0.00    0.00   clock __VIRTUAL_CLK__ (rise edge)
                          0.00    0.00   clock network delay (ideal)
                          2.00    2.00 v input external delay
     1    0.00    0.02    0.01    2.01 v OP[0] (in)
                                         OP[0] (net)
                  0.02    0.00    2.01 v input17/A (sky130_fd_sc_hd__buf_2)
     5    0.05    0.23    0.39    2.40 v input17/X (sky130_fd_sc_hd__buf_2)
                                         net17 (net)
                  0.23    0.00    2.40 v _171_/A (sky130_fd_sc_hd__or2_2)
     4    0.04    0.26    0.98    3.38 v _171_/X (sky130_fd_sc_hd__or2_2)
                                         _099_ (net)
                  0.27    0.00    3.38 v _224_/B (sky130_fd_sc_hd__or2_1)
     1    0.02    0.21    0.71    4.09 v _224_/X (sky130_fd_sc_hd__or2_1)
                                         _152_ (net)
                  0.21    0.00    4.09 v _225_/A (sky130_fd_sc_hd__clkbuf_4)
     8    0.06    0.23    0.49    4.58 v _225_/X (sky130_fd_sc_hd__clkbuf_4)
                                         _153_ (net)
                  0.23    0.00    4.58 v _306_/A2 (sky130_fd_sc_hd__o21ai_1)
     1    0.01    0.37    0.44    5.03 ^ _306_/Y (sky130_fd_sc_hd__o21ai_1)
                                         _061_ (net)
                  0.37    0.00    5.03 ^ _307_/B1 (sky130_fd_sc_hd__a31o_1)
     1    0.01    0.24    0.42    5.45 ^ _307_/X (sky130_fd_sc_hd__a31o_1)
                                         net20 (net)
                  0.24    0.00    5.45 ^ output20/A (sky130_fd_sc_hd__buf_2)
     1    0.03    0.28    0.45    5.89 ^ output20/X (sky130_fd_sc_hd__buf_2)
                                         OUT[0] (net)
                  0.28    0.00    5.89 ^ OUT[0] (out)
                                  5.89   data arrival time

                  0.00   10.00   10.00   clock __VIRTUAL_CLK__ (rise edge)
                          0.00   10.00   clock network delay (ideal)
                         -0.25    9.75   clock uncertainty
                          0.00    9.75   clock reconvergence pessimism
                         -2.00    7.75   output external delay
                                  7.75   data required time
-----------------------------------------------------------------------------
                                  7.75   data required time
                                 -5.89   data arrival time
-----------------------------------------------------------------------------
                                  1.86   slack (MET)



worst slack corner Slowest: -1.1487
======================= Typical Corner ===================================

Startpoint: A[2] (input port clocked by __VIRTUAL_CLK__)
Endpoint: OUT[4] (output port clocked by __VIRTUAL_CLK__)
Path Group: __VIRTUAL_CLK__
Path Type: max
Corner: Typical

Fanout     Cap    Slew   Delay    Time   Description
-----------------------------------------------------------------------------
                  0.00    0.00    0.00   clock __VIRTUAL_CLK__ (rise edge)
                          0.00    0.00   clock network delay (ideal)
                          2.00    2.00 ^ input external delay
     1    0.00    0.02    0.01    2.01 ^ A[2] (in)
                                         A[2] (net)
                  0.02    0.00    2.01 ^ input3/A (sky130_fd_sc_hd__buf_2)
     4    0.05    0.23    0.23    2.24 ^ input3/X (sky130_fd_sc_hd__buf_2)
                                         net3 (net)
                  0.23    0.01    2.25 ^ _176_/A (sky130_fd_sc_hd__buf_4)
    10    0.07    0.19    0.29    2.54 ^ _176_/X (sky130_fd_sc_hd__buf_4)
                                         _104_ (net)
                  0.19    0.01    2.54 ^ _194_/B1 (sky130_fd_sc_hd__a22o_1)
     2    0.03    0.26    0.33    2.87 ^ _194_/X (sky130_fd_sc_hd__a22o_1)
                                         _122_ (net)
                  0.26    0.00    2.88 ^ _196_/A3 (sky130_fd_sc_hd__a31o_1)
     2    0.02    0.22    0.32    3.20 ^ _196_/X (sky130_fd_sc_hd__a31o_1)
                                         _124_ (net)
                  0.22    0.00    3.20 ^ _198_/C (sky130_fd_sc_hd__and3_1)
     2    0.03    0.32    0.41    3.61 ^ _198_/X (sky130_fd_sc_hd__and3_1)
                                         _126_ (net)
                  0.32    0.00    3.61 ^ _199_/B1 (sky130_fd_sc_hd__a31o_1)
     2    0.03    0.27    0.33    3.94 ^ _199_/X (sky130_fd_sc_hd__a31o_1)
                                         _127_ (net)
                  0.27    0.00    3.94 ^ _201_/B (sky130_fd_sc_hd__xor2_2)
     2    0.02    0.32    0.34    4.28 ^ _201_/X (sky130_fd_sc_hd__xor2_2)
                                         _129_ (net)
                  0.32    0.00    4.28 ^ _210_/A (sky130_fd_sc_hd__nand3_2)
     3    0.02    0.18    0.23    4.51 v _210_/Y (sky130_fd_sc_hd__nand3_2)
                                         _138_ (net)
                  0.18    0.00    4.51 v _345_/A1 (sky130_fd_sc_hd__a31o_1)
     1    0.01    0.05    0.26    4.76 v _345_/X (sky130_fd_sc_hd__a31o_1)
                                         _096_ (net)
                  0.05    0.00    4.76 v _346_/C (sky130_fd_sc_hd__or3_4)
     1    0.03    0.10    0.40    5.16 v _346_/X (sky130_fd_sc_hd__or3_4)
                                         _097_ (net)
                  0.10    0.00    5.16 v _347_/A (sky130_fd_sc_hd__buf_1)
     1    0.02    0.11    0.19    5.35 v _347_/X (sky130_fd_sc_hd__buf_1)
                                         net24 (net)
                  0.11    0.00    5.35 v output24/A (sky130_fd_sc_hd__buf_2)
     1    0.03    0.09    0.22    5.57 v output24/X (sky130_fd_sc_hd__buf_2)
                                         OUT[4] (net)
                  0.09    0.00    5.58 v OUT[4] (out)
                                  5.58   data arrival time

                  0.00   10.00   10.00   clock __VIRTUAL_CLK__ (rise edge)
                          0.00   10.00   clock network delay (ideal)
                         -0.25    9.75   clock uncertainty
                          0.00    9.75   clock reconvergence pessimism
                         -2.00    7.75   output external delay
                                  7.75   data required time
-----------------------------------------------------------------------------
                                  7.75   data required time
                                 -5.58   data arrival time
-----------------------------------------------------------------------------
                                  2.17   slack (MET)


Startpoint: B[1] (input port clocked by __VIRTUAL_CLK__)
Endpoint: OUT[6] (output port clocked by __VIRTUAL_CLK__)
Path Group: __VIRTUAL_CLK__
Path Type: max
Corner: Typical

Fanout     Cap    Slew   Delay    Time   Description
-----------------------------------------------------------------------------
                  0.00    0.00    0.00   clock __VIRTUAL_CLK__ (rise edge)
                          0.00    0.00   clock network delay (ideal)
                          2.00    2.00 v input external delay
     1    0.00    0.01    0.01    2.01 v B[1] (in)
                                         B[1] (net)
                  0.01    0.00    2.01 v input10/A (sky130_fd_sc_hd__clkbuf_2)
     5    0.04    0.16    0.20    2.21 v input10/X (sky130_fd_sc_hd__clkbuf_2)
                                         net10 (net)
                  0.16    0.00    2.21 v _234_/B (sky130_fd_sc_hd__or2_4)
     4    0.03    0.08    0.34    2.54 v _234_/X (sky130_fd_sc_hd__or2_4)
                                         _162_ (net)
                  0.08    0.00    2.55 v _236_/A3 (sky130_fd_sc_hd__o31a_2)
     3    0.02    0.10    0.37    2.92 v _236_/X (sky130_fd_sc_hd__o31a_2)
                                         _164_ (net)
                  0.10    0.00    2.92 v _268_/A3 (sky130_fd_sc_hd__o31a_4)
     2    0.03    0.09    0.36    3.28 v _268_/X (sky130_fd_sc_hd__o31a_4)
                                         _025_ (net)
                  0.09    0.00    3.28 v _269_/B (sky130_fd_sc_hd__xnor2_2)
     2    0.03    0.46    0.41    3.69 ^ _269_/Y (sky130_fd_sc_hd__xnor2_2)
                                         _026_ (net)
                  0.46    0.00    3.69 ^ _271_/B (sky130_fd_sc_hd__nor2_1)
     1    0.02    0.15    0.20    3.89 v _271_/Y (sky130_fd_sc_hd__nor2_1)
                                         _028_ (net)
                  0.15    0.00    3.89 v _272_/B (sky130_fd_sc_hd__or2_2)
     2    0.02    0.10    0.39    4.28 v _272_/X (sky130_fd_sc_hd__or2_2)
                                         _029_ (net)
                  0.10    0.00    4.28 v _276_/B1 (sky130_fd_sc_hd__a311oi_4)
     3    0.03    0.42    0.47    4.75 ^ _276_/Y (sky130_fd_sc_hd__a311oi_4)
                                         _033_ (net)
                  0.42    0.00    4.75 ^ _277_/A_N (sky130_fd_sc_hd__and2b_1)
     1    0.01    0.08    0.29    5.04 v _277_/X (sky130_fd_sc_hd__and2b_1)
                                         _034_ (net)
                  0.08    0.00    5.04 v _291_/A2 (sky130_fd_sc_hd__a21o_1)
     2    0.02    0.12    0.28    5.32 v _291_/X (sky130_fd_sc_hd__a21o_1)
                                         net26 (net)
                  0.12    0.00    5.32 v output26/A (sky130_fd_sc_hd__clkbuf_4)
     1    0.03    0.08    0.23    5.55 v output26/X (sky130_fd_sc_hd__clkbuf_4)
                                         OUT[6] (net)
                  0.08    0.00    5.55 v OUT[6] (out)
                                  5.55   data arrival time

                  0.00   10.00   10.00   clock __VIRTUAL_CLK__ (rise edge)
                          0.00   10.00   clock network delay (ideal)
                         -0.25    9.75   clock uncertainty
                          0.00    9.75   clock reconvergence pessimism
                         -2.00    7.75   output external delay
                                  7.75   data required time
-----------------------------------------------------------------------------
                                  7.75   data required time
                                 -5.55   data arrival time
-----------------------------------------------------------------------------
                                  2.20   slack (MET)


Startpoint: A[2] (input port clocked by __VIRTUAL_CLK__)
Endpoint: OUT[7] (output port clocked by __VIRTUAL_CLK__)
Path Group: __VIRTUAL_CLK__
Path Type: max
Corner: Typical

Fanout     Cap    Slew   Delay    Time   Description
-----------------------------------------------------------------------------
                  0.00    0.00    0.00   clock __VIRTUAL_CLK__ (rise edge)
                          0.00    0.00   clock network delay (ideal)
                          2.00    2.00 ^ input external delay
     1    0.00    0.02    0.01    2.01 ^ A[2] (in)
                                         A[2] (net)
                  0.02    0.00    2.01 ^ input3/A (sky130_fd_sc_hd__buf_2)
     4    0.05    0.23    0.23    2.24 ^ input3/X (sky130_fd_sc_hd__buf_2)
                                         net3 (net)
                  0.23    0.01    2.25 ^ _176_/A (sky130_fd_sc_hd__buf_4)
    10    0.07    0.19    0.29    2.54 ^ _176_/X (sky130_fd_sc_hd__buf_4)
                                         _104_ (net)
                  0.19    0.01    2.54 ^ _194_/B1 (sky130_fd_sc_hd__a22o_1)
     2    0.03    0.26    0.33    2.87 ^ _194_/X (sky130_fd_sc_hd__a22o_1)
                                         _122_ (net)
                  0.26    0.00    2.88 ^ _196_/A3 (sky130_fd_sc_hd__a31o_1)
     2    0.02    0.22    0.32    3.20 ^ _196_/X (sky130_fd_sc_hd__a31o_1)
                                         _124_ (net)
                  0.22    0.00    3.20 ^ _198_/C (sky130_fd_sc_hd__and3_1)
     2    0.03    0.32    0.41    3.61 ^ _198_/X (sky130_fd_sc_hd__and3_1)
                                         _126_ (net)
                  0.32    0.00    3.61 ^ _199_/B1 (sky130_fd_sc_hd__a31o_1)
     2    0.03    0.27    0.33    3.94 ^ _199_/X (sky130_fd_sc_hd__a31o_1)
                                         _127_ (net)
                  0.27    0.00    3.94 ^ _200_/B (sky130_fd_sc_hd__nand2_1)
     3    0.03    0.24    0.28    4.22 v _200_/Y (sky130_fd_sc_hd__nand2_1)
                                         _128_ (net)
                  0.24    0.00    4.22 v _282_/A1 (sky130_fd_sc_hd__a21o_1)
     3    0.02    0.11    0.31    4.53 v _282_/X (sky130_fd_sc_hd__a21o_1)
                                         _039_ (net)
                  0.11    0.00    4.53 v _297_/A2 (sky130_fd_sc_hd__o21ai_2)
     1    0.02    0.30    0.30    4.83 ^ _297_/Y (sky130_fd_sc_hd__o21ai_2)
                                         _053_ (net)
                  0.30    0.00    4.83 ^ _301_/A2 (sky130_fd_sc_hd__a21bo_1)
     1    0.01    0.12    0.23    5.06 ^ _301_/X (sky130_fd_sc_hd__a21bo_1)
                                         _057_ (net)
                  0.12    0.00    5.07 ^ _302_/B1 (sky130_fd_sc_hd__a31o_1)
     2    0.02    0.17    0.21    5.28 ^ _302_/X (sky130_fd_sc_hd__a31o_1)
                                         net27 (net)
                  0.17    0.00    5.28 ^ output27/A (sky130_fd_sc_hd__buf_2)
     1    0.03    0.17    0.25    5.53 ^ output27/X (sky130_fd_sc_hd__buf_2)
                                         OUT[7] (net)
                  0.17    0.00    5.53 ^ OUT[7] (out)
                                  5.53   data arrival time

                  0.00   10.00   10.00   clock __VIRTUAL_CLK__ (rise edge)
                          0.00   10.00   clock network delay (ideal)
                         -0.25    9.75   clock uncertainty
                          0.00    9.75   clock reconvergence pessimism
                         -2.00    7.75   output external delay
                                  7.75   data required time
-----------------------------------------------------------------------------
                                  7.75   data required time
                                 -5.53   data arrival time
-----------------------------------------------------------------------------
                                  2.22   slack (MET)


Startpoint: A[2] (input port clocked by __VIRTUAL_CLK__)
Endpoint: OUT[5] (output port clocked by __VIRTUAL_CLK__)
Path Group: __VIRTUAL_CLK__
Path Type: max
Corner: Typical

Fanout     Cap    Slew   Delay    Time   Description
-----------------------------------------------------------------------------
                  0.00    0.00    0.00   clock __VIRTUAL_CLK__ (rise edge)
                          0.00    0.00   clock network delay (ideal)
                          2.00    2.00 ^ input external delay
     1    0.00    0.02    0.01    2.01 ^ A[2] (in)
                                         A[2] (net)
                  0.02    0.00    2.01 ^ input3/A (sky130_fd_sc_hd__buf_2)
     4    0.05    0.23    0.23    2.24 ^ input3/X (sky130_fd_sc_hd__buf_2)
                                         net3 (net)
                  0.23    0.01    2.25 ^ _176_/A (sky130_fd_sc_hd__buf_4)
    10    0.07    0.19    0.29    2.54 ^ _176_/X (sky130_fd_sc_hd__buf_4)
                                         _104_ (net)
                  0.19    0.01    2.54 ^ _194_/B1 (sky130_fd_sc_hd__a22o_1)
     2    0.03    0.26    0.33    2.87 ^ _194_/X (sky130_fd_sc_hd__a22o_1)
                                         _122_ (net)
                  0.26    0.00    2.88 ^ _196_/A3 (sky130_fd_sc_hd__a31o_1)
     2    0.02    0.22    0.32    3.20 ^ _196_/X (sky130_fd_sc_hd__a31o_1)
                                         _124_ (net)
                  0.22    0.00    3.20 ^ _198_/C (sky130_fd_sc_hd__and3_1)
     2    0.03    0.32    0.41    3.61 ^ _198_/X (sky130_fd_sc_hd__and3_1)
                                         _126_ (net)
                  0.32    0.00    3.61 ^ _199_/B1 (sky130_fd_sc_hd__a31o_1)
     2    0.03    0.27    0.33    3.94 ^ _199_/X (sky130_fd_sc_hd__a31o_1)
                                         _127_ (net)
                  0.27    0.00    3.94 ^ _201_/B (sky130_fd_sc_hd__xor2_2)
     2    0.02    0.32    0.34    4.28 ^ _201_/X (sky130_fd_sc_hd__xor2_2)
                                         _129_ (net)
                  0.32    0.00    4.28 ^ _210_/A (sky130_fd_sc_hd__nand3_2)
     3    0.02    0.18    0.23    4.51 v _210_/Y (sky130_fd_sc_hd__nand3_2)
                                         _138_ (net)
                  0.18    0.00    4.51 v _220_/B (sky130_fd_sc_hd__and3_1)
     1    0.02    0.11    0.31    4.81 v _220_/X (sky130_fd_sc_hd__and3_1)
                                         _148_ (net)
                  0.11    0.00    4.82 v _221_/B (sky130_fd_sc_hd__nor2_1)
     1    0.01    0.13    0.15    4.97 ^ _221_/Y (sky130_fd_sc_hd__nor2_1)
                                         _149_ (net)
                  0.13    0.00    4.97 ^ _267_/A2 (sky130_fd_sc_hd__a211o_1)
     1    0.01    0.08    0.18    5.14 ^ _267_/X (sky130_fd_sc_hd__a211o_1)
                                         net25 (net)
                  0.08    0.00    5.14 ^ output25/A (sky130_fd_sc_hd__buf_2)
     1    0.03    0.17    0.22    5.36 ^ output25/X (sky130_fd_sc_hd__buf_2)
                                         OUT[5] (net)
                  0.17    0.00    5.37 ^ OUT[5] (out)
                                  5.37   data arrival time

                  0.00   10.00   10.00   clock __VIRTUAL_CLK__ (rise edge)
                          0.00   10.00   clock network delay (ideal)
                         -0.25    9.75   clock uncertainty
                          0.00    9.75   clock reconvergence pessimism
                         -2.00    7.75   output external delay
                                  7.75   data required time
-----------------------------------------------------------------------------
                                  7.75   data required time
                                 -5.37   data arrival time
-----------------------------------------------------------------------------
                                  2.38   slack (MET)


Startpoint: OP[0] (input port clocked by __VIRTUAL_CLK__)
Endpoint: OUT[3] (output port clocked by __VIRTUAL_CLK__)
Path Group: __VIRTUAL_CLK__
Path Type: max
Corner: Typical

Fanout     Cap    Slew   Delay    Time   Description
-----------------------------------------------------------------------------
                  0.00    0.00    0.00   clock __VIRTUAL_CLK__ (rise edge)
                          0.00    0.00   clock network delay (ideal)
                          2.00    2.00 v input external delay
     1    0.00    0.01    0.01    2.01 v OP[0] (in)
                                         OP[0] (net)
                  0.01    0.00    2.01 v input17/A (sky130_fd_sc_hd__buf_2)
     5    0.05    0.12    0.20    2.20 v input17/X (sky130_fd_sc_hd__buf_2)
                                         net17 (net)
                  0.12    0.00    2.21 v _235_/A_N (sky130_fd_sc_hd__nand3b_4)
     4    0.02    0.09    0.22    2.43 v _235_/Y (sky130_fd_sc_hd__nand3b_4)
                                         _163_ (net)
                  0.09    0.00    2.43 v rebuffer1/A (sky130_fd_sc_hd__clkbuf_2)
     4    0.02    0.08    0.18    2.61 v rebuffer1/X (sky130_fd_sc_hd__clkbuf_2)
                                         net29 (net)
                  0.08    0.00    2.61 v _243_/A2 (sky130_fd_sc_hd__a21oi_2)
     2    0.03    0.36    0.35    2.96 ^ _243_/Y (sky130_fd_sc_hd__a21oi_2)
                                         _001_ (net)
                  0.36    0.00    2.96 ^ _244_/A2 (sky130_fd_sc_hd__o21a_2)
     4    0.04    0.20    0.32    3.28 ^ _244_/X (sky130_fd_sc_hd__o21a_2)
                                         _002_ (net)
                  0.20    0.00    3.28 ^ _247_/A_N (sky130_fd_sc_hd__and3b_2)
     3    0.03    0.10    0.32    3.60 v _247_/X (sky130_fd_sc_hd__and3b_2)
                                         _005_ (net)
                  0.10    0.00    3.60 v _250_/A1 (sky130_fd_sc_hd__o21ai_4)
     4    0.04    0.34    0.35    3.95 ^ _250_/Y (sky130_fd_sc_hd__o21ai_4)
                                         _008_ (net)
                  0.34    0.00    3.95 ^ _328_/B (sky130_fd_sc_hd__nand2_1)
     1    0.02    0.16    0.22    4.17 v _328_/Y (sky130_fd_sc_hd__nand2_1)
                                         _080_ (net)
                  0.16    0.00    4.17 v _329_/B (sky130_fd_sc_hd__xnor2_1)
     1    0.01    0.11    0.23    4.40 v _329_/Y (sky130_fd_sc_hd__xnor2_1)
                                         _081_ (net)
                  0.11    0.00    4.40 v _335_/A2 (sky130_fd_sc_hd__a221o_1)
     1    0.02    0.13    0.47    4.87 v _335_/X (sky130_fd_sc_hd__a221o_1)
                                         net23 (net)
                  0.13    0.00    4.87 v output23/A (sky130_fd_sc_hd__buf_2)
     1    0.03    0.09    0.23    5.10 v output23/X (sky130_fd_sc_hd__buf_2)
                                         OUT[3] (net)
                  0.09    0.00    5.10 v OUT[3] (out)
                                  5.10   data arrival time

                  0.00   10.00   10.00   clock __VIRTUAL_CLK__ (rise edge)
                          0.00   10.00   clock network delay (ideal)
                         -0.25    9.75   clock uncertainty
                          0.00    9.75   clock reconvergence pessimism
                         -2.00    7.75   output external delay
                                  7.75   data required time
-----------------------------------------------------------------------------
                                  7.75   data required time
                                 -5.10   data arrival time
-----------------------------------------------------------------------------
                                  2.65   slack (MET)


Startpoint: OP[0] (input port clocked by __VIRTUAL_CLK__)
Endpoint: OUT[1] (output port clocked by __VIRTUAL_CLK__)
Path Group: __VIRTUAL_CLK__
Path Type: max
Corner: Typical

Fanout     Cap    Slew   Delay    Time   Description
-----------------------------------------------------------------------------
                  0.00    0.00    0.00   clock __VIRTUAL_CLK__ (rise edge)
                          0.00    0.00   clock network delay (ideal)
                          2.00    2.00 v input external delay
     1    0.00    0.01    0.01    2.01 v OP[0] (in)
                                         OP[0] (net)
                  0.01    0.00    2.01 v input17/A (sky130_fd_sc_hd__buf_2)
     5    0.05    0.12    0.20    2.20 v input17/X (sky130_fd_sc_hd__buf_2)
                                         net17 (net)
                  0.12    0.00    2.21 v _235_/A_N (sky130_fd_sc_hd__nand3b_4)
     4    0.02    0.09    0.22    2.43 v _235_/Y (sky130_fd_sc_hd__nand3b_4)
                                         _163_ (net)
                  0.09    0.00    2.43 v rebuffer1/A (sky130_fd_sc_hd__clkbuf_2)
     4    0.02    0.08    0.18    2.61 v rebuffer1/X (sky130_fd_sc_hd__clkbuf_2)
                                         net29 (net)
                  0.08    0.00    2.61 v _243_/A2 (sky130_fd_sc_hd__a21oi_2)
     2    0.03    0.36    0.35    2.96 ^ _243_/Y (sky130_fd_sc_hd__a21oi_2)
                                         _001_ (net)
                  0.36    0.00    2.96 ^ _244_/A2 (sky130_fd_sc_hd__o21a_2)
     4    0.04    0.20    0.32    3.28 ^ _244_/X (sky130_fd_sc_hd__o21a_2)
                                         _002_ (net)
                  0.20    0.00    3.28 ^ _314_/A_N (sky130_fd_sc_hd__and2b_1)
     1    0.02    0.09    0.27    3.55 v _314_/X (sky130_fd_sc_hd__and2b_1)
                                         _068_ (net)
                  0.09    0.00    3.55 v _315_/A (sky130_fd_sc_hd__nor2_1)
     1    0.01    0.17    0.19    3.75 ^ _315_/Y (sky130_fd_sc_hd__nor2_1)
                                         _069_ (net)
                  0.17    0.00    3.75 ^ _316_/B (sky130_fd_sc_hd__or3b_1)
     1    0.02    0.16    0.24    3.98 ^ _316_/X (sky130_fd_sc_hd__or3b_1)
                                         _070_ (net)
                  0.16    0.00    3.98 ^ _317_/D_N (sky130_fd_sc_hd__or4b_1)
     1    0.01    0.11    0.52    4.50 v _317_/X (sky130_fd_sc_hd__or4b_1)
                                         _071_ (net)
                  0.11    0.00    4.50 v _318_/A (sky130_fd_sc_hd__buf_1)
     2    0.02    0.13    0.21    4.71 v _318_/X (sky130_fd_sc_hd__buf_1)
                                         net21 (net)
                  0.13    0.00    4.72 v output21/A (sky130_fd_sc_hd__buf_2)
     1    0.03    0.09    0.23    4.95 v output21/X (sky130_fd_sc_hd__buf_2)
                                         OUT[1] (net)
                  0.09    0.00    4.95 v OUT[1] (out)
                                  4.95   data arrival time

                  0.00   10.00   10.00   clock __VIRTUAL_CLK__ (rise edge)
                          0.00   10.00   clock network delay (ideal)
                         -0.25    9.75   clock uncertainty
                          0.00    9.75   clock reconvergence pessimism
                         -2.00    7.75   output external delay
                                  7.75   data required time
-----------------------------------------------------------------------------
                                  7.75   data required time
                                 -4.95   data arrival time
-----------------------------------------------------------------------------
                                  2.80   slack (MET)


Startpoint: B[0] (input port clocked by __VIRTUAL_CLK__)
Endpoint: OUT[2] (output port clocked by __VIRTUAL_CLK__)
Path Group: __VIRTUAL_CLK__
Path Type: max
Corner: Typical

Fanout     Cap    Slew   Delay    Time   Description
-----------------------------------------------------------------------------
                  0.00    0.00    0.00   clock __VIRTUAL_CLK__ (rise edge)
                          0.00    0.00   clock network delay (ideal)
                          2.00    2.00 v input external delay
     1    0.00    0.01    0.01    2.01 v B[0] (in)
                                         B[0] (net)
                  0.01    0.00    2.01 v input9/A (sky130_fd_sc_hd__clkbuf_2)
     4    0.03    0.13    0.18    2.18 v input9/X (sky130_fd_sc_hd__clkbuf_2)
                                         net9 (net)
                  0.13    0.00    2.18 v _184_/A (sky130_fd_sc_hd__buf_4)
    10    0.07    0.09    0.25    2.43 v _184_/X (sky130_fd_sc_hd__buf_4)
                                         _112_ (net)
                  0.10    0.01    2.44 v _194_/B2 (sky130_fd_sc_hd__a22o_1)
     2    0.03    0.14    0.33    2.77 v _194_/X (sky130_fd_sc_hd__a22o_1)
                                         _122_ (net)
                  0.14    0.00    2.77 v _203_/B (sky130_fd_sc_hd__and2b_1)
     1    0.01    0.06    0.24    3.00 v _203_/X (sky130_fd_sc_hd__and2b_1)
                                         _131_ (net)
                  0.06    0.00    3.00 v _204_/B (sky130_fd_sc_hd__xnor2_1)
     2    0.02    0.48    0.43    3.43 ^ _204_/Y (sky130_fd_sc_hd__xnor2_1)
                                         _132_ (net)
                  0.48    0.00    3.43 ^ _320_/A1 (sky130_fd_sc_hd__o21ai_1)
     1    0.02    0.23    0.28    3.72 v _320_/Y (sky130_fd_sc_hd__o21ai_1)
                                         _073_ (net)
                  0.23    0.00    3.72 v _325_/A2 (sky130_fd_sc_hd__o21bai_1)
     1    0.02    0.43    0.46    4.17 ^ _325_/Y (sky130_fd_sc_hd__o21bai_1)
                                         _078_ (net)
                  0.43    0.00    4.18 ^ _326_/B1 (sky130_fd_sc_hd__a31o_1)
     1    0.03    0.26    0.33    4.50 ^ _326_/X (sky130_fd_sc_hd__a31o_1)
                                         net22 (net)
                  0.26    0.00    4.50 ^ output22/A (sky130_fd_sc_hd__buf_2)
     1    0.03    0.17    0.28    4.78 ^ output22/X (sky130_fd_sc_hd__buf_2)
                                         OUT[2] (net)
                  0.17    0.00    4.78 ^ OUT[2] (out)
                                  4.78   data arrival time

                  0.00   10.00   10.00   clock __VIRTUAL_CLK__ (rise edge)
                          0.00   10.00   clock network delay (ideal)
                         -0.25    9.75   clock uncertainty
                          0.00    9.75   clock reconvergence pessimism
                         -2.00    7.75   output external delay
                                  7.75   data required time
-----------------------------------------------------------------------------
                                  7.75   data required time
                                 -4.78   data arrival time
-----------------------------------------------------------------------------
                                  2.97   slack (MET)


Startpoint: OP[0] (input port clocked by __VIRTUAL_CLK__)
Endpoint: OUT[0] (output port clocked by __VIRTUAL_CLK__)
Path Group: __VIRTUAL_CLK__
Path Type: max
Corner: Typical

Fanout     Cap    Slew   Delay    Time   Description
-----------------------------------------------------------------------------
                  0.00    0.00    0.00   clock __VIRTUAL_CLK__ (rise edge)
                          0.00    0.00   clock network delay (ideal)
                          2.00    2.00 v input external delay
     1    0.00    0.01    0.01    2.01 v OP[0] (in)
                                         OP[0] (net)
                  0.01    0.00    2.01 v input17/A (sky130_fd_sc_hd__buf_2)
     5    0.05    0.12    0.20    2.20 v input17/X (sky130_fd_sc_hd__buf_2)
                                         net17 (net)
                  0.12    0.00    2.21 v _171_/A (sky130_fd_sc_hd__or2_2)
     4    0.04    0.13    0.45    2.66 v _171_/X (sky130_fd_sc_hd__or2_2)
                                         _099_ (net)
                  0.13    0.00    2.66 v _224_/B (sky130_fd_sc_hd__or2_1)
     1    0.02    0.11    0.32    2.98 v _224_/X (sky130_fd_sc_hd__or2_1)
                                         _152_ (net)
                  0.11    0.00    2.98 v _225_/A (sky130_fd_sc_hd__clkbuf_4)
     8    0.06    0.13    0.27    3.25 v _225_/X (sky130_fd_sc_hd__clkbuf_4)
                                         _153_ (net)
                  0.13    0.00    3.25 v _306_/A2 (sky130_fd_sc_hd__o21ai_1)
     1    0.01    0.22    0.25    3.50 ^ _306_/Y (sky130_fd_sc_hd__o21ai_1)
                                         _061_ (net)
                  0.22    0.00    3.50 ^ _307_/B1 (sky130_fd_sc_hd__a31o_1)
     1    0.01    0.14    0.22    3.72 ^ _307_/X (sky130_fd_sc_hd__a31o_1)
                                         net20 (net)
                  0.14    0.00    3.72 ^ output20/A (sky130_fd_sc_hd__buf_2)
     1    0.03    0.17    0.25    3.97 ^ output20/X (sky130_fd_sc_hd__buf_2)
                                         OUT[0] (net)
                  0.17    0.00    3.97 ^ OUT[0] (out)
                                  3.97   data arrival time

                  0.00   10.00   10.00   clock __VIRTUAL_CLK__ (rise edge)
                          0.00   10.00   clock network delay (ideal)
                         -0.25    9.75   clock uncertainty
                          0.00    9.75   clock reconvergence pessimism
                         -2.00    7.75   output external delay
                                  7.75   data required time
-----------------------------------------------------------------------------
                                  7.75   data required time
                                 -3.97   data arrival time
-----------------------------------------------------------------------------
                                  3.78   slack (MET)



worst slack corner Typical: 2.1750
