Sun Jun 01 18:15:33 +0000 2025 - Executing "{openroad -exit -no_init -python /openlane/scripts/odbpy/lefutil.py get_metal_layers -o /openlane/designs/RegisterFile/runs/RUN_2025.06.01_18.15.32/tmp/layers.list /home/segmen/.volare/sky130A/libs.ref/sky130_fd_sc_hd/techlef/sky130_fd_sc_hd__nom.tlef}"

Sun Jun 01 18:15:39 +0000 2025 - Executing "{/openlane/scripts/mergeLef.py -o /openlane/designs/RegisterFile/runs/RUN_2025.06.01_18.15.32/tmp/merged.nom.lef -i /home/segmen/.volare/sky130A/libs.ref/sky130_fd_sc_hd/techlef/sky130_fd_sc_hd__nom.tlef {/home/segmen/.volare/sky130A/libs.ref/sky130_fd_sc_hd/lef/sky130_ef_sc_hd.lef /home/segmen/.volare/sky130A/libs.ref/sky130_fd_sc_hd/lef/sky130_fd_sc_hd.lef} |& tee /dev/null}"

Sun Jun 01 18:15:39 +0000 2025 - Executing "{/openlane/scripts/mergeLef.py -o /openlane/designs/RegisterFile/runs/RUN_2025.06.01_18.15.32/tmp/merged.min.lef -i /home/segmen/.volare/sky130A/libs.ref/sky130_fd_sc_hd/techlef/sky130_fd_sc_hd__min.tlef {/home/segmen/.volare/sky130A/libs.ref/sky130_fd_sc_hd/lef/sky130_ef_sc_hd.lef /home/segmen/.volare/sky130A/libs.ref/sky130_fd_sc_hd/lef/sky130_fd_sc_hd.lef} |& tee /dev/null}"

Sun Jun 01 18:15:39 +0000 2025 - Executing "{/openlane/scripts/mergeLef.py -o /openlane/designs/RegisterFile/runs/RUN_2025.06.01_18.15.32/tmp/merged.max.lef -i /home/segmen/.volare/sky130A/libs.ref/sky130_fd_sc_hd/techlef/sky130_fd_sc_hd__max.tlef {/home/segmen/.volare/sky130A/libs.ref/sky130_fd_sc_hd/lef/sky130_ef_sc_hd.lef /home/segmen/.volare/sky130A/libs.ref/sky130_fd_sc_hd/lef/sky130_fd_sc_hd.lef} |& tee /dev/null}"

Sun Jun 01 18:15:39 +0000 2025 - Executing "{python3 /openlane/scripts/mergeLib.py --output /openlane/designs/RegisterFile/runs/RUN_2025.06.01_18.15.32/tmp/synthesis/merged.lib --name sky130A_merged /home/segmen/.volare/sky130A/libs.ref/sky130_fd_sc_hd/lib/sky130_fd_sc_hd__tt_025C_1v80.lib}"

Sun Jun 01 18:15:40 +0000 2025 - Executing "{python3 /openlane/scripts/libtrim.py --cell-file /openlane/designs/RegisterFile/runs/RUN_2025.06.01_18.15.32/tmp/synthesis/trimmed.lib.exclude.list --output /openlane/designs/RegisterFile/runs/RUN_2025.06.01_18.15.32/tmp/synthesis/trimmed.lib /openlane/designs/RegisterFile/runs/RUN_2025.06.01_18.15.32/tmp/synthesis/merged.lib}"

Sun Jun 01 18:15:40 +0000 2025 - Executing "{python3 /openlane/scripts/libtrim.py --cell-file /openlane/designs/RegisterFile/runs/RUN_2025.06.01_18.15.32/tmp/cts/cts.lib.exclude.list --output /openlane/designs/RegisterFile/runs/RUN_2025.06.01_18.15.32/tmp/cts/cts.lib /home/segmen/.volare/sky130A/libs.ref/sky130_fd_sc_hd/lib/sky130_fd_sc_hd__tt_025C_1v80.lib}"

Sun Jun 01 18:15:40 +0000 2025 - Executing "{python3 /openlane/scripts/libtrim.py --cell-file /openlane/designs/RegisterFile/runs/RUN_2025.06.01_18.15.32/tmp/cts/cts-fastest.lib.exclude.list --output /openlane/designs/RegisterFile/runs/RUN_2025.06.01_18.15.32/tmp/cts/cts-fastest.lib /home/segmen/.volare/sky130A/libs.ref/sky130_fd_sc_hd/lib/sky130_fd_sc_hd__ff_n40C_1v95.lib}"

Sun Jun 01 18:15:41 +0000 2025 - Executing "{python3 /openlane/scripts/libtrim.py --cell-file /openlane/designs/RegisterFile/runs/RUN_2025.06.01_18.15.32/tmp/cts/cts-slowest.lib.exclude.list --output /openlane/designs/RegisterFile/runs/RUN_2025.06.01_18.15.32/tmp/cts/cts-slowest.lib /home/segmen/.volare/sky130A/libs.ref/sky130_fd_sc_hd/lib/sky130_fd_sc_hd__ss_100C_1v60.lib}"

Sun Jun 01 18:15:42 +0000 2025 - Executing "{python3 /openlane/scripts/new_tracks.py -i /home/segmen/.volare/sky130A/libs.tech/openlane/sky130_fd_sc_hd/tracks.info -o /openlane/designs/RegisterFile/runs/RUN_2025.06.01_18.15.32/tmp/routing/config.tracks}"

Sun Jun 01 18:15:42 +0000 2025 - Executing "{echo {OpenLane e73fb3c57e687a0023fcd4dcfd1566ecd478362a} > /openlane/designs/RegisterFile/runs/RUN_2025.06.01_18.15.32/OPENLANE_COMMIT}"

Sun Jun 01 18:15:42 +0000 2025 - Executing "{yosys -c /openlane/scripts/yosys/blackbox.tcl}"

Sun Jun 01 18:15:43 +0000 2025 - Executing "{verilator -Wall --lint-only --Wno-DECLFILENAME --top-module Lab4 /openlane/designs/RegisterFile/runs/RUN_2025.06.01_18.15.32/tmp/synthesis/blackbox/sky130_fd_sc_hd__blackbox.v /openlane/designs/RegisterFile/src/Lab4.v -Wno-fatal --relative-includes |& tee /openlane/designs/RegisterFile/runs/RUN_2025.06.01_18.15.32/logs/synthesis/linter.log /dev/null}"

Sun Jun 01 18:15:45 +0000 2025 - Executing "{sed -E {s/^([[:space:]]+)pg_pin(.*)/\1pin\2\n\1    direction : "inout";/g} /home/segmen/.volare/sky130A/libs.ref/sky130_fd_sc_hd/lib/sky130_fd_sc_hd__tt_025C_1v80.lib > /openlane/designs/RegisterFile/runs/RUN_2025.06.01_18.15.32/tmp/synthesis/1-sky130_fd_sc_hd__tt_025C_1v80.no_pg.lib}"

Sun Jun 01 18:15:45 +0000 2025 - Executing "{sed -E {s/^([[:space:]]+)pg_pin(.*)/\1pin\2\n\1    direction : "inout";/g} /openlane/designs/RegisterFile/runs/RUN_2025.06.01_18.15.32/tmp/synthesis/trimmed.lib > /openlane/designs/RegisterFile/runs/RUN_2025.06.01_18.15.32/tmp/synthesis/1-trimmed.no_pg.lib}"

Sun Jun 01 18:15:45 +0000 2025 - Executing "yosys -c /openlane/scripts/yosys/synth.tcl |& tee /dev/null /openlane/designs/RegisterFile/runs/RUN_2025.06.01_18.15.32/logs/synthesis/1-synthesis.log"

Sun Jun 01 18:15:45 +0000 2025 - Executing "{yosys -c /openlane/scripts/yosys/synth.tcl |& tee /dev/null /openlane/designs/RegisterFile/runs/RUN_2025.06.01_18.15.32/logs/synthesis/1-synthesis.log}"

Sun Jun 01 18:15:54 +0000 2025 - Executing "{sed -i.bak -e {s/\(set ::env(CURRENT_NETLIST)\).*/\1 \/openlane\/designs\/RegisterFile\/runs\/RUN_2025.06.01_18.15.32\/results\/synthesis\/Lab4.v/} /openlane/designs/RegisterFile/runs/RUN_2025.06.01_18.15.32/config.tcl}"

Sun Jun 01 18:15:54 +0000 2025 - Executing "{sed -i.bak /defparam/d /openlane/designs/RegisterFile/runs/RUN_2025.06.01_18.15.32/results/synthesis/Lab4.v}"

Sun Jun 01 18:15:54 +0000 2025 - Executing "sta -exit -no_init /openlane/scripts/openroad/sta/multi_corner.tcl |& tee /dev/null /openlane/designs/RegisterFile/runs/RUN_2025.06.01_18.15.32/logs/synthesis/2-sta.log"

Sun Jun 01 18:15:54 +0000 2025 - Executing "{sta -exit -no_init /openlane/scripts/openroad/sta/multi_corner.tcl |& tee /dev/null /openlane/designs/RegisterFile/runs/RUN_2025.06.01_18.15.32/logs/synthesis/2-sta.log}"

Sun Jun 01 18:15:56 +0000 2025 - Executing "openroad -exit /openlane/scripts/openroad/floorplan.tcl |& tee /dev/null /openlane/designs/RegisterFile/runs/RUN_2025.06.01_18.15.32/logs/floorplan/3-initial_fp.log"

Sun Jun 01 18:15:56 +0000 2025 - Executing "{openroad -exit /openlane/scripts/openroad/floorplan.tcl |& tee /dev/null /openlane/designs/RegisterFile/runs/RUN_2025.06.01_18.15.32/logs/floorplan/3-initial_fp.log}"

Sun Jun 01 18:15:57 +0000 2025 - Executing "{openroad -exit -no_init -python /openlane/scripts/odbpy/defutil.py extract_core_dims --output-data /openlane/designs/RegisterFile/runs/RUN_2025.06.01_18.15.32/tmp/dimensions.txt --input-lef /openlane/designs/RegisterFile/runs/RUN_2025.06.01_18.15.32/tmp/merged.nom.lef /openlane/designs/RegisterFile/runs/RUN_2025.06.01_18.15.32/tmp/floorplan/3-initial_fp.def}"

Sun Jun 01 18:15:58 +0000 2025 - Executing "{openroad -exit -no_init -python /openlane/scripts/odbpy/io_place.py --config /openlane/designs/RegisterFile/pin_order.cfg --hor-layer met3 --ver-layer met2 --ver-width-mult 2 --hor-width-mult 2 --hor-extension 0 --ver-extension 0 --length 4 --unmatched-error --input-lef /openlane/designs/RegisterFile/runs/RUN_2025.06.01_18.15.32/tmp/merged.nom.lef --output-def /openlane/designs/RegisterFile/runs/RUN_2025.06.01_18.15.32/tmp/floorplan/4-io.def --output /openlane/designs/RegisterFile/runs/RUN_2025.06.01_18.15.32/tmp/floorplan/4-io.odb /openlane/designs/RegisterFile/runs/RUN_2025.06.01_18.15.32/tmp/floorplan/3-initial_fp.odb |& tee /dev/null /openlane/designs/RegisterFile/runs/RUN_2025.06.01_18.15.32/logs/floorplan/4-place_io.log}"

Sun Jun 01 18:15:59 +0000 2025 - Executing "openroad -exit /openlane/scripts/openroad/tapcell.tcl |& tee /dev/null /openlane/designs/RegisterFile/runs/RUN_2025.06.01_18.15.32/logs/floorplan/5-tap.log"

Sun Jun 01 18:15:59 +0000 2025 - Executing "{openroad -exit /openlane/scripts/openroad/tapcell.tcl |& tee /dev/null /openlane/designs/RegisterFile/runs/RUN_2025.06.01_18.15.32/logs/floorplan/5-tap.log}"

Sun Jun 01 18:16:02 +0000 2025 - Executing "openroad -exit /openlane/scripts/openroad/pdn.tcl |& tee /dev/null /openlane/designs/RegisterFile/runs/RUN_2025.06.01_18.15.32/logs/floorplan/6-pdn.log"

Sun Jun 01 18:16:02 +0000 2025 - Executing "{openroad -exit /openlane/scripts/openroad/pdn.tcl |& tee /dev/null /openlane/designs/RegisterFile/runs/RUN_2025.06.01_18.15.32/logs/floorplan/6-pdn.log}"

Sun Jun 01 18:16:29 +0000 2025 - Executing "openroad -exit /openlane/scripts/openroad/gpl.tcl |& tee /dev/null /openlane/designs/RegisterFile/runs/RUN_2025.06.01_18.15.32/logs/placement/6-global.log"

Sun Jun 01 18:16:29 +0000 2025 - Executing "{openroad -exit /openlane/scripts/openroad/gpl.tcl |& tee /dev/null /openlane/designs/RegisterFile/runs/RUN_2025.06.01_18.15.32/logs/placement/6-global.log}"

Sun Jun 01 18:17:30 +0000 2025 - Executing "{sed -i.bak -e {s/\(set ::env(CURRENT_NETLIST)\).*/\1 \/openlane\/designs\/RegisterFile\/runs\/RUN_2025.06.01_18.15.32\/tmp\/placement\/7-global.nl.v/} /openlane/designs/RegisterFile/runs/RUN_2025.06.01_18.15.32/config.tcl}"

Sun Jun 01 18:17:30 +0000 2025 - Executing "openroad -exit /openlane/scripts/openroad/sta/multi_corner.tcl |& tee /dev/null /openlane/designs/RegisterFile/runs/RUN_2025.06.01_18.15.32/logs/placement/8-gpl_sta.log"

Sun Jun 01 18:17:30 +0000 2025 - Executing "{openroad -exit /openlane/scripts/openroad/sta/multi_corner.tcl |& tee /dev/null /openlane/designs/RegisterFile/runs/RUN_2025.06.01_18.15.32/logs/placement/8-gpl_sta.log}"

Sun Jun 01 18:17:34 +0000 2025 - Executing "openroad -exit /openlane/scripts/openroad/resizer.tcl |& tee /dev/null /openlane/designs/RegisterFile/runs/RUN_2025.06.01_18.15.32/logs/placement/9-resizer.log"

Sun Jun 01 18:17:34 +0000 2025 - Executing "{openroad -exit /openlane/scripts/openroad/resizer.tcl |& tee /dev/null /openlane/designs/RegisterFile/runs/RUN_2025.06.01_18.15.32/logs/placement/9-resizer.log}"

Sun Jun 01 18:17:45 +0000 2025 - Executing "{sed -i.bak -e {s/\(set ::env(CURRENT_NETLIST)\).*/\1 \/openlane\/designs\/RegisterFile\/runs\/RUN_2025.06.01_18.15.32\/tmp\/placement\/9-resizer.nl.v/} /openlane/designs/RegisterFile/runs/RUN_2025.06.01_18.15.32/config.tcl}"

Sun Jun 01 18:17:45 +0000 2025 - Executing "openroad -exit /openlane/scripts/openroad/dpl.tcl |& tee /dev/null /openlane/designs/RegisterFile/runs/RUN_2025.06.01_18.15.32/logs/placement/10-detailed.log"

Sun Jun 01 18:17:45 +0000 2025 - Executing "{openroad -exit /openlane/scripts/openroad/dpl.tcl |& tee /dev/null /openlane/designs/RegisterFile/runs/RUN_2025.06.01_18.15.32/logs/placement/10-detailed.log}"

Sun Jun 01 18:17:48 +0000 2025 - Executing "{sed -i.bak -e {s/\(set ::env(CURRENT_NETLIST)\).*/\1 \/openlane\/designs\/RegisterFile\/runs\/RUN_2025.06.01_18.15.32\/results\/placement\/Lab4.nl.v/} /openlane/designs/RegisterFile/runs/RUN_2025.06.01_18.15.32/config.tcl}"

Sun Jun 01 18:17:48 +0000 2025 - Executing "openroad -exit /openlane/scripts/openroad/sta/multi_corner.tcl |& tee /dev/null /openlane/designs/RegisterFile/runs/RUN_2025.06.01_18.15.32/logs/placement/11-dpl_sta.log"

Sun Jun 01 18:17:48 +0000 2025 - Executing "{openroad -exit /openlane/scripts/openroad/sta/multi_corner.tcl |& tee /dev/null /openlane/designs/RegisterFile/runs/RUN_2025.06.01_18.15.32/logs/placement/11-dpl_sta.log}"

Sun Jun 01 18:17:53 +0000 2025 - Executing "openroad -exit /openlane/scripts/openroad/cts.tcl |& tee /dev/null /openlane/designs/RegisterFile/runs/RUN_2025.06.01_18.15.32/logs/cts/12-cts.log"

Sun Jun 01 18:17:53 +0000 2025 - Executing "{openroad -exit /openlane/scripts/openroad/cts.tcl |& tee /dev/null /openlane/designs/RegisterFile/runs/RUN_2025.06.01_18.15.32/logs/cts/12-cts.log}"

Sun Jun 01 18:18:39 +0000 2025 - Executing "openroad -exit /openlane/scripts/openroad/sta/multi_corner.tcl |& tee /dev/null /openlane/designs/RegisterFile/runs/RUN_2025.06.01_18.15.32/logs/cts/13-cts_sta.log"

Sun Jun 01 18:18:39 +0000 2025 - Executing "{openroad -exit /openlane/scripts/openroad/sta/multi_corner.tcl |& tee /dev/null /openlane/designs/RegisterFile/runs/RUN_2025.06.01_18.15.32/logs/cts/13-cts_sta.log}"

Sun Jun 01 18:18:47 +0000 2025 - Executing "openroad -exit /openlane/scripts/openroad/resizer_timing.tcl |& tee /dev/null /openlane/designs/RegisterFile/runs/RUN_2025.06.01_18.15.32/logs/cts/14-resizer.log"

Sun Jun 01 18:18:47 +0000 2025 - Executing "{openroad -exit /openlane/scripts/openroad/resizer_timing.tcl |& tee /dev/null /openlane/designs/RegisterFile/runs/RUN_2025.06.01_18.15.32/logs/cts/14-resizer.log}"

Sun Jun 01 18:19:02 +0000 2025 - Executing "{sed -i.bak -e {s/\(set ::env(CURRENT_NETLIST)\).*/\1 \/openlane\/designs\/RegisterFile\/runs\/RUN_2025.06.01_18.15.32\/tmp\/cts\/14-Lab4.resized.nl.v/} /openlane/designs/RegisterFile/runs/RUN_2025.06.01_18.15.32/config.tcl}"

Sun Jun 01 18:19:02 +0000 2025 - Executing "openroad -exit /openlane/scripts/openroad/resizer_routing_design.tcl |& tee /dev/null /openlane/designs/RegisterFile/runs/RUN_2025.06.01_18.15.32/logs/routing/15-resizer_design.log"

Sun Jun 01 18:19:02 +0000 2025 - Executing "{openroad -exit /openlane/scripts/openroad/resizer_routing_design.tcl |& tee /dev/null /openlane/designs/RegisterFile/runs/RUN_2025.06.01_18.15.32/logs/routing/15-resizer_design.log}"

Sun Jun 01 18:19:17 +0000 2025 - Executing "{sed -i.bak -e {s/\(set ::env(CURRENT_NETLIST)\).*/\1 \/openlane\/designs\/RegisterFile\/runs\/RUN_2025.06.01_18.15.32\/tmp\/15-Lab4.nl.v/} /openlane/designs/RegisterFile/runs/RUN_2025.06.01_18.15.32/config.tcl}"

Sun Jun 01 18:19:17 +0000 2025 - Executing "openroad -exit /openlane/scripts/openroad/sta/multi_corner.tcl |& tee /dev/null /openlane/designs/RegisterFile/runs/RUN_2025.06.01_18.15.32/logs/routing/16-rsz_design_sta.log"

Sun Jun 01 18:19:17 +0000 2025 - Executing "{openroad -exit /openlane/scripts/openroad/sta/multi_corner.tcl |& tee /dev/null /openlane/designs/RegisterFile/runs/RUN_2025.06.01_18.15.32/logs/routing/16-rsz_design_sta.log}"

Sun Jun 01 18:19:26 +0000 2025 - Executing "openroad -exit /openlane/scripts/openroad/resizer_routing_timing.tcl |& tee /dev/null /openlane/designs/RegisterFile/runs/RUN_2025.06.01_18.15.32/logs/routing/17-resizer_timing.log"

Sun Jun 01 18:19:26 +0000 2025 - Executing "{openroad -exit /openlane/scripts/openroad/resizer_routing_timing.tcl |& tee /dev/null /openlane/designs/RegisterFile/runs/RUN_2025.06.01_18.15.32/logs/routing/17-resizer_timing.log}"

Sun Jun 01 18:19:41 +0000 2025 - Executing "{sed -i.bak -e {s/\(set ::env(CURRENT_NETLIST)\).*/\1 \/openlane\/designs\/RegisterFile\/runs\/RUN_2025.06.01_18.15.32\/tmp\/17-Lab4.nl.v/} /openlane/designs/RegisterFile/runs/RUN_2025.06.01_18.15.32/config.tcl}"

Sun Jun 01 18:19:41 +0000 2025 - Executing "openroad -exit /openlane/scripts/openroad/sta/multi_corner.tcl |& tee /dev/null /openlane/designs/RegisterFile/runs/RUN_2025.06.01_18.15.32/logs/routing/18-rsz_timing_sta.log"

Sun Jun 01 18:19:41 +0000 2025 - Executing "{openroad -exit /openlane/scripts/openroad/sta/multi_corner.tcl |& tee /dev/null /openlane/designs/RegisterFile/runs/RUN_2025.06.01_18.15.32/logs/routing/18-rsz_timing_sta.log}"

Sun Jun 01 18:19:50 +0000 2025 - Executing "{openroad -exit -no_init -python /openlane/scripts/odbpy/diodes.py place --diode-cell sky130_fd_sc_hd__diode_2 --diode-pin DIODE --threshold Infinity --side-strategy source --port-protect 1 --input-lef /openlane/designs/RegisterFile/runs/RUN_2025.06.01_18.15.32/tmp/merged.nom.lef --output-def /openlane/designs/RegisterFile/runs/RUN_2025.06.01_18.15.32/tmp/routing/19-io_diodes.def --output /openlane/designs/RegisterFile/runs/RUN_2025.06.01_18.15.32/tmp/routing/19-io_diodes.odb /openlane/designs/RegisterFile/runs/RUN_2025.06.01_18.15.32/tmp/17-Lab4.odb |& tee /dev/null /openlane/designs/RegisterFile/runs/RUN_2025.06.01_18.15.32/logs/routing/19-io_diodes.log}"

Sun Jun 01 18:19:51 +0000 2025 - Executing "{python3 /openlane/scripts/write_runtime.py --conclude --seconds --time-in 1748801991 {flow failed}}"

Sun Jun 01 18:19:52 +0000 2025 - Executing "{python3 /openlane/scripts/generate_reports.py -d /openlane/designs/RegisterFile --design_name Lab4 --tag RUN_2025.06.01_18.15.32 --output_file /openlane/designs/RegisterFile/runs/RUN_2025.06.01_18.15.32/reports/metrics.csv --man_report /openlane/designs/RegisterFile/runs/RUN_2025.06.01_18.15.32/reports/manufacturability.rpt --run_path /openlane/designs/RegisterFile/runs/RUN_2025.06.01_18.15.32}"

