
===========================================================================
report_checks -path_delay max (Setup)
============================================================================
======================= Typical Corner ===================================

Startpoint: B[1] (input port clocked by __VIRTUAL_CLK__)
Endpoint: OUT[6] (output port clocked by __VIRTUAL_CLK__)
Path Group: __VIRTUAL_CLK__
Path Type: max

Fanout     Cap    Slew   Delay    Time   Description
-----------------------------------------------------------------------------
                  0.00    0.00    0.00   clock __VIRTUAL_CLK__ (rise edge)
                          0.00    0.00   clock network delay (ideal)
                          2.00    2.00 v input external delay
     1    0.00    0.01    0.01    2.01 v B[1] (in)
                                         B[1] (net)
                  0.01    0.00    2.01 v input10/A (sky130_fd_sc_hd__clkbuf_2)
     5    0.02    0.09    0.15    2.15 v input10/X (sky130_fd_sc_hd__clkbuf_2)
                                         net10 (net)
                  0.09    0.00    2.15 v _234_/B (sky130_fd_sc_hd__or2_2)
     4    0.02    0.10    0.36    2.52 v _234_/X (sky130_fd_sc_hd__or2_2)
                                         _162_ (net)
                  0.10    0.00    2.52 v _236_/A3 (sky130_fd_sc_hd__o31a_2)
     3    0.02    0.08    0.36    2.88 v _236_/X (sky130_fd_sc_hd__o31a_2)
                                         _164_ (net)
                  0.08    0.00    2.88 v _268_/A3 (sky130_fd_sc_hd__o31a_2)
     2    0.02    0.09    0.36    3.24 v _268_/X (sky130_fd_sc_hd__o31a_2)
                                         _025_ (net)
                  0.09    0.00    3.24 v _269_/B (sky130_fd_sc_hd__xnor2_2)
     2    0.01    0.08    0.18    3.42 v _269_/Y (sky130_fd_sc_hd__xnor2_2)
                                         _026_ (net)
                  0.08    0.00    3.42 v _270_/B (sky130_fd_sc_hd__and2_1)
     3    0.01    0.08    0.23    3.64 v _270_/X (sky130_fd_sc_hd__and2_1)
                                         _027_ (net)
                  0.08    0.00    3.64 v _272_/A (sky130_fd_sc_hd__or2_2)
     2    0.01    0.08    0.37    4.01 v _272_/X (sky130_fd_sc_hd__or2_2)
                                         _029_ (net)
                  0.08    0.00    4.01 v _276_/B1 (sky130_fd_sc_hd__a311oi_4)
     3    0.01    0.30    0.36    4.37 ^ _276_/Y (sky130_fd_sc_hd__a311oi_4)
                                         _033_ (net)
                  0.30    0.00    4.37 ^ _277_/A_N (sky130_fd_sc_hd__and2b_1)
     1    0.01    0.05    0.25    4.62 v _277_/X (sky130_fd_sc_hd__and2b_1)
                                         _034_ (net)
                  0.05    0.00    4.62 v _291_/A2 (sky130_fd_sc_hd__a21o_1)
     1    0.01    0.06    0.22    4.84 v _291_/X (sky130_fd_sc_hd__a21o_1)
                                         net26 (net)
                  0.06    0.00    4.84 v output26/A (sky130_fd_sc_hd__buf_2)
     1    0.03    0.09    0.20    5.03 v output26/X (sky130_fd_sc_hd__buf_2)
                                         OUT[6] (net)
                  0.09    0.00    5.03 v OUT[6] (out)
                                  5.03   data arrival time

                  0.00   10.00   10.00   clock __VIRTUAL_CLK__ (rise edge)
                          0.00   10.00   clock network delay (ideal)
                         -0.25    9.75   clock uncertainty
                          0.00    9.75   clock reconvergence pessimism
                         -2.00    7.75   output external delay
                                  7.75   data required time
-----------------------------------------------------------------------------
                                  7.75   data required time
                                 -5.03   data arrival time
-----------------------------------------------------------------------------
                                  2.72   slack (MET)


Startpoint: B[1] (input port clocked by __VIRTUAL_CLK__)
Endpoint: OUT[7] (output port clocked by __VIRTUAL_CLK__)
Path Group: __VIRTUAL_CLK__
Path Type: max

Fanout     Cap    Slew   Delay    Time   Description
-----------------------------------------------------------------------------
                  0.00    0.00    0.00   clock __VIRTUAL_CLK__ (rise edge)
                          0.00    0.00   clock network delay (ideal)
                          2.00    2.00 v input external delay
     1    0.00    0.01    0.01    2.01 v B[1] (in)
                                         B[1] (net)
                  0.01    0.00    2.01 v input10/A (sky130_fd_sc_hd__clkbuf_2)
     5    0.02    0.09    0.15    2.15 v input10/X (sky130_fd_sc_hd__clkbuf_2)
                                         net10 (net)
                  0.09    0.00    2.15 v _234_/B (sky130_fd_sc_hd__or2_2)
     4    0.02    0.10    0.36    2.52 v _234_/X (sky130_fd_sc_hd__or2_2)
                                         _162_ (net)
                  0.10    0.00    2.52 v _236_/A3 (sky130_fd_sc_hd__o31a_2)
     3    0.02    0.08    0.36    2.88 v _236_/X (sky130_fd_sc_hd__o31a_2)
                                         _164_ (net)
                  0.08    0.00    2.88 v _268_/A3 (sky130_fd_sc_hd__o31a_2)
     2    0.02    0.09    0.36    3.24 v _268_/X (sky130_fd_sc_hd__o31a_2)
                                         _025_ (net)
                  0.09    0.00    3.24 v _269_/B (sky130_fd_sc_hd__xnor2_2)
     2    0.01    0.08    0.18    3.42 v _269_/Y (sky130_fd_sc_hd__xnor2_2)
                                         _026_ (net)
                  0.08    0.00    3.42 v _270_/B (sky130_fd_sc_hd__and2_1)
     3    0.01    0.08    0.23    3.64 v _270_/X (sky130_fd_sc_hd__and2_1)
                                         _027_ (net)
                  0.08    0.00    3.64 v _272_/A (sky130_fd_sc_hd__or2_2)
     2    0.01    0.08    0.37    4.01 v _272_/X (sky130_fd_sc_hd__or2_2)
                                         _029_ (net)
                  0.08    0.00    4.01 v _276_/B1 (sky130_fd_sc_hd__a311oi_4)
     3    0.01    0.30    0.36    4.37 ^ _276_/Y (sky130_fd_sc_hd__a311oi_4)
                                         _033_ (net)
                  0.30    0.00    4.37 ^ _296_/B (sky130_fd_sc_hd__or3_1)
     1    0.01    0.08    0.20    4.56 ^ _296_/X (sky130_fd_sc_hd__or3_1)
                                         _052_ (net)
                  0.08    0.00    4.56 ^ _302_/A3 (sky130_fd_sc_hd__a31o_1)
     1    0.01    0.09    0.19    4.75 ^ _302_/X (sky130_fd_sc_hd__a31o_1)
                                         net27 (net)
                  0.09    0.00    4.75 ^ output27/A (sky130_fd_sc_hd__buf_2)
     1    0.03    0.17    0.23    4.98 ^ output27/X (sky130_fd_sc_hd__buf_2)
                                         OUT[7] (net)
                  0.17    0.00    4.98 ^ OUT[7] (out)
                                  4.98   data arrival time

                  0.00   10.00   10.00   clock __VIRTUAL_CLK__ (rise edge)
                          0.00   10.00   clock network delay (ideal)
                         -0.25    9.75   clock uncertainty
                          0.00    9.75   clock reconvergence pessimism
                         -2.00    7.75   output external delay
                                  7.75   data required time
-----------------------------------------------------------------------------
                                  7.75   data required time
                                 -4.98   data arrival time
-----------------------------------------------------------------------------
                                  2.77   slack (MET)


Startpoint: OP[0] (input port clocked by __VIRTUAL_CLK__)
Endpoint: OUT[4] (output port clocked by __VIRTUAL_CLK__)
Path Group: __VIRTUAL_CLK__
Path Type: max

Fanout     Cap    Slew   Delay    Time   Description
-----------------------------------------------------------------------------
                  0.00    0.00    0.00   clock __VIRTUAL_CLK__ (rise edge)
                          0.00    0.00   clock network delay (ideal)
                          2.00    2.00 v input external delay
     1    0.00    0.01    0.00    2.00 v OP[0] (in)
                                         OP[0] (net)
                  0.01    0.00    2.00 v input17/A (sky130_fd_sc_hd__buf_2)
     5    0.03    0.07    0.16    2.16 v input17/X (sky130_fd_sc_hd__buf_2)
                                         net17 (net)
                  0.07    0.00    2.16 v _235_/A_N (sky130_fd_sc_hd__nand3b_4)
     9    0.04    0.14    0.25    2.41 v _235_/Y (sky130_fd_sc_hd__nand3b_4)
                                         _163_ (net)
                  0.14    0.00    2.41 v _242_/C (sky130_fd_sc_hd__and3_1)
     2    0.01    0.07    0.26    2.68 v _242_/X (sky130_fd_sc_hd__and3_1)
                                         _000_ (net)
                  0.07    0.00    2.68 v _245_/B (sky130_fd_sc_hd__or3_1)
     2    0.01    0.11    0.43    3.10 v _245_/X (sky130_fd_sc_hd__or3_1)
                                         _003_ (net)
                  0.11    0.00    3.10 v _247_/B (sky130_fd_sc_hd__and3b_2)
     3    0.02    0.07    0.28    3.38 v _247_/X (sky130_fd_sc_hd__and3b_2)
                                         _005_ (net)
                  0.07    0.00    3.38 v _250_/A2 (sky130_fd_sc_hd__o21ai_4)
     4    0.02    0.21    0.22    3.60 ^ _250_/Y (sky130_fd_sc_hd__o21ai_4)
                                         _008_ (net)
                  0.21    0.00    3.60 ^ _336_/A2 (sky130_fd_sc_hd__a31o_1)
     1    0.01    0.07    0.21    3.81 ^ _336_/X (sky130_fd_sc_hd__a31o_1)
                                         _087_ (net)
                  0.07    0.00    3.81 ^ _337_/B (sky130_fd_sc_hd__nand2_1)
     1    0.00    0.06    0.07    3.88 v _337_/Y (sky130_fd_sc_hd__nand2_1)
                                         _088_ (net)
                  0.06    0.00    3.88 v _338_/C (sky130_fd_sc_hd__and3_1)
     1    0.01    0.06    0.22    4.10 v _338_/X (sky130_fd_sc_hd__and3_1)
                                         _089_ (net)
                  0.06    0.00    4.10 v _346_/A (sky130_fd_sc_hd__or3_1)
     1    0.01    0.10    0.45    4.54 v _346_/X (sky130_fd_sc_hd__or3_1)
                                         _097_ (net)
                  0.10    0.00    4.55 v _347_/A (sky130_fd_sc_hd__buf_1)
     1    0.01    0.06    0.15    4.70 v _347_/X (sky130_fd_sc_hd__buf_1)
                                         net24 (net)
                  0.06    0.00    4.70 v output24/A (sky130_fd_sc_hd__buf_2)
     1    0.03    0.09    0.20    4.89 v output24/X (sky130_fd_sc_hd__buf_2)
                                         OUT[4] (net)
                  0.09    0.00    4.89 v OUT[4] (out)
                                  4.89   data arrival time

                  0.00   10.00   10.00   clock __VIRTUAL_CLK__ (rise edge)
                          0.00   10.00   clock network delay (ideal)
                         -0.25    9.75   clock uncertainty
                          0.00    9.75   clock reconvergence pessimism
                         -2.00    7.75   output external delay
                                  7.75   data required time
-----------------------------------------------------------------------------
                                  7.75   data required time
                                 -4.89   data arrival time
-----------------------------------------------------------------------------
                                  2.86   slack (MET)


Startpoint: OP[0] (input port clocked by __VIRTUAL_CLK__)
Endpoint: OUT[5] (output port clocked by __VIRTUAL_CLK__)
Path Group: __VIRTUAL_CLK__
Path Type: max

Fanout     Cap    Slew   Delay    Time   Description
-----------------------------------------------------------------------------
                  0.00    0.00    0.00   clock __VIRTUAL_CLK__ (rise edge)
                          0.00    0.00   clock network delay (ideal)
                          2.00    2.00 v input external delay
     1    0.00    0.01    0.00    2.00 v OP[0] (in)
                                         OP[0] (net)
                  0.01    0.00    2.00 v input17/A (sky130_fd_sc_hd__buf_2)
     5    0.03    0.07    0.16    2.16 v input17/X (sky130_fd_sc_hd__buf_2)
                                         net17 (net)
                  0.07    0.00    2.16 v _235_/A_N (sky130_fd_sc_hd__nand3b_4)
     9    0.04    0.14    0.25    2.41 v _235_/Y (sky130_fd_sc_hd__nand3b_4)
                                         _163_ (net)
                  0.14    0.00    2.41 v _242_/C (sky130_fd_sc_hd__and3_1)
     2    0.01    0.07    0.26    2.68 v _242_/X (sky130_fd_sc_hd__and3_1)
                                         _000_ (net)
                  0.07    0.00    2.68 v _245_/B (sky130_fd_sc_hd__or3_1)
     2    0.01    0.11    0.43    3.10 v _245_/X (sky130_fd_sc_hd__or3_1)
                                         _003_ (net)
                  0.11    0.00    3.10 v _247_/B (sky130_fd_sc_hd__and3b_2)
     3    0.02    0.07    0.28    3.38 v _247_/X (sky130_fd_sc_hd__and3b_2)
                                         _005_ (net)
                  0.07    0.00    3.38 v _250_/A2 (sky130_fd_sc_hd__o21ai_4)
     4    0.02    0.21    0.22    3.60 ^ _250_/Y (sky130_fd_sc_hd__o21ai_4)
                                         _008_ (net)
                  0.21    0.00    3.60 ^ _257_/A2 (sky130_fd_sc_hd__a311o_4)
     5    0.03    0.12    0.31    3.91 ^ _257_/X (sky130_fd_sc_hd__a311o_4)
                                         _015_ (net)
                  0.12    0.00    3.91 ^ _264_/C (sky130_fd_sc_hd__nand3_1)
     1    0.01    0.08    0.11    4.02 v _264_/Y (sky130_fd_sc_hd__nand3_1)
                                         _022_ (net)
                  0.08    0.00    4.02 v _266_/B (sky130_fd_sc_hd__and3_1)
     1    0.01    0.05    0.20    4.22 v _266_/X (sky130_fd_sc_hd__and3_1)
                                         _024_ (net)
                  0.05    0.00    4.22 v _267_/C1 (sky130_fd_sc_hd__a211o_1)
     1    0.00    0.06    0.25    4.47 v _267_/X (sky130_fd_sc_hd__a211o_1)
                                         net25 (net)
                  0.06    0.00    4.47 v output25/A (sky130_fd_sc_hd__buf_2)
     1    0.03    0.09    0.19    4.66 v output25/X (sky130_fd_sc_hd__buf_2)
                                         OUT[5] (net)
                  0.09    0.00    4.66 v OUT[5] (out)
                                  4.66   data arrival time

                  0.00   10.00   10.00   clock __VIRTUAL_CLK__ (rise edge)
                          0.00   10.00   clock network delay (ideal)
                         -0.25    9.75   clock uncertainty
                          0.00    9.75   clock reconvergence pessimism
                         -2.00    7.75   output external delay
                                  7.75   data required time
-----------------------------------------------------------------------------
                                  7.75   data required time
                                 -4.66   data arrival time
-----------------------------------------------------------------------------
                                  3.09   slack (MET)


Startpoint: OP[0] (input port clocked by __VIRTUAL_CLK__)
Endpoint: OUT[3] (output port clocked by __VIRTUAL_CLK__)
Path Group: __VIRTUAL_CLK__
Path Type: max

Fanout     Cap    Slew   Delay    Time   Description
-----------------------------------------------------------------------------
                  0.00    0.00    0.00   clock __VIRTUAL_CLK__ (rise edge)
                          0.00    0.00   clock network delay (ideal)
                          2.00    2.00 v input external delay
     1    0.00    0.01    0.00    2.00 v OP[0] (in)
                                         OP[0] (net)
                  0.01    0.00    2.00 v input17/A (sky130_fd_sc_hd__buf_2)
     5    0.03    0.07    0.16    2.16 v input17/X (sky130_fd_sc_hd__buf_2)
                                         net17 (net)
                  0.07    0.00    2.16 v _235_/A_N (sky130_fd_sc_hd__nand3b_4)
     9    0.04    0.14    0.25    2.41 v _235_/Y (sky130_fd_sc_hd__nand3b_4)
                                         _163_ (net)
                  0.14    0.00    2.41 v _242_/C (sky130_fd_sc_hd__and3_1)
     2    0.01    0.07    0.26    2.68 v _242_/X (sky130_fd_sc_hd__and3_1)
                                         _000_ (net)
                  0.07    0.00    2.68 v _245_/B (sky130_fd_sc_hd__or3_1)
     2    0.01    0.11    0.43    3.10 v _245_/X (sky130_fd_sc_hd__or3_1)
                                         _003_ (net)
                  0.11    0.00    3.10 v _247_/B (sky130_fd_sc_hd__and3b_2)
     3    0.02    0.07    0.28    3.38 v _247_/X (sky130_fd_sc_hd__and3b_2)
                                         _005_ (net)
                  0.07    0.00    3.38 v _250_/A2 (sky130_fd_sc_hd__o21ai_4)
     4    0.02    0.21    0.22    3.60 ^ _250_/Y (sky130_fd_sc_hd__o21ai_4)
                                         _008_ (net)
                  0.21    0.00    3.60 ^ _328_/B (sky130_fd_sc_hd__nand2_1)
     1    0.01    0.10    0.14    3.74 v _328_/Y (sky130_fd_sc_hd__nand2_1)
                                         _080_ (net)
                  0.10    0.00    3.74 v _329_/B (sky130_fd_sc_hd__xnor2_1)
     1    0.01    0.07    0.17    3.91 v _329_/Y (sky130_fd_sc_hd__xnor2_1)
                                         _081_ (net)
                  0.07    0.00    3.91 v _335_/A2 (sky130_fd_sc_hd__a221o_1)
     1    0.01    0.08    0.40    4.31 v _335_/X (sky130_fd_sc_hd__a221o_1)
                                         net23 (net)
                  0.08    0.00    4.31 v output23/A (sky130_fd_sc_hd__buf_2)
     1    0.03    0.09    0.21    4.51 v output23/X (sky130_fd_sc_hd__buf_2)
                                         OUT[3] (net)
                  0.09    0.00    4.51 v OUT[3] (out)
                                  4.51   data arrival time

                  0.00   10.00   10.00   clock __VIRTUAL_CLK__ (rise edge)
                          0.00   10.00   clock network delay (ideal)
                         -0.25    9.75   clock uncertainty
                          0.00    9.75   clock reconvergence pessimism
                         -2.00    7.75   output external delay
                                  7.75   data required time
-----------------------------------------------------------------------------
                                  7.75   data required time
                                 -4.51   data arrival time
-----------------------------------------------------------------------------
                                  3.24   slack (MET)


Startpoint: OP[0] (input port clocked by __VIRTUAL_CLK__)
Endpoint: OUT[1] (output port clocked by __VIRTUAL_CLK__)
Path Group: __VIRTUAL_CLK__
Path Type: max

Fanout     Cap    Slew   Delay    Time   Description
-----------------------------------------------------------------------------
                  0.00    0.00    0.00   clock __VIRTUAL_CLK__ (rise edge)
                          0.00    0.00   clock network delay (ideal)
                          2.00    2.00 v input external delay
     1    0.00    0.01    0.00    2.00 v OP[0] (in)
                                         OP[0] (net)
                  0.01    0.00    2.00 v input17/A (sky130_fd_sc_hd__buf_2)
     5    0.03    0.07    0.16    2.16 v input17/X (sky130_fd_sc_hd__buf_2)
                                         net17 (net)
                  0.07    0.00    2.16 v _235_/A_N (sky130_fd_sc_hd__nand3b_4)
     9    0.04    0.14    0.25    2.41 v _235_/Y (sky130_fd_sc_hd__nand3b_4)
                                         _163_ (net)
                  0.14    0.00    2.41 v _242_/C (sky130_fd_sc_hd__and3_1)
     2    0.01    0.07    0.26    2.68 v _242_/X (sky130_fd_sc_hd__and3_1)
                                         _000_ (net)
                  0.07    0.00    2.68 v _245_/B (sky130_fd_sc_hd__or3_1)
     2    0.01    0.11    0.43    3.10 v _245_/X (sky130_fd_sc_hd__or3_1)
                                         _003_ (net)
                  0.11    0.00    3.10 v _314_/B (sky130_fd_sc_hd__and2b_1)
     1    0.01    0.05    0.21    3.31 v _314_/X (sky130_fd_sc_hd__and2b_1)
                                         _068_ (net)
                  0.05    0.00    3.31 v _315_/A (sky130_fd_sc_hd__nor2_1)
     1    0.00    0.10    0.12    3.44 ^ _315_/Y (sky130_fd_sc_hd__nor2_1)
                                         _069_ (net)
                  0.10    0.00    3.44 ^ _316_/B (sky130_fd_sc_hd__or3b_1)
     1    0.01    0.08    0.15    3.59 ^ _316_/X (sky130_fd_sc_hd__or3b_1)
                                         _070_ (net)
                  0.08    0.00    3.59 ^ _317_/D_N (sky130_fd_sc_hd__or4b_1)
     1    0.00    0.10    0.47    4.06 v _317_/X (sky130_fd_sc_hd__or4b_1)
                                         _071_ (net)
                  0.10    0.00    4.06 v _318_/A (sky130_fd_sc_hd__buf_1)
     1    0.01    0.06    0.15    4.21 v _318_/X (sky130_fd_sc_hd__buf_1)
                                         net21 (net)
                  0.06    0.00    4.21 v output21/A (sky130_fd_sc_hd__buf_2)
     1    0.03    0.09    0.20    4.41 v output21/X (sky130_fd_sc_hd__buf_2)
                                         OUT[1] (net)
                  0.09    0.00    4.41 v OUT[1] (out)
                                  4.41   data arrival time

                  0.00   10.00   10.00   clock __VIRTUAL_CLK__ (rise edge)
                          0.00   10.00   clock network delay (ideal)
                         -0.25    9.75   clock uncertainty
                          0.00    9.75   clock reconvergence pessimism
                         -2.00    7.75   output external delay
                                  7.75   data required time
-----------------------------------------------------------------------------
                                  7.75   data required time
                                 -4.41   data arrival time
-----------------------------------------------------------------------------
                                  3.34   slack (MET)


Startpoint: B[1] (input port clocked by __VIRTUAL_CLK__)
Endpoint: OUT[2] (output port clocked by __VIRTUAL_CLK__)
Path Group: __VIRTUAL_CLK__
Path Type: max

Fanout     Cap    Slew   Delay    Time   Description
-----------------------------------------------------------------------------
                  0.00    0.00    0.00   clock __VIRTUAL_CLK__ (rise edge)
                          0.00    0.00   clock network delay (ideal)
                          2.00    2.00 v input external delay
     1    0.00    0.01    0.01    2.01 v B[1] (in)
                                         B[1] (net)
                  0.01    0.00    2.01 v input10/A (sky130_fd_sc_hd__clkbuf_2)
     5    0.02    0.09    0.15    2.15 v input10/X (sky130_fd_sc_hd__clkbuf_2)
                                         net10 (net)
                  0.09    0.00    2.15 v _234_/B (sky130_fd_sc_hd__or2_2)
     4    0.02    0.10    0.36    2.52 v _234_/X (sky130_fd_sc_hd__or2_2)
                                         _162_ (net)
                  0.10    0.00    2.52 v _240_/C (sky130_fd_sc_hd__and3_1)
     2    0.01    0.09    0.26    2.78 v _240_/X (sky130_fd_sc_hd__and3_1)
                                         _168_ (net)
                  0.09    0.00    2.78 v _248_/C (sky130_fd_sc_hd__or3_1)
     1    0.00    0.06    0.32    3.10 v _248_/X (sky130_fd_sc_hd__or3_1)
                                         _006_ (net)
                  0.06    0.00    3.10 v _249_/B (sky130_fd_sc_hd__and2_1)
     2    0.01    0.09    0.22    3.32 v _249_/X (sky130_fd_sc_hd__and2_1)
                                         _007_ (net)
                  0.09    0.00    3.32 v _319_/A (sky130_fd_sc_hd__or3_1)
     1    0.01    0.10    0.45    3.76 v _319_/X (sky130_fd_sc_hd__or3_1)
                                         _072_ (net)
                  0.10    0.00    3.77 v _326_/A3 (sky130_fd_sc_hd__a31o_1)
     1    0.01    0.06    0.27    4.04 v _326_/X (sky130_fd_sc_hd__a31o_1)
                                         net22 (net)
                  0.06    0.00    4.04 v output22/A (sky130_fd_sc_hd__buf_2)
     1    0.03    0.09    0.20    4.24 v output22/X (sky130_fd_sc_hd__buf_2)
                                         OUT[2] (net)
                  0.09    0.00    4.24 v OUT[2] (out)
                                  4.24   data arrival time

                  0.00   10.00   10.00   clock __VIRTUAL_CLK__ (rise edge)
                          0.00   10.00   clock network delay (ideal)
                         -0.25    9.75   clock uncertainty
                          0.00    9.75   clock reconvergence pessimism
                         -2.00    7.75   output external delay
                                  7.75   data required time
-----------------------------------------------------------------------------
                                  7.75   data required time
                                 -4.24   data arrival time
-----------------------------------------------------------------------------
                                  3.51   slack (MET)


Startpoint: OP[1] (input port clocked by __VIRTUAL_CLK__)
Endpoint: OUT[0] (output port clocked by __VIRTUAL_CLK__)
Path Group: __VIRTUAL_CLK__
Path Type: max

Fanout     Cap    Slew   Delay    Time   Description
-----------------------------------------------------------------------------
                  0.00    0.00    0.00   clock __VIRTUAL_CLK__ (rise edge)
                          0.00    0.00   clock network delay (ideal)
                          2.00    2.00 v input external delay
     1    0.00    0.01    0.00    2.00 v OP[1] (in)
                                         OP[1] (net)
                  0.01    0.00    2.00 v input18/A (sky130_fd_sc_hd__clkbuf_4)
     6    0.04    0.08    0.18    2.18 v input18/X (sky130_fd_sc_hd__clkbuf_4)
                                         net18 (net)
                  0.08    0.00    2.18 v _171_/B (sky130_fd_sc_hd__or2_2)
     4    0.02    0.10    0.36    2.55 v _171_/X (sky130_fd_sc_hd__or2_2)
                                         _099_ (net)
                  0.10    0.00    2.55 v _224_/B (sky130_fd_sc_hd__or2_1)
     1    0.01    0.07    0.26    2.81 v _224_/X (sky130_fd_sc_hd__or2_1)
                                         _152_ (net)
                  0.07    0.00    2.81 v _225_/A (sky130_fd_sc_hd__clkbuf_4)
     8    0.04    0.08    0.21    3.02 v _225_/X (sky130_fd_sc_hd__clkbuf_4)
                                         _153_ (net)
                  0.08    0.00    3.02 v _306_/A2 (sky130_fd_sc_hd__o21ai_1)
     1    0.01    0.14    0.17    3.19 ^ _306_/Y (sky130_fd_sc_hd__o21ai_1)
                                         _061_ (net)
                  0.14    0.00    3.19 ^ _307_/B1 (sky130_fd_sc_hd__a31o_1)
     1    0.01    0.08    0.15    3.34 ^ _307_/X (sky130_fd_sc_hd__a31o_1)
                                         net20 (net)
                  0.08    0.00    3.34 ^ output20/A (sky130_fd_sc_hd__buf_2)
     1    0.03    0.17    0.22    3.57 ^ output20/X (sky130_fd_sc_hd__buf_2)
                                         OUT[0] (net)
                  0.17    0.00    3.57 ^ OUT[0] (out)
                                  3.57   data arrival time

                  0.00   10.00   10.00   clock __VIRTUAL_CLK__ (rise edge)
                          0.00   10.00   clock network delay (ideal)
                         -0.25    9.75   clock uncertainty
                          0.00    9.75   clock reconvergence pessimism
                         -2.00    7.75   output external delay
                                  7.75   data required time
-----------------------------------------------------------------------------
                                  7.75   data required time
                                 -3.57   data arrival time
-----------------------------------------------------------------------------
                                  4.18   slack (MET)



worst slack corner Typical: 2.7154
