
===========================================================================
report_checks -unconstrained
===========================================================================
======================= Fastest Corner ===================================

Startpoint: _43_ (rising edge-triggered flip-flop clocked by core_clock)
Endpoint: _44_ (rising edge-triggered flip-flop clocked by core_clock)
Path Group: core_clock
Path Type: max
Corner: Fastest

Fanout     Cap    Slew   Delay    Time   Description
-----------------------------------------------------------------------------
                          0.00    0.00   clock core_clock (rise edge)
                          0.00    0.00   clock source latency
     1    0.01    0.00    0.00    0.00 ^ clk (in)
                                         clk (net)
                  0.00    0.00    0.00 ^ clkbuf_0_clk/A (sky130_fd_sc_hd__clkbuf_16)
     2    0.02    0.03    0.08    0.08 ^ clkbuf_0_clk/X (sky130_fd_sc_hd__clkbuf_16)
                                         clknet_0_clk (net)
                  0.03    0.00    0.08 ^ clkbuf_1_0__f_clk/A (sky130_fd_sc_hd__clkbuf_16)
     2    0.01    0.02    0.08    0.15 ^ clkbuf_1_0__f_clk/X (sky130_fd_sc_hd__clkbuf_16)
                                         clknet_1_0__leaf_clk (net)
                  0.02    0.00    0.15 ^ _43_/CLK (sky130_fd_sc_hd__dfrtp_4)
    10    0.04    0.07    0.33    0.48 v _43_/Q (sky130_fd_sc_hd__dfrtp_4)
                                         net3 (net)
                  0.07    0.00    0.48 v _21_/A (sky130_fd_sc_hd__or4b_1)
     2    0.01    0.08    0.34    0.82 v _21_/X (sky130_fd_sc_hd__or4b_1)
                                         _09_ (net)
                  0.08    0.00    0.82 v _24_/A (sky130_fd_sc_hd__and3_1)
     1    0.00    0.03    0.12    0.94 v _24_/X (sky130_fd_sc_hd__and3_1)
                                         _12_ (net)
                  0.03    0.00    0.94 v _25_/A (sky130_fd_sc_hd__clkbuf_1)
     1    0.00    0.02    0.06    1.00 v _25_/X (sky130_fd_sc_hd__clkbuf_1)
                                         _02_ (net)
                  0.02    0.00    1.00 v _44_/D (sky130_fd_sc_hd__dfrtp_4)
                                  1.00   data arrival time

                         10.00   10.00   clock core_clock (rise edge)
                          0.00   10.00   clock source latency
     1    0.01    0.00    0.00   10.00 ^ clk (in)
                                         clk (net)
                  0.00    0.00   10.00 ^ clkbuf_0_clk/A (sky130_fd_sc_hd__clkbuf_16)
     2    0.02    0.03    0.08   10.08 ^ clkbuf_0_clk/X (sky130_fd_sc_hd__clkbuf_16)
                                         clknet_0_clk (net)
                  0.03    0.00   10.08 ^ clkbuf_1_0__f_clk/A (sky130_fd_sc_hd__clkbuf_16)
     2    0.01    0.02    0.08   10.15 ^ clkbuf_1_0__f_clk/X (sky130_fd_sc_hd__clkbuf_16)
                                         clknet_1_0__leaf_clk (net)
                  0.02    0.00   10.15 ^ _44_/CLK (sky130_fd_sc_hd__dfrtp_4)
                          0.00   10.15   clock reconvergence pessimism
                         -0.07   10.08   library setup time
                                 10.08   data required time
-----------------------------------------------------------------------------
                                 10.08   data required time
                                 -1.00   data arrival time
-----------------------------------------------------------------------------
                                  9.09   slack (MET)



======================= Slowest Corner ===================================

Startpoint: _43_ (rising edge-triggered flip-flop clocked by core_clock)
Endpoint: _44_ (rising edge-triggered flip-flop clocked by core_clock)
Path Group: core_clock
Path Type: max
Corner: Slowest

Fanout     Cap    Slew   Delay    Time   Description
-----------------------------------------------------------------------------
                          0.00    0.00   clock core_clock (rise edge)
                          0.00    0.00   clock source latency
     1    0.01    0.00    0.00    0.00 ^ clk (in)
                                         clk (net)
                  0.00    0.00    0.00 ^ clkbuf_0_clk/A (sky130_fd_sc_hd__clkbuf_16)
     2    0.02    0.07    0.19    0.19 ^ clkbuf_0_clk/X (sky130_fd_sc_hd__clkbuf_16)
                                         clknet_0_clk (net)
                  0.07    0.00    0.19 ^ clkbuf_1_0__f_clk/A (sky130_fd_sc_hd__clkbuf_16)
     2    0.01    0.05    0.20    0.39 ^ clkbuf_1_0__f_clk/X (sky130_fd_sc_hd__clkbuf_16)
                                         clknet_1_0__leaf_clk (net)
                  0.05    0.00    0.39 ^ _43_/CLK (sky130_fd_sc_hd__dfrtp_4)
    10    0.03    0.19    1.08    1.48 v _43_/Q (sky130_fd_sc_hd__dfrtp_4)
                                         net3 (net)
                  0.19    0.00    1.48 v _21_/A (sky130_fd_sc_hd__or4b_1)
     2    0.01    0.26    1.37    2.85 v _21_/X (sky130_fd_sc_hd__or4b_1)
                                         _09_ (net)
                  0.26    0.00    2.85 v _24_/A (sky130_fd_sc_hd__and3_1)
     1    0.00    0.09    0.40    3.25 v _24_/X (sky130_fd_sc_hd__and3_1)
                                         _12_ (net)
                  0.09    0.00    3.25 v _25_/A (sky130_fd_sc_hd__clkbuf_1)
     1    0.00    0.05    0.17    3.42 v _25_/X (sky130_fd_sc_hd__clkbuf_1)
                                         _02_ (net)
                  0.05    0.00    3.42 v _44_/D (sky130_fd_sc_hd__dfrtp_4)
                                  3.42   data arrival time

                         10.00   10.00   clock core_clock (rise edge)
                          0.00   10.00   clock source latency
     1    0.01    0.00    0.00   10.00 ^ clk (in)
                                         clk (net)
                  0.00    0.00   10.00 ^ clkbuf_0_clk/A (sky130_fd_sc_hd__clkbuf_16)
     2    0.02    0.07    0.19   10.19 ^ clkbuf_0_clk/X (sky130_fd_sc_hd__clkbuf_16)
                                         clknet_0_clk (net)
                  0.07    0.00   10.19 ^ clkbuf_1_0__f_clk/A (sky130_fd_sc_hd__clkbuf_16)
     2    0.01    0.05    0.20   10.39 ^ clkbuf_1_0__f_clk/X (sky130_fd_sc_hd__clkbuf_16)
                                         clknet_1_0__leaf_clk (net)
                  0.05    0.00   10.39 ^ _44_/CLK (sky130_fd_sc_hd__dfrtp_4)
                          0.00   10.39   clock reconvergence pessimism
                         -0.27   10.12   library setup time
                                 10.12   data required time
-----------------------------------------------------------------------------
                                 10.12   data required time
                                 -3.42   data arrival time
-----------------------------------------------------------------------------
                                  6.70   slack (MET)



======================= Typical Corner ===================================

Startpoint: _43_ (rising edge-triggered flip-flop clocked by core_clock)
Endpoint: _44_ (rising edge-triggered flip-flop clocked by core_clock)
Path Group: core_clock
Path Type: max
Corner: Typical

Fanout     Cap    Slew   Delay    Time   Description
-----------------------------------------------------------------------------
                          0.00    0.00   clock core_clock (rise edge)
                          0.00    0.00   clock source latency
     1    0.01    0.00    0.00    0.00 ^ clk (in)
                                         clk (net)
                  0.00    0.00    0.00 ^ clkbuf_0_clk/A (sky130_fd_sc_hd__clkbuf_16)
     2    0.02    0.04    0.11    0.11 ^ clkbuf_0_clk/X (sky130_fd_sc_hd__clkbuf_16)
                                         clknet_0_clk (net)
                  0.04    0.00    0.11 ^ clkbuf_1_0__f_clk/A (sky130_fd_sc_hd__clkbuf_16)
     2    0.01    0.03    0.11    0.22 ^ clkbuf_1_0__f_clk/X (sky130_fd_sc_hd__clkbuf_16)
                                         clknet_1_0__leaf_clk (net)
                  0.03    0.00    0.22 ^ _43_/CLK (sky130_fd_sc_hd__dfrtp_4)
    10    0.03    0.10    0.52    0.74 v _43_/Q (sky130_fd_sc_hd__dfrtp_4)
                                         net3 (net)
                  0.10    0.00    0.74 v _21_/A (sky130_fd_sc_hd__or4b_1)
     2    0.01    0.13    0.59    1.34 v _21_/X (sky130_fd_sc_hd__or4b_1)
                                         _09_ (net)
                  0.13    0.00    1.34 v _24_/A (sky130_fd_sc_hd__and3_1)
     1    0.00    0.05    0.18    1.52 v _24_/X (sky130_fd_sc_hd__and3_1)
                                         _12_ (net)
                  0.05    0.00    1.52 v _25_/A (sky130_fd_sc_hd__clkbuf_1)
     1    0.00    0.03    0.09    1.61 v _25_/X (sky130_fd_sc_hd__clkbuf_1)
                                         _02_ (net)
                  0.03    0.00    1.61 v _44_/D (sky130_fd_sc_hd__dfrtp_4)
                                  1.61   data arrival time

                         10.00   10.00   clock core_clock (rise edge)
                          0.00   10.00   clock source latency
     1    0.01    0.00    0.00   10.00 ^ clk (in)
                                         clk (net)
                  0.00    0.00   10.00 ^ clkbuf_0_clk/A (sky130_fd_sc_hd__clkbuf_16)
     2    0.02    0.04    0.11   10.11 ^ clkbuf_0_clk/X (sky130_fd_sc_hd__clkbuf_16)
                                         clknet_0_clk (net)
                  0.04    0.00   10.11 ^ clkbuf_1_0__f_clk/A (sky130_fd_sc_hd__clkbuf_16)
     2    0.01    0.03    0.11   10.22 ^ clkbuf_1_0__f_clk/X (sky130_fd_sc_hd__clkbuf_16)
                                         clknet_1_0__leaf_clk (net)
                  0.03    0.00   10.22 ^ _44_/CLK (sky130_fd_sc_hd__dfrtp_4)
                          0.00   10.22   clock reconvergence pessimism
                         -0.11   10.11   library setup time
                                 10.11   data required time
-----------------------------------------------------------------------------
                                 10.11   data required time
                                 -1.61   data arrival time
-----------------------------------------------------------------------------
                                  8.50   slack (MET)




===========================================================================
report_checks --slack_max -0.01
============================================================================
======================= Fastest Corner ===================================

No paths found.

======================= Slowest Corner ===================================

No paths found.

======================= Typical Corner ===================================

No paths found.


===========================================================================
 report_check_types -max_slew -max_cap -max_fanout -violators
============================================================================
======================= Fastest Corner ===================================


max slew violations count Fastest: 0
max fanout violations count Fastest: 0
max cap violations count Fastest: 0
======================= Slowest Corner ===================================


max slew violations count Slowest: 0
max fanout violations count Slowest: 0
max cap violations count Slowest: 0
======================= Typical Corner ===================================


max slew violations count Typical: 0
max fanout violations count Typical: 0
max cap violations count Typical: 0

===========================================================================
report_parasitic_annotation -report_unannotated
============================================================================
Found 1 unannotated drivers.
 zero2five_counter_13/HI
Found 0 partially unannotated drivers.

===========================================================================
max slew violation count 0
max fanout violation count 0
max cap violation count 0
============================================================================

===========================================================================
check_setup -verbose -unconstrained_endpoints -multiple_clock -no_clock -no_input_delay -loops -generated_clocks
===========================================================================
Warning: There is 1 input port missing set_input_delay.
  rst
Warning: There are 12 unconstrained endpoints.
  an
  count[0]
  count[1]
  count[2]
  count[3]
  seg[0]
  seg[1]
  seg[2]
  seg[3]
  seg[4]
  seg[5]
  seg[6]
