
===========================================================================
 report_power
============================================================================
======================= Fastest Corner ===================================

Group                  Internal  Switching    Leakage      Total
                          Power      Power      Power      Power (Watts)
----------------------------------------------------------------
Sequential             1.90e-05   0.00e+00   2.11e-08   1.90e-05  20.8%
Combinational          3.47e-15   1.02e-14   1.36e-10   1.36e-10   0.0%
Clock                  5.88e-05   1.33e-05   3.39e-10   7.21e-05  79.2%
Macro                  0.00e+00   0.00e+00   0.00e+00   0.00e+00   0.0%
Pad                    0.00e+00   0.00e+00   0.00e+00   0.00e+00   0.0%
----------------------------------------------------------------
Total                  7.77e-05   1.33e-05   2.15e-08   9.11e-05 100.0%
                          85.4%      14.6%       0.0%

======================= Slowest Corner ===================================

Group                  Internal  Switching    Leakage      Total
                          Power      Power      Power      Power (Watts)
----------------------------------------------------------------
Sequential             1.27e-05   0.00e+00   8.50e-08   1.28e-05  20.2%
Combinational          2.39e-15   6.70e-15   1.75e-07   1.75e-07   0.3%
Clock                  4.15e-05   8.76e-06   5.72e-08   5.03e-05  79.5%
Macro                  0.00e+00   0.00e+00   0.00e+00   0.00e+00   0.0%
Pad                    0.00e+00   0.00e+00   0.00e+00   0.00e+00   0.0%
----------------------------------------------------------------
Total                  5.42e-05   8.76e-06   3.17e-07   6.33e-05 100.0%
                          85.7%      13.8%       0.5%

======================= Typical Corner ===================================

Group                  Internal  Switching    Leakage      Total
                          Power      Power      Power      Power (Watts)
----------------------------------------------------------------
Sequential             1.63e-05   0.00e+00   2.10e-08   1.63e-05  20.8%
Combinational          2.93e-15   8.67e-15   1.05e-10   1.05e-10   0.0%
Clock                  5.11e-05   1.12e-05   1.84e-10   6.23e-05  79.2%
Macro                  0.00e+00   0.00e+00   0.00e+00   0.00e+00   0.0%
Pad                    0.00e+00   0.00e+00   0.00e+00   0.00e+00   0.0%
----------------------------------------------------------------
Total                  6.74e-05   1.12e-05   2.13e-08   7.86e-05 100.0%
                          85.7%      14.2%       0.0%

