
===========================================================================
report_checks -path_delay max (Setup)
============================================================================
======================= Typical Corner ===================================

Startpoint: _43_ (rising edge-triggered flip-flop clocked by core_clock)
Endpoint: _44_ (rising edge-triggered flip-flop clocked by core_clock)
Path Group: core_clock
Path Type: max

Fanout     Cap    Slew   Delay    Time   Description
-----------------------------------------------------------------------------
                          0.00    0.00   clock core_clock (rise edge)
                          0.00    0.00   clock source latency
     1    0.01    0.00    0.00    0.00 ^ clk (in)
                                         clk (net)
                  0.00    0.00    0.00 ^ clkbuf_0_clk/A (sky130_fd_sc_hd__clkbuf_16)
     2    0.02    0.04    0.11    0.11 ^ clkbuf_0_clk/X (sky130_fd_sc_hd__clkbuf_16)
                                         clknet_0_clk (net)
                  0.04    0.00    0.11 ^ clkbuf_1_0__f_clk/A (sky130_fd_sc_hd__clkbuf_16)
     2    0.01    0.03    0.11    0.22 ^ clkbuf_1_0__f_clk/X (sky130_fd_sc_hd__clkbuf_16)
                                         clknet_1_0__leaf_clk (net)
                  0.03    0.00    0.22 ^ _43_/CLK (sky130_fd_sc_hd__dfrtp_4)
    10    0.03    0.10    0.51    0.73 v _43_/Q (sky130_fd_sc_hd__dfrtp_4)
                                         net3 (net)
                  0.10    0.00    0.73 v _21_/A (sky130_fd_sc_hd__or4b_1)
     2    0.01    0.11    0.57    1.30 v _21_/X (sky130_fd_sc_hd__or4b_1)
                                         _09_ (net)
                  0.11    0.00    1.30 v _24_/A (sky130_fd_sc_hd__and3_1)
     1    0.00    0.04    0.18    1.48 v _24_/X (sky130_fd_sc_hd__and3_1)
                                         _12_ (net)
                  0.04    0.00    1.48 v _25_/A (sky130_fd_sc_hd__clkbuf_1)
     1    0.00    0.03    0.09    1.57 v _25_/X (sky130_fd_sc_hd__clkbuf_1)
                                         _02_ (net)
                  0.03    0.00    1.57 v _44_/D (sky130_fd_sc_hd__dfrtp_4)
                                  1.57   data arrival time

                         10.00   10.00   clock core_clock (rise edge)
                          0.00   10.00   clock source latency
     1    0.01    0.00    0.00   10.00 ^ clk (in)
                                         clk (net)
                  0.00    0.00   10.00 ^ clkbuf_0_clk/A (sky130_fd_sc_hd__clkbuf_16)
     2    0.02    0.04    0.11   10.11 ^ clkbuf_0_clk/X (sky130_fd_sc_hd__clkbuf_16)
                                         clknet_0_clk (net)
                  0.04    0.00   10.11 ^ clkbuf_1_0__f_clk/A (sky130_fd_sc_hd__clkbuf_16)
     2    0.01    0.03    0.11   10.22 ^ clkbuf_1_0__f_clk/X (sky130_fd_sc_hd__clkbuf_16)
                                         clknet_1_0__leaf_clk (net)
                  0.03    0.00   10.22 ^ _44_/CLK (sky130_fd_sc_hd__dfrtp_4)
                          0.00   10.22   clock reconvergence pessimism
                         -0.11   10.11   library setup time
                                 10.11   data required time
-----------------------------------------------------------------------------
                                 10.11   data required time
                                 -1.57   data arrival time
-----------------------------------------------------------------------------
                                  8.54   slack (MET)


Startpoint: _43_ (rising edge-triggered flip-flop clocked by core_clock)
Endpoint: _42_ (rising edge-triggered flip-flop clocked by core_clock)
Path Group: core_clock
Path Type: max

Fanout     Cap    Slew   Delay    Time   Description
-----------------------------------------------------------------------------
                          0.00    0.00   clock core_clock (rise edge)
                          0.00    0.00   clock source latency
     1    0.01    0.00    0.00    0.00 ^ clk (in)
                                         clk (net)
                  0.00    0.00    0.00 ^ clkbuf_0_clk/A (sky130_fd_sc_hd__clkbuf_16)
     2    0.02    0.04    0.11    0.11 ^ clkbuf_0_clk/X (sky130_fd_sc_hd__clkbuf_16)
                                         clknet_0_clk (net)
                  0.04    0.00    0.11 ^ clkbuf_1_0__f_clk/A (sky130_fd_sc_hd__clkbuf_16)
     2    0.01    0.03    0.11    0.22 ^ clkbuf_1_0__f_clk/X (sky130_fd_sc_hd__clkbuf_16)
                                         clknet_1_0__leaf_clk (net)
                  0.03    0.00    0.22 ^ _43_/CLK (sky130_fd_sc_hd__dfrtp_4)
    10    0.03    0.10    0.51    0.73 v _43_/Q (sky130_fd_sc_hd__dfrtp_4)
                                         net3 (net)
                  0.10    0.00    0.73 v _18_/A (sky130_fd_sc_hd__nor3b_1)
     3    0.01    0.30    0.32    1.05 ^ _18_/Y (sky130_fd_sc_hd__nor3b_1)
                                         _08_ (net)
                  0.30    0.00    1.05 ^ _19_/B (sky130_fd_sc_hd__nor2_1)
     1    0.00    0.06    0.07    1.12 v _19_/Y (sky130_fd_sc_hd__nor2_1)
                                         _00_ (net)
                  0.06    0.00    1.12 v _42_/D (sky130_fd_sc_hd__dfrtp_4)
                                  1.12   data arrival time

                         10.00   10.00   clock core_clock (rise edge)
                          0.00   10.00   clock source latency
     1    0.01    0.00    0.00   10.00 ^ clk (in)
                                         clk (net)
                  0.00    0.00   10.00 ^ clkbuf_0_clk/A (sky130_fd_sc_hd__clkbuf_16)
     2    0.02    0.04    0.11   10.11 ^ clkbuf_0_clk/X (sky130_fd_sc_hd__clkbuf_16)
                                         clknet_0_clk (net)
                  0.04    0.00   10.11 ^ clkbuf_1_1__f_clk/A (sky130_fd_sc_hd__clkbuf_16)
     2    0.00    0.03    0.11   10.21 ^ clkbuf_1_1__f_clk/X (sky130_fd_sc_hd__clkbuf_16)
                                         clknet_1_1__leaf_clk (net)
                  0.03    0.00   10.21 ^ _42_/CLK (sky130_fd_sc_hd__dfrtp_4)
                          0.00   10.21   clock reconvergence pessimism
                         -0.13   10.09   library setup time
                                 10.09   data required time
-----------------------------------------------------------------------------
                                 10.09   data required time
                                 -1.12   data arrival time
-----------------------------------------------------------------------------
                                  8.96   slack (MET)


Startpoint: _43_ (rising edge-triggered flip-flop clocked by core_clock)
Endpoint: _45_ (rising edge-triggered flip-flop clocked by core_clock)
Path Group: core_clock
Path Type: max

Fanout     Cap    Slew   Delay    Time   Description
-----------------------------------------------------------------------------
                          0.00    0.00   clock core_clock (rise edge)
                          0.00    0.00   clock source latency
     1    0.01    0.00    0.00    0.00 ^ clk (in)
                                         clk (net)
                  0.00    0.00    0.00 ^ clkbuf_0_clk/A (sky130_fd_sc_hd__clkbuf_16)
     2    0.02    0.04    0.11    0.11 ^ clkbuf_0_clk/X (sky130_fd_sc_hd__clkbuf_16)
                                         clknet_0_clk (net)
                  0.04    0.00    0.11 ^ clkbuf_1_0__f_clk/A (sky130_fd_sc_hd__clkbuf_16)
     2    0.01    0.03    0.11    0.22 ^ clkbuf_1_0__f_clk/X (sky130_fd_sc_hd__clkbuf_16)
                                         clknet_1_0__leaf_clk (net)
                  0.03    0.00    0.22 ^ _43_/CLK (sky130_fd_sc_hd__dfrtp_4)
    10    0.03    0.13    0.46    0.68 ^ _43_/Q (sky130_fd_sc_hd__dfrtp_4)
                                         net3 (net)
                  0.13    0.00    0.68 ^ _22_/A (sky130_fd_sc_hd__nand3_1)
     2    0.01    0.09    0.11    0.78 v _22_/Y (sky130_fd_sc_hd__nand3_1)
                                         _10_ (net)
                  0.09    0.00    0.78 v _26_/B (sky130_fd_sc_hd__xnor2_1)
     1    0.00    0.04    0.13    0.92 v _26_/Y (sky130_fd_sc_hd__xnor2_1)
                                         _03_ (net)
                  0.04    0.00    0.92 v _45_/D (sky130_fd_sc_hd__dfrtp_4)
                                  0.92   data arrival time

                         10.00   10.00   clock core_clock (rise edge)
                          0.00   10.00   clock source latency
     1    0.01    0.00    0.00   10.00 ^ clk (in)
                                         clk (net)
                  0.00    0.00   10.00 ^ clkbuf_0_clk/A (sky130_fd_sc_hd__clkbuf_16)
     2    0.02    0.04    0.11   10.11 ^ clkbuf_0_clk/X (sky130_fd_sc_hd__clkbuf_16)
                                         clknet_0_clk (net)
                  0.04    0.00   10.11 ^ clkbuf_1_1__f_clk/A (sky130_fd_sc_hd__clkbuf_16)
     2    0.00    0.03    0.11   10.21 ^ clkbuf_1_1__f_clk/X (sky130_fd_sc_hd__clkbuf_16)
                                         clknet_1_1__leaf_clk (net)
                  0.03    0.00   10.21 ^ _45_/CLK (sky130_fd_sc_hd__dfrtp_4)
                          0.00   10.21   clock reconvergence pessimism
                         -0.12   10.10   library setup time
                                 10.10   data required time
-----------------------------------------------------------------------------
                                 10.10   data required time
                                 -0.92   data arrival time
-----------------------------------------------------------------------------
                                  9.18   slack (MET)


Startpoint: _43_ (rising edge-triggered flip-flop clocked by core_clock)
Endpoint: _43_ (rising edge-triggered flip-flop clocked by core_clock)
Path Group: core_clock
Path Type: max

Fanout     Cap    Slew   Delay    Time   Description
-----------------------------------------------------------------------------
                          0.00    0.00   clock core_clock (rise edge)
                          0.00    0.00   clock source latency
     1    0.01    0.00    0.00    0.00 ^ clk (in)
                                         clk (net)
                  0.00    0.00    0.00 ^ clkbuf_0_clk/A (sky130_fd_sc_hd__clkbuf_16)
     2    0.02    0.04    0.11    0.11 ^ clkbuf_0_clk/X (sky130_fd_sc_hd__clkbuf_16)
                                         clknet_0_clk (net)
                  0.04    0.00    0.11 ^ clkbuf_1_0__f_clk/A (sky130_fd_sc_hd__clkbuf_16)
     2    0.01    0.03    0.11    0.22 ^ clkbuf_1_0__f_clk/X (sky130_fd_sc_hd__clkbuf_16)
                                         clknet_1_0__leaf_clk (net)
                  0.03    0.00    0.22 ^ _43_/CLK (sky130_fd_sc_hd__dfrtp_4)
    10    0.03    0.10    0.51    0.73 v _43_/Q (sky130_fd_sc_hd__dfrtp_4)
                                         net3 (net)
                  0.10    0.00    0.73 v _20_/A (sky130_fd_sc_hd__xor2_1)
     1    0.00    0.05    0.18    0.91 v _20_/X (sky130_fd_sc_hd__xor2_1)
                                         _01_ (net)
                  0.05    0.00    0.91 v _43_/D (sky130_fd_sc_hd__dfrtp_4)
                                  0.91   data arrival time

                         10.00   10.00   clock core_clock (rise edge)
                          0.00   10.00   clock source latency
     1    0.01    0.00    0.00   10.00 ^ clk (in)
                                         clk (net)
                  0.00    0.00   10.00 ^ clkbuf_0_clk/A (sky130_fd_sc_hd__clkbuf_16)
     2    0.02    0.04    0.11   10.11 ^ clkbuf_0_clk/X (sky130_fd_sc_hd__clkbuf_16)
                                         clknet_0_clk (net)
                  0.04    0.00   10.11 ^ clkbuf_1_0__f_clk/A (sky130_fd_sc_hd__clkbuf_16)
     2    0.01    0.03    0.11   10.22 ^ clkbuf_1_0__f_clk/X (sky130_fd_sc_hd__clkbuf_16)
                                         clknet_1_0__leaf_clk (net)
                  0.03    0.00   10.22 ^ _43_/CLK (sky130_fd_sc_hd__dfrtp_4)
                          0.00   10.22   clock reconvergence pessimism
                         -0.12   10.09   library setup time
                                 10.09   data required time
-----------------------------------------------------------------------------
                                 10.09   data required time
                                 -0.91   data arrival time
-----------------------------------------------------------------------------
                                  9.18   slack (MET)



worst slack corner Typical: 8.5405
