
===========================================================================
report_checks -path_delay min (Hold)
============================================================================
======================= Fastest Corner ===================================

Startpoint: in[7] (input port clocked by __VIRTUAL_CLK__)
Endpoint: out[7] (output port clocked by __VIRTUAL_CLK__)
Path Group: __VIRTUAL_CLK__
Path Type: min
Corner: Fastest

Fanout     Cap    Slew   Delay    Time   Description
-----------------------------------------------------------------------------
                  0.00    0.00    0.00   clock __VIRTUAL_CLK__ (rise edge)
                          0.00    0.00   clock network delay (ideal)
                          2.00    2.00 ^ input external delay
     1    0.00    0.02    0.01    2.01 ^ in[7] (in)
                                         in[7] (net)
                  0.02    0.00    2.01 ^ input8/A (sky130_fd_sc_hd__clkbuf_1)
     1    0.01    0.07    0.07    2.08 ^ input8/X (sky130_fd_sc_hd__clkbuf_1)
                                         net8 (net)
                  0.07    0.00    2.08 ^ _18_/A (sky130_fd_sc_hd__xor2_1)
     1    0.00    0.03    0.05    2.13 v _18_/X (sky130_fd_sc_hd__xor2_1)
                                         net16 (net)
                  0.03    0.00    2.13 v output16/A (sky130_fd_sc_hd__clkbuf_4)
     1    0.03    0.06    0.12    2.24 v output16/X (sky130_fd_sc_hd__clkbuf_4)
                                         out[7] (net)
                  0.06    0.00    2.24 v out[7] (out)
                                  2.24   data arrival time

                  0.00    0.00    0.00   clock __VIRTUAL_CLK__ (rise edge)
                          0.00    0.00   clock network delay (ideal)
                          0.25    0.25   clock uncertainty
                          0.00    0.25   clock reconvergence pessimism
                         -2.00   -1.75   output external delay
                                 -1.75   data required time
-----------------------------------------------------------------------------
                                 -1.75   data required time
                                 -2.24   data arrival time
-----------------------------------------------------------------------------
                                  3.99   slack (MET)


Startpoint: in[3] (input port clocked by __VIRTUAL_CLK__)
Endpoint: out[3] (output port clocked by __VIRTUAL_CLK__)
Path Group: __VIRTUAL_CLK__
Path Type: min
Corner: Fastest

Fanout     Cap    Slew   Delay    Time   Description
-----------------------------------------------------------------------------
                  0.00    0.00    0.00   clock __VIRTUAL_CLK__ (rise edge)
                          0.00    0.00   clock network delay (ideal)
                          2.00    2.00 ^ input external delay
     1    0.00    0.01    0.01    2.01 ^ in[3] (in)
                                         in[3] (net)
                  0.01    0.00    2.01 ^ input4/A (sky130_fd_sc_hd__clkbuf_1)
     2    0.01    0.08    0.08    2.09 ^ input4/X (sky130_fd_sc_hd__clkbuf_1)
                                         net4 (net)
                  0.08    0.00    2.09 ^ _24_/A1 (sky130_fd_sc_hd__a21boi_1)
     1    0.01    0.03    0.05    2.14 v _24_/Y (sky130_fd_sc_hd__a21boi_1)
                                         net12 (net)
                  0.03    0.00    2.14 v output12/A (sky130_fd_sc_hd__buf_2)
     1    0.03    0.06    0.11    2.25 v output12/X (sky130_fd_sc_hd__buf_2)
                                         out[3] (net)
                  0.06    0.00    2.25 v out[3] (out)
                                  2.25   data arrival time

                  0.00    0.00    0.00   clock __VIRTUAL_CLK__ (rise edge)
                          0.00    0.00   clock network delay (ideal)
                          0.25    0.25   clock uncertainty
                          0.00    0.25   clock reconvergence pessimism
                         -2.00   -1.75   output external delay
                                 -1.75   data required time
-----------------------------------------------------------------------------
                                 -1.75   data required time
                                 -2.25   data arrival time
-----------------------------------------------------------------------------
                                  4.00   slack (MET)


Startpoint: in[5] (input port clocked by __VIRTUAL_CLK__)
Endpoint: out[5] (output port clocked by __VIRTUAL_CLK__)
Path Group: __VIRTUAL_CLK__
Path Type: min
Corner: Fastest

Fanout     Cap    Slew   Delay    Time   Description
-----------------------------------------------------------------------------
                  0.00    0.00    0.00   clock __VIRTUAL_CLK__ (rise edge)
                          0.00    0.00   clock network delay (ideal)
                          2.00    2.00 v input external delay
     1    0.00    0.00    0.00    2.00 v in[5] (in)
                                         in[5] (net)
                  0.00    0.00    2.00 v input6/A (sky130_fd_sc_hd__buf_1)
     3    0.02    0.07    0.08    2.09 v input6/X (sky130_fd_sc_hd__buf_1)
                                         net6 (net)
                  0.07    0.00    2.09 v _13_/A (sky130_fd_sc_hd__xnor2_1)
     1    0.00    0.03    0.09    2.18 v _13_/Y (sky130_fd_sc_hd__xnor2_1)
                                         net14 (net)
                  0.03    0.00    2.18 v output14/A (sky130_fd_sc_hd__buf_2)
     1    0.03    0.06    0.11    2.29 v output14/X (sky130_fd_sc_hd__buf_2)
                                         out[5] (net)
                  0.06    0.00    2.29 v out[5] (out)
                                  2.29   data arrival time

                  0.00    0.00    0.00   clock __VIRTUAL_CLK__ (rise edge)
                          0.00    0.00   clock network delay (ideal)
                          0.25    0.25   clock uncertainty
                          0.00    0.25   clock reconvergence pessimism
                         -2.00   -1.75   output external delay
                                 -1.75   data required time
-----------------------------------------------------------------------------
                                 -1.75   data required time
                                 -2.29   data arrival time
-----------------------------------------------------------------------------
                                  4.04   slack (MET)


Startpoint: in[1] (input port clocked by __VIRTUAL_CLK__)
Endpoint: out[1] (output port clocked by __VIRTUAL_CLK__)
Path Group: __VIRTUAL_CLK__
Path Type: min
Corner: Fastest

Fanout     Cap    Slew   Delay    Time   Description
-----------------------------------------------------------------------------
                  0.00    0.00    0.00   clock __VIRTUAL_CLK__ (rise edge)
                          0.00    0.00   clock network delay (ideal)
                          2.00    2.00 ^ input external delay
     1    0.00    0.01    0.01    2.01 ^ in[1] (in)
                                         in[1] (net)
                  0.01    0.00    2.01 ^ input2/A (sky130_fd_sc_hd__buf_1)
     4    0.02    0.16    0.13    2.14 ^ input2/X (sky130_fd_sc_hd__buf_1)
                                         net2 (net)
                  0.16    0.00    2.14 ^ _19_/A (sky130_fd_sc_hd__xor2_1)
     1    0.01    0.03    0.06    2.20 v _19_/X (sky130_fd_sc_hd__xor2_1)
                                         net10 (net)
                  0.03    0.00    2.20 v output10/A (sky130_fd_sc_hd__buf_2)
     1    0.03    0.06    0.11    2.31 v output10/X (sky130_fd_sc_hd__buf_2)
                                         out[1] (net)
                  0.06    0.00    2.31 v out[1] (out)
                                  2.31   data arrival time

                  0.00    0.00    0.00   clock __VIRTUAL_CLK__ (rise edge)
                          0.00    0.00   clock network delay (ideal)
                          0.25    0.25   clock uncertainty
                          0.00    0.25   clock reconvergence pessimism
                         -2.00   -1.75   output external delay
                                 -1.75   data required time
-----------------------------------------------------------------------------
                                 -1.75   data required time
                                 -2.31   data arrival time
-----------------------------------------------------------------------------
                                  4.06   slack (MET)


Startpoint: in[0] (input port clocked by __VIRTUAL_CLK__)
Endpoint: out[0] (output port clocked by __VIRTUAL_CLK__)
Path Group: __VIRTUAL_CLK__
Path Type: min
Corner: Fastest

Fanout     Cap    Slew   Delay    Time   Description
-----------------------------------------------------------------------------
                  0.00    0.00    0.00   clock __VIRTUAL_CLK__ (rise edge)
                          0.00    0.00   clock network delay (ideal)
                          2.00    2.00 v input external delay
     1    0.00    0.00    0.00    2.00 v in[0] (in)
                                         in[0] (net)
                  0.00    0.00    2.00 v input1/A (sky130_fd_sc_hd__dlymetal6s2s_1)
     5    0.02    0.08    0.12    2.12 v input1/X (sky130_fd_sc_hd__dlymetal6s2s_1)
                                         net1 (net)
                  0.08    0.00    2.12 v _25_/A (sky130_fd_sc_hd__clkbuf_1)
     1    0.01    0.04    0.09    2.21 v _25_/X (sky130_fd_sc_hd__clkbuf_1)
                                         net9 (net)
                  0.04    0.00    2.21 v output9/A (sky130_fd_sc_hd__buf_2)
     1    0.03    0.06    0.11    2.33 v output9/X (sky130_fd_sc_hd__buf_2)
                                         out[0] (net)
                  0.06    0.00    2.33 v out[0] (out)
                                  2.33   data arrival time

                  0.00    0.00    0.00   clock __VIRTUAL_CLK__ (rise edge)
                          0.00    0.00   clock network delay (ideal)
                          0.25    0.25   clock uncertainty
                          0.00    0.25   clock reconvergence pessimism
                         -2.00   -1.75   output external delay
                                 -1.75   data required time
-----------------------------------------------------------------------------
                                 -1.75   data required time
                                 -2.33   data arrival time
-----------------------------------------------------------------------------
                                  4.08   slack (MET)


Startpoint: in[4] (input port clocked by __VIRTUAL_CLK__)
Endpoint: out[4] (output port clocked by __VIRTUAL_CLK__)
Path Group: __VIRTUAL_CLK__
Path Type: min
Corner: Fastest

Fanout     Cap    Slew   Delay    Time   Description
-----------------------------------------------------------------------------
                  0.00    0.00    0.00   clock __VIRTUAL_CLK__ (rise edge)
                          0.00    0.00   clock network delay (ideal)
                          2.00    2.00 ^ input external delay
     1    0.00    0.01    0.01    2.01 ^ in[4] (in)
                                         in[4] (net)
                  0.01    0.00    2.01 ^ input5/A (sky130_fd_sc_hd__buf_1)
     4    0.02    0.15    0.13    2.13 ^ input5/X (sky130_fd_sc_hd__buf_1)
                                         net5 (net)
                  0.15    0.00    2.13 ^ _11_/A (sky130_fd_sc_hd__and2_1)
     1    0.01    0.05    0.10    2.23 ^ _11_/X (sky130_fd_sc_hd__and2_1)
                                         _02_ (net)
                  0.05    0.00    2.23 ^ _12_/B (sky130_fd_sc_hd__nor2_1)
     1    0.01    0.03    0.03    2.27 v _12_/Y (sky130_fd_sc_hd__nor2_1)
                                         net13 (net)
                  0.03    0.00    2.27 v output13/A (sky130_fd_sc_hd__buf_2)
     1    0.03    0.06    0.11    2.38 v output13/X (sky130_fd_sc_hd__buf_2)
                                         out[4] (net)
                  0.06    0.00    2.38 v out[4] (out)
                                  2.38   data arrival time

                  0.00    0.00    0.00   clock __VIRTUAL_CLK__ (rise edge)
                          0.00    0.00   clock network delay (ideal)
                          0.25    0.25   clock uncertainty
                          0.00    0.25   clock reconvergence pessimism
                         -2.00   -1.75   output external delay
                                 -1.75   data required time
-----------------------------------------------------------------------------
                                 -1.75   data required time
                                 -2.38   data arrival time
-----------------------------------------------------------------------------
                                  4.13   slack (MET)


Startpoint: in[2] (input port clocked by __VIRTUAL_CLK__)
Endpoint: out[2] (output port clocked by __VIRTUAL_CLK__)
Path Group: __VIRTUAL_CLK__
Path Type: min
Corner: Fastest

Fanout     Cap    Slew   Delay    Time   Description
-----------------------------------------------------------------------------
                  0.00    0.00    0.00   clock __VIRTUAL_CLK__ (rise edge)
                          0.00    0.00   clock network delay (ideal)
                          2.00    2.00 ^ input external delay
     1    0.00    0.02    0.01    2.01 ^ in[2] (in)
                                         in[2] (net)
                  0.02    0.00    2.01 ^ input3/A (sky130_fd_sc_hd__buf_1)
     3    0.01    0.11    0.10    2.11 ^ input3/X (sky130_fd_sc_hd__buf_1)
                                         net3 (net)
                  0.11    0.00    2.11 ^ _21_/B1 (sky130_fd_sc_hd__o21ai_1)
     1    0.00    0.04    0.03    2.14 v _21_/Y (sky130_fd_sc_hd__o21ai_1)
                                         _07_ (net)
                  0.04    0.00    2.14 v _22_/B (sky130_fd_sc_hd__and2_1)
     1    0.00    0.02    0.09    2.23 v _22_/X (sky130_fd_sc_hd__and2_1)
                                         _08_ (net)
                  0.02    0.00    2.23 v _23_/A (sky130_fd_sc_hd__clkbuf_1)
     1    0.01    0.03    0.06    2.29 v _23_/X (sky130_fd_sc_hd__clkbuf_1)
                                         net11 (net)
                  0.03    0.00    2.29 v output11/A (sky130_fd_sc_hd__buf_2)
     1    0.03    0.06    0.11    2.40 v output11/X (sky130_fd_sc_hd__buf_2)
                                         out[2] (net)
                  0.06    0.00    2.40 v out[2] (out)
                                  2.40   data arrival time

                  0.00    0.00    0.00   clock __VIRTUAL_CLK__ (rise edge)
                          0.00    0.00   clock network delay (ideal)
                          0.25    0.25   clock uncertainty
                          0.00    0.25   clock reconvergence pessimism
                         -2.00   -1.75   output external delay
                                 -1.75   data required time
-----------------------------------------------------------------------------
                                 -1.75   data required time
                                 -2.40   data arrival time
-----------------------------------------------------------------------------
                                  4.15   slack (MET)


Startpoint: in[6] (input port clocked by __VIRTUAL_CLK__)
Endpoint: out[6] (output port clocked by __VIRTUAL_CLK__)
Path Group: __VIRTUAL_CLK__
Path Type: min
Corner: Fastest

Fanout     Cap    Slew   Delay    Time   Description
-----------------------------------------------------------------------------
                  0.00    0.00    0.00   clock __VIRTUAL_CLK__ (rise edge)
                          0.00    0.00   clock network delay (ideal)
                          2.00    2.00 ^ input external delay
     1    0.00    0.01    0.01    2.01 ^ in[6] (in)
                                         in[6] (net)
                  0.01    0.00    2.01 ^ input7/A (sky130_fd_sc_hd__clkbuf_1)
     2    0.01    0.10    0.09    2.09 ^ input7/X (sky130_fd_sc_hd__clkbuf_1)
                                         net7 (net)
                  0.10    0.00    2.09 ^ _14_/B1 (sky130_fd_sc_hd__o31a_1)
     1    0.01    0.05    0.08    2.17 ^ _14_/X (sky130_fd_sc_hd__o31a_1)
                                         _03_ (net)
                  0.05    0.00    2.17 ^ _16_/A_N (sky130_fd_sc_hd__and2b_1)
     1    0.00    0.03    0.11    2.28 v _16_/X (sky130_fd_sc_hd__and2b_1)
                                         _05_ (net)
                  0.03    0.00    2.28 v _17_/A (sky130_fd_sc_hd__clkbuf_1)
     1    0.01    0.04    0.07    2.35 v _17_/X (sky130_fd_sc_hd__clkbuf_1)
                                         net15 (net)
                  0.04    0.00    2.35 v output15/A (sky130_fd_sc_hd__buf_2)
     1    0.03    0.06    0.11    2.47 v output15/X (sky130_fd_sc_hd__buf_2)
                                         out[6] (net)
                  0.06    0.00    2.47 v out[6] (out)
                                  2.47   data arrival time

                  0.00    0.00    0.00   clock __VIRTUAL_CLK__ (rise edge)
                          0.00    0.00   clock network delay (ideal)
                          0.25    0.25   clock uncertainty
                          0.00    0.25   clock reconvergence pessimism
                         -2.00   -1.75   output external delay
                                 -1.75   data required time
-----------------------------------------------------------------------------
                                 -1.75   data required time
                                 -2.47   data arrival time
-----------------------------------------------------------------------------
                                  4.22   slack (MET)



worst slack corner Fastest: 3.9937
======================= Slowest Corner ===================================

Startpoint: in[7] (input port clocked by __VIRTUAL_CLK__)
Endpoint: out[7] (output port clocked by __VIRTUAL_CLK__)
Path Group: __VIRTUAL_CLK__
Path Type: min
Corner: Slowest

Fanout     Cap    Slew   Delay    Time   Description
-----------------------------------------------------------------------------
                  0.00    0.00    0.00   clock __VIRTUAL_CLK__ (rise edge)
                          0.00    0.00   clock network delay (ideal)
                          2.00    2.00 ^ input external delay
     1    0.00    0.04    0.02    2.02 ^ in[7] (in)
                                         in[7] (net)
                  0.04    0.00    2.02 ^ input8/A (sky130_fd_sc_hd__clkbuf_1)
     1    0.01    0.15    0.18    2.20 ^ input8/X (sky130_fd_sc_hd__clkbuf_1)
                                         net8 (net)
                  0.15    0.00    2.20 ^ _18_/A (sky130_fd_sc_hd__xor2_1)
     1    0.00    0.08    0.17    2.37 v _18_/X (sky130_fd_sc_hd__xor2_1)
                                         net16 (net)
                  0.08    0.00    2.37 v output16/A (sky130_fd_sc_hd__clkbuf_4)
     1    0.03    0.14    0.31    2.69 v output16/X (sky130_fd_sc_hd__clkbuf_4)
                                         out[7] (net)
                  0.14    0.00    2.69 v out[7] (out)
                                  2.69   data arrival time

                  0.00    0.00    0.00   clock __VIRTUAL_CLK__ (rise edge)
                          0.00    0.00   clock network delay (ideal)
                          0.25    0.25   clock uncertainty
                          0.00    0.25   clock reconvergence pessimism
                         -2.00   -1.75   output external delay
                                 -1.75   data required time
-----------------------------------------------------------------------------
                                 -1.75   data required time
                                 -2.69   data arrival time
-----------------------------------------------------------------------------
                                  4.44   slack (MET)


Startpoint: in[3] (input port clocked by __VIRTUAL_CLK__)
Endpoint: out[3] (output port clocked by __VIRTUAL_CLK__)
Path Group: __VIRTUAL_CLK__
Path Type: min
Corner: Slowest

Fanout     Cap    Slew   Delay    Time   Description
-----------------------------------------------------------------------------
                  0.00    0.00    0.00   clock __VIRTUAL_CLK__ (rise edge)
                          0.00    0.00   clock network delay (ideal)
                          2.00    2.00 ^ input external delay
     1    0.00    0.03    0.02    2.02 ^ in[3] (in)
                                         in[3] (net)
                  0.03    0.00    2.02 ^ input4/A (sky130_fd_sc_hd__clkbuf_1)
     2    0.01    0.17    0.20    2.21 ^ input4/X (sky130_fd_sc_hd__clkbuf_1)
                                         net4 (net)
                  0.17    0.00    2.21 ^ _24_/A1 (sky130_fd_sc_hd__a21boi_1)
     1    0.01    0.09    0.19    2.40 v _24_/Y (sky130_fd_sc_hd__a21boi_1)
                                         net12 (net)
                  0.09    0.00    2.40 v output12/A (sky130_fd_sc_hd__buf_2)
     1    0.03    0.16    0.34    2.74 v output12/X (sky130_fd_sc_hd__buf_2)
                                         out[3] (net)
                  0.16    0.00    2.74 v out[3] (out)
                                  2.74   data arrival time

                  0.00    0.00    0.00   clock __VIRTUAL_CLK__ (rise edge)
                          0.00    0.00   clock network delay (ideal)
                          0.25    0.25   clock uncertainty
                          0.00    0.25   clock reconvergence pessimism
                         -2.00   -1.75   output external delay
                                 -1.75   data required time
-----------------------------------------------------------------------------
                                 -1.75   data required time
                                 -2.74   data arrival time
-----------------------------------------------------------------------------
                                  4.49   slack (MET)


Startpoint: in[5] (input port clocked by __VIRTUAL_CLK__)
Endpoint: out[5] (output port clocked by __VIRTUAL_CLK__)
Path Group: __VIRTUAL_CLK__
Path Type: min
Corner: Slowest

Fanout     Cap    Slew   Delay    Time   Description
-----------------------------------------------------------------------------
                  0.00    0.00    0.00   clock __VIRTUAL_CLK__ (rise edge)
                          0.00    0.00   clock network delay (ideal)
                          2.00    2.00 v input external delay
     1    0.00    0.02    0.01    2.01 v in[5] (in)
                                         in[5] (net)
                  0.02    0.00    2.01 v input6/A (sky130_fd_sc_hd__buf_1)
     3    0.02    0.20    0.24    2.25 v input6/X (sky130_fd_sc_hd__buf_1)
                                         net6 (net)
                  0.20    0.00    2.25 v _13_/A (sky130_fd_sc_hd__xnor2_1)
     1    0.00    0.10    0.28    2.53 v _13_/Y (sky130_fd_sc_hd__xnor2_1)
                                         net14 (net)
                  0.10    0.00    2.53 v output14/A (sky130_fd_sc_hd__buf_2)
     1    0.03    0.17    0.34    2.87 v output14/X (sky130_fd_sc_hd__buf_2)
                                         out[5] (net)
                  0.17    0.00    2.87 v out[5] (out)
                                  2.87   data arrival time

                  0.00    0.00    0.00   clock __VIRTUAL_CLK__ (rise edge)
                          0.00    0.00   clock network delay (ideal)
                          0.25    0.25   clock uncertainty
                          0.00    0.25   clock reconvergence pessimism
                         -2.00   -1.75   output external delay
                                 -1.75   data required time
-----------------------------------------------------------------------------
                                 -1.75   data required time
                                 -2.87   data arrival time
-----------------------------------------------------------------------------
                                  4.62   slack (MET)


Startpoint: in[1] (input port clocked by __VIRTUAL_CLK__)
Endpoint: out[1] (output port clocked by __VIRTUAL_CLK__)
Path Group: __VIRTUAL_CLK__
Path Type: min
Corner: Slowest

Fanout     Cap    Slew   Delay    Time   Description
-----------------------------------------------------------------------------
                  0.00    0.00    0.00   clock __VIRTUAL_CLK__ (rise edge)
                          0.00    0.00   clock network delay (ideal)
                          2.00    2.00 ^ input external delay
     1    0.00    0.03    0.02    2.02 ^ in[1] (in)
                                         in[1] (net)
                  0.03    0.00    2.02 ^ input2/A (sky130_fd_sc_hd__buf_1)
     4    0.02    0.34    0.31    2.33 ^ input2/X (sky130_fd_sc_hd__buf_1)
                                         net2 (net)
                  0.34    0.00    2.33 ^ _19_/A (sky130_fd_sc_hd__xor2_1)
     1    0.01    0.09    0.24    2.57 v _19_/X (sky130_fd_sc_hd__xor2_1)
                                         net10 (net)
                  0.09    0.00    2.57 v output10/A (sky130_fd_sc_hd__buf_2)
     1    0.03    0.16    0.33    2.90 v output10/X (sky130_fd_sc_hd__buf_2)
                                         out[1] (net)
                  0.16    0.00    2.90 v out[1] (out)
                                  2.90   data arrival time

                  0.00    0.00    0.00   clock __VIRTUAL_CLK__ (rise edge)
                          0.00    0.00   clock network delay (ideal)
                          0.25    0.25   clock uncertainty
                          0.00    0.25   clock reconvergence pessimism
                         -2.00   -1.75   output external delay
                                 -1.75   data required time
-----------------------------------------------------------------------------
                                 -1.75   data required time
                                 -2.90   data arrival time
-----------------------------------------------------------------------------
                                  4.65   slack (MET)


Startpoint: in[0] (input port clocked by __VIRTUAL_CLK__)
Endpoint: out[0] (output port clocked by __VIRTUAL_CLK__)
Path Group: __VIRTUAL_CLK__
Path Type: min
Corner: Slowest

Fanout     Cap    Slew   Delay    Time   Description
-----------------------------------------------------------------------------
                  0.00    0.00    0.00   clock __VIRTUAL_CLK__ (rise edge)
                          0.00    0.00   clock network delay (ideal)
                          2.00    2.00 v input external delay
     1    0.00    0.02    0.01    2.01 v in[0] (in)
                                         in[0] (net)
                  0.02    0.00    2.01 v input1/A (sky130_fd_sc_hd__dlymetal6s2s_1)
     5    0.02    0.23    0.38    2.38 v input1/X (sky130_fd_sc_hd__dlymetal6s2s_1)
                                         net1 (net)
                  0.23    0.00    2.39 v _25_/A (sky130_fd_sc_hd__clkbuf_1)
     1    0.01    0.11    0.27    2.65 v _25_/X (sky130_fd_sc_hd__clkbuf_1)
                                         net9 (net)
                  0.11    0.00    2.65 v output9/A (sky130_fd_sc_hd__buf_2)
     1    0.03    0.17    0.34    3.00 v output9/X (sky130_fd_sc_hd__buf_2)
                                         out[0] (net)
                  0.17    0.00    3.00 v out[0] (out)
                                  3.00   data arrival time

                  0.00    0.00    0.00   clock __VIRTUAL_CLK__ (rise edge)
                          0.00    0.00   clock network delay (ideal)
                          0.25    0.25   clock uncertainty
                          0.00    0.25   clock reconvergence pessimism
                         -2.00   -1.75   output external delay
                                 -1.75   data required time
-----------------------------------------------------------------------------
                                 -1.75   data required time
                                 -3.00   data arrival time
-----------------------------------------------------------------------------
                                  4.75   slack (MET)


Startpoint: in[4] (input port clocked by __VIRTUAL_CLK__)
Endpoint: out[4] (output port clocked by __VIRTUAL_CLK__)
Path Group: __VIRTUAL_CLK__
Path Type: min
Corner: Slowest

Fanout     Cap    Slew   Delay    Time   Description
-----------------------------------------------------------------------------
                  0.00    0.00    0.00   clock __VIRTUAL_CLK__ (rise edge)
                          0.00    0.00   clock network delay (ideal)
                          2.00    2.00 ^ input external delay
     1    0.00    0.03    0.01    2.01 ^ in[4] (in)
                                         in[4] (net)
                  0.03    0.00    2.01 ^ input5/A (sky130_fd_sc_hd__buf_1)
     4    0.02    0.33    0.30    2.32 ^ input5/X (sky130_fd_sc_hd__buf_1)
                                         net5 (net)
                  0.33    0.00    2.32 ^ _11_/A (sky130_fd_sc_hd__and2_1)
     1    0.01    0.12    0.34    2.65 ^ _11_/X (sky130_fd_sc_hd__and2_1)
                                         _02_ (net)
                  0.12    0.00    2.65 ^ _12_/B (sky130_fd_sc_hd__nor2_1)
     1    0.01    0.07    0.11    2.76 v _12_/Y (sky130_fd_sc_hd__nor2_1)
                                         net13 (net)
                  0.07    0.00    2.76 v output13/A (sky130_fd_sc_hd__buf_2)
     1    0.03    0.16    0.32    3.09 v output13/X (sky130_fd_sc_hd__buf_2)
                                         out[4] (net)
                  0.16    0.00    3.09 v out[4] (out)
                                  3.09   data arrival time

                  0.00    0.00    0.00   clock __VIRTUAL_CLK__ (rise edge)
                          0.00    0.00   clock network delay (ideal)
                          0.25    0.25   clock uncertainty
                          0.00    0.25   clock reconvergence pessimism
                         -2.00   -1.75   output external delay
                                 -1.75   data required time
-----------------------------------------------------------------------------
                                 -1.75   data required time
                                 -3.09   data arrival time
-----------------------------------------------------------------------------
                                  4.84   slack (MET)


Startpoint: in[2] (input port clocked by __VIRTUAL_CLK__)
Endpoint: out[2] (output port clocked by __VIRTUAL_CLK__)
Path Group: __VIRTUAL_CLK__
Path Type: min
Corner: Slowest

Fanout     Cap    Slew   Delay    Time   Description
-----------------------------------------------------------------------------
                  0.00    0.00    0.00   clock __VIRTUAL_CLK__ (rise edge)
                          0.00    0.00   clock network delay (ideal)
                          2.00    2.00 v input external delay
     1    0.00    0.02    0.01    2.01 v in[2] (in)
                                         in[2] (net)
                  0.02    0.00    2.01 v input3/A (sky130_fd_sc_hd__buf_1)
     3    0.01    0.14    0.20    2.21 v input3/X (sky130_fd_sc_hd__buf_1)
                                         net3 (net)
                  0.14    0.00    2.21 v _21_/B1 (sky130_fd_sc_hd__o21ai_1)
     1    0.00    0.15    0.16    2.37 ^ _21_/Y (sky130_fd_sc_hd__o21ai_1)
                                         _07_ (net)
                  0.15    0.00    2.37 ^ _22_/B (sky130_fd_sc_hd__and2_1)
     1    0.00    0.08    0.24    2.61 ^ _22_/X (sky130_fd_sc_hd__and2_1)
                                         _08_ (net)
                  0.08    0.00    2.61 ^ _23_/A (sky130_fd_sc_hd__clkbuf_1)
     1    0.01    0.11    0.18    2.79 ^ _23_/X (sky130_fd_sc_hd__clkbuf_1)
                                         net11 (net)
                  0.11    0.00    2.79 ^ output11/A (sky130_fd_sc_hd__buf_2)
     1    0.03    0.27    0.34    3.13 ^ output11/X (sky130_fd_sc_hd__buf_2)
                                         out[2] (net)
                  0.27    0.00    3.13 ^ out[2] (out)
                                  3.13   data arrival time

                  0.00    0.00    0.00   clock __VIRTUAL_CLK__ (rise edge)
                          0.00    0.00   clock network delay (ideal)
                          0.25    0.25   clock uncertainty
                          0.00    0.25   clock reconvergence pessimism
                         -2.00   -1.75   output external delay
                                 -1.75   data required time
-----------------------------------------------------------------------------
                                 -1.75   data required time
                                 -3.13   data arrival time
-----------------------------------------------------------------------------
                                  4.88   slack (MET)


Startpoint: in[6] (input port clocked by __VIRTUAL_CLK__)
Endpoint: out[6] (output port clocked by __VIRTUAL_CLK__)
Path Group: __VIRTUAL_CLK__
Path Type: min
Corner: Slowest

Fanout     Cap    Slew   Delay    Time   Description
-----------------------------------------------------------------------------
                  0.00    0.00    0.00   clock __VIRTUAL_CLK__ (rise edge)
                          0.00    0.00   clock network delay (ideal)
                          2.00    2.00 ^ input external delay
     1    0.00    0.03    0.01    2.01 ^ in[6] (in)
                                         in[6] (net)
                  0.03    0.00    2.01 ^ input7/A (sky130_fd_sc_hd__clkbuf_1)
     2    0.01    0.20    0.22    2.23 ^ input7/X (sky130_fd_sc_hd__clkbuf_1)
                                         net7 (net)
                  0.20    0.00    2.23 ^ _15_/C (sky130_fd_sc_hd__or4_1)
     2    0.01    0.15    0.29    2.52 ^ _15_/X (sky130_fd_sc_hd__or4_1)
                                         _04_ (net)
                  0.15    0.00    2.52 ^ _16_/B (sky130_fd_sc_hd__and2b_1)
     1    0.00    0.10    0.27    2.78 ^ _16_/X (sky130_fd_sc_hd__and2b_1)
                                         _05_ (net)
                  0.10    0.00    2.78 ^ _17_/A (sky130_fd_sc_hd__clkbuf_1)
     1    0.01    0.19    0.23    3.02 ^ _17_/X (sky130_fd_sc_hd__clkbuf_1)
                                         net15 (net)
                  0.19    0.00    3.02 ^ output15/A (sky130_fd_sc_hd__buf_2)
     1    0.03    0.27    0.38    3.40 ^ output15/X (sky130_fd_sc_hd__buf_2)
                                         out[6] (net)
                  0.27    0.00    3.40 ^ out[6] (out)
                                  3.40   data arrival time

                  0.00    0.00    0.00   clock __VIRTUAL_CLK__ (rise edge)
                          0.00    0.00   clock network delay (ideal)
                          0.25    0.25   clock uncertainty
                          0.00    0.25   clock reconvergence pessimism
                         -2.00   -1.75   output external delay
                                 -1.75   data required time
-----------------------------------------------------------------------------
                                 -1.75   data required time
                                 -3.40   data arrival time
-----------------------------------------------------------------------------
                                  5.15   slack (MET)



worst slack corner Slowest: 4.4370
======================= Typical Corner ===================================

Startpoint: in[7] (input port clocked by __VIRTUAL_CLK__)
Endpoint: out[7] (output port clocked by __VIRTUAL_CLK__)
Path Group: __VIRTUAL_CLK__
Path Type: min
Corner: Typical

Fanout     Cap    Slew   Delay    Time   Description
-----------------------------------------------------------------------------
                  0.00    0.00    0.00   clock __VIRTUAL_CLK__ (rise edge)
                          0.00    0.00   clock network delay (ideal)
                          2.00    2.00 ^ input external delay
     1    0.00    0.02    0.01    2.01 ^ in[7] (in)
                                         in[7] (net)
                  0.02    0.00    2.01 ^ input8/A (sky130_fd_sc_hd__clkbuf_1)
     1    0.01    0.09    0.10    2.11 ^ input8/X (sky130_fd_sc_hd__clkbuf_1)
                                         net8 (net)
                  0.09    0.00    2.12 ^ _18_/A (sky130_fd_sc_hd__xor2_1)
     1    0.00    0.04    0.08    2.19 v _18_/X (sky130_fd_sc_hd__xor2_1)
                                         net16 (net)
                  0.04    0.00    2.19 v output16/A (sky130_fd_sc_hd__clkbuf_4)
     1    0.03    0.08    0.17    2.37 v output16/X (sky130_fd_sc_hd__clkbuf_4)
                                         out[7] (net)
                  0.08    0.00    2.37 v out[7] (out)
                                  2.37   data arrival time

                  0.00    0.00    0.00   clock __VIRTUAL_CLK__ (rise edge)
                          0.00    0.00   clock network delay (ideal)
                          0.25    0.25   clock uncertainty
                          0.00    0.25   clock reconvergence pessimism
                         -2.00   -1.75   output external delay
                                 -1.75   data required time
-----------------------------------------------------------------------------
                                 -1.75   data required time
                                 -2.37   data arrival time
-----------------------------------------------------------------------------
                                  4.12   slack (MET)


Startpoint: in[3] (input port clocked by __VIRTUAL_CLK__)
Endpoint: out[3] (output port clocked by __VIRTUAL_CLK__)
Path Group: __VIRTUAL_CLK__
Path Type: min
Corner: Typical

Fanout     Cap    Slew   Delay    Time   Description
-----------------------------------------------------------------------------
                  0.00    0.00    0.00   clock __VIRTUAL_CLK__ (rise edge)
                          0.00    0.00   clock network delay (ideal)
                          2.00    2.00 ^ input external delay
     1    0.00    0.02    0.01    2.01 ^ in[3] (in)
                                         in[3] (net)
                  0.02    0.00    2.01 ^ input4/A (sky130_fd_sc_hd__clkbuf_1)
     2    0.01    0.11    0.11    2.12 ^ input4/X (sky130_fd_sc_hd__clkbuf_1)
                                         net4 (net)
                  0.11    0.00    2.12 ^ _24_/A1 (sky130_fd_sc_hd__a21boi_1)
     1    0.01    0.05    0.09    2.21 v _24_/Y (sky130_fd_sc_hd__a21boi_1)
                                         net12 (net)
                  0.05    0.00    2.21 v output12/A (sky130_fd_sc_hd__buf_2)
     1    0.03    0.09    0.17    2.38 v output12/X (sky130_fd_sc_hd__buf_2)
                                         out[3] (net)
                  0.09    0.00    2.38 v out[3] (out)
                                  2.38   data arrival time

                  0.00    0.00    0.00   clock __VIRTUAL_CLK__ (rise edge)
                          0.00    0.00   clock network delay (ideal)
                          0.25    0.25   clock uncertainty
                          0.00    0.25   clock reconvergence pessimism
                         -2.00   -1.75   output external delay
                                 -1.75   data required time
-----------------------------------------------------------------------------
                                 -1.75   data required time
                                 -2.38   data arrival time
-----------------------------------------------------------------------------
                                  4.13   slack (MET)


Startpoint: in[5] (input port clocked by __VIRTUAL_CLK__)
Endpoint: out[5] (output port clocked by __VIRTUAL_CLK__)
Path Group: __VIRTUAL_CLK__
Path Type: min
Corner: Typical

Fanout     Cap    Slew   Delay    Time   Description
-----------------------------------------------------------------------------
                  0.00    0.00    0.00   clock __VIRTUAL_CLK__ (rise edge)
                          0.00    0.00   clock network delay (ideal)
                          2.00    2.00 v input external delay
     1    0.00    0.01    0.00    2.00 v in[5] (in)
                                         in[5] (net)
                  0.01    0.00    2.00 v input6/A (sky130_fd_sc_hd__buf_1)
     3    0.02    0.10    0.13    2.13 v input6/X (sky130_fd_sc_hd__buf_1)
                                         net6 (net)
                  0.10    0.00    2.13 v _13_/A (sky130_fd_sc_hd__xnor2_1)
     1    0.00    0.05    0.15    2.28 v _13_/Y (sky130_fd_sc_hd__xnor2_1)
                                         net14 (net)
                  0.05    0.00    2.28 v output14/A (sky130_fd_sc_hd__buf_2)
     1    0.03    0.09    0.17    2.45 v output14/X (sky130_fd_sc_hd__buf_2)
                                         out[5] (net)
                  0.09    0.00    2.45 v out[5] (out)
                                  2.45   data arrival time

                  0.00    0.00    0.00   clock __VIRTUAL_CLK__ (rise edge)
                          0.00    0.00   clock network delay (ideal)
                          0.25    0.25   clock uncertainty
                          0.00    0.25   clock reconvergence pessimism
                         -2.00   -1.75   output external delay
                                 -1.75   data required time
-----------------------------------------------------------------------------
                                 -1.75   data required time
                                 -2.45   data arrival time
-----------------------------------------------------------------------------
                                  4.20   slack (MET)


Startpoint: in[1] (input port clocked by __VIRTUAL_CLK__)
Endpoint: out[1] (output port clocked by __VIRTUAL_CLK__)
Path Group: __VIRTUAL_CLK__
Path Type: min
Corner: Typical

Fanout     Cap    Slew   Delay    Time   Description
-----------------------------------------------------------------------------
                  0.00    0.00    0.00   clock __VIRTUAL_CLK__ (rise edge)
                          0.00    0.00   clock network delay (ideal)
                          2.00    2.00 ^ input external delay
     1    0.00    0.02    0.01    2.01 ^ in[1] (in)
                                         in[1] (net)
                  0.02    0.00    2.01 ^ input2/A (sky130_fd_sc_hd__buf_1)
     4    0.02    0.21    0.18    2.19 ^ input2/X (sky130_fd_sc_hd__buf_1)
                                         net2 (net)
                  0.21    0.00    2.19 ^ _19_/A (sky130_fd_sc_hd__xor2_1)
     1    0.01    0.05    0.11    2.30 v _19_/X (sky130_fd_sc_hd__xor2_1)
                                         net10 (net)
                  0.05    0.00    2.30 v output10/A (sky130_fd_sc_hd__buf_2)
     1    0.03    0.09    0.17    2.47 v output10/X (sky130_fd_sc_hd__buf_2)
                                         out[1] (net)
                  0.09    0.00    2.47 v out[1] (out)
                                  2.47   data arrival time

                  0.00    0.00    0.00   clock __VIRTUAL_CLK__ (rise edge)
                          0.00    0.00   clock network delay (ideal)
                          0.25    0.25   clock uncertainty
                          0.00    0.25   clock reconvergence pessimism
                         -2.00   -1.75   output external delay
                                 -1.75   data required time
-----------------------------------------------------------------------------
                                 -1.75   data required time
                                 -2.47   data arrival time
-----------------------------------------------------------------------------
                                  4.22   slack (MET)


Startpoint: in[0] (input port clocked by __VIRTUAL_CLK__)
Endpoint: out[0] (output port clocked by __VIRTUAL_CLK__)
Path Group: __VIRTUAL_CLK__
Path Type: min
Corner: Typical

Fanout     Cap    Slew   Delay    Time   Description
-----------------------------------------------------------------------------
                  0.00    0.00    0.00   clock __VIRTUAL_CLK__ (rise edge)
                          0.00    0.00   clock network delay (ideal)
                          2.00    2.00 v input external delay
     1    0.00    0.01    0.00    2.00 v in[0] (in)
                                         in[0] (net)
                  0.01    0.00    2.00 v input1/A (sky130_fd_sc_hd__dlymetal6s2s_1)
     5    0.02    0.12    0.18    2.19 v input1/X (sky130_fd_sc_hd__dlymetal6s2s_1)
                                         net1 (net)
                  0.12    0.00    2.19 v _25_/A (sky130_fd_sc_hd__clkbuf_1)
     1    0.01    0.06    0.14    2.33 v _25_/X (sky130_fd_sc_hd__clkbuf_1)
                                         net9 (net)
                  0.06    0.00    2.33 v output9/A (sky130_fd_sc_hd__buf_2)
     1    0.03    0.09    0.18    2.50 v output9/X (sky130_fd_sc_hd__buf_2)
                                         out[0] (net)
                  0.09    0.00    2.51 v out[0] (out)
                                  2.51   data arrival time

                  0.00    0.00    0.00   clock __VIRTUAL_CLK__ (rise edge)
                          0.00    0.00   clock network delay (ideal)
                          0.25    0.25   clock uncertainty
                          0.00    0.25   clock reconvergence pessimism
                         -2.00   -1.75   output external delay
                                 -1.75   data required time
-----------------------------------------------------------------------------
                                 -1.75   data required time
                                 -2.51   data arrival time
-----------------------------------------------------------------------------
                                  4.26   slack (MET)


Startpoint: in[4] (input port clocked by __VIRTUAL_CLK__)
Endpoint: out[4] (output port clocked by __VIRTUAL_CLK__)
Path Group: __VIRTUAL_CLK__
Path Type: min
Corner: Typical

Fanout     Cap    Slew   Delay    Time   Description
-----------------------------------------------------------------------------
                  0.00    0.00    0.00   clock __VIRTUAL_CLK__ (rise edge)
                          0.00    0.00   clock network delay (ideal)
                          2.00    2.00 ^ input external delay
     1    0.00    0.02    0.01    2.01 ^ in[4] (in)
                                         in[4] (net)
                  0.02    0.00    2.01 ^ input5/A (sky130_fd_sc_hd__buf_1)
     4    0.02    0.21    0.18    2.19 ^ input5/X (sky130_fd_sc_hd__buf_1)
                                         net5 (net)
                  0.21    0.00    2.19 ^ _11_/A (sky130_fd_sc_hd__and2_1)
     1    0.01    0.07    0.17    2.35 ^ _11_/X (sky130_fd_sc_hd__and2_1)
                                         _02_ (net)
                  0.07    0.00    2.36 ^ _12_/B (sky130_fd_sc_hd__nor2_1)
     1    0.01    0.04    0.05    2.41 v _12_/Y (sky130_fd_sc_hd__nor2_1)
                                         net13 (net)
                  0.04    0.00    2.41 v output13/A (sky130_fd_sc_hd__buf_2)
     1    0.03    0.09    0.17    2.58 v output13/X (sky130_fd_sc_hd__buf_2)
                                         out[4] (net)
                  0.09    0.00    2.58 v out[4] (out)
                                  2.58   data arrival time

                  0.00    0.00    0.00   clock __VIRTUAL_CLK__ (rise edge)
                          0.00    0.00   clock network delay (ideal)
                          0.25    0.25   clock uncertainty
                          0.00    0.25   clock reconvergence pessimism
                         -2.00   -1.75   output external delay
                                 -1.75   data required time
-----------------------------------------------------------------------------
                                 -1.75   data required time
                                 -2.58   data arrival time
-----------------------------------------------------------------------------
                                  4.33   slack (MET)


Startpoint: in[2] (input port clocked by __VIRTUAL_CLK__)
Endpoint: out[2] (output port clocked by __VIRTUAL_CLK__)
Path Group: __VIRTUAL_CLK__
Path Type: min
Corner: Typical

Fanout     Cap    Slew   Delay    Time   Description
-----------------------------------------------------------------------------
                  0.00    0.00    0.00   clock __VIRTUAL_CLK__ (rise edge)
                          0.00    0.00   clock network delay (ideal)
                          2.00    2.00 v input external delay
     1    0.00    0.01    0.00    2.00 v in[2] (in)
                                         in[2] (net)
                  0.01    0.00    2.00 v input3/A (sky130_fd_sc_hd__buf_1)
     3    0.01    0.07    0.11    2.11 v input3/X (sky130_fd_sc_hd__buf_1)
                                         net3 (net)
                  0.07    0.00    2.11 v _21_/B1 (sky130_fd_sc_hd__o21ai_1)
     1    0.00    0.08    0.08    2.20 ^ _21_/Y (sky130_fd_sc_hd__o21ai_1)
                                         _07_ (net)
                  0.08    0.00    2.20 ^ _22_/B (sky130_fd_sc_hd__and2_1)
     1    0.00    0.05    0.12    2.32 ^ _22_/X (sky130_fd_sc_hd__and2_1)
                                         _08_ (net)
                  0.05    0.00    2.32 ^ _23_/A (sky130_fd_sc_hd__clkbuf_1)
     1    0.01    0.07    0.09    2.41 ^ _23_/X (sky130_fd_sc_hd__clkbuf_1)
                                         net11 (net)
                  0.07    0.00    2.41 ^ output11/A (sky130_fd_sc_hd__buf_2)
     1    0.03    0.17    0.20    2.61 ^ output11/X (sky130_fd_sc_hd__buf_2)
                                         out[2] (net)
                  0.17    0.00    2.61 ^ out[2] (out)
                                  2.61   data arrival time

                  0.00    0.00    0.00   clock __VIRTUAL_CLK__ (rise edge)
                          0.00    0.00   clock network delay (ideal)
                          0.25    0.25   clock uncertainty
                          0.00    0.25   clock reconvergence pessimism
                         -2.00   -1.75   output external delay
                                 -1.75   data required time
-----------------------------------------------------------------------------
                                 -1.75   data required time
                                 -2.61   data arrival time
-----------------------------------------------------------------------------
                                  4.36   slack (MET)


Startpoint: in[6] (input port clocked by __VIRTUAL_CLK__)
Endpoint: out[6] (output port clocked by __VIRTUAL_CLK__)
Path Group: __VIRTUAL_CLK__
Path Type: min
Corner: Typical

Fanout     Cap    Slew   Delay    Time   Description
-----------------------------------------------------------------------------
                  0.00    0.00    0.00   clock __VIRTUAL_CLK__ (rise edge)
                          0.00    0.00   clock network delay (ideal)
                          2.00    2.00 v input external delay
     1    0.00    0.01    0.00    2.00 v in[6] (in)
                                         in[6] (net)
                  0.01    0.00    2.00 v input7/A (sky130_fd_sc_hd__clkbuf_1)
     2    0.01    0.06    0.10    2.10 v input7/X (sky130_fd_sc_hd__clkbuf_1)
                                         net7 (net)
                  0.06    0.00    2.10 v _14_/B1 (sky130_fd_sc_hd__o31a_1)
     1    0.01    0.04    0.11    2.21 v _14_/X (sky130_fd_sc_hd__o31a_1)
                                         _03_ (net)
                  0.04    0.00    2.21 v _16_/A_N (sky130_fd_sc_hd__and2b_1)
     1    0.01    0.06    0.18    2.40 ^ _16_/X (sky130_fd_sc_hd__and2b_1)
                                         _05_ (net)
                  0.06    0.00    2.40 ^ _17_/A (sky130_fd_sc_hd__clkbuf_1)
     1    0.01    0.12    0.13    2.53 ^ _17_/X (sky130_fd_sc_hd__clkbuf_1)
                                         net15 (net)
                  0.12    0.00    2.53 ^ output15/A (sky130_fd_sc_hd__buf_2)
     1    0.03    0.17    0.21    2.74 ^ output15/X (sky130_fd_sc_hd__buf_2)
                                         out[6] (net)
                  0.17    0.00    2.74 ^ out[6] (out)
                                  2.74   data arrival time

                  0.00    0.00    0.00   clock __VIRTUAL_CLK__ (rise edge)
                          0.00    0.00   clock network delay (ideal)
                          0.25    0.25   clock uncertainty
                          0.00    0.25   clock reconvergence pessimism
                         -2.00   -1.75   output external delay
                                 -1.75   data required time
-----------------------------------------------------------------------------
                                 -1.75   data required time
                                 -2.74   data arrival time
-----------------------------------------------------------------------------
                                  4.49   slack (MET)



worst slack corner Typical: 4.1168
