
===========================================================================
report_checks -unconstrained
===========================================================================
======================= Typical Corner ===================================

Startpoint: B[9] (input port clocked by core_clock)
Endpoint: result[31] (output port clocked by core_clock)
Path Group: core_clock
Path Type: max

Fanout     Cap    Slew   Delay    Time   Description
-----------------------------------------------------------------------------
                          0.00    0.00   clock core_clock (rise edge)
                          0.00    0.00   clock network delay (propagated)
                          2.50    2.50 v input external delay
     1    0.00    0.00    0.00    2.50 v B[9] (in)
                                         B[9] (net)
                  0.00    0.00    2.50 v input72/A (sky130_fd_sc_hd__clkbuf_2)
     3    0.02    0.09    0.13    2.63 v input72/X (sky130_fd_sc_hd__clkbuf_2)
                                         net72 (net)
                  0.09    0.00    2.64 v _5235_/A (sky130_fd_sc_hd__or4_2)
     2    0.02    0.15    0.75    3.39 v _5235_/X (sky130_fd_sc_hd__or4_2)
                                         _2144_ (net)
                  0.15    0.00    3.39 v _5595_/A (sky130_fd_sc_hd__or3_1)
     4    0.01    0.11    0.46    3.84 v _5595_/X (sky130_fd_sc_hd__or3_1)
                                         _2492_ (net)
                  0.11    0.00    3.84 v _5596_/A (sky130_fd_sc_hd__clkbuf_4)
    10    0.03    0.08    0.21    4.05 v _5596_/X (sky130_fd_sc_hd__clkbuf_4)
                                         _2493_ (net)
                  0.08    0.00    4.05 v _5597_/B (sky130_fd_sc_hd__nand2_1)
     1    0.01    0.06    0.09    4.14 ^ _5597_/Y (sky130_fd_sc_hd__nand2_1)
                                         _2494_ (net)
                  0.06    0.00    4.14 ^ _5598_/B (sky130_fd_sc_hd__xor2_1)
     2    0.01    0.21    0.22    4.36 ^ _5598_/X (sky130_fd_sc_hd__xor2_1)
                                         _2495_ (net)
                  0.21    0.00    4.36 ^ _5599_/B (sky130_fd_sc_hd__xnor2_1)
     3    0.01    0.08    0.12    4.48 v _5599_/Y (sky130_fd_sc_hd__xnor2_1)
                                         _2496_ (net)
                  0.08    0.00    4.48 v _5677_/A (sky130_fd_sc_hd__or4_1)
     2    0.01    0.10    0.54    5.02 v _5677_/X (sky130_fd_sc_hd__or4_1)
                                         _2570_ (net)
                  0.10    0.00    5.02 v _5678_/D (sky130_fd_sc_hd__or4_1)
     1    0.00    0.09    0.42    5.44 v _5678_/X (sky130_fd_sc_hd__or4_1)
                                         _2571_ (net)
                  0.09    0.00    5.44 v _5679_/B1 (sky130_fd_sc_hd__o22a_1)
     3    0.01    0.09    0.24    5.69 v _5679_/X (sky130_fd_sc_hd__o22a_1)
                                         _2572_ (net)
                  0.09    0.00    5.69 v _5792_/A1 (sky130_fd_sc_hd__a2111o_2)
     3    0.02    0.10    0.48    6.17 v _5792_/X (sky130_fd_sc_hd__a2111o_2)
                                         _2677_ (net)
                  0.10    0.00    6.17 v _5846_/A1 (sky130_fd_sc_hd__a21o_1)
     2    0.01    0.05    0.19    6.36 v _5846_/X (sky130_fd_sc_hd__a21o_1)
                                         _2727_ (net)
                  0.05    0.00    6.36 v _5856_/A1 (sky130_fd_sc_hd__a21oi_1)
     3    0.01    0.23    0.21    6.57 ^ _5856_/Y (sky130_fd_sc_hd__a21oi_1)
                                         _2737_ (net)
                  0.23    0.00    6.57 ^ _5893_/A1 (sky130_fd_sc_hd__o21ba_1)
     2    0.01    0.10    0.21    6.78 ^ _5893_/X (sky130_fd_sc_hd__o21ba_1)
                                         _2772_ (net)
                  0.10    0.00    6.78 ^ _5896_/B2 (sky130_fd_sc_hd__a22o_1)
     1    0.01    0.07    0.15    6.93 ^ _5896_/X (sky130_fd_sc_hd__a22o_1)
                                         _2774_ (net)
                  0.07    0.00    6.93 ^ _5900_/A (sky130_fd_sc_hd__xnor2_1)
     1    0.01    0.09    0.11    7.03 v _5900_/Y (sky130_fd_sc_hd__xnor2_1)
                                         _2778_ (net)
                  0.09    0.00    7.03 v _5907_/A2 (sky130_fd_sc_hd__o21ai_4)
     1    0.07    0.48    0.41    7.44 ^ _5907_/Y (sky130_fd_sc_hd__o21ai_4)
                                         net196 (net)
                  0.48    0.03    7.47 ^ wire205/A (sky130_fd_sc_hd__buf_12)
     1    0.10    0.12    0.22    7.69 ^ wire205/X (sky130_fd_sc_hd__buf_12)
                                         net205 (net)
                  0.16    0.05    7.74 ^ wire204/A (sky130_fd_sc_hd__buf_12)
     1    0.10    0.12    0.18    7.92 ^ wire204/X (sky130_fd_sc_hd__buf_12)
                                         net204 (net)
                  0.16    0.05    7.98 ^ output196/A (sky130_fd_sc_hd__buf_1)
     1    0.00    0.02    0.09    8.06 ^ output196/X (sky130_fd_sc_hd__buf_1)
                                         result[31] (net)
                  0.02    0.00    8.06 ^ result[31] (out)
                                  8.06   data arrival time

                         10.00   10.00   clock core_clock (rise edge)
                          0.00   10.00   clock network delay (propagated)
                          0.00   10.00   clock reconvergence pessimism
                         -2.50    7.50   output external delay
                                  7.50   data required time
-----------------------------------------------------------------------------
                                  7.50   data required time
                                 -8.06   data arrival time
-----------------------------------------------------------------------------
                                 -0.56   slack (VIOLATED)




===========================================================================
report_checks --slack_max -0.01
============================================================================
======================= Typical Corner ===================================

Startpoint: B[9] (input port clocked by core_clock)
Endpoint: result[31] (output port clocked by core_clock)
Path Group: core_clock
Path Type: max

Fanout     Cap    Slew   Delay    Time   Description
-----------------------------------------------------------------------------
                          0.00    0.00   clock core_clock (rise edge)
                          0.00    0.00   clock network delay (propagated)
                          2.50    2.50 v input external delay
     1    0.00    0.00    0.00    2.50 v B[9] (in)
                                         B[9] (net)
                  0.00    0.00    2.50 v input72/A (sky130_fd_sc_hd__clkbuf_2)
     3    0.02    0.09    0.13    2.63 v input72/X (sky130_fd_sc_hd__clkbuf_2)
                                         net72 (net)
                  0.09    0.00    2.64 v _5235_/A (sky130_fd_sc_hd__or4_2)
     2    0.02    0.15    0.75    3.39 v _5235_/X (sky130_fd_sc_hd__or4_2)
                                         _2144_ (net)
                  0.15    0.00    3.39 v _5595_/A (sky130_fd_sc_hd__or3_1)
     4    0.01    0.11    0.46    3.84 v _5595_/X (sky130_fd_sc_hd__or3_1)
                                         _2492_ (net)
                  0.11    0.00    3.84 v _5596_/A (sky130_fd_sc_hd__clkbuf_4)
    10    0.03    0.08    0.21    4.05 v _5596_/X (sky130_fd_sc_hd__clkbuf_4)
                                         _2493_ (net)
                  0.08    0.00    4.05 v _5597_/B (sky130_fd_sc_hd__nand2_1)
     1    0.01    0.06    0.09    4.14 ^ _5597_/Y (sky130_fd_sc_hd__nand2_1)
                                         _2494_ (net)
                  0.06    0.00    4.14 ^ _5598_/B (sky130_fd_sc_hd__xor2_1)
     2    0.01    0.21    0.22    4.36 ^ _5598_/X (sky130_fd_sc_hd__xor2_1)
                                         _2495_ (net)
                  0.21    0.00    4.36 ^ _5599_/B (sky130_fd_sc_hd__xnor2_1)
     3    0.01    0.08    0.12    4.48 v _5599_/Y (sky130_fd_sc_hd__xnor2_1)
                                         _2496_ (net)
                  0.08    0.00    4.48 v _5677_/A (sky130_fd_sc_hd__or4_1)
     2    0.01    0.10    0.54    5.02 v _5677_/X (sky130_fd_sc_hd__or4_1)
                                         _2570_ (net)
                  0.10    0.00    5.02 v _5678_/D (sky130_fd_sc_hd__or4_1)
     1    0.00    0.09    0.42    5.44 v _5678_/X (sky130_fd_sc_hd__or4_1)
                                         _2571_ (net)
                  0.09    0.00    5.44 v _5679_/B1 (sky130_fd_sc_hd__o22a_1)
     3    0.01    0.09    0.24    5.69 v _5679_/X (sky130_fd_sc_hd__o22a_1)
                                         _2572_ (net)
                  0.09    0.00    5.69 v _5792_/A1 (sky130_fd_sc_hd__a2111o_2)
     3    0.02    0.10    0.48    6.17 v _5792_/X (sky130_fd_sc_hd__a2111o_2)
                                         _2677_ (net)
                  0.10    0.00    6.17 v _5846_/A1 (sky130_fd_sc_hd__a21o_1)
     2    0.01    0.05    0.19    6.36 v _5846_/X (sky130_fd_sc_hd__a21o_1)
                                         _2727_ (net)
                  0.05    0.00    6.36 v _5856_/A1 (sky130_fd_sc_hd__a21oi_1)
     3    0.01    0.23    0.21    6.57 ^ _5856_/Y (sky130_fd_sc_hd__a21oi_1)
                                         _2737_ (net)
                  0.23    0.00    6.57 ^ _5893_/A1 (sky130_fd_sc_hd__o21ba_1)
     2    0.01    0.10    0.21    6.78 ^ _5893_/X (sky130_fd_sc_hd__o21ba_1)
                                         _2772_ (net)
                  0.10    0.00    6.78 ^ _5896_/B2 (sky130_fd_sc_hd__a22o_1)
     1    0.01    0.07    0.15    6.93 ^ _5896_/X (sky130_fd_sc_hd__a22o_1)
                                         _2774_ (net)
                  0.07    0.00    6.93 ^ _5900_/A (sky130_fd_sc_hd__xnor2_1)
     1    0.01    0.09    0.11    7.03 v _5900_/Y (sky130_fd_sc_hd__xnor2_1)
                                         _2778_ (net)
                  0.09    0.00    7.03 v _5907_/A2 (sky130_fd_sc_hd__o21ai_4)
     1    0.07    0.48    0.41    7.44 ^ _5907_/Y (sky130_fd_sc_hd__o21ai_4)
                                         net196 (net)
                  0.48    0.03    7.47 ^ wire205/A (sky130_fd_sc_hd__buf_12)
     1    0.10    0.12    0.22    7.69 ^ wire205/X (sky130_fd_sc_hd__buf_12)
                                         net205 (net)
                  0.16    0.05    7.74 ^ wire204/A (sky130_fd_sc_hd__buf_12)
     1    0.10    0.12    0.18    7.92 ^ wire204/X (sky130_fd_sc_hd__buf_12)
                                         net204 (net)
                  0.16    0.05    7.98 ^ output196/A (sky130_fd_sc_hd__buf_1)
     1    0.00    0.02    0.09    8.06 ^ output196/X (sky130_fd_sc_hd__buf_1)
                                         result[31] (net)
                  0.02    0.00    8.06 ^ result[31] (out)
                                  8.06   data arrival time

                         10.00   10.00   clock core_clock (rise edge)
                          0.00   10.00   clock network delay (propagated)
                          0.00   10.00   clock reconvergence pessimism
                         -2.50    7.50   output external delay
                                  7.50   data required time
-----------------------------------------------------------------------------
                                  7.50   data required time
                                 -8.06   data arrival time
-----------------------------------------------------------------------------
                                 -0.56   slack (VIOLATED)




===========================================================================
 report_check_types -max_slew -max_cap -max_fanout -violators
============================================================================
======================= Typical Corner ===================================


max slew violations count Typical: 0
max fanout violations count Typical: 0
max cap violations count Typical: 0

===========================================================================
report_parasitic_annotation -report_unannotated
============================================================================
Found 139 unannotated drivers.
 clkload0/Y
 clkload1/Y
 clkload10/X
 clkload100/Y
 clkload101/Y
 clkload102/Y
 clkload103/Y
 clkload104/Y
 clkload105/Y
 clkload106/Y
 clkload107/Y
 clkload108/Y
 clkload109/Y
 clkload11/Y
 clkload110/Y
 clkload111/X
 clkload112/Y
 clkload113/Y
 clkload114/Y
 clkload115/Y
 clkload116/Y
 clkload117/Y
 clkload118/Y
 clkload119/Y
 clkload12/Y
 clkload120/Y
 clkload121/Y
 clkload122/Y
 clkload123/X
 clkload124/Y
 clkload125/Y
 clkload126/Y
 clkload127/Y
 clkload128/Y
 clkload129/Y
 clkload13/Y
 clkload130/X
 clkload131/X
 clkload132/Y
 clkload133/Y
 clkload134/Y
 clkload135/Y
 clkload136/Y
 clkload137/Y
 clkload138/Y
 clkload14/Y
 clkload15/Y
 clkload16/Y
 clkload17/Y
 clkload18/Y
 clkload19/Y
 clkload2/Y
 clkload20/Y
 clkload21/Y
 clkload22/X
 clkload23/X
 clkload24/X
 clkload25/Y
 clkload26/Y
 clkload27/X
 clkload28/Y
 clkload29/Y
 clkload3/Y
 clkload30/Y
 clkload31/Y
 clkload32/Y
 clkload33/Y
 clkload34/Y
 clkload35/Y
 clkload36/Y
 clkload37/Y
 clkload38/Y
 clkload39/Y
 clkload4/Y
 clkload40/Y
 clkload41/X
 clkload42/Y
 clkload43/Y
 clkload44/Y
 clkload45/Y
 clkload46/Y
 clkload47/Y
 clkload48/Y
 clkload49/X
 clkload5/Y
 clkload50/Y
 clkload51/X
 clkload52/X
 clkload53/Y
 clkload54/Y
 clkload55/Y
 clkload56/Y
 clkload57/Y
 clkload58/Y
 clkload59/Y
 clkload6/Y
 clkload60/X
 clkload61/Y
 clkload62/Y
 clkload63/Y
 clkload64/Y
 clkload65/Y
 clkload66/Y
 clkload67/Y
 clkload68/Y
 clkload69/Y
 clkload7/Y
 clkload70/Y
 clkload71/Y
 clkload72/Y
 clkload73/Y
 clkload74/Y
 clkload75/Y
 clkload76/Y
 clkload77/Y
 clkload78/Y
 clkload79/Y
 clkload8/X
 clkload80/X
 clkload81/X
 clkload82/Y
 clkload83/X
 clkload84/Y
 clkload85/Y
 clkload86/Y
 clkload87/Y
 clkload88/Y
 clkload89/Y
 clkload9/Y
 clkload90/Y
 clkload91/Y
 clkload92/Y
 clkload93/Y
 clkload94/Y
 clkload95/Y
 clkload96/Y
 clkload97/X
 clkload98/Y
 clkload99/Y
Found 0 partially unannotated drivers.

===========================================================================
max slew violation count 0
max fanout violation count 0
max cap violation count 0
============================================================================

===========================================================================
check_setup -verbose -unconstrained_endpoints -multiple_clock -no_clock -no_input_delay -loops -generated_clocks
===========================================================================
