
===========================================================================
report_checks -path_delay max (Setup)
============================================================================
======================= Typical Corner ===================================

Startpoint: _43_ (rising edge-triggered flip-flop clocked by core_clock)
Endpoint: _44_ (rising edge-triggered flip-flop clocked by core_clock)
Path Group: core_clock
Path Type: max

Fanout     Cap    Slew   Delay    Time   Description
-----------------------------------------------------------------------------
                          0.00    0.00   clock core_clock (rise edge)
                          0.00    0.00   clock source latency
     1    0.01    0.00    0.00    0.00 ^ clk (in)
                                         clk (net)
                  0.00    0.00    0.00 ^ clkbuf_0_clk/A (sky130_fd_sc_hd__clkbuf_16)
     2    0.02    0.04    0.11    0.11 ^ clkbuf_0_clk/X (sky130_fd_sc_hd__clkbuf_16)
                                         clknet_0_clk (net)
                  0.04    0.00    0.11 ^ clkbuf_1_0__f_clk/A (sky130_fd_sc_hd__clkbuf_16)
     2    0.01    0.03    0.11    0.22 ^ clkbuf_1_0__f_clk/X (sky130_fd_sc_hd__clkbuf_16)
                                         clknet_1_0__leaf_clk (net)
                  0.03    0.00    0.22 ^ _43_/CLK (sky130_fd_sc_hd__dfrtp_4)
    10    0.03    0.09    0.51    0.73 v _43_/Q (sky130_fd_sc_hd__dfrtp_4)
                                         net3 (net)
                  0.09    0.00    0.73 v _21_/A (sky130_fd_sc_hd__or4b_1)
     2    0.01    0.11    0.57    1.29 v _21_/X (sky130_fd_sc_hd__or4b_1)
                                         _09_ (net)
                  0.11    0.00    1.29 v _24_/A (sky130_fd_sc_hd__and3_1)
     1    0.00    0.04    0.17    1.46 v _24_/X (sky130_fd_sc_hd__and3_1)
                                         _12_ (net)
                  0.04    0.00    1.46 v _25_/A (sky130_fd_sc_hd__clkbuf_1)
     1    0.00    0.02    0.08    1.55 v _25_/X (sky130_fd_sc_hd__clkbuf_1)
                                         _02_ (net)
                  0.02    0.00    1.55 v _44_/D (sky130_fd_sc_hd__dfrtp_4)
                                  1.55   data arrival time

                         10.00   10.00   clock core_clock (rise edge)
                          0.00   10.00   clock source latency
     1    0.01    0.00    0.00   10.00 ^ clk (in)
                                         clk (net)
                  0.00    0.00   10.00 ^ clkbuf_0_clk/A (sky130_fd_sc_hd__clkbuf_16)
     2    0.02    0.04    0.11   10.11 ^ clkbuf_0_clk/X (sky130_fd_sc_hd__clkbuf_16)
                                         clknet_0_clk (net)
                  0.04    0.00   10.11 ^ clkbuf_1_0__f_clk/A (sky130_fd_sc_hd__clkbuf_16)
     2    0.01    0.03    0.11   10.22 ^ clkbuf_1_0__f_clk/X (sky130_fd_sc_hd__clkbuf_16)
                                         clknet_1_0__leaf_clk (net)
                  0.03    0.00   10.22 ^ _44_/CLK (sky130_fd_sc_hd__dfrtp_4)
                          0.00   10.22   clock reconvergence pessimism
                         -0.11   10.11   library setup time
                                 10.11   data required time
-----------------------------------------------------------------------------
                                 10.11   data required time
                                 -1.55   data arrival time
-----------------------------------------------------------------------------
                                  8.56   slack (MET)


Startpoint: _43_ (rising edge-triggered flip-flop clocked by core_clock)
Endpoint: _42_ (rising edge-triggered flip-flop clocked by core_clock)
Path Group: core_clock
Path Type: max

Fanout     Cap    Slew   Delay    Time   Description
-----------------------------------------------------------------------------
                          0.00    0.00   clock core_clock (rise edge)
                          0.00    0.00   clock source latency
     1    0.01    0.00    0.00    0.00 ^ clk (in)
                                         clk (net)
                  0.00    0.00    0.00 ^ clkbuf_0_clk/A (sky130_fd_sc_hd__clkbuf_16)
     2    0.02    0.04    0.11    0.11 ^ clkbuf_0_clk/X (sky130_fd_sc_hd__clkbuf_16)
                                         clknet_0_clk (net)
                  0.04    0.00    0.11 ^ clkbuf_1_0__f_clk/A (sky130_fd_sc_hd__clkbuf_16)
     2    0.01    0.03    0.11    0.22 ^ clkbuf_1_0__f_clk/X (sky130_fd_sc_hd__clkbuf_16)
                                         clknet_1_0__leaf_clk (net)
                  0.03    0.00    0.22 ^ _43_/CLK (sky130_fd_sc_hd__dfrtp_4)
    10    0.03    0.09    0.51    0.73 v _43_/Q (sky130_fd_sc_hd__dfrtp_4)
                                         net3 (net)
                  0.09    0.00    0.73 v _18_/A (sky130_fd_sc_hd__nor3b_1)
     3    0.01    0.28    0.29    1.02 ^ _18_/Y (sky130_fd_sc_hd__nor3b_1)
                                         _08_ (net)
                  0.28    0.00    1.02 ^ _19_/B (sky130_fd_sc_hd__nor2_1)
     1    0.00    0.06    0.06    1.09 v _19_/Y (sky130_fd_sc_hd__nor2_1)
                                         _00_ (net)
                  0.06    0.00    1.09 v _42_/D (sky130_fd_sc_hd__dfrtp_4)
                                  1.09   data arrival time

                         10.00   10.00   clock core_clock (rise edge)
                          0.00   10.00   clock source latency
     1    0.01    0.00    0.00   10.00 ^ clk (in)
                                         clk (net)
                  0.00    0.00   10.00 ^ clkbuf_0_clk/A (sky130_fd_sc_hd__clkbuf_16)
     2    0.02    0.04    0.11   10.11 ^ clkbuf_0_clk/X (sky130_fd_sc_hd__clkbuf_16)
                                         clknet_0_clk (net)
                  0.04    0.00   10.11 ^ clkbuf_1_1__f_clk/A (sky130_fd_sc_hd__clkbuf_16)
     2    0.00    0.03    0.11   10.22 ^ clkbuf_1_1__f_clk/X (sky130_fd_sc_hd__clkbuf_16)
                                         clknet_1_1__leaf_clk (net)
                  0.03    0.00   10.22 ^ _42_/CLK (sky130_fd_sc_hd__dfrtp_4)
                          0.00   10.22   clock reconvergence pessimism
                         -0.12   10.09   library setup time
                                 10.09   data required time
-----------------------------------------------------------------------------
                                 10.09   data required time
                                 -1.09   data arrival time
-----------------------------------------------------------------------------
                                  9.01   slack (MET)


Startpoint: _42_ (rising edge-triggered flip-flop clocked by core_clock)
Endpoint: _45_ (rising edge-triggered flip-flop clocked by core_clock)
Path Group: core_clock
Path Type: max

Fanout     Cap    Slew   Delay    Time   Description
-----------------------------------------------------------------------------
                          0.00    0.00   clock core_clock (rise edge)
                          0.00    0.00   clock source latency
     1    0.01    0.00    0.00    0.00 ^ clk (in)
                                         clk (net)
                  0.00    0.00    0.00 ^ clkbuf_0_clk/A (sky130_fd_sc_hd__clkbuf_16)
     2    0.02    0.04    0.11    0.11 ^ clkbuf_0_clk/X (sky130_fd_sc_hd__clkbuf_16)
                                         clknet_0_clk (net)
                  0.04    0.00    0.11 ^ clkbuf_1_1__f_clk/A (sky130_fd_sc_hd__clkbuf_16)
     2    0.00    0.03    0.11    0.22 ^ clkbuf_1_1__f_clk/X (sky130_fd_sc_hd__clkbuf_16)
                                         clknet_1_1__leaf_clk (net)
                  0.03    0.00    0.22 ^ _42_/CLK (sky130_fd_sc_hd__dfrtp_4)
    10    0.03    0.09    0.51    0.72 v _42_/Q (sky130_fd_sc_hd__dfrtp_4)
                                         net2 (net)
                  0.09    0.00    0.72 v _22_/B (sky130_fd_sc_hd__nand3_1)
     2    0.01    0.10    0.13    0.85 ^ _22_/Y (sky130_fd_sc_hd__nand3_1)
                                         _10_ (net)
                  0.10    0.00    0.85 ^ _26_/B (sky130_fd_sc_hd__xnor2_1)
     1    0.00    0.13    0.13    0.98 ^ _26_/Y (sky130_fd_sc_hd__xnor2_1)
                                         _03_ (net)
                  0.13    0.00    0.98 ^ _45_/D (sky130_fd_sc_hd__dfrtp_4)
                                  0.98   data arrival time

                         10.00   10.00   clock core_clock (rise edge)
                          0.00   10.00   clock source latency
     1    0.01    0.00    0.00   10.00 ^ clk (in)
                                         clk (net)
                  0.00    0.00   10.00 ^ clkbuf_0_clk/A (sky130_fd_sc_hd__clkbuf_16)
     2    0.02    0.04    0.11   10.11 ^ clkbuf_0_clk/X (sky130_fd_sc_hd__clkbuf_16)
                                         clknet_0_clk (net)
                  0.04    0.00   10.11 ^ clkbuf_1_1__f_clk/A (sky130_fd_sc_hd__clkbuf_16)
     2    0.00    0.03    0.11   10.22 ^ clkbuf_1_1__f_clk/X (sky130_fd_sc_hd__clkbuf_16)
                                         clknet_1_1__leaf_clk (net)
                  0.03    0.00   10.22 ^ _45_/CLK (sky130_fd_sc_hd__dfrtp_4)
                          0.00   10.22   clock reconvergence pessimism
                         -0.09   10.13   library setup time
                                 10.13   data required time
-----------------------------------------------------------------------------
                                 10.13   data required time
                                 -0.98   data arrival time
-----------------------------------------------------------------------------
                                  9.15   slack (MET)


Startpoint: _43_ (rising edge-triggered flip-flop clocked by core_clock)
Endpoint: _43_ (rising edge-triggered flip-flop clocked by core_clock)
Path Group: core_clock
Path Type: max

Fanout     Cap    Slew   Delay    Time   Description
-----------------------------------------------------------------------------
                          0.00    0.00   clock core_clock (rise edge)
                          0.00    0.00   clock source latency
     1    0.01    0.00    0.00    0.00 ^ clk (in)
                                         clk (net)
                  0.00    0.00    0.00 ^ clkbuf_0_clk/A (sky130_fd_sc_hd__clkbuf_16)
     2    0.02    0.04    0.11    0.11 ^ clkbuf_0_clk/X (sky130_fd_sc_hd__clkbuf_16)
                                         clknet_0_clk (net)
                  0.04    0.00    0.11 ^ clkbuf_1_0__f_clk/A (sky130_fd_sc_hd__clkbuf_16)
     2    0.01    0.03    0.11    0.22 ^ clkbuf_1_0__f_clk/X (sky130_fd_sc_hd__clkbuf_16)
                                         clknet_1_0__leaf_clk (net)
                  0.03    0.00    0.22 ^ _43_/CLK (sky130_fd_sc_hd__dfrtp_4)
    10    0.03    0.09    0.51    0.73 v _43_/Q (sky130_fd_sc_hd__dfrtp_4)
                                         net3 (net)
                  0.09    0.00    0.73 v _20_/A (sky130_fd_sc_hd__xor2_1)
     1    0.00    0.05    0.17    0.90 v _20_/X (sky130_fd_sc_hd__xor2_1)
                                         _01_ (net)
                  0.05    0.00    0.90 v _43_/D (sky130_fd_sc_hd__dfrtp_4)
                                  0.90   data arrival time

                         10.00   10.00   clock core_clock (rise edge)
                          0.00   10.00   clock source latency
     1    0.01    0.00    0.00   10.00 ^ clk (in)
                                         clk (net)
                  0.00    0.00   10.00 ^ clkbuf_0_clk/A (sky130_fd_sc_hd__clkbuf_16)
     2    0.02    0.04    0.11   10.11 ^ clkbuf_0_clk/X (sky130_fd_sc_hd__clkbuf_16)
                                         clknet_0_clk (net)
                  0.04    0.00   10.11 ^ clkbuf_1_0__f_clk/A (sky130_fd_sc_hd__clkbuf_16)
     2    0.01    0.03    0.11   10.22 ^ clkbuf_1_0__f_clk/X (sky130_fd_sc_hd__clkbuf_16)
                                         clknet_1_0__leaf_clk (net)
                  0.03    0.00   10.22 ^ _43_/CLK (sky130_fd_sc_hd__dfrtp_4)
                          0.00   10.22   clock reconvergence pessimism
                         -0.12   10.10   library setup time
                                 10.10   data required time
-----------------------------------------------------------------------------
                                 10.10   data required time
                                 -0.90   data arrival time
-----------------------------------------------------------------------------
                                  9.20   slack (MET)



worst slack corner Typical: 8.5612
