OpenROAD b16bda7e82721d10566ff7e2b68f1ff0be9f9e38 
Features included (+) or not (-): +Charts +GPU +GUI +Python
This program is licensed under the BSD-3 license. See the LICENSE file for details.
Components of this program may be licensed under more restrictive licenses which must be honored.
define_corners Typical
read_liberty -corner Typical /home/segmen/.volare/sky130A/libs.ref/sky130_fd_sc_hd/lib/sky130_fd_sc_hd__tt_025C_1v80.lib
Using 1e-12 for capacitance...
Using 1e+03 for resistance...
Using 1e-09 for time...
Using 1e+00 for voltage...
Using 1e-03 for current...
Using 1e-09 for power...
Using 1e-06 for distance...
[INFO]: Reading ODB at '/openlane/designs/ALU/runs/RUN_2025.05.03_14.04.36/results/placement/ALU.odb'…
Reading design constraints file at '/openlane/scripts/base.sdc'…
[INFO]: Setting output delay to: 2.0
[INFO]: Setting input delay to: 2.0
[WARNING STA-0366] port '__VIRTUAL_CLK__' not found.
[INFO]: Setting load to: 0.033442
[INFO]: Setting clock uncertainty to: 0.25
[INFO]: Setting clock transition to: 0.15
[WARNING STA-0419] transition time can not be specified for virtual clocks.
[INFO]: Setting timing derate to: 5.0 %
[INFO]: Setting RC values...
min_report

===========================================================================
report_checks -path_delay min (Hold)
============================================================================
======================= Typical Corner ===================================

Startpoint: B[0] (input port clocked by __VIRTUAL_CLK__)
Endpoint: OUT[0] (output port clocked by __VIRTUAL_CLK__)
Path Group: __VIRTUAL_CLK__
Path Type: min

Fanout     Cap    Slew   Delay    Time   Description
-----------------------------------------------------------------------------
                  0.00    0.00    0.00   clock __VIRTUAL_CLK__ (rise edge)
                          0.00    0.00   clock network delay (ideal)
                          2.00    2.00 v input external delay
     1    0.00    0.01    0.00    2.00 v B[0] (in)
                                         B[0] (net)
                  0.01    0.00    2.00 v input9/A (sky130_fd_sc_hd__clkbuf_2)
     4    0.02    0.07    0.12    2.12 v input9/X (sky130_fd_sc_hd__clkbuf_2)
                                         net9 (net)
                  0.07    0.00    2.12 v _184_/A (sky130_fd_sc_hd__buf_4)
    10    0.04    0.07    0.18    2.30 v _184_/X (sky130_fd_sc_hd__buf_4)
                                         _112_ (net)
                  0.07    0.00    2.31 v _307_/A1 (sky130_fd_sc_hd__a31o_1)
     1    0.01    0.05    0.19    2.50 v _307_/X (sky130_fd_sc_hd__a31o_1)
                                         net20 (net)
                  0.05    0.00    2.50 v output20/A (sky130_fd_sc_hd__buf_2)
     1    0.03    0.09    0.18    2.67 v output20/X (sky130_fd_sc_hd__buf_2)
                                         OUT[0] (net)
                  0.09    0.00    2.67 v OUT[0] (out)
                                  2.67   data arrival time

                  0.00    0.00    0.00   clock __VIRTUAL_CLK__ (rise edge)
                          0.00    0.00   clock network delay (ideal)
                          0.25    0.25   clock uncertainty
                          0.00    0.25   clock reconvergence pessimism
                         -2.00   -1.75   output external delay
                                 -1.75   data required time
-----------------------------------------------------------------------------
                                 -1.75   data required time
                                 -2.67   data arrival time
-----------------------------------------------------------------------------
                                  4.42   slack (MET)


Startpoint: A[5] (input port clocked by __VIRTUAL_CLK__)
Endpoint: OUT[5] (output port clocked by __VIRTUAL_CLK__)
Path Group: __VIRTUAL_CLK__
Path Type: min

Fanout     Cap    Slew   Delay    Time   Description
-----------------------------------------------------------------------------
                  0.00    0.00    0.00   clock __VIRTUAL_CLK__ (rise edge)
                          0.00    0.00   clock network delay (ideal)
                          2.00    2.00 ^ input external delay
     1    0.00    0.02    0.01    2.01 ^ A[5] (in)
                                         A[5] (net)
                  0.02    0.00    2.01 ^ input6/A (sky130_fd_sc_hd__buf_2)
     6    0.03    0.17    0.18    2.18 ^ input6/X (sky130_fd_sc_hd__buf_2)
                                         net6 (net)
                  0.17    0.00    2.18 ^ _233_/A2 (sky130_fd_sc_hd__a311o_1)
     1    0.01    0.07    0.20    2.38 ^ _233_/X (sky130_fd_sc_hd__a311o_1)
                                         _161_ (net)
                  0.07    0.00    2.38 ^ _267_/B1 (sky130_fd_sc_hd__a211o_1)
     1    0.00    0.05    0.11    2.49 ^ _267_/X (sky130_fd_sc_hd__a211o_1)
                                         net25 (net)
                  0.05    0.00    2.49 ^ output25/A (sky130_fd_sc_hd__buf_2)
     1    0.03    0.17    0.19    2.68 ^ output25/X (sky130_fd_sc_hd__buf_2)
                                         OUT[5] (net)
                  0.17    0.00    2.68 ^ OUT[5] (out)
                                  2.68   data arrival time

                  0.00    0.00    0.00   clock __VIRTUAL_CLK__ (rise edge)
                          0.00    0.00   clock network delay (ideal)
                          0.25    0.25   clock uncertainty
                          0.00    0.25   clock reconvergence pessimism
                         -2.00   -1.75   output external delay
                                 -1.75   data required time
-----------------------------------------------------------------------------
                                 -1.75   data required time
                                 -2.68   data arrival time
-----------------------------------------------------------------------------
                                  4.43   slack (MET)


Startpoint: A[6] (input port clocked by __VIRTUAL_CLK__)
Endpoint: OUT[6] (output port clocked by __VIRTUAL_CLK__)
Path Group: __VIRTUAL_CLK__
Path Type: min

Fanout     Cap    Slew   Delay    Time   Description
-----------------------------------------------------------------------------
                  0.00    0.00    0.00   clock __VIRTUAL_CLK__ (rise edge)
                          0.00    0.00   clock network delay (ideal)
                          2.00    2.00 v input external delay
     1    0.00    0.01    0.00    2.00 v A[6] (in)
                                         A[6] (net)
                  0.01    0.00    2.00 v input7/A (sky130_fd_sc_hd__clkbuf_2)
     5    0.02    0.10    0.14    2.14 v input7/X (sky130_fd_sc_hd__clkbuf_2)
                                         net7 (net)
                  0.10    0.00    2.14 v _289_/A1 (sky130_fd_sc_hd__o211ai_1)
     1    0.00    0.08    0.18    2.33 ^ _289_/Y (sky130_fd_sc_hd__o211ai_1)
                                         _046_ (net)
                  0.08    0.00    2.33 ^ _290_/B1 (sky130_fd_sc_hd__a31o_1)
     1    0.00    0.05    0.10    2.43 ^ _290_/X (sky130_fd_sc_hd__a31o_1)
                                         _047_ (net)
                  0.05    0.00    2.43 ^ _291_/B1 (sky130_fd_sc_hd__a21o_1)
     1    0.01    0.09    0.11    2.54 ^ _291_/X (sky130_fd_sc_hd__a21o_1)
                                         net26 (net)
                  0.09    0.00    2.54 ^ output26/A (sky130_fd_sc_hd__buf_2)
     1    0.03    0.17    0.20    2.75 ^ output26/X (sky130_fd_sc_hd__buf_2)
                                         OUT[6] (net)
                  0.17    0.00    2.75 ^ OUT[6] (out)
                                  2.75   data arrival time

                  0.00    0.00    0.00   clock __VIRTUAL_CLK__ (rise edge)
                          0.00    0.00   clock network delay (ideal)
                          0.25    0.25   clock uncertainty
                          0.00    0.25   clock reconvergence pessimism
                         -2.00   -1.75   output external delay
                                 -1.75   data required time
-----------------------------------------------------------------------------
                                 -1.75   data required time
                                 -2.75   data arrival time
-----------------------------------------------------------------------------
                                  4.50   slack (MET)


Startpoint: OP[2] (input port clocked by __VIRTUAL_CLK__)
Endpoint: OUT[7] (output port clocked by __VIRTUAL_CLK__)
Path Group: __VIRTUAL_CLK__
Path Type: min

Fanout     Cap    Slew   Delay    Time   Description
-----------------------------------------------------------------------------
                  0.00    0.00    0.00   clock __VIRTUAL_CLK__ (rise edge)
                          0.00    0.00   clock network delay (ideal)
                          2.00    2.00 v input external delay
     1    0.00    0.01    0.00    2.00 v OP[2] (in)
                                         OP[2] (net)
                  0.01    0.00    2.00 v input19/A (sky130_fd_sc_hd__clkbuf_4)
     6    0.04    0.09    0.16    2.17 v input19/X (sky130_fd_sc_hd__clkbuf_4)
                                         net19 (net)
                  0.09    0.00    2.17 v _265_/A (sky130_fd_sc_hd__and3_2)
     7    0.02    0.08    0.23    2.40 v _265_/X (sky130_fd_sc_hd__and3_2)
                                         _023_ (net)
                  0.08    0.00    2.40 v _302_/A1 (sky130_fd_sc_hd__a31o_1)
     1    0.01    0.06    0.20    2.60 v _302_/X (sky130_fd_sc_hd__a31o_1)
                                         net27 (net)
                  0.06    0.00    2.60 v output27/A (sky130_fd_sc_hd__buf_2)
     1    0.03    0.09    0.18    2.78 v output27/X (sky130_fd_sc_hd__buf_2)
                                         OUT[7] (net)
                  0.09    0.00    2.78 v OUT[7] (out)
                                  2.78   data arrival time

                  0.00    0.00    0.00   clock __VIRTUAL_CLK__ (rise edge)
                          0.00    0.00   clock network delay (ideal)
                          0.25    0.25   clock uncertainty
                          0.00    0.25   clock reconvergence pessimism
                         -2.00   -1.75   output external delay
                                 -1.75   data required time
-----------------------------------------------------------------------------
                                 -1.75   data required time
                                 -2.78   data arrival time
-----------------------------------------------------------------------------
                                  4.53   slack (MET)


Startpoint: OP[2] (input port clocked by __VIRTUAL_CLK__)
Endpoint: OUT[2] (output port clocked by __VIRTUAL_CLK__)
Path Group: __VIRTUAL_CLK__
Path Type: min

Fanout     Cap    Slew   Delay    Time   Description
-----------------------------------------------------------------------------
                  0.00    0.00    0.00   clock __VIRTUAL_CLK__ (rise edge)
                          0.00    0.00   clock network delay (ideal)
                          2.00    2.00 v input external delay
     1    0.00    0.01    0.00    2.00 v OP[2] (in)
                                         OP[2] (net)
                  0.01    0.00    2.00 v input19/A (sky130_fd_sc_hd__clkbuf_4)
     6    0.04    0.09    0.16    2.17 v input19/X (sky130_fd_sc_hd__clkbuf_4)
                                         net19 (net)
                  0.09    0.00    2.17 v _265_/A (sky130_fd_sc_hd__and3_2)
     7    0.02    0.08    0.23    2.40 v _265_/X (sky130_fd_sc_hd__and3_2)
                                         _023_ (net)
                  0.08    0.00    2.40 v _326_/A2 (sky130_fd_sc_hd__a31o_1)
     1    0.01    0.06    0.23    2.63 v _326_/X (sky130_fd_sc_hd__a31o_1)
                                         net22 (net)
                  0.06    0.00    2.63 v output22/A (sky130_fd_sc_hd__buf_2)
     1    0.03    0.09    0.18    2.81 v output22/X (sky130_fd_sc_hd__buf_2)
                                         OUT[2] (net)
                  0.09    0.00    2.81 v OUT[2] (out)
                                  2.81   data arrival time

                  0.00    0.00    0.00   clock __VIRTUAL_CLK__ (rise edge)
                          0.00    0.00   clock network delay (ideal)
                          0.25    0.25   clock uncertainty
                          0.00    0.25   clock reconvergence pessimism
                         -2.00   -1.75   output external delay
                                 -1.75   data required time
-----------------------------------------------------------------------------
                                 -1.75   data required time
                                 -2.81   data arrival time
-----------------------------------------------------------------------------
                                  4.56   slack (MET)


Startpoint: B[3] (input port clocked by __VIRTUAL_CLK__)
Endpoint: OUT[3] (output port clocked by __VIRTUAL_CLK__)
Path Group: __VIRTUAL_CLK__
Path Type: min

Fanout     Cap    Slew   Delay    Time   Description
-----------------------------------------------------------------------------
                  0.00    0.00    0.00   clock __VIRTUAL_CLK__ (rise edge)
                          0.00    0.00   clock network delay (ideal)
                          2.00    2.00 ^ input external delay
     1    0.00    0.02    0.01    2.01 ^ B[3] (in)
                                         B[3] (net)
                  0.02    0.00    2.01 ^ input12/A (sky130_fd_sc_hd__clkbuf_2)
     3    0.02    0.10    0.13    2.14 ^ input12/X (sky130_fd_sc_hd__clkbuf_2)
                                         net12 (net)
                  0.10    0.00    2.14 ^ _191_/A (sky130_fd_sc_hd__buf_4)
    10    0.05    0.14    0.20    2.34 ^ _191_/X (sky130_fd_sc_hd__buf_4)
                                         _119_ (net)
                  0.14    0.00    2.34 ^ _334_/A1 (sky130_fd_sc_hd__a311o_1)
     1    0.00    0.05    0.16    2.50 ^ _334_/X (sky130_fd_sc_hd__a311o_1)
                                         _086_ (net)
                  0.05    0.00    2.50 ^ _335_/C1 (sky130_fd_sc_hd__a221o_1)
     1    0.01    0.09    0.13    2.63 ^ _335_/X (sky130_fd_sc_hd__a221o_1)
                                         net23 (net)
                  0.09    0.00    2.63 ^ output23/A (sky130_fd_sc_hd__buf_2)
     1    0.03    0.17    0.20    2.83 ^ output23/X (sky130_fd_sc_hd__buf_2)
                                         OUT[3] (net)
                  0.17    0.00    2.83 ^ OUT[3] (out)
                                  2.83   data arrival time

                  0.00    0.00    0.00   clock __VIRTUAL_CLK__ (rise edge)
                          0.00    0.00   clock network delay (ideal)
                          0.25    0.25   clock uncertainty
                          0.00    0.25   clock reconvergence pessimism
                         -2.00   -1.75   output external delay
                                 -1.75   data required time
-----------------------------------------------------------------------------
                                 -1.75   data required time
                                 -2.83   data arrival time
-----------------------------------------------------------------------------
                                  4.58   slack (MET)


Startpoint: A[4] (input port clocked by __VIRTUAL_CLK__)
Endpoint: OUT[4] (output port clocked by __VIRTUAL_CLK__)
Path Group: __VIRTUAL_CLK__
Path Type: min

Fanout     Cap    Slew   Delay    Time   Description
-----------------------------------------------------------------------------
                  0.00    0.00    0.00   clock __VIRTUAL_CLK__ (rise edge)
                          0.00    0.00   clock network delay (ideal)
                          2.00    2.00 ^ input external delay
     1    0.00    0.02    0.01    2.01 ^ A[4] (in)
                                         A[4] (net)
                  0.02    0.00    2.01 ^ input5/A (sky130_fd_sc_hd__buf_2)
     6    0.03    0.15    0.17    2.17 ^ input5/X (sky130_fd_sc_hd__buf_2)
                                         net5 (net)
                  0.15    0.00    2.17 ^ _341_/A2 (sky130_fd_sc_hd__a31o_1)
     1    0.01    0.08    0.18    2.35 ^ _341_/X (sky130_fd_sc_hd__a31o_1)
                                         _092_ (net)
                  0.08    0.00    2.35 ^ _346_/B (sky130_fd_sc_hd__or3_1)
     1    0.01    0.10    0.15    2.50 ^ _346_/X (sky130_fd_sc_hd__or3_1)
                                         _097_ (net)
                  0.10    0.00    2.50 ^ _347_/A (sky130_fd_sc_hd__buf_1)
     1    0.01    0.12    0.14    2.64 ^ _347_/X (sky130_fd_sc_hd__buf_1)
                                         net24 (net)
                  0.12    0.00    2.64 ^ output24/A (sky130_fd_sc_hd__buf_2)
     1    0.03    0.17    0.21    2.85 ^ output24/X (sky130_fd_sc_hd__buf_2)
                                         OUT[4] (net)
                  0.17    0.00    2.85 ^ OUT[4] (out)
                                  2.85   data arrival time

                  0.00    0.00    0.00   clock __VIRTUAL_CLK__ (rise edge)
                          0.00    0.00   clock network delay (ideal)
                          0.25    0.25   clock uncertainty
                          0.00    0.25   clock reconvergence pessimism
                         -2.00   -1.75   output external delay
                                 -1.75   data required time
-----------------------------------------------------------------------------
                                 -1.75   data required time
                                 -2.85   data arrival time
-----------------------------------------------------------------------------
                                  4.60   slack (MET)


Startpoint: B[1] (input port clocked by __VIRTUAL_CLK__)
Endpoint: OUT[1] (output port clocked by __VIRTUAL_CLK__)
Path Group: __VIRTUAL_CLK__
Path Type: min

Fanout     Cap    Slew   Delay    Time   Description
-----------------------------------------------------------------------------
                  0.00    0.00    0.00   clock __VIRTUAL_CLK__ (rise edge)
                          0.00    0.00   clock network delay (ideal)
                          2.00    2.00 ^ input external delay
     1    0.00    0.02    0.01    2.01 ^ B[1] (in)
                                         B[1] (net)
                  0.02    0.00    2.01 ^ input10/A (sky130_fd_sc_hd__clkbuf_2)
     5    0.02    0.13    0.15    2.16 ^ input10/X (sky130_fd_sc_hd__clkbuf_2)
                                         net10 (net)
                  0.13    0.00    2.16 ^ _175_/A (sky130_fd_sc_hd__buf_4)
    10    0.05    0.14    0.20    2.36 ^ _175_/X (sky130_fd_sc_hd__buf_4)
                                         _103_ (net)
                  0.14    0.00    2.37 ^ _309_/A2 (sky130_fd_sc_hd__o22a_1)
     1    0.01    0.07    0.16    2.53 ^ _309_/X (sky130_fd_sc_hd__o22a_1)
                                         _063_ (net)
                  0.07    0.00    2.53 ^ _317_/A (sky130_fd_sc_hd__or4b_1)
     1    0.00    0.06    0.11    2.64 ^ _317_/X (sky130_fd_sc_hd__or4b_1)
                                         _071_ (net)
                  0.06    0.00    2.64 ^ _318_/A (sky130_fd_sc_hd__buf_1)
     1    0.01    0.13    0.14    2.78 ^ _318_/X (sky130_fd_sc_hd__buf_1)
                                         net21 (net)
                  0.13    0.00    2.78 ^ output21/A (sky130_fd_sc_hd__buf_2)
     1    0.03    0.17    0.22    2.99 ^ output21/X (sky130_fd_sc_hd__buf_2)
                                         OUT[1] (net)
                  0.17    0.00    2.99 ^ OUT[1] (out)
                                  2.99   data arrival time

                  0.00    0.00    0.00   clock __VIRTUAL_CLK__ (rise edge)
                          0.00    0.00   clock network delay (ideal)
                          0.25    0.25   clock uncertainty
                          0.00    0.25   clock reconvergence pessimism
                         -2.00   -1.75   output external delay
                                 -1.75   data required time
-----------------------------------------------------------------------------
                                 -1.75   data required time
                                 -2.99   data arrival time
-----------------------------------------------------------------------------
                                  4.74   slack (MET)



worst slack corner Typical: 4.4242
min_report_end
max_report

===========================================================================
report_checks -path_delay max (Setup)
============================================================================
======================= Typical Corner ===================================

Startpoint: B[1] (input port clocked by __VIRTUAL_CLK__)
Endpoint: OUT[6] (output port clocked by __VIRTUAL_CLK__)
Path Group: __VIRTUAL_CLK__
Path Type: max

Fanout     Cap    Slew   Delay    Time   Description
-----------------------------------------------------------------------------
                  0.00    0.00    0.00   clock __VIRTUAL_CLK__ (rise edge)
                          0.00    0.00   clock network delay (ideal)
                          2.00    2.00 v input external delay
     1    0.00    0.01    0.01    2.01 v B[1] (in)
                                         B[1] (net)
                  0.01    0.00    2.01 v input10/A (sky130_fd_sc_hd__clkbuf_2)
     5    0.02    0.09    0.15    2.15 v input10/X (sky130_fd_sc_hd__clkbuf_2)
                                         net10 (net)
                  0.09    0.00    2.15 v _234_/B (sky130_fd_sc_hd__or2_2)
     4    0.02    0.10    0.36    2.52 v _234_/X (sky130_fd_sc_hd__or2_2)
                                         _162_ (net)
                  0.10    0.00    2.52 v _236_/A3 (sky130_fd_sc_hd__o31a_2)
     3    0.02    0.08    0.36    2.88 v _236_/X (sky130_fd_sc_hd__o31a_2)
                                         _164_ (net)
                  0.08    0.00    2.88 v _268_/A3 (sky130_fd_sc_hd__o31a_2)
     2    0.02    0.09    0.36    3.24 v _268_/X (sky130_fd_sc_hd__o31a_2)
                                         _025_ (net)
                  0.09    0.00    3.24 v _269_/B (sky130_fd_sc_hd__xnor2_2)
     2    0.01    0.08    0.18    3.42 v _269_/Y (sky130_fd_sc_hd__xnor2_2)
                                         _026_ (net)
                  0.08    0.00    3.42 v _270_/B (sky130_fd_sc_hd__and2_1)
     3    0.01    0.08    0.23    3.64 v _270_/X (sky130_fd_sc_hd__and2_1)
                                         _027_ (net)
                  0.08    0.00    3.64 v _272_/A (sky130_fd_sc_hd__or2_2)
     2    0.01    0.08    0.37    4.01 v _272_/X (sky130_fd_sc_hd__or2_2)
                                         _029_ (net)
                  0.08    0.00    4.01 v _276_/B1 (sky130_fd_sc_hd__a311oi_4)
     3    0.01    0.30    0.36    4.37 ^ _276_/Y (sky130_fd_sc_hd__a311oi_4)
                                         _033_ (net)
                  0.30    0.00    4.37 ^ _277_/A_N (sky130_fd_sc_hd__and2b_1)
     1    0.01    0.05    0.25    4.62 v _277_/X (sky130_fd_sc_hd__and2b_1)
                                         _034_ (net)
                  0.05    0.00    4.62 v _291_/A2 (sky130_fd_sc_hd__a21o_1)
     1    0.01    0.06    0.22    4.84 v _291_/X (sky130_fd_sc_hd__a21o_1)
                                         net26 (net)
                  0.06    0.00    4.84 v output26/A (sky130_fd_sc_hd__buf_2)
     1    0.03    0.09    0.20    5.03 v output26/X (sky130_fd_sc_hd__buf_2)
                                         OUT[6] (net)
                  0.09    0.00    5.03 v OUT[6] (out)
                                  5.03   data arrival time

                  0.00   10.00   10.00   clock __VIRTUAL_CLK__ (rise edge)
                          0.00   10.00   clock network delay (ideal)
                         -0.25    9.75   clock uncertainty
                          0.00    9.75   clock reconvergence pessimism
                         -2.00    7.75   output external delay
                                  7.75   data required time
-----------------------------------------------------------------------------
                                  7.75   data required time
                                 -5.03   data arrival time
-----------------------------------------------------------------------------
                                  2.72   slack (MET)


Startpoint: B[1] (input port clocked by __VIRTUAL_CLK__)
Endpoint: OUT[7] (output port clocked by __VIRTUAL_CLK__)
Path Group: __VIRTUAL_CLK__
Path Type: max

Fanout     Cap    Slew   Delay    Time   Description
-----------------------------------------------------------------------------
                  0.00    0.00    0.00   clock __VIRTUAL_CLK__ (rise edge)
                          0.00    0.00   clock network delay (ideal)
                          2.00    2.00 v input external delay
     1    0.00    0.01    0.01    2.01 v B[1] (in)
                                         B[1] (net)
                  0.01    0.00    2.01 v input10/A (sky130_fd_sc_hd__clkbuf_2)
     5    0.02    0.09    0.15    2.15 v input10/X (sky130_fd_sc_hd__clkbuf_2)
                                         net10 (net)
                  0.09    0.00    2.15 v _234_/B (sky130_fd_sc_hd__or2_2)
     4    0.02    0.10    0.36    2.52 v _234_/X (sky130_fd_sc_hd__or2_2)
                                         _162_ (net)
                  0.10    0.00    2.52 v _236_/A3 (sky130_fd_sc_hd__o31a_2)
     3    0.02    0.08    0.36    2.88 v _236_/X (sky130_fd_sc_hd__o31a_2)
                                         _164_ (net)
                  0.08    0.00    2.88 v _268_/A3 (sky130_fd_sc_hd__o31a_2)
     2    0.02    0.09    0.36    3.24 v _268_/X (sky130_fd_sc_hd__o31a_2)
                                         _025_ (net)
                  0.09    0.00    3.24 v _269_/B (sky130_fd_sc_hd__xnor2_2)
     2    0.01    0.08    0.18    3.42 v _269_/Y (sky130_fd_sc_hd__xnor2_2)
                                         _026_ (net)
                  0.08    0.00    3.42 v _270_/B (sky130_fd_sc_hd__and2_1)
     3    0.01    0.08    0.23    3.64 v _270_/X (sky130_fd_sc_hd__and2_1)
                                         _027_ (net)
                  0.08    0.00    3.64 v _272_/A (sky130_fd_sc_hd__or2_2)
     2    0.01    0.08    0.37    4.01 v _272_/X (sky130_fd_sc_hd__or2_2)
                                         _029_ (net)
                  0.08    0.00    4.01 v _276_/B1 (sky130_fd_sc_hd__a311oi_4)
     3    0.01    0.30    0.36    4.37 ^ _276_/Y (sky130_fd_sc_hd__a311oi_4)
                                         _033_ (net)
                  0.30    0.00    4.37 ^ _296_/B (sky130_fd_sc_hd__or3_1)
     1    0.01    0.08    0.20    4.56 ^ _296_/X (sky130_fd_sc_hd__or3_1)
                                         _052_ (net)
                  0.08    0.00    4.56 ^ _302_/A3 (sky130_fd_sc_hd__a31o_1)
     1    0.01    0.09    0.19    4.75 ^ _302_/X (sky130_fd_sc_hd__a31o_1)
                                         net27 (net)
                  0.09    0.00    4.75 ^ output27/A (sky130_fd_sc_hd__buf_2)
     1    0.03    0.17    0.23    4.98 ^ output27/X (sky130_fd_sc_hd__buf_2)
                                         OUT[7] (net)
                  0.17    0.00    4.98 ^ OUT[7] (out)
                                  4.98   data arrival time

                  0.00   10.00   10.00   clock __VIRTUAL_CLK__ (rise edge)
                          0.00   10.00   clock network delay (ideal)
                         -0.25    9.75   clock uncertainty
                          0.00    9.75   clock reconvergence pessimism
                         -2.00    7.75   output external delay
                                  7.75   data required time
-----------------------------------------------------------------------------
                                  7.75   data required time
                                 -4.98   data arrival time
-----------------------------------------------------------------------------
                                  2.77   slack (MET)


Startpoint: OP[0] (input port clocked by __VIRTUAL_CLK__)
Endpoint: OUT[4] (output port clocked by __VIRTUAL_CLK__)
Path Group: __VIRTUAL_CLK__
Path Type: max

Fanout     Cap    Slew   Delay    Time   Description
-----------------------------------------------------------------------------
                  0.00    0.00    0.00   clock __VIRTUAL_CLK__ (rise edge)
                          0.00    0.00   clock network delay (ideal)
                          2.00    2.00 v input external delay
     1    0.00    0.01    0.00    2.00 v OP[0] (in)
                                         OP[0] (net)
                  0.01    0.00    2.00 v input17/A (sky130_fd_sc_hd__buf_2)
     5    0.03    0.07    0.16    2.16 v input17/X (sky130_fd_sc_hd__buf_2)
                                         net17 (net)
                  0.07    0.00    2.16 v _235_/A_N (sky130_fd_sc_hd__nand3b_4)
     9    0.04    0.14    0.25    2.41 v _235_/Y (sky130_fd_sc_hd__nand3b_4)
                                         _163_ (net)
                  0.14    0.00    2.41 v _242_/C (sky130_fd_sc_hd__and3_1)
     2    0.01    0.07    0.26    2.68 v _242_/X (sky130_fd_sc_hd__and3_1)
                                         _000_ (net)
                  0.07    0.00    2.68 v _245_/B (sky130_fd_sc_hd__or3_1)
     2    0.01    0.11    0.43    3.10 v _245_/X (sky130_fd_sc_hd__or3_1)
                                         _003_ (net)
                  0.11    0.00    3.10 v _247_/B (sky130_fd_sc_hd__and3b_2)
     3    0.02    0.07    0.28    3.38 v _247_/X (sky130_fd_sc_hd__and3b_2)
                                         _005_ (net)
                  0.07    0.00    3.38 v _250_/A2 (sky130_fd_sc_hd__o21ai_4)
     4    0.02    0.21    0.22    3.60 ^ _250_/Y (sky130_fd_sc_hd__o21ai_4)
                                         _008_ (net)
                  0.21    0.00    3.60 ^ _336_/A2 (sky130_fd_sc_hd__a31o_1)
     1    0.01    0.07    0.21    3.81 ^ _336_/X (sky130_fd_sc_hd__a31o_1)
                                         _087_ (net)
                  0.07    0.00    3.81 ^ _337_/B (sky130_fd_sc_hd__nand2_1)
     1    0.00    0.06    0.07    3.88 v _337_/Y (sky130_fd_sc_hd__nand2_1)
                                         _088_ (net)
                  0.06    0.00    3.88 v _338_/C (sky130_fd_sc_hd__and3_1)
     1    0.01    0.06    0.22    4.10 v _338_/X (sky130_fd_sc_hd__and3_1)
                                         _089_ (net)
                  0.06    0.00    4.10 v _346_/A (sky130_fd_sc_hd__or3_1)
     1    0.01    0.10    0.45    4.54 v _346_/X (sky130_fd_sc_hd__or3_1)
                                         _097_ (net)
                  0.10    0.00    4.55 v _347_/A (sky130_fd_sc_hd__buf_1)
     1    0.01    0.06    0.15    4.70 v _347_/X (sky130_fd_sc_hd__buf_1)
                                         net24 (net)
                  0.06    0.00    4.70 v output24/A (sky130_fd_sc_hd__buf_2)
     1    0.03    0.09    0.20    4.89 v output24/X (sky130_fd_sc_hd__buf_2)
                                         OUT[4] (net)
                  0.09    0.00    4.89 v OUT[4] (out)
                                  4.89   data arrival time

                  0.00   10.00   10.00   clock __VIRTUAL_CLK__ (rise edge)
                          0.00   10.00   clock network delay (ideal)
                         -0.25    9.75   clock uncertainty
                          0.00    9.75   clock reconvergence pessimism
                         -2.00    7.75   output external delay
                                  7.75   data required time
-----------------------------------------------------------------------------
                                  7.75   data required time
                                 -4.89   data arrival time
-----------------------------------------------------------------------------
                                  2.86   slack (MET)


Startpoint: OP[0] (input port clocked by __VIRTUAL_CLK__)
Endpoint: OUT[5] (output port clocked by __VIRTUAL_CLK__)
Path Group: __VIRTUAL_CLK__
Path Type: max

Fanout     Cap    Slew   Delay    Time   Description
-----------------------------------------------------------------------------
                  0.00    0.00    0.00   clock __VIRTUAL_CLK__ (rise edge)
                          0.00    0.00   clock network delay (ideal)
                          2.00    2.00 v input external delay
     1    0.00    0.01    0.00    2.00 v OP[0] (in)
                                         OP[0] (net)
                  0.01    0.00    2.00 v input17/A (sky130_fd_sc_hd__buf_2)
     5    0.03    0.07    0.16    2.16 v input17/X (sky130_fd_sc_hd__buf_2)
                                         net17 (net)
                  0.07    0.00    2.16 v _235_/A_N (sky130_fd_sc_hd__nand3b_4)
     9    0.04    0.14    0.25    2.41 v _235_/Y (sky130_fd_sc_hd__nand3b_4)
                                         _163_ (net)
                  0.14    0.00    2.41 v _242_/C (sky130_fd_sc_hd__and3_1)
     2    0.01    0.07    0.26    2.68 v _242_/X (sky130_fd_sc_hd__and3_1)
                                         _000_ (net)
                  0.07    0.00    2.68 v _245_/B (sky130_fd_sc_hd__or3_1)
     2    0.01    0.11    0.43    3.10 v _245_/X (sky130_fd_sc_hd__or3_1)
                                         _003_ (net)
                  0.11    0.00    3.10 v _247_/B (sky130_fd_sc_hd__and3b_2)
     3    0.02    0.07    0.28    3.38 v _247_/X (sky130_fd_sc_hd__and3b_2)
                                         _005_ (net)
                  0.07    0.00    3.38 v _250_/A2 (sky130_fd_sc_hd__o21ai_4)
     4    0.02    0.21    0.22    3.60 ^ _250_/Y (sky130_fd_sc_hd__o21ai_4)
                                         _008_ (net)
                  0.21    0.00    3.60 ^ _257_/A2 (sky130_fd_sc_hd__a311o_4)
     5    0.03    0.12    0.31    3.91 ^ _257_/X (sky130_fd_sc_hd__a311o_4)
                                         _015_ (net)
                  0.12    0.00    3.91 ^ _264_/C (sky130_fd_sc_hd__nand3_1)
     1    0.01    0.08    0.11    4.02 v _264_/Y (sky130_fd_sc_hd__nand3_1)
                                         _022_ (net)
                  0.08    0.00    4.02 v _266_/B (sky130_fd_sc_hd__and3_1)
     1    0.01    0.05    0.20    4.22 v _266_/X (sky130_fd_sc_hd__and3_1)
                                         _024_ (net)
                  0.05    0.00    4.22 v _267_/C1 (sky130_fd_sc_hd__a211o_1)
     1    0.00    0.06    0.25    4.47 v _267_/X (sky130_fd_sc_hd__a211o_1)
                                         net25 (net)
                  0.06    0.00    4.47 v output25/A (sky130_fd_sc_hd__buf_2)
     1    0.03    0.09    0.19    4.66 v output25/X (sky130_fd_sc_hd__buf_2)
                                         OUT[5] (net)
                  0.09    0.00    4.66 v OUT[5] (out)
                                  4.66   data arrival time

                  0.00   10.00   10.00   clock __VIRTUAL_CLK__ (rise edge)
                          0.00   10.00   clock network delay (ideal)
                         -0.25    9.75   clock uncertainty
                          0.00    9.75   clock reconvergence pessimism
                         -2.00    7.75   output external delay
                                  7.75   data required time
-----------------------------------------------------------------------------
                                  7.75   data required time
                                 -4.66   data arrival time
-----------------------------------------------------------------------------
                                  3.09   slack (MET)


Startpoint: OP[0] (input port clocked by __VIRTUAL_CLK__)
Endpoint: OUT[3] (output port clocked by __VIRTUAL_CLK__)
Path Group: __VIRTUAL_CLK__
Path Type: max

Fanout     Cap    Slew   Delay    Time   Description
-----------------------------------------------------------------------------
                  0.00    0.00    0.00   clock __VIRTUAL_CLK__ (rise edge)
                          0.00    0.00   clock network delay (ideal)
                          2.00    2.00 v input external delay
     1    0.00    0.01    0.00    2.00 v OP[0] (in)
                                         OP[0] (net)
                  0.01    0.00    2.00 v input17/A (sky130_fd_sc_hd__buf_2)
     5    0.03    0.07    0.16    2.16 v input17/X (sky130_fd_sc_hd__buf_2)
                                         net17 (net)
                  0.07    0.00    2.16 v _235_/A_N (sky130_fd_sc_hd__nand3b_4)
     9    0.04    0.14    0.25    2.41 v _235_/Y (sky130_fd_sc_hd__nand3b_4)
                                         _163_ (net)
                  0.14    0.00    2.41 v _242_/C (sky130_fd_sc_hd__and3_1)
     2    0.01    0.07    0.26    2.68 v _242_/X (sky130_fd_sc_hd__and3_1)
                                         _000_ (net)
                  0.07    0.00    2.68 v _245_/B (sky130_fd_sc_hd__or3_1)
     2    0.01    0.11    0.43    3.10 v _245_/X (sky130_fd_sc_hd__or3_1)
                                         _003_ (net)
                  0.11    0.00    3.10 v _247_/B (sky130_fd_sc_hd__and3b_2)
     3    0.02    0.07    0.28    3.38 v _247_/X (sky130_fd_sc_hd__and3b_2)
                                         _005_ (net)
                  0.07    0.00    3.38 v _250_/A2 (sky130_fd_sc_hd__o21ai_4)
     4    0.02    0.21    0.22    3.60 ^ _250_/Y (sky130_fd_sc_hd__o21ai_4)
                                         _008_ (net)
                  0.21    0.00    3.60 ^ _328_/B (sky130_fd_sc_hd__nand2_1)
     1    0.01    0.10    0.14    3.74 v _328_/Y (sky130_fd_sc_hd__nand2_1)
                                         _080_ (net)
                  0.10    0.00    3.74 v _329_/B (sky130_fd_sc_hd__xnor2_1)
     1    0.01    0.07    0.17    3.91 v _329_/Y (sky130_fd_sc_hd__xnor2_1)
                                         _081_ (net)
                  0.07    0.00    3.91 v _335_/A2 (sky130_fd_sc_hd__a221o_1)
     1    0.01    0.08    0.40    4.31 v _335_/X (sky130_fd_sc_hd__a221o_1)
                                         net23 (net)
                  0.08    0.00    4.31 v output23/A (sky130_fd_sc_hd__buf_2)
     1    0.03    0.09    0.21    4.51 v output23/X (sky130_fd_sc_hd__buf_2)
                                         OUT[3] (net)
                  0.09    0.00    4.51 v OUT[3] (out)
                                  4.51   data arrival time

                  0.00   10.00   10.00   clock __VIRTUAL_CLK__ (rise edge)
                          0.00   10.00   clock network delay (ideal)
                         -0.25    9.75   clock uncertainty
                          0.00    9.75   clock reconvergence pessimism
                         -2.00    7.75   output external delay
                                  7.75   data required time
-----------------------------------------------------------------------------
                                  7.75   data required time
                                 -4.51   data arrival time
-----------------------------------------------------------------------------
                                  3.24   slack (MET)


Startpoint: OP[0] (input port clocked by __VIRTUAL_CLK__)
Endpoint: OUT[1] (output port clocked by __VIRTUAL_CLK__)
Path Group: __VIRTUAL_CLK__
Path Type: max

Fanout     Cap    Slew   Delay    Time   Description
-----------------------------------------------------------------------------
                  0.00    0.00    0.00   clock __VIRTUAL_CLK__ (rise edge)
                          0.00    0.00   clock network delay (ideal)
                          2.00    2.00 v input external delay
     1    0.00    0.01    0.00    2.00 v OP[0] (in)
                                         OP[0] (net)
                  0.01    0.00    2.00 v input17/A (sky130_fd_sc_hd__buf_2)
     5    0.03    0.07    0.16    2.16 v input17/X (sky130_fd_sc_hd__buf_2)
                                         net17 (net)
                  0.07    0.00    2.16 v _235_/A_N (sky130_fd_sc_hd__nand3b_4)
     9    0.04    0.14    0.25    2.41 v _235_/Y (sky130_fd_sc_hd__nand3b_4)
                                         _163_ (net)
                  0.14    0.00    2.41 v _242_/C (sky130_fd_sc_hd__and3_1)
     2    0.01    0.07    0.26    2.68 v _242_/X (sky130_fd_sc_hd__and3_1)
                                         _000_ (net)
                  0.07    0.00    2.68 v _245_/B (sky130_fd_sc_hd__or3_1)
     2    0.01    0.11    0.43    3.10 v _245_/X (sky130_fd_sc_hd__or3_1)
                                         _003_ (net)
                  0.11    0.00    3.10 v _314_/B (sky130_fd_sc_hd__and2b_1)
     1    0.01    0.05    0.21    3.31 v _314_/X (sky130_fd_sc_hd__and2b_1)
                                         _068_ (net)
                  0.05    0.00    3.31 v _315_/A (sky130_fd_sc_hd__nor2_1)
     1    0.00    0.10    0.12    3.44 ^ _315_/Y (sky130_fd_sc_hd__nor2_1)
                                         _069_ (net)
                  0.10    0.00    3.44 ^ _316_/B (sky130_fd_sc_hd__or3b_1)
     1    0.01    0.08    0.15    3.59 ^ _316_/X (sky130_fd_sc_hd__or3b_1)
                                         _070_ (net)
                  0.08    0.00    3.59 ^ _317_/D_N (sky130_fd_sc_hd__or4b_1)
     1    0.00    0.10    0.47    4.06 v _317_/X (sky130_fd_sc_hd__or4b_1)
                                         _071_ (net)
                  0.10    0.00    4.06 v _318_/A (sky130_fd_sc_hd__buf_1)
     1    0.01    0.06    0.15    4.21 v _318_/X (sky130_fd_sc_hd__buf_1)
                                         net21 (net)
                  0.06    0.00    4.21 v output21/A (sky130_fd_sc_hd__buf_2)
     1    0.03    0.09    0.20    4.41 v output21/X (sky130_fd_sc_hd__buf_2)
                                         OUT[1] (net)
                  0.09    0.00    4.41 v OUT[1] (out)
                                  4.41   data arrival time

                  0.00   10.00   10.00   clock __VIRTUAL_CLK__ (rise edge)
                          0.00   10.00   clock network delay (ideal)
                         -0.25    9.75   clock uncertainty
                          0.00    9.75   clock reconvergence pessimism
                         -2.00    7.75   output external delay
                                  7.75   data required time
-----------------------------------------------------------------------------
                                  7.75   data required time
                                 -4.41   data arrival time
-----------------------------------------------------------------------------
                                  3.34   slack (MET)


Startpoint: B[1] (input port clocked by __VIRTUAL_CLK__)
Endpoint: OUT[2] (output port clocked by __VIRTUAL_CLK__)
Path Group: __VIRTUAL_CLK__
Path Type: max

Fanout     Cap    Slew   Delay    Time   Description
-----------------------------------------------------------------------------
                  0.00    0.00    0.00   clock __VIRTUAL_CLK__ (rise edge)
                          0.00    0.00   clock network delay (ideal)
                          2.00    2.00 v input external delay
     1    0.00    0.01    0.01    2.01 v B[1] (in)
                                         B[1] (net)
                  0.01    0.00    2.01 v input10/A (sky130_fd_sc_hd__clkbuf_2)
     5    0.02    0.09    0.15    2.15 v input10/X (sky130_fd_sc_hd__clkbuf_2)
                                         net10 (net)
                  0.09    0.00    2.15 v _234_/B (sky130_fd_sc_hd__or2_2)
     4    0.02    0.10    0.36    2.52 v _234_/X (sky130_fd_sc_hd__or2_2)
                                         _162_ (net)
                  0.10    0.00    2.52 v _240_/C (sky130_fd_sc_hd__and3_1)
     2    0.01    0.09    0.26    2.78 v _240_/X (sky130_fd_sc_hd__and3_1)
                                         _168_ (net)
                  0.09    0.00    2.78 v _248_/C (sky130_fd_sc_hd__or3_1)
     1    0.00    0.06    0.32    3.10 v _248_/X (sky130_fd_sc_hd__or3_1)
                                         _006_ (net)
                  0.06    0.00    3.10 v _249_/B (sky130_fd_sc_hd__and2_1)
     2    0.01    0.09    0.22    3.32 v _249_/X (sky130_fd_sc_hd__and2_1)
                                         _007_ (net)
                  0.09    0.00    3.32 v _319_/A (sky130_fd_sc_hd__or3_1)
     1    0.01    0.10    0.45    3.76 v _319_/X (sky130_fd_sc_hd__or3_1)
                                         _072_ (net)
                  0.10    0.00    3.77 v _326_/A3 (sky130_fd_sc_hd__a31o_1)
     1    0.01    0.06    0.27    4.04 v _326_/X (sky130_fd_sc_hd__a31o_1)
                                         net22 (net)
                  0.06    0.00    4.04 v output22/A (sky130_fd_sc_hd__buf_2)
     1    0.03    0.09    0.20    4.24 v output22/X (sky130_fd_sc_hd__buf_2)
                                         OUT[2] (net)
                  0.09    0.00    4.24 v OUT[2] (out)
                                  4.24   data arrival time

                  0.00   10.00   10.00   clock __VIRTUAL_CLK__ (rise edge)
                          0.00   10.00   clock network delay (ideal)
                         -0.25    9.75   clock uncertainty
                          0.00    9.75   clock reconvergence pessimism
                         -2.00    7.75   output external delay
                                  7.75   data required time
-----------------------------------------------------------------------------
                                  7.75   data required time
                                 -4.24   data arrival time
-----------------------------------------------------------------------------
                                  3.51   slack (MET)


Startpoint: OP[1] (input port clocked by __VIRTUAL_CLK__)
Endpoint: OUT[0] (output port clocked by __VIRTUAL_CLK__)
Path Group: __VIRTUAL_CLK__
Path Type: max

Fanout     Cap    Slew   Delay    Time   Description
-----------------------------------------------------------------------------
                  0.00    0.00    0.00   clock __VIRTUAL_CLK__ (rise edge)
                          0.00    0.00   clock network delay (ideal)
                          2.00    2.00 v input external delay
     1    0.00    0.01    0.00    2.00 v OP[1] (in)
                                         OP[1] (net)
                  0.01    0.00    2.00 v input18/A (sky130_fd_sc_hd__clkbuf_4)
     6    0.04    0.08    0.18    2.18 v input18/X (sky130_fd_sc_hd__clkbuf_4)
                                         net18 (net)
                  0.08    0.00    2.18 v _171_/B (sky130_fd_sc_hd__or2_2)
     4    0.02    0.10    0.36    2.55 v _171_/X (sky130_fd_sc_hd__or2_2)
                                         _099_ (net)
                  0.10    0.00    2.55 v _224_/B (sky130_fd_sc_hd__or2_1)
     1    0.01    0.07    0.26    2.81 v _224_/X (sky130_fd_sc_hd__or2_1)
                                         _152_ (net)
                  0.07    0.00    2.81 v _225_/A (sky130_fd_sc_hd__clkbuf_4)
     8    0.04    0.08    0.21    3.02 v _225_/X (sky130_fd_sc_hd__clkbuf_4)
                                         _153_ (net)
                  0.08    0.00    3.02 v _306_/A2 (sky130_fd_sc_hd__o21ai_1)
     1    0.01    0.14    0.17    3.19 ^ _306_/Y (sky130_fd_sc_hd__o21ai_1)
                                         _061_ (net)
                  0.14    0.00    3.19 ^ _307_/B1 (sky130_fd_sc_hd__a31o_1)
     1    0.01    0.08    0.15    3.34 ^ _307_/X (sky130_fd_sc_hd__a31o_1)
                                         net20 (net)
                  0.08    0.00    3.34 ^ output20/A (sky130_fd_sc_hd__buf_2)
     1    0.03    0.17    0.22    3.57 ^ output20/X (sky130_fd_sc_hd__buf_2)
                                         OUT[0] (net)
                  0.17    0.00    3.57 ^ OUT[0] (out)
                                  3.57   data arrival time

                  0.00   10.00   10.00   clock __VIRTUAL_CLK__ (rise edge)
                          0.00   10.00   clock network delay (ideal)
                         -0.25    9.75   clock uncertainty
                          0.00    9.75   clock reconvergence pessimism
                         -2.00    7.75   output external delay
                                  7.75   data required time
-----------------------------------------------------------------------------
                                  7.75   data required time
                                 -3.57   data arrival time
-----------------------------------------------------------------------------
                                  4.18   slack (MET)



worst slack corner Typical: 2.7154
max_report_end
checks_report

===========================================================================
report_checks -unconstrained
===========================================================================
======================= Typical Corner ===================================

Startpoint: B[1] (input port clocked by __VIRTUAL_CLK__)
Endpoint: OUT[6] (output port clocked by __VIRTUAL_CLK__)
Path Group: __VIRTUAL_CLK__
Path Type: max

Fanout     Cap    Slew   Delay    Time   Description
-----------------------------------------------------------------------------
                  0.00    0.00    0.00   clock __VIRTUAL_CLK__ (rise edge)
                          0.00    0.00   clock network delay (ideal)
                          2.00    2.00 v input external delay
     1    0.00    0.01    0.01    2.01 v B[1] (in)
                                         B[1] (net)
                  0.01    0.00    2.01 v input10/A (sky130_fd_sc_hd__clkbuf_2)
     5    0.02    0.09    0.15    2.15 v input10/X (sky130_fd_sc_hd__clkbuf_2)
                                         net10 (net)
                  0.09    0.00    2.15 v _234_/B (sky130_fd_sc_hd__or2_2)
     4    0.02    0.10    0.36    2.52 v _234_/X (sky130_fd_sc_hd__or2_2)
                                         _162_ (net)
                  0.10    0.00    2.52 v _236_/A3 (sky130_fd_sc_hd__o31a_2)
     3    0.02    0.08    0.36    2.88 v _236_/X (sky130_fd_sc_hd__o31a_2)
                                         _164_ (net)
                  0.08    0.00    2.88 v _268_/A3 (sky130_fd_sc_hd__o31a_2)
     2    0.02    0.09    0.36    3.24 v _268_/X (sky130_fd_sc_hd__o31a_2)
                                         _025_ (net)
                  0.09    0.00    3.24 v _269_/B (sky130_fd_sc_hd__xnor2_2)
     2    0.01    0.08    0.18    3.42 v _269_/Y (sky130_fd_sc_hd__xnor2_2)
                                         _026_ (net)
                  0.08    0.00    3.42 v _270_/B (sky130_fd_sc_hd__and2_1)
     3    0.01    0.08    0.23    3.64 v _270_/X (sky130_fd_sc_hd__and2_1)
                                         _027_ (net)
                  0.08    0.00    3.64 v _272_/A (sky130_fd_sc_hd__or2_2)
     2    0.01    0.08    0.37    4.01 v _272_/X (sky130_fd_sc_hd__or2_2)
                                         _029_ (net)
                  0.08    0.00    4.01 v _276_/B1 (sky130_fd_sc_hd__a311oi_4)
     3    0.01    0.30    0.36    4.37 ^ _276_/Y (sky130_fd_sc_hd__a311oi_4)
                                         _033_ (net)
                  0.30    0.00    4.37 ^ _277_/A_N (sky130_fd_sc_hd__and2b_1)
     1    0.01    0.05    0.25    4.62 v _277_/X (sky130_fd_sc_hd__and2b_1)
                                         _034_ (net)
                  0.05    0.00    4.62 v _291_/A2 (sky130_fd_sc_hd__a21o_1)
     1    0.01    0.06    0.22    4.84 v _291_/X (sky130_fd_sc_hd__a21o_1)
                                         net26 (net)
                  0.06    0.00    4.84 v output26/A (sky130_fd_sc_hd__buf_2)
     1    0.03    0.09    0.20    5.03 v output26/X (sky130_fd_sc_hd__buf_2)
                                         OUT[6] (net)
                  0.09    0.00    5.03 v OUT[6] (out)
                                  5.03   data arrival time

                  0.00   10.00   10.00   clock __VIRTUAL_CLK__ (rise edge)
                          0.00   10.00   clock network delay (ideal)
                         -0.25    9.75   clock uncertainty
                          0.00    9.75   clock reconvergence pessimism
                         -2.00    7.75   output external delay
                                  7.75   data required time
-----------------------------------------------------------------------------
                                  7.75   data required time
                                 -5.03   data arrival time
-----------------------------------------------------------------------------
                                  2.72   slack (MET)




===========================================================================
report_checks --slack_max -0.01
============================================================================
======================= Typical Corner ===================================

No paths found.


===========================================================================
 report_check_types -max_slew -max_cap -max_fanout -violators
============================================================================
======================= Typical Corner ===================================


max slew violations count Typical: 0
max fanout violations count Typical: 0
max cap violations count Typical: 0

===========================================================================
report_parasitic_annotation -report_unannotated
============================================================================
Found 0 unannotated drivers.
Found 0 partially unannotated drivers.

===========================================================================
max slew violation count 0
max fanout violation count 0
max cap violation count 0
============================================================================

===========================================================================
check_setup -verbose -unconstrained_endpoints -multiple_clock -no_clock -no_input_delay -loops -generated_clocks
===========================================================================
checks_report_end
power_report

===========================================================================
 report_power
============================================================================
======================= Typical Corner ===================================

Group                  Internal  Switching    Leakage      Total
                          Power      Power      Power      Power (Watts)
----------------------------------------------------------------
Sequential             0.00e+00   0.00e+00   0.00e+00   0.00e+00   0.0%
Combinational          4.48e-05   7.70e-05   7.68e-10   1.22e-04 100.0%
Clock                  0.00e+00   0.00e+00   1.81e-10   1.81e-10   0.0%
Macro                  0.00e+00   0.00e+00   0.00e+00   0.00e+00   0.0%
Pad                    0.00e+00   0.00e+00   0.00e+00   0.00e+00   0.0%
----------------------------------------------------------------
Total                  4.48e-05   7.70e-05   9.49e-10   1.22e-04 100.0%
                          36.8%      63.2%       0.0%

power_report_end
summary_report

===========================================================================
report_tns
============================================================================
tns 0.00

===========================================================================
report_wns
============================================================================
wns 0.00

===========================================================================
report_worst_slack -max (Setup)
============================================================================
worst slack 2.72

===========================================================================
report_worst_slack -min (Hold)
============================================================================
worst slack 4.42
summary_report_end
area_report

===========================================================================
report_design_area
============================================================================
Design area 1714 u^2 25% utilization.
area_report_end
check_nonpropagated_clocks
__VIRTUAL_CLK__
check_nonpropagated_clocks_end
[WARNING] Did not save OpenROAD database!
Writing SDF to '/openlane/designs/ALU/runs/RUN_2025.05.03_14.04.36/results/signoff/ALU.sdf'…
