
===========================================================================
report_checks -path_delay min (Hold)
============================================================================
======================= Fastest Corner ===================================

Startpoint: B[0] (input port clocked by __VIRTUAL_CLK__)
Endpoint: OUT[0] (output port clocked by __VIRTUAL_CLK__)
Path Group: __VIRTUAL_CLK__
Path Type: min
Corner: Fastest

Fanout     Cap    Slew   Delay    Time   Description
-----------------------------------------------------------------------------
                  0.00    0.00    0.00   clock __VIRTUAL_CLK__ (rise edge)
                          0.00    0.00   clock network delay (ideal)
                          2.00    2.00 v input external delay
     1    0.00    0.01    0.00    2.00 v B[0] (in)
                                         B[0] (net)
                  0.01    0.00    2.00 v input9/A (sky130_fd_sc_hd__clkbuf_2)
     4    0.04    0.10    0.11    2.11 v input9/X (sky130_fd_sc_hd__clkbuf_2)
                                         net9 (net)
                  0.10    0.00    2.12 v _184_/A (sky130_fd_sc_hd__buf_4)
    10    0.07    0.07    0.15    2.27 v _184_/X (sky130_fd_sc_hd__buf_4)
                                         _112_ (net)
                  0.08    0.01    2.28 v _307_/A1 (sky130_fd_sc_hd__a31o_1)
     1    0.02    0.06    0.15    2.43 v _307_/X (sky130_fd_sc_hd__a31o_1)
                                         net20 (net)
                  0.06    0.00    2.43 v output20/A (sky130_fd_sc_hd__buf_2)
     1    0.04    0.06    0.12    2.55 v output20/X (sky130_fd_sc_hd__buf_2)
                                         OUT[0] (net)
                  0.06    0.00    2.56 v OUT[0] (out)
                                  2.56   data arrival time

                  0.00    0.00    0.00   clock __VIRTUAL_CLK__ (rise edge)
                          0.00    0.00   clock network delay (ideal)
                          0.25    0.25   clock uncertainty
                          0.00    0.25   clock reconvergence pessimism
                         -2.00   -1.75   output external delay
                                 -1.75   data required time
-----------------------------------------------------------------------------
                                 -1.75   data required time
                                 -2.56   data arrival time
-----------------------------------------------------------------------------
                                  4.31   slack (MET)


Startpoint: A[5] (input port clocked by __VIRTUAL_CLK__)
Endpoint: OUT[5] (output port clocked by __VIRTUAL_CLK__)
Path Group: __VIRTUAL_CLK__
Path Type: min
Corner: Fastest

Fanout     Cap    Slew   Delay    Time   Description
-----------------------------------------------------------------------------
                  0.00    0.00    0.00   clock __VIRTUAL_CLK__ (rise edge)
                          0.00    0.00   clock network delay (ideal)
                          2.00    2.00 ^ input external delay
     1    0.00    0.01    0.01    2.01 ^ A[5] (in)
                                         A[5] (net)
                  0.01    0.00    2.01 ^ input6/A (sky130_fd_sc_hd__buf_2)
     6    0.06    0.22    0.18    2.19 ^ input6/X (sky130_fd_sc_hd__buf_2)
                                         net6 (net)
                  0.22    0.01    2.19 ^ _233_/A2 (sky130_fd_sc_hd__a311o_1)
     1    0.01    0.10    0.16    2.35 ^ _233_/X (sky130_fd_sc_hd__a311o_1)
                                         _161_ (net)
                  0.10    0.00    2.35 ^ _267_/B1 (sky130_fd_sc_hd__a211o_1)
     1    0.01    0.06    0.09    2.44 ^ _267_/X (sky130_fd_sc_hd__a211o_1)
                                         net25 (net)
                  0.06    0.00    2.44 ^ output25/A (sky130_fd_sc_hd__buf_2)
     1    0.03    0.13    0.14    2.58 ^ output25/X (sky130_fd_sc_hd__buf_2)
                                         OUT[5] (net)
                  0.13    0.00    2.58 ^ OUT[5] (out)
                                  2.58   data arrival time

                  0.00    0.00    0.00   clock __VIRTUAL_CLK__ (rise edge)
                          0.00    0.00   clock network delay (ideal)
                          0.25    0.25   clock uncertainty
                          0.00    0.25   clock reconvergence pessimism
                         -2.00   -1.75   output external delay
                                 -1.75   data required time
-----------------------------------------------------------------------------
                                 -1.75   data required time
                                 -2.58   data arrival time
-----------------------------------------------------------------------------
                                  4.33   slack (MET)


Startpoint: A[6] (input port clocked by __VIRTUAL_CLK__)
Endpoint: OUT[6] (output port clocked by __VIRTUAL_CLK__)
Path Group: __VIRTUAL_CLK__
Path Type: min
Corner: Fastest

Fanout     Cap    Slew   Delay    Time   Description
-----------------------------------------------------------------------------
                  0.00    0.00    0.00   clock __VIRTUAL_CLK__ (rise edge)
                          0.00    0.00   clock network delay (ideal)
                          2.00    2.00 ^ input external delay
     1    0.00    0.01    0.01    2.01 ^ A[6] (in)
                                         A[6] (net)
                  0.01    0.00    2.01 ^ input7/A (sky130_fd_sc_hd__clkbuf_2)
     5    0.05    0.20    0.16    2.17 ^ input7/X (sky130_fd_sc_hd__clkbuf_2)
                                         net7 (net)
                  0.20    0.00    2.18 ^ _289_/A1 (sky130_fd_sc_hd__o211ai_1)
     1    0.01    0.04    0.08    2.25 v _289_/Y (sky130_fd_sc_hd__o211ai_1)
                                         _046_ (net)
                  0.04    0.00    2.25 v _290_/B1 (sky130_fd_sc_hd__a31o_1)
     1    0.01    0.03    0.08    2.33 v _290_/X (sky130_fd_sc_hd__a31o_1)
                                         _047_ (net)
                  0.03    0.00    2.33 v _291_/B1 (sky130_fd_sc_hd__a21o_1)
     2    0.02    0.08    0.11    2.44 v _291_/X (sky130_fd_sc_hd__a21o_1)
                                         net26 (net)
                  0.08    0.00    2.44 v output26/A (sky130_fd_sc_hd__clkbuf_4)
     1    0.03    0.06    0.14    2.58 v output26/X (sky130_fd_sc_hd__clkbuf_4)
                                         OUT[6] (net)
                  0.06    0.00    2.58 v OUT[6] (out)
                                  2.58   data arrival time

                  0.00    0.00    0.00   clock __VIRTUAL_CLK__ (rise edge)
                          0.00    0.00   clock network delay (ideal)
                          0.25    0.25   clock uncertainty
                          0.00    0.25   clock reconvergence pessimism
                         -2.00   -1.75   output external delay
                                 -1.75   data required time
-----------------------------------------------------------------------------
                                 -1.75   data required time
                                 -2.58   data arrival time
-----------------------------------------------------------------------------
                                  4.33   slack (MET)


Startpoint: OP[2] (input port clocked by __VIRTUAL_CLK__)
Endpoint: OUT[7] (output port clocked by __VIRTUAL_CLK__)
Path Group: __VIRTUAL_CLK__
Path Type: min
Corner: Fastest

Fanout     Cap    Slew   Delay    Time   Description
-----------------------------------------------------------------------------
                  0.00    0.00    0.00   clock __VIRTUAL_CLK__ (rise edge)
                          0.00    0.00   clock network delay (ideal)
                          2.00    2.00 v input external delay
     1    0.00    0.01    0.00    2.00 v OP[2] (in)
                                         OP[2] (net)
                  0.01    0.00    2.00 v input19/A (sky130_fd_sc_hd__clkbuf_4)
     6    0.06    0.09    0.13    2.13 v input19/X (sky130_fd_sc_hd__clkbuf_4)
                                         net19 (net)
                  0.09    0.01    2.13 v _265_/A (sky130_fd_sc_hd__and3_2)
     7    0.05    0.09    0.19    2.32 v _265_/X (sky130_fd_sc_hd__and3_2)
                                         _023_ (net)
                  0.09    0.00    2.33 v _302_/A1 (sky130_fd_sc_hd__a31o_1)
     2    0.02    0.06    0.17    2.49 v _302_/X (sky130_fd_sc_hd__a31o_1)
                                         net27 (net)
                  0.06    0.00    2.49 v output27/A (sky130_fd_sc_hd__buf_2)
     1    0.03    0.06    0.12    2.62 v output27/X (sky130_fd_sc_hd__buf_2)
                                         OUT[7] (net)
                  0.06    0.00    2.62 v OUT[7] (out)
                                  2.62   data arrival time

                  0.00    0.00    0.00   clock __VIRTUAL_CLK__ (rise edge)
                          0.00    0.00   clock network delay (ideal)
                          0.25    0.25   clock uncertainty
                          0.00    0.25   clock reconvergence pessimism
                         -2.00   -1.75   output external delay
                                 -1.75   data required time
-----------------------------------------------------------------------------
                                 -1.75   data required time
                                 -2.62   data arrival time
-----------------------------------------------------------------------------
                                  4.37   slack (MET)


Startpoint: OP[2] (input port clocked by __VIRTUAL_CLK__)
Endpoint: OUT[2] (output port clocked by __VIRTUAL_CLK__)
Path Group: __VIRTUAL_CLK__
Path Type: min
Corner: Fastest

Fanout     Cap    Slew   Delay    Time   Description
-----------------------------------------------------------------------------
                  0.00    0.00    0.00   clock __VIRTUAL_CLK__ (rise edge)
                          0.00    0.00   clock network delay (ideal)
                          2.00    2.00 v input external delay
     1    0.00    0.01    0.00    2.00 v OP[2] (in)
                                         OP[2] (net)
                  0.01    0.00    2.00 v input19/A (sky130_fd_sc_hd__clkbuf_4)
     6    0.06    0.09    0.13    2.13 v input19/X (sky130_fd_sc_hd__clkbuf_4)
                                         net19 (net)
                  0.09    0.01    2.13 v _265_/A (sky130_fd_sc_hd__and3_2)
     7    0.05    0.09    0.19    2.32 v _265_/X (sky130_fd_sc_hd__and3_2)
                                         _023_ (net)
                  0.09    0.00    2.33 v _326_/A2 (sky130_fd_sc_hd__a31o_1)
     1    0.03    0.10    0.22    2.54 v _326_/X (sky130_fd_sc_hd__a31o_1)
                                         net22 (net)
                  0.10    0.00    2.55 v output22/A (sky130_fd_sc_hd__buf_2)
     1    0.03    0.06    0.14    2.68 v output22/X (sky130_fd_sc_hd__buf_2)
                                         OUT[2] (net)
                  0.06    0.00    2.68 v OUT[2] (out)
                                  2.68   data arrival time

                  0.00    0.00    0.00   clock __VIRTUAL_CLK__ (rise edge)
                          0.00    0.00   clock network delay (ideal)
                          0.25    0.25   clock uncertainty
                          0.00    0.25   clock reconvergence pessimism
                         -2.00   -1.75   output external delay
                                 -1.75   data required time
-----------------------------------------------------------------------------
                                 -1.75   data required time
                                 -2.68   data arrival time
-----------------------------------------------------------------------------
                                  4.43   slack (MET)


Startpoint: OP[2] (input port clocked by __VIRTUAL_CLK__)
Endpoint: OUT[3] (output port clocked by __VIRTUAL_CLK__)
Path Group: __VIRTUAL_CLK__
Path Type: min
Corner: Fastest

Fanout     Cap    Slew   Delay    Time   Description
-----------------------------------------------------------------------------
                  0.00    0.00    0.00   clock __VIRTUAL_CLK__ (rise edge)
                          0.00    0.00   clock network delay (ideal)
                          2.00    2.00 v input external delay
     1    0.00    0.01    0.00    2.00 v OP[2] (in)
                                         OP[2] (net)
                  0.01    0.00    2.00 v input19/A (sky130_fd_sc_hd__clkbuf_4)
     6    0.06    0.09    0.13    2.13 v input19/X (sky130_fd_sc_hd__clkbuf_4)
                                         net19 (net)
                  0.09    0.01    2.13 v _265_/A (sky130_fd_sc_hd__and3_2)
     7    0.05    0.09    0.19    2.32 v _265_/X (sky130_fd_sc_hd__and3_2)
                                         _023_ (net)
                  0.09    0.00    2.33 v _335_/A1 (sky130_fd_sc_hd__a221o_1)
     1    0.02    0.08    0.23    2.55 v _335_/X (sky130_fd_sc_hd__a221o_1)
                                         net23 (net)
                  0.08    0.00    2.56 v output23/A (sky130_fd_sc_hd__buf_2)
     1    0.03    0.06    0.13    2.69 v output23/X (sky130_fd_sc_hd__buf_2)
                                         OUT[3] (net)
                  0.06    0.00    2.69 v OUT[3] (out)
                                  2.69   data arrival time

                  0.00    0.00    0.00   clock __VIRTUAL_CLK__ (rise edge)
                          0.00    0.00   clock network delay (ideal)
                          0.25    0.25   clock uncertainty
                          0.00    0.25   clock reconvergence pessimism
                         -2.00   -1.75   output external delay
                                 -1.75   data required time
-----------------------------------------------------------------------------
                                 -1.75   data required time
                                 -2.69   data arrival time
-----------------------------------------------------------------------------
                                  4.44   slack (MET)


Startpoint: A[4] (input port clocked by __VIRTUAL_CLK__)
Endpoint: OUT[4] (output port clocked by __VIRTUAL_CLK__)
Path Group: __VIRTUAL_CLK__
Path Type: min
Corner: Fastest

Fanout     Cap    Slew   Delay    Time   Description
-----------------------------------------------------------------------------
                  0.00    0.00    0.00   clock __VIRTUAL_CLK__ (rise edge)
                          0.00    0.00   clock network delay (ideal)
                          2.00    2.00 ^ input external delay
     1    0.00    0.01    0.01    2.01 ^ A[4] (in)
                                         A[4] (net)
                  0.01    0.00    2.01 ^ input5/A (sky130_fd_sc_hd__buf_2)
     6    0.05    0.18    0.16    2.16 ^ input5/X (sky130_fd_sc_hd__buf_2)
                                         net5 (net)
                  0.18    0.00    2.17 ^ _341_/A2 (sky130_fd_sc_hd__a31o_1)
     1    0.02    0.13    0.16    2.33 ^ _341_/X (sky130_fd_sc_hd__a31o_1)
                                         _092_ (net)
                  0.13    0.00    2.33 ^ _346_/B (sky130_fd_sc_hd__or3_4)
     1    0.03    0.07    0.12    2.45 ^ _346_/X (sky130_fd_sc_hd__or3_4)
                                         _097_ (net)
                  0.07    0.00    2.45 ^ _347_/A (sky130_fd_sc_hd__buf_1)
     1    0.02    0.18    0.15    2.61 ^ _347_/X (sky130_fd_sc_hd__buf_1)
                                         net24 (net)
                  0.18    0.00    2.61 ^ output24/A (sky130_fd_sc_hd__buf_2)
     1    0.03    0.13    0.16    2.76 ^ output24/X (sky130_fd_sc_hd__buf_2)
                                         OUT[4] (net)
                  0.13    0.00    2.77 ^ OUT[4] (out)
                                  2.77   data arrival time

                  0.00    0.00    0.00   clock __VIRTUAL_CLK__ (rise edge)
                          0.00    0.00   clock network delay (ideal)
                          0.25    0.25   clock uncertainty
                          0.00    0.25   clock reconvergence pessimism
                         -2.00   -1.75   output external delay
                                 -1.75   data required time
-----------------------------------------------------------------------------
                                 -1.75   data required time
                                 -2.77   data arrival time
-----------------------------------------------------------------------------
                                  4.52   slack (MET)


Startpoint: A[1] (input port clocked by __VIRTUAL_CLK__)
Endpoint: OUT[1] (output port clocked by __VIRTUAL_CLK__)
Path Group: __VIRTUAL_CLK__
Path Type: min
Corner: Fastest

Fanout     Cap    Slew   Delay    Time   Description
-----------------------------------------------------------------------------
                  0.00    0.00    0.00   clock __VIRTUAL_CLK__ (rise edge)
                          0.00    0.00   clock network delay (ideal)
                          2.00    2.00 ^ input external delay
     1    0.00    0.02    0.01    2.01 ^ A[1] (in)
                                         A[1] (net)
                  0.02    0.00    2.01 ^ input2/A (sky130_fd_sc_hd__clkbuf_2)
     4    0.04    0.15    0.14    2.14 ^ input2/X (sky130_fd_sc_hd__clkbuf_2)
                                         net2 (net)
                  0.15    0.00    2.14 ^ _173_/A (sky130_fd_sc_hd__clkbuf_4)
    10    0.08    0.17    0.20    2.35 ^ _173_/X (sky130_fd_sc_hd__clkbuf_4)
                                         _101_ (net)
                  0.17    0.00    2.35 ^ _309_/A1 (sky130_fd_sc_hd__o22a_1)
     1    0.01    0.09    0.13    2.49 ^ _309_/X (sky130_fd_sc_hd__o22a_1)
                                         _063_ (net)
                  0.09    0.00    2.49 ^ _317_/A (sky130_fd_sc_hd__or4b_1)
     1    0.01    0.07    0.10    2.59 ^ _317_/X (sky130_fd_sc_hd__or4b_1)
                                         _071_ (net)
                  0.07    0.00    2.59 ^ _318_/A (sky130_fd_sc_hd__buf_1)
     2    0.02    0.22    0.17    2.76 ^ _318_/X (sky130_fd_sc_hd__buf_1)
                                         net21 (net)
                  0.22    0.00    2.77 ^ output21/A (sky130_fd_sc_hd__buf_2)
     1    0.03    0.13    0.16    2.93 ^ output21/X (sky130_fd_sc_hd__buf_2)
                                         OUT[1] (net)
                  0.13    0.00    2.93 ^ OUT[1] (out)
                                  2.93   data arrival time

                  0.00    0.00    0.00   clock __VIRTUAL_CLK__ (rise edge)
                          0.00    0.00   clock network delay (ideal)
                          0.25    0.25   clock uncertainty
                          0.00    0.25   clock reconvergence pessimism
                         -2.00   -1.75   output external delay
                                 -1.75   data required time
-----------------------------------------------------------------------------
                                 -1.75   data required time
                                 -2.93   data arrival time
-----------------------------------------------------------------------------
                                  4.68   slack (MET)



worst slack corner Fastest: 4.3067
======================= Slowest Corner ===================================

Startpoint: B[0] (input port clocked by __VIRTUAL_CLK__)
Endpoint: OUT[0] (output port clocked by __VIRTUAL_CLK__)
Path Group: __VIRTUAL_CLK__
Path Type: min
Corner: Slowest

Fanout     Cap    Slew   Delay    Time   Description
-----------------------------------------------------------------------------
                  0.00    0.00    0.00   clock __VIRTUAL_CLK__ (rise edge)
                          0.00    0.00   clock network delay (ideal)
                          2.00    2.00 v input external delay
     1    0.00    0.02    0.01    2.01 v B[0] (in)
                                         B[0] (net)
                  0.02    0.00    2.01 v input9/A (sky130_fd_sc_hd__clkbuf_2)
     4    0.04    0.25    0.30    2.31 v input9/X (sky130_fd_sc_hd__clkbuf_2)
                                         net9 (net)
                  0.25    0.00    2.31 v _184_/A (sky130_fd_sc_hd__buf_4)
    10    0.07    0.18    0.43    2.74 v _184_/X (sky130_fd_sc_hd__buf_4)
                                         _112_ (net)
                  0.18    0.01    2.75 v _307_/A1 (sky130_fd_sc_hd__a31o_1)
     1    0.02    0.16    0.45    3.20 v _307_/X (sky130_fd_sc_hd__a31o_1)
                                         net20 (net)
                  0.16    0.00    3.20 v output20/A (sky130_fd_sc_hd__buf_2)
     1    0.04    0.17    0.37    3.57 v output20/X (sky130_fd_sc_hd__buf_2)
                                         OUT[0] (net)
                  0.17    0.00    3.57 v OUT[0] (out)
                                  3.57   data arrival time

                  0.00    0.00    0.00   clock __VIRTUAL_CLK__ (rise edge)
                          0.00    0.00   clock network delay (ideal)
                          0.25    0.25   clock uncertainty
                          0.00    0.25   clock reconvergence pessimism
                         -2.00   -1.75   output external delay
                                 -1.75   data required time
-----------------------------------------------------------------------------
                                 -1.75   data required time
                                 -3.57   data arrival time
-----------------------------------------------------------------------------
                                  5.32   slack (MET)


Startpoint: A[5] (input port clocked by __VIRTUAL_CLK__)
Endpoint: OUT[5] (output port clocked by __VIRTUAL_CLK__)
Path Group: __VIRTUAL_CLK__
Path Type: min
Corner: Slowest

Fanout     Cap    Slew   Delay    Time   Description
-----------------------------------------------------------------------------
                  0.00    0.00    0.00   clock __VIRTUAL_CLK__ (rise edge)
                          0.00    0.00   clock network delay (ideal)
                          2.00    2.00 ^ input external delay
     1    0.00    0.03    0.01    2.01 ^ A[5] (in)
                                         A[5] (net)
                  0.03    0.00    2.01 ^ input6/A (sky130_fd_sc_hd__buf_2)
     6    0.06    0.46    0.43    2.44 ^ input6/X (sky130_fd_sc_hd__buf_2)
                                         net6 (net)
                  0.46    0.01    2.45 ^ _233_/A2 (sky130_fd_sc_hd__a311o_1)
     1    0.01    0.22    0.56    3.01 ^ _233_/X (sky130_fd_sc_hd__a311o_1)
                                         _161_ (net)
                  0.22    0.00    3.01 ^ _267_/B1 (sky130_fd_sc_hd__a211o_1)
     1    0.01    0.13    0.27    3.28 ^ _267_/X (sky130_fd_sc_hd__a211o_1)
                                         net25 (net)
                  0.13    0.00    3.28 ^ output25/A (sky130_fd_sc_hd__buf_2)
     1    0.03    0.27    0.35    3.63 ^ output25/X (sky130_fd_sc_hd__buf_2)
                                         OUT[5] (net)
                  0.27    0.00    3.63 ^ OUT[5] (out)
                                  3.63   data arrival time

                  0.00    0.00    0.00   clock __VIRTUAL_CLK__ (rise edge)
                          0.00    0.00   clock network delay (ideal)
                          0.25    0.25   clock uncertainty
                          0.00    0.25   clock reconvergence pessimism
                         -2.00   -1.75   output external delay
                                 -1.75   data required time
-----------------------------------------------------------------------------
                                 -1.75   data required time
                                 -3.63   data arrival time
-----------------------------------------------------------------------------
                                  5.38   slack (MET)


Startpoint: A[6] (input port clocked by __VIRTUAL_CLK__)
Endpoint: OUT[6] (output port clocked by __VIRTUAL_CLK__)
Path Group: __VIRTUAL_CLK__
Path Type: min
Corner: Slowest

Fanout     Cap    Slew   Delay    Time   Description
-----------------------------------------------------------------------------
                  0.00    0.00    0.00   clock __VIRTUAL_CLK__ (rise edge)
                          0.00    0.00   clock network delay (ideal)
                          2.00    2.00 v input external delay
     1    0.00    0.02    0.01    2.01 v A[6] (in)
                                         A[6] (net)
                  0.02    0.00    2.01 v input7/A (sky130_fd_sc_hd__clkbuf_2)
     5    0.05    0.32    0.35    2.36 v input7/X (sky130_fd_sc_hd__clkbuf_2)
                                         net7 (net)
                  0.32    0.00    2.36 v _289_/A1 (sky130_fd_sc_hd__o211ai_1)
     1    0.01    0.17    0.42    2.79 ^ _289_/Y (sky130_fd_sc_hd__o211ai_1)
                                         _046_ (net)
                  0.17    0.00    2.79 ^ _290_/B1 (sky130_fd_sc_hd__a31o_1)
     1    0.01    0.11    0.22    3.01 ^ _290_/X (sky130_fd_sc_hd__a31o_1)
                                         _047_ (net)
                  0.11    0.00    3.01 ^ _291_/B1 (sky130_fd_sc_hd__a21o_1)
     2    0.02    0.34    0.34    3.35 ^ _291_/X (sky130_fd_sc_hd__a21o_1)
                                         net26 (net)
                  0.34    0.00    3.35 ^ output26/A (sky130_fd_sc_hd__clkbuf_4)
     1    0.03    0.18    0.43    3.77 ^ output26/X (sky130_fd_sc_hd__clkbuf_4)
                                         OUT[6] (net)
                  0.18    0.00    3.78 ^ OUT[6] (out)
                                  3.78   data arrival time

                  0.00    0.00    0.00   clock __VIRTUAL_CLK__ (rise edge)
                          0.00    0.00   clock network delay (ideal)
                          0.25    0.25   clock uncertainty
                          0.00    0.25   clock reconvergence pessimism
                         -2.00   -1.75   output external delay
                                 -1.75   data required time
-----------------------------------------------------------------------------
                                 -1.75   data required time
                                 -3.78   data arrival time
-----------------------------------------------------------------------------
                                  5.53   slack (MET)


Startpoint: OP[2] (input port clocked by __VIRTUAL_CLK__)
Endpoint: OUT[7] (output port clocked by __VIRTUAL_CLK__)
Path Group: __VIRTUAL_CLK__
Path Type: min
Corner: Slowest

Fanout     Cap    Slew   Delay    Time   Description
-----------------------------------------------------------------------------
                  0.00    0.00    0.00   clock __VIRTUAL_CLK__ (rise edge)
                          0.00    0.00   clock network delay (ideal)
                          2.00    2.00 v input external delay
     1    0.00    0.02    0.01    2.01 v OP[2] (in)
                                         OP[2] (net)
                  0.02    0.00    2.01 v input19/A (sky130_fd_sc_hd__clkbuf_4)
     6    0.06    0.21    0.34    2.35 v input19/X (sky130_fd_sc_hd__clkbuf_4)
                                         net19 (net)
                  0.21    0.01    2.35 v _265_/A (sky130_fd_sc_hd__and3_2)
     7    0.05    0.25    0.59    2.94 v _265_/X (sky130_fd_sc_hd__and3_2)
                                         _023_ (net)
                  0.25    0.00    2.95 v _302_/A1 (sky130_fd_sc_hd__a31o_1)
     2    0.02    0.18    0.49    3.43 v _302_/X (sky130_fd_sc_hd__a31o_1)
                                         net27 (net)
                  0.18    0.00    3.43 v output27/A (sky130_fd_sc_hd__buf_2)
     1    0.03    0.17    0.38    3.81 v output27/X (sky130_fd_sc_hd__buf_2)
                                         OUT[7] (net)
                  0.17    0.00    3.82 v OUT[7] (out)
                                  3.82   data arrival time

                  0.00    0.00    0.00   clock __VIRTUAL_CLK__ (rise edge)
                          0.00    0.00   clock network delay (ideal)
                          0.25    0.25   clock uncertainty
                          0.00    0.25   clock reconvergence pessimism
                         -2.00   -1.75   output external delay
                                 -1.75   data required time
-----------------------------------------------------------------------------
                                 -1.75   data required time
                                 -3.82   data arrival time
-----------------------------------------------------------------------------
                                  5.57   slack (MET)


Startpoint: OP[2] (input port clocked by __VIRTUAL_CLK__)
Endpoint: OUT[2] (output port clocked by __VIRTUAL_CLK__)
Path Group: __VIRTUAL_CLK__
Path Type: min
Corner: Slowest

Fanout     Cap    Slew   Delay    Time   Description
-----------------------------------------------------------------------------
                  0.00    0.00    0.00   clock __VIRTUAL_CLK__ (rise edge)
                          0.00    0.00   clock network delay (ideal)
                          2.00    2.00 v input external delay
     1    0.00    0.02    0.01    2.01 v OP[2] (in)
                                         OP[2] (net)
                  0.02    0.00    2.01 v input19/A (sky130_fd_sc_hd__clkbuf_4)
     6    0.06    0.21    0.34    2.35 v input19/X (sky130_fd_sc_hd__clkbuf_4)
                                         net19 (net)
                  0.21    0.01    2.35 v _265_/A (sky130_fd_sc_hd__and3_2)
     7    0.05    0.25    0.59    2.94 v _265_/X (sky130_fd_sc_hd__and3_2)
                                         _023_ (net)
                  0.25    0.00    2.95 v _326_/A2 (sky130_fd_sc_hd__a31o_1)
     1    0.03    0.27    0.61    3.55 v _326_/X (sky130_fd_sc_hd__a31o_1)
                                         net22 (net)
                  0.27    0.00    3.56 v output22/A (sky130_fd_sc_hd__buf_2)
     1    0.03    0.17    0.42    3.97 v output22/X (sky130_fd_sc_hd__buf_2)
                                         OUT[2] (net)
                  0.17    0.00    3.98 v OUT[2] (out)
                                  3.98   data arrival time

                  0.00    0.00    0.00   clock __VIRTUAL_CLK__ (rise edge)
                          0.00    0.00   clock network delay (ideal)
                          0.25    0.25   clock uncertainty
                          0.00    0.25   clock reconvergence pessimism
                         -2.00   -1.75   output external delay
                                 -1.75   data required time
-----------------------------------------------------------------------------
                                 -1.75   data required time
                                 -3.98   data arrival time
-----------------------------------------------------------------------------
                                  5.73   slack (MET)


Startpoint: B[3] (input port clocked by __VIRTUAL_CLK__)
Endpoint: OUT[3] (output port clocked by __VIRTUAL_CLK__)
Path Group: __VIRTUAL_CLK__
Path Type: min
Corner: Slowest

Fanout     Cap    Slew   Delay    Time   Description
-----------------------------------------------------------------------------
                  0.00    0.00    0.00   clock __VIRTUAL_CLK__ (rise edge)
                          0.00    0.00   clock network delay (ideal)
                          2.00    2.00 ^ input external delay
     1    0.00    0.04    0.02    2.02 ^ B[3] (in)
                                         B[3] (net)
                  0.04    0.00    2.02 ^ input12/A (sky130_fd_sc_hd__clkbuf_2)
     3    0.03    0.28    0.31    2.33 ^ input12/X (sky130_fd_sc_hd__clkbuf_2)
                                         net12 (net)
                  0.28    0.00    2.34 ^ _191_/A (sky130_fd_sc_hd__buf_4)
    10    0.08    0.37    0.49    2.83 ^ _191_/X (sky130_fd_sc_hd__buf_4)
                                         _119_ (net)
                  0.37    0.01    2.84 ^ _334_/A1 (sky130_fd_sc_hd__a311o_1)
     1    0.00    0.09    0.41    3.25 ^ _334_/X (sky130_fd_sc_hd__a311o_1)
                                         _086_ (net)
                  0.09    0.00    3.25 ^ _335_/C1 (sky130_fd_sc_hd__a221o_1)
     1    0.02    0.31    0.35    3.59 ^ _335_/X (sky130_fd_sc_hd__a221o_1)
                                         net23 (net)
                  0.31    0.00    3.59 ^ output23/A (sky130_fd_sc_hd__buf_2)
     1    0.03    0.27    0.42    4.02 ^ output23/X (sky130_fd_sc_hd__buf_2)
                                         OUT[3] (net)
                  0.27    0.00    4.02 ^ OUT[3] (out)
                                  4.02   data arrival time

                  0.00    0.00    0.00   clock __VIRTUAL_CLK__ (rise edge)
                          0.00    0.00   clock network delay (ideal)
                          0.25    0.25   clock uncertainty
                          0.00    0.25   clock reconvergence pessimism
                         -2.00   -1.75   output external delay
                                 -1.75   data required time
-----------------------------------------------------------------------------
                                 -1.75   data required time
                                 -4.02   data arrival time
-----------------------------------------------------------------------------
                                  5.77   slack (MET)


Startpoint: A[4] (input port clocked by __VIRTUAL_CLK__)
Endpoint: OUT[4] (output port clocked by __VIRTUAL_CLK__)
Path Group: __VIRTUAL_CLK__
Path Type: min
Corner: Slowest

Fanout     Cap    Slew   Delay    Time   Description
-----------------------------------------------------------------------------
                  0.00    0.00    0.00   clock __VIRTUAL_CLK__ (rise edge)
                          0.00    0.00   clock network delay (ideal)
                          2.00    2.00 ^ input external delay
     1    0.00    0.03    0.01    2.01 ^ A[4] (in)
                                         A[4] (net)
                  0.03    0.00    2.01 ^ input5/A (sky130_fd_sc_hd__buf_2)
     6    0.05    0.38    0.38    2.39 ^ input5/X (sky130_fd_sc_hd__buf_2)
                                         net5 (net)
                  0.38    0.00    2.39 ^ _341_/A2 (sky130_fd_sc_hd__a31o_1)
     1    0.02    0.28    0.54    2.93 ^ _341_/X (sky130_fd_sc_hd__a31o_1)
                                         _092_ (net)
                  0.28    0.00    2.93 ^ _346_/B (sky130_fd_sc_hd__or3_4)
     1    0.03    0.15    0.36    3.29 ^ _346_/X (sky130_fd_sc_hd__or3_4)
                                         _097_ (net)
                  0.15    0.00    3.30 ^ _347_/A (sky130_fd_sc_hd__buf_1)
     1    0.02    0.39    0.39    3.68 ^ _347_/X (sky130_fd_sc_hd__buf_1)
                                         net24 (net)
                  0.39    0.00    3.69 ^ output24/A (sky130_fd_sc_hd__buf_2)
     1    0.03    0.27    0.45    4.14 ^ output24/X (sky130_fd_sc_hd__buf_2)
                                         OUT[4] (net)
                  0.27    0.00    4.14 ^ OUT[4] (out)
                                  4.14   data arrival time

                  0.00    0.00    0.00   clock __VIRTUAL_CLK__ (rise edge)
                          0.00    0.00   clock network delay (ideal)
                          0.25    0.25   clock uncertainty
                          0.00    0.25   clock reconvergence pessimism
                         -2.00   -1.75   output external delay
                                 -1.75   data required time
-----------------------------------------------------------------------------
                                 -1.75   data required time
                                 -4.14   data arrival time
-----------------------------------------------------------------------------
                                  5.89   slack (MET)


Startpoint: A[1] (input port clocked by __VIRTUAL_CLK__)
Endpoint: OUT[1] (output port clocked by __VIRTUAL_CLK__)
Path Group: __VIRTUAL_CLK__
Path Type: min
Corner: Slowest

Fanout     Cap    Slew   Delay    Time   Description
-----------------------------------------------------------------------------
                  0.00    0.00    0.00   clock __VIRTUAL_CLK__ (rise edge)
                          0.00    0.00   clock network delay (ideal)
                          2.00    2.00 ^ input external delay
     1    0.00    0.03    0.02    2.02 ^ A[1] (in)
                                         A[1] (net)
                  0.03    0.00    2.02 ^ input2/A (sky130_fd_sc_hd__clkbuf_2)
     4    0.04    0.30    0.32    2.34 ^ input2/X (sky130_fd_sc_hd__clkbuf_2)
                                         net2 (net)
                  0.30    0.00    2.34 ^ _173_/A (sky130_fd_sc_hd__clkbuf_4)
    10    0.07    0.36    0.53    2.87 ^ _173_/X (sky130_fd_sc_hd__clkbuf_4)
                                         _101_ (net)
                  0.36    0.00    2.88 ^ _309_/A1 (sky130_fd_sc_hd__o22a_1)
     1    0.01    0.21    0.47    3.34 ^ _309_/X (sky130_fd_sc_hd__o22a_1)
                                         _063_ (net)
                  0.21    0.00    3.35 ^ _317_/A (sky130_fd_sc_hd__or4b_1)
     1    0.01    0.14    0.28    3.63 ^ _317_/X (sky130_fd_sc_hd__or4b_1)
                                         _071_ (net)
                  0.14    0.00    3.63 ^ _318_/A (sky130_fd_sc_hd__buf_1)
     2    0.02    0.47    0.44    4.07 ^ _318_/X (sky130_fd_sc_hd__buf_1)
                                         net21 (net)
                  0.47    0.00    4.07 ^ output21/A (sky130_fd_sc_hd__buf_2)
     1    0.03    0.27    0.48    4.56 ^ output21/X (sky130_fd_sc_hd__buf_2)
                                         OUT[1] (net)
                  0.27    0.00    4.56 ^ OUT[1] (out)
                                  4.56   data arrival time

                  0.00    0.00    0.00   clock __VIRTUAL_CLK__ (rise edge)
                          0.00    0.00   clock network delay (ideal)
                          0.25    0.25   clock uncertainty
                          0.00    0.25   clock reconvergence pessimism
                         -2.00   -1.75   output external delay
                                 -1.75   data required time
-----------------------------------------------------------------------------
                                 -1.75   data required time
                                 -4.56   data arrival time
-----------------------------------------------------------------------------
                                  6.31   slack (MET)



worst slack corner Slowest: 5.3215
======================= Typical Corner ===================================

Startpoint: B[0] (input port clocked by __VIRTUAL_CLK__)
Endpoint: OUT[0] (output port clocked by __VIRTUAL_CLK__)
Path Group: __VIRTUAL_CLK__
Path Type: min
Corner: Typical

Fanout     Cap    Slew   Delay    Time   Description
-----------------------------------------------------------------------------
                  0.00    0.00    0.00   clock __VIRTUAL_CLK__ (rise edge)
                          0.00    0.00   clock network delay (ideal)
                          2.00    2.00 v input external delay
     1    0.00    0.01    0.00    2.00 v B[0] (in)
                                         B[0] (net)
                  0.01    0.00    2.00 v input9/A (sky130_fd_sc_hd__clkbuf_2)
     4    0.04    0.14    0.16    2.17 v input9/X (sky130_fd_sc_hd__clkbuf_2)
                                         net9 (net)
                  0.14    0.00    2.17 v _184_/A (sky130_fd_sc_hd__buf_4)
    10    0.07    0.10    0.23    2.40 v _184_/X (sky130_fd_sc_hd__buf_4)
                                         _112_ (net)
                  0.10    0.01    2.41 v _307_/A1 (sky130_fd_sc_hd__a31o_1)
     1    0.02    0.09    0.24    2.65 v _307_/X (sky130_fd_sc_hd__a31o_1)
                                         net20 (net)
                  0.09    0.00    2.65 v output20/A (sky130_fd_sc_hd__buf_2)
     1    0.04    0.09    0.19    2.84 v output20/X (sky130_fd_sc_hd__buf_2)
                                         OUT[0] (net)
                  0.09    0.00    2.84 v OUT[0] (out)
                                  2.84   data arrival time

                  0.00    0.00    0.00   clock __VIRTUAL_CLK__ (rise edge)
                          0.00    0.00   clock network delay (ideal)
                          0.25    0.25   clock uncertainty
                          0.00    0.25   clock reconvergence pessimism
                         -2.00   -1.75   output external delay
                                 -1.75   data required time
-----------------------------------------------------------------------------
                                 -1.75   data required time
                                 -2.84   data arrival time
-----------------------------------------------------------------------------
                                  4.59   slack (MET)


Startpoint: A[5] (input port clocked by __VIRTUAL_CLK__)
Endpoint: OUT[5] (output port clocked by __VIRTUAL_CLK__)
Path Group: __VIRTUAL_CLK__
Path Type: min
Corner: Typical

Fanout     Cap    Slew   Delay    Time   Description
-----------------------------------------------------------------------------
                  0.00    0.00    0.00   clock __VIRTUAL_CLK__ (rise edge)
                          0.00    0.00   clock network delay (ideal)
                          2.00    2.00 ^ input external delay
     1    0.00    0.02    0.01    2.01 ^ A[5] (in)
                                         A[5] (net)
                  0.02    0.00    2.01 ^ input6/A (sky130_fd_sc_hd__buf_2)
     6    0.06    0.29    0.25    2.26 ^ input6/X (sky130_fd_sc_hd__buf_2)
                                         net6 (net)
                  0.29    0.01    2.27 ^ _233_/A2 (sky130_fd_sc_hd__a311o_1)
     1    0.01    0.14    0.27    2.54 ^ _233_/X (sky130_fd_sc_hd__a311o_1)
                                         _161_ (net)
                  0.14    0.00    2.54 ^ _267_/B1 (sky130_fd_sc_hd__a211o_1)
     1    0.01    0.08    0.14    2.68 ^ _267_/X (sky130_fd_sc_hd__a211o_1)
                                         net25 (net)
                  0.08    0.00    2.68 ^ output25/A (sky130_fd_sc_hd__buf_2)
     1    0.03    0.17    0.20    2.89 ^ output25/X (sky130_fd_sc_hd__buf_2)
                                         OUT[5] (net)
                  0.17    0.00    2.89 ^ OUT[5] (out)
                                  2.89   data arrival time

                  0.00    0.00    0.00   clock __VIRTUAL_CLK__ (rise edge)
                          0.00    0.00   clock network delay (ideal)
                          0.25    0.25   clock uncertainty
                          0.00    0.25   clock reconvergence pessimism
                         -2.00   -1.75   output external delay
                                 -1.75   data required time
-----------------------------------------------------------------------------
                                 -1.75   data required time
                                 -2.89   data arrival time
-----------------------------------------------------------------------------
                                  4.64   slack (MET)


Startpoint: OP[2] (input port clocked by __VIRTUAL_CLK__)
Endpoint: OUT[7] (output port clocked by __VIRTUAL_CLK__)
Path Group: __VIRTUAL_CLK__
Path Type: min
Corner: Typical

Fanout     Cap    Slew   Delay    Time   Description
-----------------------------------------------------------------------------
                  0.00    0.00    0.00   clock __VIRTUAL_CLK__ (rise edge)
                          0.00    0.00   clock network delay (ideal)
                          2.00    2.00 v input external delay
     1    0.00    0.01    0.00    2.00 v OP[2] (in)
                                         OP[2] (net)
                  0.01    0.00    2.00 v input19/A (sky130_fd_sc_hd__clkbuf_4)
     6    0.06    0.12    0.19    2.19 v input19/X (sky130_fd_sc_hd__clkbuf_4)
                                         net19 (net)
                  0.12    0.01    2.20 v _265_/A (sky130_fd_sc_hd__and3_2)
     7    0.05    0.13    0.29    2.49 v _265_/X (sky130_fd_sc_hd__and3_2)
                                         _023_ (net)
                  0.13    0.00    2.49 v _302_/A1 (sky130_fd_sc_hd__a31o_1)
     2    0.02    0.10    0.25    2.74 v _302_/X (sky130_fd_sc_hd__a31o_1)
                                         net27 (net)
                  0.10    0.00    2.74 v output27/A (sky130_fd_sc_hd__buf_2)
     1    0.03    0.09    0.19    2.94 v output27/X (sky130_fd_sc_hd__buf_2)
                                         OUT[7] (net)
                  0.09    0.00    2.94 v OUT[7] (out)
                                  2.94   data arrival time

                  0.00    0.00    0.00   clock __VIRTUAL_CLK__ (rise edge)
                          0.00    0.00   clock network delay (ideal)
                          0.25    0.25   clock uncertainty
                          0.00    0.25   clock reconvergence pessimism
                         -2.00   -1.75   output external delay
                                 -1.75   data required time
-----------------------------------------------------------------------------
                                 -1.75   data required time
                                 -2.94   data arrival time
-----------------------------------------------------------------------------
                                  4.69   slack (MET)


Startpoint: A[6] (input port clocked by __VIRTUAL_CLK__)
Endpoint: OUT[6] (output port clocked by __VIRTUAL_CLK__)
Path Group: __VIRTUAL_CLK__
Path Type: min
Corner: Typical

Fanout     Cap    Slew   Delay    Time   Description
-----------------------------------------------------------------------------
                  0.00    0.00    0.00   clock __VIRTUAL_CLK__ (rise edge)
                          0.00    0.00   clock network delay (ideal)
                          2.00    2.00 v input external delay
     1    0.00    0.01    0.00    2.00 v A[6] (in)
                                         A[6] (net)
                  0.01    0.00    2.00 v input7/A (sky130_fd_sc_hd__clkbuf_2)
     5    0.05    0.17    0.19    2.19 v input7/X (sky130_fd_sc_hd__clkbuf_2)
                                         net7 (net)
                  0.17    0.00    2.20 v _289_/A1 (sky130_fd_sc_hd__o211ai_1)
     1    0.01    0.10    0.24    2.44 ^ _289_/Y (sky130_fd_sc_hd__o211ai_1)
                                         _046_ (net)
                  0.10    0.00    2.44 ^ _290_/B1 (sky130_fd_sc_hd__a31o_1)
     1    0.01    0.06    0.12    2.56 ^ _290_/X (sky130_fd_sc_hd__a31o_1)
                                         _047_ (net)
                  0.06    0.00    2.56 ^ _291_/B1 (sky130_fd_sc_hd__a21o_1)
     2    0.02    0.21    0.20    2.75 ^ _291_/X (sky130_fd_sc_hd__a21o_1)
                                         net26 (net)
                  0.21    0.00    2.76 ^ output26/A (sky130_fd_sc_hd__clkbuf_4)
     1    0.03    0.11    0.23    2.99 ^ output26/X (sky130_fd_sc_hd__clkbuf_4)
                                         OUT[6] (net)
                  0.11    0.00    2.99 ^ OUT[6] (out)
                                  2.99   data arrival time

                  0.00    0.00    0.00   clock __VIRTUAL_CLK__ (rise edge)
                          0.00    0.00   clock network delay (ideal)
                          0.25    0.25   clock uncertainty
                          0.00    0.25   clock reconvergence pessimism
                         -2.00   -1.75   output external delay
                                 -1.75   data required time
-----------------------------------------------------------------------------
                                 -1.75   data required time
                                 -2.99   data arrival time
-----------------------------------------------------------------------------
                                  4.74   slack (MET)


Startpoint: OP[2] (input port clocked by __VIRTUAL_CLK__)
Endpoint: OUT[2] (output port clocked by __VIRTUAL_CLK__)
Path Group: __VIRTUAL_CLK__
Path Type: min
Corner: Typical

Fanout     Cap    Slew   Delay    Time   Description
-----------------------------------------------------------------------------
                  0.00    0.00    0.00   clock __VIRTUAL_CLK__ (rise edge)
                          0.00    0.00   clock network delay (ideal)
                          2.00    2.00 v input external delay
     1    0.00    0.01    0.00    2.00 v OP[2] (in)
                                         OP[2] (net)
                  0.01    0.00    2.00 v input19/A (sky130_fd_sc_hd__clkbuf_4)
     6    0.06    0.12    0.19    2.19 v input19/X (sky130_fd_sc_hd__clkbuf_4)
                                         net19 (net)
                  0.12    0.01    2.20 v _265_/A (sky130_fd_sc_hd__and3_2)
     7    0.05    0.13    0.29    2.49 v _265_/X (sky130_fd_sc_hd__and3_2)
                                         _023_ (net)
                  0.13    0.00    2.49 v _326_/A2 (sky130_fd_sc_hd__a31o_1)
     1    0.03    0.14    0.32    2.82 v _326_/X (sky130_fd_sc_hd__a31o_1)
                                         net22 (net)
                  0.14    0.00    2.82 v output22/A (sky130_fd_sc_hd__buf_2)
     1    0.03    0.09    0.21    3.03 v output22/X (sky130_fd_sc_hd__buf_2)
                                         OUT[2] (net)
                  0.09    0.00    3.03 v OUT[2] (out)
                                  3.03   data arrival time

                  0.00    0.00    0.00   clock __VIRTUAL_CLK__ (rise edge)
                          0.00    0.00   clock network delay (ideal)
                          0.25    0.25   clock uncertainty
                          0.00    0.25   clock reconvergence pessimism
                         -2.00   -1.75   output external delay
                                 -1.75   data required time
-----------------------------------------------------------------------------
                                 -1.75   data required time
                                 -3.03   data arrival time
-----------------------------------------------------------------------------
                                  4.78   slack (MET)


Startpoint: B[3] (input port clocked by __VIRTUAL_CLK__)
Endpoint: OUT[3] (output port clocked by __VIRTUAL_CLK__)
Path Group: __VIRTUAL_CLK__
Path Type: min
Corner: Typical

Fanout     Cap    Slew   Delay    Time   Description
-----------------------------------------------------------------------------
                  0.00    0.00    0.00   clock __VIRTUAL_CLK__ (rise edge)
                          0.00    0.00   clock network delay (ideal)
                          2.00    2.00 ^ input external delay
     1    0.00    0.02    0.01    2.01 ^ B[3] (in)
                                         B[3] (net)
                  0.02    0.00    2.01 ^ input12/A (sky130_fd_sc_hd__clkbuf_2)
     3    0.03    0.18    0.18    2.19 ^ input12/X (sky130_fd_sc_hd__clkbuf_2)
                                         net12 (net)
                  0.18    0.00    2.20 ^ _191_/A (sky130_fd_sc_hd__buf_4)
    10    0.08    0.23    0.27    2.47 ^ _191_/X (sky130_fd_sc_hd__buf_4)
                                         _119_ (net)
                  0.23    0.01    2.48 ^ _334_/A1 (sky130_fd_sc_hd__a311o_1)
     1    0.00    0.05    0.19    2.67 ^ _334_/X (sky130_fd_sc_hd__a311o_1)
                                         _086_ (net)
                  0.05    0.00    2.67 ^ _335_/C1 (sky130_fd_sc_hd__a221o_1)
     1    0.02    0.19    0.20    2.87 ^ _335_/X (sky130_fd_sc_hd__a221o_1)
                                         net23 (net)
                  0.19    0.00    2.87 ^ output23/A (sky130_fd_sc_hd__buf_2)
     1    0.03    0.17    0.23    3.10 ^ output23/X (sky130_fd_sc_hd__buf_2)
                                         OUT[3] (net)
                  0.17    0.00    3.10 ^ OUT[3] (out)
                                  3.10   data arrival time

                  0.00    0.00    0.00   clock __VIRTUAL_CLK__ (rise edge)
                          0.00    0.00   clock network delay (ideal)
                          0.25    0.25   clock uncertainty
                          0.00    0.25   clock reconvergence pessimism
                         -2.00   -1.75   output external delay
                                 -1.75   data required time
-----------------------------------------------------------------------------
                                 -1.75   data required time
                                 -3.10   data arrival time
-----------------------------------------------------------------------------
                                  4.85   slack (MET)


Startpoint: A[4] (input port clocked by __VIRTUAL_CLK__)
Endpoint: OUT[4] (output port clocked by __VIRTUAL_CLK__)
Path Group: __VIRTUAL_CLK__
Path Type: min
Corner: Typical

Fanout     Cap    Slew   Delay    Time   Description
-----------------------------------------------------------------------------
                  0.00    0.00    0.00   clock __VIRTUAL_CLK__ (rise edge)
                          0.00    0.00   clock network delay (ideal)
                          2.00    2.00 ^ input external delay
     1    0.00    0.02    0.01    2.01 ^ A[4] (in)
                                         A[4] (net)
                  0.02    0.00    2.01 ^ input5/A (sky130_fd_sc_hd__buf_2)
     6    0.05    0.24    0.22    2.23 ^ input5/X (sky130_fd_sc_hd__buf_2)
                                         net5 (net)
                  0.24    0.00    2.23 ^ _341_/A2 (sky130_fd_sc_hd__a31o_1)
     1    0.02    0.17    0.26    2.50 ^ _341_/X (sky130_fd_sc_hd__a31o_1)
                                         _092_ (net)
                  0.17    0.00    2.50 ^ _346_/B (sky130_fd_sc_hd__or3_4)
     1    0.03    0.09    0.19    2.69 ^ _346_/X (sky130_fd_sc_hd__or3_4)
                                         _097_ (net)
                  0.09    0.00    2.69 ^ _347_/A (sky130_fd_sc_hd__buf_1)
     1    0.02    0.24    0.22    2.91 ^ _347_/X (sky130_fd_sc_hd__buf_1)
                                         net24 (net)
                  0.24    0.00    2.91 ^ output24/A (sky130_fd_sc_hd__buf_2)
     1    0.03    0.17    0.24    3.16 ^ output24/X (sky130_fd_sc_hd__buf_2)
                                         OUT[4] (net)
                  0.17    0.00    3.16 ^ OUT[4] (out)
                                  3.16   data arrival time

                  0.00    0.00    0.00   clock __VIRTUAL_CLK__ (rise edge)
                          0.00    0.00   clock network delay (ideal)
                          0.25    0.25   clock uncertainty
                          0.00    0.25   clock reconvergence pessimism
                         -2.00   -1.75   output external delay
                                 -1.75   data required time
-----------------------------------------------------------------------------
                                 -1.75   data required time
                                 -3.16   data arrival time
-----------------------------------------------------------------------------
                                  4.91   slack (MET)


Startpoint: A[1] (input port clocked by __VIRTUAL_CLK__)
Endpoint: OUT[1] (output port clocked by __VIRTUAL_CLK__)
Path Group: __VIRTUAL_CLK__
Path Type: min
Corner: Typical

Fanout     Cap    Slew   Delay    Time   Description
-----------------------------------------------------------------------------
                  0.00    0.00    0.00   clock __VIRTUAL_CLK__ (rise edge)
                          0.00    0.00   clock network delay (ideal)
                          2.00    2.00 ^ input external delay
     1    0.00    0.02    0.01    2.01 ^ A[1] (in)
                                         A[1] (net)
                  0.02    0.00    2.01 ^ input2/A (sky130_fd_sc_hd__clkbuf_2)
     4    0.04    0.19    0.19    2.20 ^ input2/X (sky130_fd_sc_hd__clkbuf_2)
                                         net2 (net)
                  0.19    0.00    2.20 ^ _173_/A (sky130_fd_sc_hd__clkbuf_4)
    10    0.08    0.23    0.30    2.50 ^ _173_/X (sky130_fd_sc_hd__clkbuf_4)
                                         _101_ (net)
                  0.23    0.00    2.51 ^ _309_/A1 (sky130_fd_sc_hd__o22a_1)
     1    0.01    0.13    0.23    2.74 ^ _309_/X (sky130_fd_sc_hd__o22a_1)
                                         _063_ (net)
                  0.13    0.00    2.74 ^ _317_/A (sky130_fd_sc_hd__or4b_1)
     1    0.01    0.09    0.16    2.90 ^ _317_/X (sky130_fd_sc_hd__or4b_1)
                                         _071_ (net)
                  0.09    0.00    2.90 ^ _318_/A (sky130_fd_sc_hd__buf_1)
     2    0.02    0.29    0.25    3.15 ^ _318_/X (sky130_fd_sc_hd__buf_1)
                                         net21 (net)
                  0.29    0.00    3.15 ^ output21/A (sky130_fd_sc_hd__buf_2)
     1    0.03    0.17    0.26    3.41 ^ output21/X (sky130_fd_sc_hd__buf_2)
                                         OUT[1] (net)
                  0.17    0.00    3.41 ^ OUT[1] (out)
                                  3.41   data arrival time

                  0.00    0.00    0.00   clock __VIRTUAL_CLK__ (rise edge)
                          0.00    0.00   clock network delay (ideal)
                          0.25    0.25   clock uncertainty
                          0.00    0.25   clock reconvergence pessimism
                         -2.00   -1.75   output external delay
                                 -1.75   data required time
-----------------------------------------------------------------------------
                                 -1.75   data required time
                                 -3.41   data arrival time
-----------------------------------------------------------------------------
                                  5.16   slack (MET)



worst slack corner Typical: 4.5897
