
===========================================================================
report_checks -path_delay max (Setup)
============================================================================
======================= Fastest Corner ===================================

Startpoint: A[2] (input port clocked by __VIRTUAL_CLK__)
Endpoint: OUT[7] (output port clocked by __VIRTUAL_CLK__)
Path Group: __VIRTUAL_CLK__
Path Type: max
Corner: Fastest

Fanout     Cap    Slew   Delay    Time   Description
-----------------------------------------------------------------------------
                  0.00    0.00    0.00   clock __VIRTUAL_CLK__ (rise edge)
                          0.00    0.00   clock network delay (ideal)
                          2.00    2.00 ^ input external delay
     1    0.00    0.01    0.01    2.01 ^ A[2] (in)
                                         A[2] (net)
                  0.01    0.00    2.01 ^ input3/A (sky130_fd_sc_hd__buf_2)
     4    0.05    0.18    0.17    2.18 ^ input3/X (sky130_fd_sc_hd__buf_2)
                                         net3 (net)
                  0.18    0.01    2.19 ^ _176_/A (sky130_fd_sc_hd__buf_4)
    10    0.07    0.16    0.19    2.38 ^ _176_/X (sky130_fd_sc_hd__buf_4)
                                         _104_ (net)
                  0.16    0.01    2.39 ^ _194_/B1 (sky130_fd_sc_hd__a22o_1)
     2    0.03    0.22    0.22    2.61 ^ _194_/X (sky130_fd_sc_hd__a22o_1)
                                         _122_ (net)
                  0.22    0.00    2.62 ^ _196_/A3 (sky130_fd_sc_hd__a31o_1)
     2    0.02    0.18    0.21    2.83 ^ _196_/X (sky130_fd_sc_hd__a31o_1)
                                         _124_ (net)
                  0.18    0.00    2.83 ^ _198_/C (sky130_fd_sc_hd__and3_1)
     2    0.04    0.26    0.28    3.12 ^ _198_/X (sky130_fd_sc_hd__and3_1)
                                         _126_ (net)
                  0.26    0.00    3.12 ^ _199_/B1 (sky130_fd_sc_hd__a31o_1)
     2    0.03    0.21    0.20    3.32 ^ _199_/X (sky130_fd_sc_hd__a31o_1)
                                         _127_ (net)
                  0.21    0.00    3.32 ^ _200_/B (sky130_fd_sc_hd__nand2_1)
     3    0.03    0.17    0.18    3.50 v _200_/Y (sky130_fd_sc_hd__nand2_1)
                                         _128_ (net)
                  0.17    0.00    3.50 v _282_/A1 (sky130_fd_sc_hd__a21o_1)
     3    0.02    0.08    0.21    3.71 v _282_/X (sky130_fd_sc_hd__a21o_1)
                                         _039_ (net)
                  0.08    0.00    3.71 v _297_/A2 (sky130_fd_sc_hd__o21ai_2)
     1    0.03    0.23    0.22    3.93 ^ _297_/Y (sky130_fd_sc_hd__o21ai_2)
                                         _053_ (net)
                  0.23    0.00    3.93 ^ _301_/A2 (sky130_fd_sc_hd__a21bo_1)
     1    0.02    0.10    0.14    4.07 ^ _301_/X (sky130_fd_sc_hd__a21bo_1)
                                         _057_ (net)
                  0.10    0.00    4.08 ^ _302_/B1 (sky130_fd_sc_hd__a31o_1)
     2    0.02    0.13    0.14    4.21 ^ _302_/X (sky130_fd_sc_hd__a31o_1)
                                         net27 (net)
                  0.13    0.00    4.22 ^ output27/A (sky130_fd_sc_hd__buf_2)
     1    0.03    0.13    0.17    4.39 ^ output27/X (sky130_fd_sc_hd__buf_2)
                                         OUT[7] (net)
                  0.13    0.00    4.39 ^ OUT[7] (out)
                                  4.39   data arrival time

                  0.00   10.00   10.00   clock __VIRTUAL_CLK__ (rise edge)
                          0.00   10.00   clock network delay (ideal)
                         -0.25    9.75   clock uncertainty
                          0.00    9.75   clock reconvergence pessimism
                         -2.00    7.75   output external delay
                                  7.75   data required time
-----------------------------------------------------------------------------
                                  7.75   data required time
                                 -4.39   data arrival time
-----------------------------------------------------------------------------
                                  3.36   slack (MET)


Startpoint: OP[0] (input port clocked by __VIRTUAL_CLK__)
Endpoint: OUT[6] (output port clocked by __VIRTUAL_CLK__)
Path Group: __VIRTUAL_CLK__
Path Type: max
Corner: Fastest

Fanout     Cap    Slew   Delay    Time   Description
-----------------------------------------------------------------------------
                  0.00    0.00    0.00   clock __VIRTUAL_CLK__ (rise edge)
                          0.00    0.00   clock network delay (ideal)
                          2.00    2.00 ^ input external delay
     1    0.00    0.02    0.01    2.01 ^ OP[0] (in)
                                         OP[0] (net)
                  0.02    0.00    2.01 ^ input17/A (sky130_fd_sc_hd__buf_2)
     5    0.06    0.20    0.19    2.20 ^ input17/X (sky130_fd_sc_hd__buf_2)
                                         net17 (net)
                  0.20    0.01    2.20 ^ _235_/A_N (sky130_fd_sc_hd__nand3b_4)
     4    0.02    0.07    0.14    2.34 ^ _235_/Y (sky130_fd_sc_hd__nand3b_4)
                                         _163_ (net)
                  0.07    0.00    2.34 ^ rebuffer1/A (sky130_fd_sc_hd__clkbuf_2)
     4    0.02    0.10    0.13    2.47 ^ rebuffer1/X (sky130_fd_sc_hd__clkbuf_2)
                                         net29 (net)
                  0.10    0.00    2.47 ^ rebuffer2/A (sky130_fd_sc_hd__buf_4)
     3    0.03    0.06    0.11    2.59 ^ rebuffer2/X (sky130_fd_sc_hd__buf_4)
                                         net30 (net)
                  0.06    0.00    2.59 ^ _239_/A1 (sky130_fd_sc_hd__a21oi_2)
     2    0.04    0.09    0.08    2.68 v _239_/Y (sky130_fd_sc_hd__a21oi_2)
                                         _167_ (net)
                  0.09    0.01    2.68 v _241_/A1 (sky130_fd_sc_hd__o21ai_4)
     4    0.04    0.22    0.23    2.91 ^ _241_/Y (sky130_fd_sc_hd__o21ai_4)
                                         _169_ (net)
                  0.22    0.00    2.92 ^ _249_/A (sky130_fd_sc_hd__and2_1)
     2    0.02    0.18    0.20    3.12 ^ _249_/X (sky130_fd_sc_hd__and2_1)
                                         _007_ (net)
                  0.18    0.00    3.12 ^ _250_/B1 (sky130_fd_sc_hd__o21ai_4)
     4    0.05    0.09    0.08    3.21 v _250_/Y (sky130_fd_sc_hd__o21ai_4)
                                         _008_ (net)
                  0.09    0.01    3.22 v _257_/A1 (sky130_fd_sc_hd__a311o_4)
     5    0.04    0.09    0.28    3.49 v _257_/X (sky130_fd_sc_hd__a311o_4)
                                         _015_ (net)
                  0.09    0.01    3.50 v _276_/A3 (sky130_fd_sc_hd__a311oi_4)
     3    0.03    0.34    0.37    3.87 ^ _276_/Y (sky130_fd_sc_hd__a311oi_4)
                                         _033_ (net)
                  0.34    0.00    3.87 ^ _277_/A_N (sky130_fd_sc_hd__and2b_1)
     1    0.01    0.06    0.16    4.04 v _277_/X (sky130_fd_sc_hd__and2b_1)
                                         _034_ (net)
                  0.06    0.00    4.04 v _291_/A2 (sky130_fd_sc_hd__a21o_1)
     2    0.02    0.09    0.19    4.22 v _291_/X (sky130_fd_sc_hd__a21o_1)
                                         net26 (net)
                  0.09    0.00    4.23 v output26/A (sky130_fd_sc_hd__clkbuf_4)
     1    0.03    0.06    0.15    4.38 v output26/X (sky130_fd_sc_hd__clkbuf_4)
                                         OUT[6] (net)
                  0.06    0.00    4.38 v OUT[6] (out)
                                  4.38   data arrival time

                  0.00   10.00   10.00   clock __VIRTUAL_CLK__ (rise edge)
                          0.00   10.00   clock network delay (ideal)
                         -0.25    9.75   clock uncertainty
                          0.00    9.75   clock reconvergence pessimism
                         -2.00    7.75   output external delay
                                  7.75   data required time
-----------------------------------------------------------------------------
                                  7.75   data required time
                                 -4.38   data arrival time
-----------------------------------------------------------------------------
                                  3.37   slack (MET)


Startpoint: A[2] (input port clocked by __VIRTUAL_CLK__)
Endpoint: OUT[4] (output port clocked by __VIRTUAL_CLK__)
Path Group: __VIRTUAL_CLK__
Path Type: max
Corner: Fastest

Fanout     Cap    Slew   Delay    Time   Description
-----------------------------------------------------------------------------
                  0.00    0.00    0.00   clock __VIRTUAL_CLK__ (rise edge)
                          0.00    0.00   clock network delay (ideal)
                          2.00    2.00 ^ input external delay
     1    0.00    0.01    0.01    2.01 ^ A[2] (in)
                                         A[2] (net)
                  0.01    0.00    2.01 ^ input3/A (sky130_fd_sc_hd__buf_2)
     4    0.05    0.18    0.17    2.18 ^ input3/X (sky130_fd_sc_hd__buf_2)
                                         net3 (net)
                  0.18    0.01    2.19 ^ _176_/A (sky130_fd_sc_hd__buf_4)
    10    0.07    0.16    0.19    2.38 ^ _176_/X (sky130_fd_sc_hd__buf_4)
                                         _104_ (net)
                  0.16    0.01    2.39 ^ _194_/B1 (sky130_fd_sc_hd__a22o_1)
     2    0.03    0.22    0.22    2.61 ^ _194_/X (sky130_fd_sc_hd__a22o_1)
                                         _122_ (net)
                  0.22    0.00    2.62 ^ _196_/A3 (sky130_fd_sc_hd__a31o_1)
     2    0.02    0.18    0.21    2.83 ^ _196_/X (sky130_fd_sc_hd__a31o_1)
                                         _124_ (net)
                  0.18    0.00    2.83 ^ _198_/C (sky130_fd_sc_hd__and3_1)
     2    0.04    0.26    0.28    3.12 ^ _198_/X (sky130_fd_sc_hd__and3_1)
                                         _126_ (net)
                  0.26    0.00    3.12 ^ _199_/B1 (sky130_fd_sc_hd__a31o_1)
     2    0.03    0.21    0.20    3.32 ^ _199_/X (sky130_fd_sc_hd__a31o_1)
                                         _127_ (net)
                  0.21    0.00    3.32 ^ _201_/B (sky130_fd_sc_hd__xor2_2)
     2    0.03    0.26    0.23    3.55 ^ _201_/X (sky130_fd_sc_hd__xor2_2)
                                         _129_ (net)
                  0.26    0.00    3.55 ^ _210_/A (sky130_fd_sc_hd__nand3_2)
     3    0.03    0.14    0.13    3.68 v _210_/Y (sky130_fd_sc_hd__nand3_2)
                                         _138_ (net)
                  0.14    0.00    3.69 v _345_/A1 (sky130_fd_sc_hd__a31o_1)
     1    0.01    0.04    0.17    3.85 v _345_/X (sky130_fd_sc_hd__a31o_1)
                                         _096_ (net)
                  0.04    0.00    3.86 v _346_/C (sky130_fd_sc_hd__or3_4)
     1    0.03    0.07    0.24    4.10 v _346_/X (sky130_fd_sc_hd__or3_4)
                                         _097_ (net)
                  0.07    0.00    4.10 v _347_/A (sky130_fd_sc_hd__buf_1)
     1    0.02    0.08    0.13    4.23 v _347_/X (sky130_fd_sc_hd__buf_1)
                                         net24 (net)
                  0.08    0.00    4.23 v output24/A (sky130_fd_sc_hd__buf_2)
     1    0.03    0.06    0.14    4.38 v output24/X (sky130_fd_sc_hd__buf_2)
                                         OUT[4] (net)
                  0.06    0.00    4.38 v OUT[4] (out)
                                  4.38   data arrival time

                  0.00   10.00   10.00   clock __VIRTUAL_CLK__ (rise edge)
                          0.00   10.00   clock network delay (ideal)
                         -0.25    9.75   clock uncertainty
                          0.00    9.75   clock reconvergence pessimism
                         -2.00    7.75   output external delay
                                  7.75   data required time
-----------------------------------------------------------------------------
                                  7.75   data required time
                                 -4.38   data arrival time
-----------------------------------------------------------------------------
                                  3.37   slack (MET)


Startpoint: A[2] (input port clocked by __VIRTUAL_CLK__)
Endpoint: OUT[5] (output port clocked by __VIRTUAL_CLK__)
Path Group: __VIRTUAL_CLK__
Path Type: max
Corner: Fastest

Fanout     Cap    Slew   Delay    Time   Description
-----------------------------------------------------------------------------
                  0.00    0.00    0.00   clock __VIRTUAL_CLK__ (rise edge)
                          0.00    0.00   clock network delay (ideal)
                          2.00    2.00 ^ input external delay
     1    0.00    0.01    0.01    2.01 ^ A[2] (in)
                                         A[2] (net)
                  0.01    0.00    2.01 ^ input3/A (sky130_fd_sc_hd__buf_2)
     4    0.05    0.18    0.17    2.18 ^ input3/X (sky130_fd_sc_hd__buf_2)
                                         net3 (net)
                  0.18    0.01    2.19 ^ _176_/A (sky130_fd_sc_hd__buf_4)
    10    0.07    0.16    0.19    2.38 ^ _176_/X (sky130_fd_sc_hd__buf_4)
                                         _104_ (net)
                  0.16    0.01    2.39 ^ _194_/B1 (sky130_fd_sc_hd__a22o_1)
     2    0.03    0.22    0.22    2.61 ^ _194_/X (sky130_fd_sc_hd__a22o_1)
                                         _122_ (net)
                  0.22    0.00    2.62 ^ _196_/A3 (sky130_fd_sc_hd__a31o_1)
     2    0.02    0.18    0.21    2.83 ^ _196_/X (sky130_fd_sc_hd__a31o_1)
                                         _124_ (net)
                  0.18    0.00    2.83 ^ _198_/C (sky130_fd_sc_hd__and3_1)
     2    0.04    0.26    0.28    3.12 ^ _198_/X (sky130_fd_sc_hd__and3_1)
                                         _126_ (net)
                  0.26    0.00    3.12 ^ _199_/B1 (sky130_fd_sc_hd__a31o_1)
     2    0.03    0.21    0.20    3.32 ^ _199_/X (sky130_fd_sc_hd__a31o_1)
                                         _127_ (net)
                  0.21    0.00    3.32 ^ _201_/B (sky130_fd_sc_hd__xor2_2)
     2    0.03    0.26    0.23    3.55 ^ _201_/X (sky130_fd_sc_hd__xor2_2)
                                         _129_ (net)
                  0.26    0.00    3.55 ^ _210_/A (sky130_fd_sc_hd__nand3_2)
     3    0.03    0.14    0.13    3.68 v _210_/Y (sky130_fd_sc_hd__nand3_2)
                                         _138_ (net)
                  0.14    0.00    3.69 v _220_/B (sky130_fd_sc_hd__and3_1)
     1    0.02    0.08    0.21    3.89 v _220_/X (sky130_fd_sc_hd__and3_1)
                                         _148_ (net)
                  0.08    0.00    3.89 v _221_/B (sky130_fd_sc_hd__nor2_1)
     1    0.01    0.10    0.11    4.00 ^ _221_/Y (sky130_fd_sc_hd__nor2_1)
                                         _149_ (net)
                  0.10    0.00    4.00 ^ _267_/A2 (sky130_fd_sc_hd__a211o_1)
     1    0.01    0.07    0.11    4.12 ^ _267_/X (sky130_fd_sc_hd__a211o_1)
                                         net25 (net)
                  0.07    0.00    4.12 ^ output25/A (sky130_fd_sc_hd__buf_2)
     1    0.03    0.13    0.15    4.27 ^ output25/X (sky130_fd_sc_hd__buf_2)
                                         OUT[5] (net)
                  0.13    0.00    4.27 ^ OUT[5] (out)
                                  4.27   data arrival time

                  0.00   10.00   10.00   clock __VIRTUAL_CLK__ (rise edge)
                          0.00   10.00   clock network delay (ideal)
                         -0.25    9.75   clock uncertainty
                          0.00    9.75   clock reconvergence pessimism
                         -2.00    7.75   output external delay
                                  7.75   data required time
-----------------------------------------------------------------------------
                                  7.75   data required time
                                 -4.27   data arrival time
-----------------------------------------------------------------------------
                                  3.48   slack (MET)


Startpoint: OP[0] (input port clocked by __VIRTUAL_CLK__)
Endpoint: OUT[3] (output port clocked by __VIRTUAL_CLK__)
Path Group: __VIRTUAL_CLK__
Path Type: max
Corner: Fastest

Fanout     Cap    Slew   Delay    Time   Description
-----------------------------------------------------------------------------
                  0.00    0.00    0.00   clock __VIRTUAL_CLK__ (rise edge)
                          0.00    0.00   clock network delay (ideal)
                          2.00    2.00 v input external delay
     1    0.00    0.01    0.00    2.00 v OP[0] (in)
                                         OP[0] (net)
                  0.01    0.00    2.00 v input17/A (sky130_fd_sc_hd__buf_2)
     5    0.05    0.09    0.13    2.14 v input17/X (sky130_fd_sc_hd__buf_2)
                                         net17 (net)
                  0.09    0.01    2.14 v _235_/A_N (sky130_fd_sc_hd__nand3b_4)
     4    0.02    0.07    0.15    2.29 v _235_/Y (sky130_fd_sc_hd__nand3b_4)
                                         _163_ (net)
                  0.07    0.00    2.29 v rebuffer1/A (sky130_fd_sc_hd__clkbuf_2)
     4    0.02    0.06    0.12    2.42 v rebuffer1/X (sky130_fd_sc_hd__clkbuf_2)
                                         net29 (net)
                  0.06    0.00    2.42 v _243_/A2 (sky130_fd_sc_hd__a21oi_2)
     2    0.03    0.28    0.26    2.68 ^ _243_/Y (sky130_fd_sc_hd__a21oi_2)
                                         _001_ (net)
                  0.28    0.00    2.68 ^ _244_/A2 (sky130_fd_sc_hd__o21a_2)
     4    0.04    0.17    0.20    2.88 ^ _244_/X (sky130_fd_sc_hd__o21a_2)
                                         _002_ (net)
                  0.17    0.01    2.88 ^ _247_/A_N (sky130_fd_sc_hd__and3b_2)
     3    0.03    0.08    0.20    3.08 v _247_/X (sky130_fd_sc_hd__and3b_2)
                                         _005_ (net)
                  0.08    0.00    3.08 v _250_/A1 (sky130_fd_sc_hd__o21ai_4)
     4    0.05    0.27    0.26    3.34 ^ _250_/Y (sky130_fd_sc_hd__o21ai_4)
                                         _008_ (net)
                  0.27    0.00    3.34 ^ _328_/B (sky130_fd_sc_hd__nand2_1)
     1    0.02    0.12    0.13    3.47 v _328_/Y (sky130_fd_sc_hd__nand2_1)
                                         _080_ (net)
                  0.12    0.00    3.48 v _329_/B (sky130_fd_sc_hd__xnor2_1)
     1    0.01    0.22    0.23    3.71 ^ _329_/Y (sky130_fd_sc_hd__xnor2_1)
                                         _081_ (net)
                  0.22    0.00    3.71 ^ _335_/A2 (sky130_fd_sc_hd__a221o_1)
     1    0.02    0.15    0.20    3.90 ^ _335_/X (sky130_fd_sc_hd__a221o_1)
                                         net23 (net)
                  0.15    0.00    3.91 ^ output23/A (sky130_fd_sc_hd__buf_2)
     1    0.03    0.13    0.17    4.08 ^ output23/X (sky130_fd_sc_hd__buf_2)
                                         OUT[3] (net)
                  0.13    0.00    4.08 ^ OUT[3] (out)
                                  4.08   data arrival time

                  0.00   10.00   10.00   clock __VIRTUAL_CLK__ (rise edge)
                          0.00   10.00   clock network delay (ideal)
                         -0.25    9.75   clock uncertainty
                          0.00    9.75   clock reconvergence pessimism
                         -2.00    7.75   output external delay
                                  7.75   data required time
-----------------------------------------------------------------------------
                                  7.75   data required time
                                 -4.08   data arrival time
-----------------------------------------------------------------------------
                                  3.67   slack (MET)


Startpoint: OP[0] (input port clocked by __VIRTUAL_CLK__)
Endpoint: OUT[1] (output port clocked by __VIRTUAL_CLK__)
Path Group: __VIRTUAL_CLK__
Path Type: max
Corner: Fastest

Fanout     Cap    Slew   Delay    Time   Description
-----------------------------------------------------------------------------
                  0.00    0.00    0.00   clock __VIRTUAL_CLK__ (rise edge)
                          0.00    0.00   clock network delay (ideal)
                          2.00    2.00 v input external delay
     1    0.00    0.01    0.00    2.00 v OP[0] (in)
                                         OP[0] (net)
                  0.01    0.00    2.00 v input17/A (sky130_fd_sc_hd__buf_2)
     5    0.05    0.09    0.13    2.14 v input17/X (sky130_fd_sc_hd__buf_2)
                                         net17 (net)
                  0.09    0.01    2.14 v _235_/A_N (sky130_fd_sc_hd__nand3b_4)
     4    0.02    0.07    0.15    2.29 v _235_/Y (sky130_fd_sc_hd__nand3b_4)
                                         _163_ (net)
                  0.07    0.00    2.29 v rebuffer1/A (sky130_fd_sc_hd__clkbuf_2)
     4    0.02    0.06    0.12    2.42 v rebuffer1/X (sky130_fd_sc_hd__clkbuf_2)
                                         net29 (net)
                  0.06    0.00    2.42 v _243_/A2 (sky130_fd_sc_hd__a21oi_2)
     2    0.03    0.28    0.26    2.68 ^ _243_/Y (sky130_fd_sc_hd__a21oi_2)
                                         _001_ (net)
                  0.28    0.00    2.68 ^ _244_/A2 (sky130_fd_sc_hd__o21a_2)
     4    0.04    0.17    0.20    2.88 ^ _244_/X (sky130_fd_sc_hd__o21a_2)
                                         _002_ (net)
                  0.17    0.00    2.88 ^ _314_/A_N (sky130_fd_sc_hd__and2b_1)
     1    0.02    0.06    0.17    3.05 v _314_/X (sky130_fd_sc_hd__and2b_1)
                                         _068_ (net)
                  0.07    0.00    3.05 v _315_/A (sky130_fd_sc_hd__nor2_1)
     1    0.01    0.13    0.14    3.19 ^ _315_/Y (sky130_fd_sc_hd__nor2_1)
                                         _069_ (net)
                  0.13    0.00    3.19 ^ _316_/B (sky130_fd_sc_hd__or3b_1)
     1    0.02    0.14    0.17    3.36 ^ _316_/X (sky130_fd_sc_hd__or3b_1)
                                         _070_ (net)
                  0.14    0.00    3.36 ^ _317_/D_N (sky130_fd_sc_hd__or4b_1)
     1    0.01    0.08    0.29    3.65 v _317_/X (sky130_fd_sc_hd__or4b_1)
                                         _071_ (net)
                  0.08    0.00    3.65 v _318_/A (sky130_fd_sc_hd__buf_1)
     2    0.02    0.10    0.14    3.80 v _318_/X (sky130_fd_sc_hd__buf_1)
                                         net21 (net)
                  0.10    0.00    3.80 v output21/A (sky130_fd_sc_hd__buf_2)
     1    0.03    0.06    0.15    3.95 v output21/X (sky130_fd_sc_hd__buf_2)
                                         OUT[1] (net)
                  0.06    0.00    3.95 v OUT[1] (out)
                                  3.95   data arrival time

                  0.00   10.00   10.00   clock __VIRTUAL_CLK__ (rise edge)
                          0.00   10.00   clock network delay (ideal)
                         -0.25    9.75   clock uncertainty
                          0.00    9.75   clock reconvergence pessimism
                         -2.00    7.75   output external delay
                                  7.75   data required time
-----------------------------------------------------------------------------
                                  7.75   data required time
                                 -3.95   data arrival time
-----------------------------------------------------------------------------
                                  3.80   slack (MET)


Startpoint: OP[0] (input port clocked by __VIRTUAL_CLK__)
Endpoint: OUT[2] (output port clocked by __VIRTUAL_CLK__)
Path Group: __VIRTUAL_CLK__
Path Type: max
Corner: Fastest

Fanout     Cap    Slew   Delay    Time   Description
-----------------------------------------------------------------------------
                  0.00    0.00    0.00   clock __VIRTUAL_CLK__ (rise edge)
                          0.00    0.00   clock network delay (ideal)
                          2.00    2.00 v input external delay
     1    0.00    0.01    0.00    2.00 v OP[0] (in)
                                         OP[0] (net)
                  0.01    0.00    2.00 v input17/A (sky130_fd_sc_hd__buf_2)
     5    0.05    0.09    0.13    2.14 v input17/X (sky130_fd_sc_hd__buf_2)
                                         net17 (net)
                  0.09    0.01    2.14 v _235_/A_N (sky130_fd_sc_hd__nand3b_4)
     4    0.02    0.07    0.15    2.29 v _235_/Y (sky130_fd_sc_hd__nand3b_4)
                                         _163_ (net)
                  0.07    0.00    2.29 v rebuffer1/A (sky130_fd_sc_hd__clkbuf_2)
     4    0.02    0.06    0.12    2.42 v rebuffer1/X (sky130_fd_sc_hd__clkbuf_2)
                                         net29 (net)
                  0.06    0.00    2.42 v rebuffer2/A (sky130_fd_sc_hd__buf_4)
     3    0.03    0.04    0.12    2.54 v rebuffer2/X (sky130_fd_sc_hd__buf_4)
                                         net30 (net)
                  0.04    0.00    2.54 v _239_/A1 (sky130_fd_sc_hd__a21oi_2)
     2    0.04    0.34    0.29    2.83 ^ _239_/Y (sky130_fd_sc_hd__a21oi_2)
                                         _167_ (net)
                  0.34    0.01    2.84 ^ _241_/A1 (sky130_fd_sc_hd__o21ai_4)
     4    0.04    0.10    0.10    2.94 v _241_/Y (sky130_fd_sc_hd__o21ai_4)
                                         _169_ (net)
                  0.10    0.00    2.94 v _249_/A (sky130_fd_sc_hd__and2_1)
     2    0.02    0.08    0.17    3.11 v _249_/X (sky130_fd_sc_hd__and2_1)
                                         _007_ (net)
                  0.08    0.00    3.11 v _319_/A (sky130_fd_sc_hd__or3_1)
     1    0.02    0.12    0.32    3.44 v _319_/X (sky130_fd_sc_hd__or3_1)
                                         _072_ (net)
                  0.12    0.00    3.44 v _326_/A3 (sky130_fd_sc_hd__a31o_1)
     1    0.03    0.10    0.26    3.69 v _326_/X (sky130_fd_sc_hd__a31o_1)
                                         net22 (net)
                  0.10    0.00    3.70 v output22/A (sky130_fd_sc_hd__buf_2)
     1    0.03    0.06    0.15    3.85 v output22/X (sky130_fd_sc_hd__buf_2)
                                         OUT[2] (net)
                  0.06    0.00    3.85 v OUT[2] (out)
                                  3.85   data arrival time

                  0.00   10.00   10.00   clock __VIRTUAL_CLK__ (rise edge)
                          0.00   10.00   clock network delay (ideal)
                         -0.25    9.75   clock uncertainty
                          0.00    9.75   clock reconvergence pessimism
                         -2.00    7.75   output external delay
                                  7.75   data required time
-----------------------------------------------------------------------------
                                  7.75   data required time
                                 -3.85   data arrival time
-----------------------------------------------------------------------------
                                  3.90   slack (MET)


Startpoint: OP[1] (input port clocked by __VIRTUAL_CLK__)
Endpoint: OUT[0] (output port clocked by __VIRTUAL_CLK__)
Path Group: __VIRTUAL_CLK__
Path Type: max
Corner: Fastest

Fanout     Cap    Slew   Delay    Time   Description
-----------------------------------------------------------------------------
                  0.00    0.00    0.00   clock __VIRTUAL_CLK__ (rise edge)
                          0.00    0.00   clock network delay (ideal)
                          2.00    2.00 v input external delay
     1    0.00    0.01    0.00    2.00 v OP[1] (in)
                                         OP[1] (net)
                  0.01    0.00    2.00 v input18/A (sky130_fd_sc_hd__clkbuf_4)
     6    0.06    0.09    0.14    2.15 v input18/X (sky130_fd_sc_hd__clkbuf_4)
                                         net18 (net)
                  0.09    0.01    2.16 v _171_/B (sky130_fd_sc_hd__or2_2)
     4    0.04    0.10    0.27    2.43 v _171_/X (sky130_fd_sc_hd__or2_2)
                                         _099_ (net)
                  0.10    0.00    2.43 v _224_/B (sky130_fd_sc_hd__or2_1)
     1    0.02    0.08    0.21    2.64 v _224_/X (sky130_fd_sc_hd__or2_1)
                                         _152_ (net)
                  0.08    0.00    2.64 v _225_/A (sky130_fd_sc_hd__clkbuf_4)
     8    0.07    0.10    0.18    2.83 v _225_/X (sky130_fd_sc_hd__clkbuf_4)
                                         _153_ (net)
                  0.10    0.01    2.83 v _306_/A2 (sky130_fd_sc_hd__o21ai_1)
     1    0.01    0.17    0.18    3.01 ^ _306_/Y (sky130_fd_sc_hd__o21ai_1)
                                         _061_ (net)
                  0.17    0.00    3.02 ^ _307_/B1 (sky130_fd_sc_hd__a31o_1)
     1    0.02    0.12    0.13    3.14 ^ _307_/X (sky130_fd_sc_hd__a31o_1)
                                         net20 (net)
                  0.12    0.00    3.15 ^ output20/A (sky130_fd_sc_hd__buf_2)
     1    0.04    0.13    0.17    3.31 ^ output20/X (sky130_fd_sc_hd__buf_2)
                                         OUT[0] (net)
                  0.13    0.00    3.32 ^ OUT[0] (out)
                                  3.32   data arrival time

                  0.00   10.00   10.00   clock __VIRTUAL_CLK__ (rise edge)
                          0.00   10.00   clock network delay (ideal)
                         -0.25    9.75   clock uncertainty
                          0.00    9.75   clock reconvergence pessimism
                         -2.00    7.75   output external delay
                                  7.75   data required time
-----------------------------------------------------------------------------
                                  7.75   data required time
                                 -3.32   data arrival time
-----------------------------------------------------------------------------
                                  4.43   slack (MET)



worst slack corner Fastest: 3.3618
======================= Slowest Corner ===================================

Startpoint: A[2] (input port clocked by __VIRTUAL_CLK__)
Endpoint: OUT[6] (output port clocked by __VIRTUAL_CLK__)
Path Group: __VIRTUAL_CLK__
Path Type: max
Corner: Slowest

Fanout     Cap    Slew   Delay    Time   Description
-----------------------------------------------------------------------------
                  0.00    0.00    0.00   clock __VIRTUAL_CLK__ (rise edge)
                          0.00    0.00   clock network delay (ideal)
                          2.00    2.00 ^ input external delay
     1    0.00    0.03    0.01    2.01 ^ A[2] (in)
                                         A[2] (net)
                  0.03    0.00    2.01 ^ input3/A (sky130_fd_sc_hd__buf_2)
     4    0.05    0.38    0.42    2.43 ^ input3/X (sky130_fd_sc_hd__buf_2)
                                         net3 (net)
                  0.38    0.01    2.44 ^ _176_/A (sky130_fd_sc_hd__buf_4)
    10    0.07    0.33    0.56    3.00 ^ _176_/X (sky130_fd_sc_hd__buf_4)
                                         _104_ (net)
                  0.33    0.01    3.01 ^ _194_/B1 (sky130_fd_sc_hd__a22o_1)
     2    0.03    0.46    0.66    3.67 ^ _194_/X (sky130_fd_sc_hd__a22o_1)
                                         _122_ (net)
                  0.46    0.00    3.67 ^ _196_/A3 (sky130_fd_sc_hd__a31o_1)
     2    0.02    0.39    0.69    4.36 ^ _196_/X (sky130_fd_sc_hd__a31o_1)
                                         _124_ (net)
                  0.39    0.00    4.36 ^ _198_/C (sky130_fd_sc_hd__and3_1)
     2    0.04    0.54    0.79    5.16 ^ _198_/X (sky130_fd_sc_hd__and3_1)
                                         _126_ (net)
                  0.54    0.00    5.16 ^ _199_/B1 (sky130_fd_sc_hd__a31o_1)
     2    0.03    0.47    0.65    5.81 ^ _199_/X (sky130_fd_sc_hd__a31o_1)
                                         _127_ (net)
                  0.47    0.00    5.81 ^ _200_/B (sky130_fd_sc_hd__nand2_1)
     3    0.03    0.58    0.66    6.47 v _200_/Y (sky130_fd_sc_hd__nand2_1)
                                         _128_ (net)
                  0.58    0.00    6.48 v _282_/A1 (sky130_fd_sc_hd__a21o_1)
     3    0.02    0.21    0.66    7.14 v _282_/X (sky130_fd_sc_hd__a21o_1)
                                         _039_ (net)
                  0.21    0.00    7.14 v _283_/B (sky130_fd_sc_hd__or2_1)
     1    0.01    0.19    0.66    7.80 v _283_/X (sky130_fd_sc_hd__or2_1)
                                         _040_ (net)
                  0.19    0.00    7.80 v _290_/A2 (sky130_fd_sc_hd__a31o_1)
     1    0.01    0.09    0.46    8.27 v _290_/X (sky130_fd_sc_hd__a31o_1)
                                         _047_ (net)
                  0.09    0.00    8.27 v _291_/B1 (sky130_fd_sc_hd__a21o_1)
     2    0.02    0.22    0.46    8.72 v _291_/X (sky130_fd_sc_hd__a21o_1)
                                         net26 (net)
                  0.22    0.00    8.73 v output26/A (sky130_fd_sc_hd__clkbuf_4)
     1    0.03    0.14    0.42    9.14 v output26/X (sky130_fd_sc_hd__clkbuf_4)
                                         OUT[6] (net)
                  0.14    0.00    9.15 v OUT[6] (out)
                                  9.15   data arrival time

                  0.00   10.00   10.00   clock __VIRTUAL_CLK__ (rise edge)
                          0.00   10.00   clock network delay (ideal)
                         -0.25    9.75   clock uncertainty
                          0.00    9.75   clock reconvergence pessimism
                         -2.00    7.75   output external delay
                                  7.75   data required time
-----------------------------------------------------------------------------
                                  7.75   data required time
                                 -9.15   data arrival time
-----------------------------------------------------------------------------
                                 -1.40   slack (VIOLATED)


Startpoint: A[2] (input port clocked by __VIRTUAL_CLK__)
Endpoint: OUT[4] (output port clocked by __VIRTUAL_CLK__)
Path Group: __VIRTUAL_CLK__
Path Type: max
Corner: Slowest

Fanout     Cap    Slew   Delay    Time   Description
-----------------------------------------------------------------------------
                  0.00    0.00    0.00   clock __VIRTUAL_CLK__ (rise edge)
                          0.00    0.00   clock network delay (ideal)
                          2.00    2.00 ^ input external delay
     1    0.00    0.03    0.01    2.01 ^ A[2] (in)
                                         A[2] (net)
                  0.03    0.00    2.01 ^ input3/A (sky130_fd_sc_hd__buf_2)
     4    0.05    0.38    0.42    2.43 ^ input3/X (sky130_fd_sc_hd__buf_2)
                                         net3 (net)
                  0.38    0.01    2.44 ^ _176_/A (sky130_fd_sc_hd__buf_4)
    10    0.07    0.33    0.56    3.00 ^ _176_/X (sky130_fd_sc_hd__buf_4)
                                         _104_ (net)
                  0.33    0.01    3.01 ^ _194_/B1 (sky130_fd_sc_hd__a22o_1)
     2    0.03    0.46    0.66    3.67 ^ _194_/X (sky130_fd_sc_hd__a22o_1)
                                         _122_ (net)
                  0.46    0.00    3.67 ^ _196_/A3 (sky130_fd_sc_hd__a31o_1)
     2    0.02    0.39    0.69    4.36 ^ _196_/X (sky130_fd_sc_hd__a31o_1)
                                         _124_ (net)
                  0.39    0.00    4.36 ^ _198_/C (sky130_fd_sc_hd__and3_1)
     2    0.04    0.54    0.79    5.16 ^ _198_/X (sky130_fd_sc_hd__and3_1)
                                         _126_ (net)
                  0.54    0.00    5.16 ^ _208_/A_N (sky130_fd_sc_hd__and2b_1)
     1    0.02    0.22    0.70    5.86 v _208_/X (sky130_fd_sc_hd__and2b_1)
                                         _136_ (net)
                  0.22    0.00    5.86 v _209_/B (sky130_fd_sc_hd__xnor2_2)
     3    0.03    0.58    0.59    6.45 ^ _209_/Y (sky130_fd_sc_hd__xnor2_2)
                                         _137_ (net)
                  0.58    0.00    6.45 ^ _210_/C (sky130_fd_sc_hd__nand3_2)
     3    0.03    0.39    0.54    6.99 v _210_/Y (sky130_fd_sc_hd__nand3_2)
                                         _138_ (net)
                  0.39    0.00    7.00 v _345_/A1 (sky130_fd_sc_hd__a31o_1)
     1    0.01    0.10    0.52    7.51 v _345_/X (sky130_fd_sc_hd__a31o_1)
                                         _096_ (net)
                  0.10    0.00    7.51 v _346_/C (sky130_fd_sc_hd__or3_4)
     1    0.03    0.18    0.80    8.32 v _346_/X (sky130_fd_sc_hd__or3_4)
                                         _097_ (net)
                  0.18    0.00    8.32 v _347_/A (sky130_fd_sc_hd__buf_1)
     1    0.02    0.23    0.37    8.69 v _347_/X (sky130_fd_sc_hd__buf_1)
                                         net24 (net)
                  0.23    0.00    8.69 v output24/A (sky130_fd_sc_hd__buf_2)
     1    0.03    0.17    0.44    9.14 v output24/X (sky130_fd_sc_hd__buf_2)
                                         OUT[4] (net)
                  0.17    0.00    9.14 v OUT[4] (out)
                                  9.14   data arrival time

                  0.00   10.00   10.00   clock __VIRTUAL_CLK__ (rise edge)
                          0.00   10.00   clock network delay (ideal)
                         -0.25    9.75   clock uncertainty
                          0.00    9.75   clock reconvergence pessimism
                         -2.00    7.75   output external delay
                                  7.75   data required time
-----------------------------------------------------------------------------
                                  7.75   data required time
                                 -9.14   data arrival time
-----------------------------------------------------------------------------
                                 -1.39   slack (VIOLATED)


Startpoint: A[2] (input port clocked by __VIRTUAL_CLK__)
Endpoint: OUT[7] (output port clocked by __VIRTUAL_CLK__)
Path Group: __VIRTUAL_CLK__
Path Type: max
Corner: Slowest

Fanout     Cap    Slew   Delay    Time   Description
-----------------------------------------------------------------------------
                  0.00    0.00    0.00   clock __VIRTUAL_CLK__ (rise edge)
                          0.00    0.00   clock network delay (ideal)
                          2.00    2.00 ^ input external delay
     1    0.00    0.03    0.01    2.01 ^ A[2] (in)
                                         A[2] (net)
                  0.03    0.00    2.01 ^ input3/A (sky130_fd_sc_hd__buf_2)
     4    0.05    0.38    0.42    2.43 ^ input3/X (sky130_fd_sc_hd__buf_2)
                                         net3 (net)
                  0.38    0.01    2.44 ^ _176_/A (sky130_fd_sc_hd__buf_4)
    10    0.07    0.33    0.56    3.00 ^ _176_/X (sky130_fd_sc_hd__buf_4)
                                         _104_ (net)
                  0.33    0.01    3.01 ^ _194_/B1 (sky130_fd_sc_hd__a22o_1)
     2    0.03    0.46    0.66    3.67 ^ _194_/X (sky130_fd_sc_hd__a22o_1)
                                         _122_ (net)
                  0.46    0.00    3.67 ^ _196_/A3 (sky130_fd_sc_hd__a31o_1)
     2    0.02    0.39    0.69    4.36 ^ _196_/X (sky130_fd_sc_hd__a31o_1)
                                         _124_ (net)
                  0.39    0.00    4.36 ^ _198_/C (sky130_fd_sc_hd__and3_1)
     2    0.04    0.54    0.79    5.16 ^ _198_/X (sky130_fd_sc_hd__and3_1)
                                         _126_ (net)
                  0.54    0.00    5.16 ^ _199_/B1 (sky130_fd_sc_hd__a31o_1)
     2    0.03    0.47    0.65    5.81 ^ _199_/X (sky130_fd_sc_hd__a31o_1)
                                         _127_ (net)
                  0.47    0.00    5.81 ^ _200_/B (sky130_fd_sc_hd__nand2_1)
     3    0.03    0.58    0.66    6.47 v _200_/Y (sky130_fd_sc_hd__nand2_1)
                                         _128_ (net)
                  0.58    0.00    6.48 v _282_/A1 (sky130_fd_sc_hd__a21o_1)
     3    0.02    0.21    0.66    7.14 v _282_/X (sky130_fd_sc_hd__a21o_1)
                                         _039_ (net)
                  0.21    0.00    7.14 v _297_/A2 (sky130_fd_sc_hd__o21ai_2)
     1    0.03    0.53    0.56    7.70 ^ _297_/Y (sky130_fd_sc_hd__o21ai_2)
                                         _053_ (net)
                  0.53    0.00    7.70 ^ _301_/A2 (sky130_fd_sc_hd__a21bo_1)
     1    0.02    0.21    0.50    8.20 ^ _301_/X (sky130_fd_sc_hd__a21bo_1)
                                         _057_ (net)
                  0.21    0.00    8.20 ^ _302_/B1 (sky130_fd_sc_hd__a31o_1)
     2    0.02    0.29    0.41    8.61 ^ _302_/X (sky130_fd_sc_hd__a31o_1)
                                         net27 (net)
                  0.29    0.00    8.61 ^ output27/A (sky130_fd_sc_hd__buf_2)
     1    0.03    0.28    0.47    9.08 ^ output27/X (sky130_fd_sc_hd__buf_2)
                                         OUT[7] (net)
                  0.28    0.00    9.08 ^ OUT[7] (out)
                                  9.08   data arrival time

                  0.00   10.00   10.00   clock __VIRTUAL_CLK__ (rise edge)
                          0.00   10.00   clock network delay (ideal)
                         -0.25    9.75   clock uncertainty
                          0.00    9.75   clock reconvergence pessimism
                         -2.00    7.75   output external delay
                                  7.75   data required time
-----------------------------------------------------------------------------
                                  7.75   data required time
                                 -9.08   data arrival time
-----------------------------------------------------------------------------
                                 -1.33   slack (VIOLATED)


Startpoint: A[2] (input port clocked by __VIRTUAL_CLK__)
Endpoint: OUT[5] (output port clocked by __VIRTUAL_CLK__)
Path Group: __VIRTUAL_CLK__
Path Type: max
Corner: Slowest

Fanout     Cap    Slew   Delay    Time   Description
-----------------------------------------------------------------------------
                  0.00    0.00    0.00   clock __VIRTUAL_CLK__ (rise edge)
                          0.00    0.00   clock network delay (ideal)
                          2.00    2.00 ^ input external delay
     1    0.00    0.03    0.01    2.01 ^ A[2] (in)
                                         A[2] (net)
                  0.03    0.00    2.01 ^ input3/A (sky130_fd_sc_hd__buf_2)
     4    0.05    0.38    0.42    2.43 ^ input3/X (sky130_fd_sc_hd__buf_2)
                                         net3 (net)
                  0.38    0.01    2.44 ^ _176_/A (sky130_fd_sc_hd__buf_4)
    10    0.07    0.33    0.56    3.00 ^ _176_/X (sky130_fd_sc_hd__buf_4)
                                         _104_ (net)
                  0.33    0.01    3.01 ^ _194_/B1 (sky130_fd_sc_hd__a22o_1)
     2    0.03    0.46    0.66    3.67 ^ _194_/X (sky130_fd_sc_hd__a22o_1)
                                         _122_ (net)
                  0.46    0.00    3.67 ^ _196_/A3 (sky130_fd_sc_hd__a31o_1)
     2    0.02    0.39    0.69    4.36 ^ _196_/X (sky130_fd_sc_hd__a31o_1)
                                         _124_ (net)
                  0.39    0.00    4.36 ^ _198_/C (sky130_fd_sc_hd__and3_1)
     2    0.04    0.54    0.79    5.16 ^ _198_/X (sky130_fd_sc_hd__and3_1)
                                         _126_ (net)
                  0.54    0.00    5.16 ^ _208_/A_N (sky130_fd_sc_hd__and2b_1)
     1    0.02    0.22    0.70    5.86 v _208_/X (sky130_fd_sc_hd__and2b_1)
                                         _136_ (net)
                  0.22    0.00    5.86 v _209_/B (sky130_fd_sc_hd__xnor2_2)
     3    0.03    0.58    0.59    6.45 ^ _209_/Y (sky130_fd_sc_hd__xnor2_2)
                                         _137_ (net)
                  0.58    0.00    6.45 ^ _210_/C (sky130_fd_sc_hd__nand3_2)
     3    0.03    0.39    0.54    6.99 v _210_/Y (sky130_fd_sc_hd__nand3_2)
                                         _138_ (net)
                  0.39    0.00    7.00 v _220_/B (sky130_fd_sc_hd__and3_1)
     1    0.02    0.22    0.67    7.66 v _220_/X (sky130_fd_sc_hd__and3_1)
                                         _148_ (net)
                  0.22    0.00    7.67 v _221_/B (sky130_fd_sc_hd__nor2_1)
     1    0.01    0.22    0.29    7.95 ^ _221_/Y (sky130_fd_sc_hd__nor2_1)
                                         _149_ (net)
                  0.22    0.00    7.95 ^ _267_/A2 (sky130_fd_sc_hd__a211o_1)
     1    0.01    0.14    0.37    8.32 ^ _267_/X (sky130_fd_sc_hd__a211o_1)
                                         net25 (net)
                  0.14    0.00    8.32 ^ output25/A (sky130_fd_sc_hd__buf_2)
     1    0.03    0.27    0.40    8.72 ^ output25/X (sky130_fd_sc_hd__buf_2)
                                         OUT[5] (net)
                  0.27    0.00    8.72 ^ OUT[5] (out)
                                  8.72   data arrival time

                  0.00   10.00   10.00   clock __VIRTUAL_CLK__ (rise edge)
                          0.00   10.00   clock network delay (ideal)
                         -0.25    9.75   clock uncertainty
                          0.00    9.75   clock reconvergence pessimism
                         -2.00    7.75   output external delay
                                  7.75   data required time
-----------------------------------------------------------------------------
                                  7.75   data required time
                                 -8.72   data arrival time
-----------------------------------------------------------------------------
                                 -0.97   slack (VIOLATED)


Startpoint: OP[0] (input port clocked by __VIRTUAL_CLK__)
Endpoint: OUT[3] (output port clocked by __VIRTUAL_CLK__)
Path Group: __VIRTUAL_CLK__
Path Type: max
Corner: Slowest

Fanout     Cap    Slew   Delay    Time   Description
-----------------------------------------------------------------------------
                  0.00    0.00    0.00   clock __VIRTUAL_CLK__ (rise edge)
                          0.00    0.00   clock network delay (ideal)
                          2.00    2.00 v input external delay
     1    0.00    0.02    0.01    2.01 v OP[0] (in)
                                         OP[0] (net)
                  0.02    0.00    2.01 v input17/A (sky130_fd_sc_hd__buf_2)
     5    0.05    0.25    0.40    2.41 v input17/X (sky130_fd_sc_hd__buf_2)
                                         net17 (net)
                  0.25    0.01    2.41 v _235_/A_N (sky130_fd_sc_hd__nand3b_4)
     4    0.02    0.18    0.44    2.86 v _235_/Y (sky130_fd_sc_hd__nand3b_4)
                                         _163_ (net)
                  0.18    0.00    2.86 v rebuffer1/A (sky130_fd_sc_hd__clkbuf_2)
     4    0.02    0.16    0.34    3.20 v rebuffer1/X (sky130_fd_sc_hd__clkbuf_2)
                                         net29 (net)
                  0.16    0.00    3.20 v _243_/A2 (sky130_fd_sc_hd__a21oi_2)
     2    0.03    0.62    0.63    3.83 ^ _243_/Y (sky130_fd_sc_hd__a21oi_2)
                                         _001_ (net)
                  0.62    0.00    3.84 ^ _244_/A2 (sky130_fd_sc_hd__o21a_2)
     4    0.04    0.35    0.67    4.51 ^ _244_/X (sky130_fd_sc_hd__o21a_2)
                                         _002_ (net)
                  0.35    0.01    4.51 ^ _247_/A_N (sky130_fd_sc_hd__and3b_2)
     3    0.03    0.20    0.69    5.21 v _247_/X (sky130_fd_sc_hd__and3b_2)
                                         _005_ (net)
                  0.20    0.00    5.21 v _250_/A1 (sky130_fd_sc_hd__o21ai_4)
     4    0.05    0.57    0.63    5.84 ^ _250_/Y (sky130_fd_sc_hd__o21ai_4)
                                         _008_ (net)
                  0.57    0.00    5.84 ^ _328_/B (sky130_fd_sc_hd__nand2_1)
     1    0.02    0.35    0.51    6.35 v _328_/Y (sky130_fd_sc_hd__nand2_1)
                                         _080_ (net)
                  0.35    0.00    6.35 v _329_/B (sky130_fd_sc_hd__xnor2_1)
     1    0.01    0.24    0.45    6.81 v _329_/Y (sky130_fd_sc_hd__xnor2_1)
                                         _081_ (net)
                  0.24    0.00    6.81 v _335_/A2 (sky130_fd_sc_hd__a221o_1)
     1    0.02    0.23    0.91    7.71 v _335_/X (sky130_fd_sc_hd__a221o_1)
                                         net23 (net)
                  0.23    0.00    7.72 v output23/A (sky130_fd_sc_hd__buf_2)
     1    0.03    0.17    0.44    8.16 v output23/X (sky130_fd_sc_hd__buf_2)
                                         OUT[3] (net)
                  0.17    0.00    8.16 v OUT[3] (out)
                                  8.16   data arrival time

                  0.00   10.00   10.00   clock __VIRTUAL_CLK__ (rise edge)
                          0.00   10.00   clock network delay (ideal)
                         -0.25    9.75   clock uncertainty
                          0.00    9.75   clock reconvergence pessimism
                         -2.00    7.75   output external delay
                                  7.75   data required time
-----------------------------------------------------------------------------
                                  7.75   data required time
                                 -8.16   data arrival time
-----------------------------------------------------------------------------
                                 -0.41   slack (VIOLATED)


Startpoint: OP[0] (input port clocked by __VIRTUAL_CLK__)
Endpoint: OUT[1] (output port clocked by __VIRTUAL_CLK__)
Path Group: __VIRTUAL_CLK__
Path Type: max
Corner: Slowest

Fanout     Cap    Slew   Delay    Time   Description
-----------------------------------------------------------------------------
                  0.00    0.00    0.00   clock __VIRTUAL_CLK__ (rise edge)
                          0.00    0.00   clock network delay (ideal)
                          2.00    2.00 v input external delay
     1    0.00    0.02    0.01    2.01 v OP[0] (in)
                                         OP[0] (net)
                  0.02    0.00    2.01 v input17/A (sky130_fd_sc_hd__buf_2)
     5    0.05    0.25    0.40    2.41 v input17/X (sky130_fd_sc_hd__buf_2)
                                         net17 (net)
                  0.25    0.01    2.41 v _235_/A_N (sky130_fd_sc_hd__nand3b_4)
     4    0.02    0.18    0.44    2.86 v _235_/Y (sky130_fd_sc_hd__nand3b_4)
                                         _163_ (net)
                  0.18    0.00    2.86 v rebuffer1/A (sky130_fd_sc_hd__clkbuf_2)
     4    0.02    0.16    0.34    3.20 v rebuffer1/X (sky130_fd_sc_hd__clkbuf_2)
                                         net29 (net)
                  0.16    0.00    3.20 v _243_/A2 (sky130_fd_sc_hd__a21oi_2)
     2    0.03    0.62    0.63    3.83 ^ _243_/Y (sky130_fd_sc_hd__a21oi_2)
                                         _001_ (net)
                  0.62    0.00    3.84 ^ _244_/A2 (sky130_fd_sc_hd__o21a_2)
     4    0.04    0.35    0.67    4.51 ^ _244_/X (sky130_fd_sc_hd__o21a_2)
                                         _002_ (net)
                  0.35    0.00    4.51 ^ _314_/A_N (sky130_fd_sc_hd__and2b_1)
     1    0.02    0.18    0.60    5.11 v _314_/X (sky130_fd_sc_hd__and2b_1)
                                         _068_ (net)
                  0.18    0.00    5.11 v _315_/A (sky130_fd_sc_hd__nor2_1)
     1    0.01    0.31    0.36    5.47 ^ _315_/Y (sky130_fd_sc_hd__nor2_1)
                                         _069_ (net)
                  0.31    0.00    5.47 ^ _316_/B (sky130_fd_sc_hd__or3b_1)
     1    0.02    0.28    0.45    5.93 ^ _316_/X (sky130_fd_sc_hd__or3b_1)
                                         _070_ (net)
                  0.29    0.00    5.93 ^ _317_/D_N (sky130_fd_sc_hd__or4b_1)
     1    0.01    0.24    1.25    7.19 v _317_/X (sky130_fd_sc_hd__or4b_1)
                                         _071_ (net)
                  0.24    0.00    7.19 v _318_/A (sky130_fd_sc_hd__buf_1)
     2    0.02    0.28    0.44    7.62 v _318_/X (sky130_fd_sc_hd__buf_1)
                                         net21 (net)
                  0.28    0.00    7.63 v output21/A (sky130_fd_sc_hd__buf_2)
     1    0.03    0.17    0.47    8.09 v output21/X (sky130_fd_sc_hd__buf_2)
                                         OUT[1] (net)
                  0.17    0.00    8.09 v OUT[1] (out)
                                  8.09   data arrival time

                  0.00   10.00   10.00   clock __VIRTUAL_CLK__ (rise edge)
                          0.00   10.00   clock network delay (ideal)
                         -0.25    9.75   clock uncertainty
                          0.00    9.75   clock reconvergence pessimism
                         -2.00    7.75   output external delay
                                  7.75   data required time
-----------------------------------------------------------------------------
                                  7.75   data required time
                                 -8.09   data arrival time
-----------------------------------------------------------------------------
                                 -0.34   slack (VIOLATED)


Startpoint: OP[0] (input port clocked by __VIRTUAL_CLK__)
Endpoint: OUT[2] (output port clocked by __VIRTUAL_CLK__)
Path Group: __VIRTUAL_CLK__
Path Type: max
Corner: Slowest

Fanout     Cap    Slew   Delay    Time   Description
-----------------------------------------------------------------------------
                  0.00    0.00    0.00   clock __VIRTUAL_CLK__ (rise edge)
                          0.00    0.00   clock network delay (ideal)
                          2.00    2.00 ^ input external delay
     1    0.00    0.04    0.02    2.02 ^ OP[0] (in)
                                         OP[0] (net)
                  0.04    0.00    2.02 ^ input17/A (sky130_fd_sc_hd__buf_2)
     5    0.05    0.42    0.45    2.47 ^ input17/X (sky130_fd_sc_hd__buf_2)
                                         net17 (net)
                  0.42    0.01    2.48 ^ _235_/A_N (sky130_fd_sc_hd__nand3b_4)
     4    0.02    0.14    0.45    2.93 ^ _235_/Y (sky130_fd_sc_hd__nand3b_4)
                                         _163_ (net)
                  0.14    0.00    2.93 ^ rebuffer1/A (sky130_fd_sc_hd__clkbuf_2)
     4    0.02    0.20    0.33    3.26 ^ rebuffer1/X (sky130_fd_sc_hd__clkbuf_2)
                                         net29 (net)
                  0.20    0.00    3.26 ^ rebuffer2/A (sky130_fd_sc_hd__buf_4)
     3    0.03    0.13    0.33    3.59 ^ rebuffer2/X (sky130_fd_sc_hd__buf_4)
                                         net30 (net)
                  0.13    0.00    3.59 ^ _239_/A1 (sky130_fd_sc_hd__a21oi_2)
     2    0.04    0.30    0.31    3.90 v _239_/Y (sky130_fd_sc_hd__a21oi_2)
                                         _167_ (net)
                  0.30    0.01    3.91 v _248_/B (sky130_fd_sc_hd__or3_1)
     1    0.00    0.14    0.92    4.83 v _248_/X (sky130_fd_sc_hd__or3_1)
                                         _006_ (net)
                  0.14    0.00    4.83 v _249_/B (sky130_fd_sc_hd__and2_1)
     2    0.02    0.22    0.52    5.34 v _249_/X (sky130_fd_sc_hd__and2_1)
                                         _007_ (net)
                  0.22    0.00    5.35 v _319_/A (sky130_fd_sc_hd__or3_1)
     1    0.02    0.33    1.21    6.55 v _319_/X (sky130_fd_sc_hd__or3_1)
                                         _072_ (net)
                  0.33    0.00    6.55 v _326_/A3 (sky130_fd_sc_hd__a31o_1)
     1    0.03    0.27    0.73    7.28 v _326_/X (sky130_fd_sc_hd__a31o_1)
                                         net22 (net)
                  0.27    0.00    7.28 v output22/A (sky130_fd_sc_hd__buf_2)
     1    0.03    0.17    0.46    7.75 v output22/X (sky130_fd_sc_hd__buf_2)
                                         OUT[2] (net)
                  0.17    0.00    7.75 v OUT[2] (out)
                                  7.75   data arrival time

                  0.00   10.00   10.00   clock __VIRTUAL_CLK__ (rise edge)
                          0.00   10.00   clock network delay (ideal)
                         -0.25    9.75   clock uncertainty
                          0.00    9.75   clock reconvergence pessimism
                         -2.00    7.75   output external delay
                                  7.75   data required time
-----------------------------------------------------------------------------
                                  7.75   data required time
                                 -7.75   data arrival time
-----------------------------------------------------------------------------
                                  0.00   slack (MET)


Startpoint: OP[0] (input port clocked by __VIRTUAL_CLK__)
Endpoint: OUT[0] (output port clocked by __VIRTUAL_CLK__)
Path Group: __VIRTUAL_CLK__
Path Type: max
Corner: Slowest

Fanout     Cap    Slew   Delay    Time   Description
-----------------------------------------------------------------------------
                  0.00    0.00    0.00   clock __VIRTUAL_CLK__ (rise edge)
                          0.00    0.00   clock network delay (ideal)
                          2.00    2.00 v input external delay
     1    0.00    0.02    0.01    2.01 v OP[0] (in)
                                         OP[0] (net)
                  0.02    0.00    2.01 v input17/A (sky130_fd_sc_hd__buf_2)
     5    0.05    0.25    0.40    2.41 v input17/X (sky130_fd_sc_hd__buf_2)
                                         net17 (net)
                  0.25    0.01    2.42 v _171_/A (sky130_fd_sc_hd__or2_2)
     4    0.04    0.28    1.00    3.42 v _171_/X (sky130_fd_sc_hd__or2_2)
                                         _099_ (net)
                  0.28    0.00    3.42 v _224_/B (sky130_fd_sc_hd__or2_1)
     1    0.02    0.23    0.73    4.15 v _224_/X (sky130_fd_sc_hd__or2_1)
                                         _152_ (net)
                  0.23    0.00    4.15 v _225_/A (sky130_fd_sc_hd__clkbuf_4)
     8    0.07    0.25    0.51    4.66 v _225_/X (sky130_fd_sc_hd__clkbuf_4)
                                         _153_ (net)
                  0.25    0.01    4.66 v _306_/A2 (sky130_fd_sc_hd__o21ai_1)
     1    0.01    0.40    0.47    5.13 ^ _306_/Y (sky130_fd_sc_hd__o21ai_1)
                                         _061_ (net)
                  0.40    0.00    5.13 ^ _307_/B1 (sky130_fd_sc_hd__a31o_1)
     1    0.02    0.26    0.45    5.58 ^ _307_/X (sky130_fd_sc_hd__a31o_1)
                                         net20 (net)
                  0.26    0.00    5.58 ^ output20/A (sky130_fd_sc_hd__buf_2)
     1    0.04    0.28    0.45    6.04 ^ output20/X (sky130_fd_sc_hd__buf_2)
                                         OUT[0] (net)
                  0.28    0.00    6.04 ^ OUT[0] (out)
                                  6.04   data arrival time

                  0.00   10.00   10.00   clock __VIRTUAL_CLK__ (rise edge)
                          0.00   10.00   clock network delay (ideal)
                         -0.25    9.75   clock uncertainty
                          0.00    9.75   clock reconvergence pessimism
                         -2.00    7.75   output external delay
                                  7.75   data required time
-----------------------------------------------------------------------------
                                  7.75   data required time
                                 -6.04   data arrival time
-----------------------------------------------------------------------------
                                  1.71   slack (MET)



worst slack corner Slowest: -1.3958
======================= Typical Corner ===================================

Startpoint: A[2] (input port clocked by __VIRTUAL_CLK__)
Endpoint: OUT[4] (output port clocked by __VIRTUAL_CLK__)
Path Group: __VIRTUAL_CLK__
Path Type: max
Corner: Typical

Fanout     Cap    Slew   Delay    Time   Description
-----------------------------------------------------------------------------
                  0.00    0.00    0.00   clock __VIRTUAL_CLK__ (rise edge)
                          0.00    0.00   clock network delay (ideal)
                          2.00    2.00 ^ input external delay
     1    0.00    0.02    0.01    2.01 ^ A[2] (in)
                                         A[2] (net)
                  0.02    0.00    2.01 ^ input3/A (sky130_fd_sc_hd__buf_2)
     4    0.05    0.24    0.24    2.25 ^ input3/X (sky130_fd_sc_hd__buf_2)
                                         net3 (net)
                  0.24    0.01    2.26 ^ _176_/A (sky130_fd_sc_hd__buf_4)
    10    0.07    0.21    0.30    2.56 ^ _176_/X (sky130_fd_sc_hd__buf_4)
                                         _104_ (net)
                  0.21    0.01    2.57 ^ _194_/B1 (sky130_fd_sc_hd__a22o_1)
     2    0.03    0.29    0.35    2.93 ^ _194_/X (sky130_fd_sc_hd__a22o_1)
                                         _122_ (net)
                  0.29    0.00    2.93 ^ _196_/A3 (sky130_fd_sc_hd__a31o_1)
     2    0.02    0.24    0.35    3.28 ^ _196_/X (sky130_fd_sc_hd__a31o_1)
                                         _124_ (net)
                  0.24    0.00    3.28 ^ _198_/C (sky130_fd_sc_hd__and3_1)
     2    0.04    0.34    0.43    3.70 ^ _198_/X (sky130_fd_sc_hd__and3_1)
                                         _126_ (net)
                  0.34    0.00    3.71 ^ _199_/B1 (sky130_fd_sc_hd__a31o_1)
     2    0.03    0.29    0.34    4.05 ^ _199_/X (sky130_fd_sc_hd__a31o_1)
                                         _127_ (net)
                  0.29    0.00    4.05 ^ _201_/B (sky130_fd_sc_hd__xor2_2)
     2    0.03    0.35    0.36    4.41 ^ _201_/X (sky130_fd_sc_hd__xor2_2)
                                         _129_ (net)
                  0.35    0.00    4.41 ^ _210_/A (sky130_fd_sc_hd__nand3_2)
     3    0.03    0.20    0.24    4.65 v _210_/Y (sky130_fd_sc_hd__nand3_2)
                                         _138_ (net)
                  0.20    0.00    4.66 v _345_/A1 (sky130_fd_sc_hd__a31o_1)
     1    0.01    0.06    0.26    4.92 v _345_/X (sky130_fd_sc_hd__a31o_1)
                                         _096_ (net)
                  0.06    0.00    4.92 v _346_/C (sky130_fd_sc_hd__or3_4)
     1    0.03    0.10    0.40    5.32 v _346_/X (sky130_fd_sc_hd__or3_4)
                                         _097_ (net)
                  0.10    0.00    5.32 v _347_/A (sky130_fd_sc_hd__buf_1)
     1    0.02    0.12    0.20    5.52 v _347_/X (sky130_fd_sc_hd__buf_1)
                                         net24 (net)
                  0.12    0.00    5.52 v output24/A (sky130_fd_sc_hd__buf_2)
     1    0.03    0.09    0.22    5.74 v output24/X (sky130_fd_sc_hd__buf_2)
                                         OUT[4] (net)
                  0.09    0.00    5.75 v OUT[4] (out)
                                  5.75   data arrival time

                  0.00   10.00   10.00   clock __VIRTUAL_CLK__ (rise edge)
                          0.00   10.00   clock network delay (ideal)
                         -0.25    9.75   clock uncertainty
                          0.00    9.75   clock reconvergence pessimism
                         -2.00    7.75   output external delay
                                  7.75   data required time
-----------------------------------------------------------------------------
                                  7.75   data required time
                                 -5.75   data arrival time
-----------------------------------------------------------------------------
                                  2.00   slack (MET)


Startpoint: A[2] (input port clocked by __VIRTUAL_CLK__)
Endpoint: OUT[7] (output port clocked by __VIRTUAL_CLK__)
Path Group: __VIRTUAL_CLK__
Path Type: max
Corner: Typical

Fanout     Cap    Slew   Delay    Time   Description
-----------------------------------------------------------------------------
                  0.00    0.00    0.00   clock __VIRTUAL_CLK__ (rise edge)
                          0.00    0.00   clock network delay (ideal)
                          2.00    2.00 ^ input external delay
     1    0.00    0.02    0.01    2.01 ^ A[2] (in)
                                         A[2] (net)
                  0.02    0.00    2.01 ^ input3/A (sky130_fd_sc_hd__buf_2)
     4    0.05    0.24    0.24    2.25 ^ input3/X (sky130_fd_sc_hd__buf_2)
                                         net3 (net)
                  0.24    0.01    2.26 ^ _176_/A (sky130_fd_sc_hd__buf_4)
    10    0.07    0.21    0.30    2.56 ^ _176_/X (sky130_fd_sc_hd__buf_4)
                                         _104_ (net)
                  0.21    0.01    2.57 ^ _194_/B1 (sky130_fd_sc_hd__a22o_1)
     2    0.03    0.29    0.35    2.93 ^ _194_/X (sky130_fd_sc_hd__a22o_1)
                                         _122_ (net)
                  0.29    0.00    2.93 ^ _196_/A3 (sky130_fd_sc_hd__a31o_1)
     2    0.02    0.24    0.35    3.28 ^ _196_/X (sky130_fd_sc_hd__a31o_1)
                                         _124_ (net)
                  0.24    0.00    3.28 ^ _198_/C (sky130_fd_sc_hd__and3_1)
     2    0.04    0.34    0.43    3.70 ^ _198_/X (sky130_fd_sc_hd__and3_1)
                                         _126_ (net)
                  0.34    0.00    3.71 ^ _199_/B1 (sky130_fd_sc_hd__a31o_1)
     2    0.03    0.29    0.34    4.05 ^ _199_/X (sky130_fd_sc_hd__a31o_1)
                                         _127_ (net)
                  0.29    0.00    4.05 ^ _200_/B (sky130_fd_sc_hd__nand2_1)
     3    0.03    0.26    0.30    4.35 v _200_/Y (sky130_fd_sc_hd__nand2_1)
                                         _128_ (net)
                  0.26    0.00    4.36 v _282_/A1 (sky130_fd_sc_hd__a21o_1)
     3    0.02    0.11    0.33    4.68 v _282_/X (sky130_fd_sc_hd__a21o_1)
                                         _039_ (net)
                  0.11    0.00    4.68 v _297_/A2 (sky130_fd_sc_hd__o21ai_2)
     1    0.03    0.32    0.32    5.00 ^ _297_/Y (sky130_fd_sc_hd__o21ai_2)
                                         _053_ (net)
                  0.32    0.00    5.00 ^ _301_/A2 (sky130_fd_sc_hd__a21bo_1)
     1    0.02    0.13    0.24    5.25 ^ _301_/X (sky130_fd_sc_hd__a21bo_1)
                                         _057_ (net)
                  0.13    0.00    5.25 ^ _302_/B1 (sky130_fd_sc_hd__a31o_1)
     2    0.02    0.18    0.23    5.47 ^ _302_/X (sky130_fd_sc_hd__a31o_1)
                                         net27 (net)
                  0.18    0.00    5.47 ^ output27/A (sky130_fd_sc_hd__buf_2)
     1    0.03    0.17    0.26    5.73 ^ output27/X (sky130_fd_sc_hd__buf_2)
                                         OUT[7] (net)
                  0.17    0.00    5.73 ^ OUT[7] (out)
                                  5.73   data arrival time

                  0.00   10.00   10.00   clock __VIRTUAL_CLK__ (rise edge)
                          0.00   10.00   clock network delay (ideal)
                         -0.25    9.75   clock uncertainty
                          0.00    9.75   clock reconvergence pessimism
                         -2.00    7.75   output external delay
                                  7.75   data required time
-----------------------------------------------------------------------------
                                  7.75   data required time
                                 -5.73   data arrival time
-----------------------------------------------------------------------------
                                  2.02   slack (MET)


Startpoint: A[2] (input port clocked by __VIRTUAL_CLK__)
Endpoint: OUT[6] (output port clocked by __VIRTUAL_CLK__)
Path Group: __VIRTUAL_CLK__
Path Type: max
Corner: Typical

Fanout     Cap    Slew   Delay    Time   Description
-----------------------------------------------------------------------------
                  0.00    0.00    0.00   clock __VIRTUAL_CLK__ (rise edge)
                          0.00    0.00   clock network delay (ideal)
                          2.00    2.00 ^ input external delay
     1    0.00    0.02    0.01    2.01 ^ A[2] (in)
                                         A[2] (net)
                  0.02    0.00    2.01 ^ input3/A (sky130_fd_sc_hd__buf_2)
     4    0.05    0.24    0.24    2.25 ^ input3/X (sky130_fd_sc_hd__buf_2)
                                         net3 (net)
                  0.24    0.01    2.26 ^ _176_/A (sky130_fd_sc_hd__buf_4)
    10    0.07    0.21    0.30    2.56 ^ _176_/X (sky130_fd_sc_hd__buf_4)
                                         _104_ (net)
                  0.21    0.01    2.57 ^ _194_/B1 (sky130_fd_sc_hd__a22o_1)
     2    0.03    0.29    0.35    2.93 ^ _194_/X (sky130_fd_sc_hd__a22o_1)
                                         _122_ (net)
                  0.29    0.00    2.93 ^ _196_/A3 (sky130_fd_sc_hd__a31o_1)
     2    0.02    0.24    0.35    3.28 ^ _196_/X (sky130_fd_sc_hd__a31o_1)
                                         _124_ (net)
                  0.24    0.00    3.28 ^ _198_/C (sky130_fd_sc_hd__and3_1)
     2    0.04    0.34    0.43    3.70 ^ _198_/X (sky130_fd_sc_hd__and3_1)
                                         _126_ (net)
                  0.34    0.00    3.71 ^ _199_/B1 (sky130_fd_sc_hd__a31o_1)
     2    0.03    0.29    0.34    4.05 ^ _199_/X (sky130_fd_sc_hd__a31o_1)
                                         _127_ (net)
                  0.29    0.00    4.05 ^ _200_/B (sky130_fd_sc_hd__nand2_1)
     3    0.03    0.26    0.30    4.35 v _200_/Y (sky130_fd_sc_hd__nand2_1)
                                         _128_ (net)
                  0.26    0.00    4.36 v _282_/A1 (sky130_fd_sc_hd__a21o_1)
     3    0.02    0.11    0.33    4.68 v _282_/X (sky130_fd_sc_hd__a21o_1)
                                         _039_ (net)
                  0.11    0.00    4.68 v _283_/B (sky130_fd_sc_hd__or2_1)
     1    0.01    0.10    0.30    4.98 v _283_/X (sky130_fd_sc_hd__or2_1)
                                         _040_ (net)
                  0.10    0.00    4.99 v _290_/A2 (sky130_fd_sc_hd__a31o_1)
     1    0.01    0.05    0.24    5.23 v _290_/X (sky130_fd_sc_hd__a31o_1)
                                         _047_ (net)
                  0.05    0.00    5.23 v _291_/B1 (sky130_fd_sc_hd__a21o_1)
     2    0.02    0.12    0.24    5.47 v _291_/X (sky130_fd_sc_hd__a21o_1)
                                         net26 (net)
                  0.12    0.00    5.48 v output26/A (sky130_fd_sc_hd__clkbuf_4)
     1    0.03    0.08    0.23    5.70 v output26/X (sky130_fd_sc_hd__clkbuf_4)
                                         OUT[6] (net)
                  0.08    0.00    5.71 v OUT[6] (out)
                                  5.71   data arrival time

                  0.00   10.00   10.00   clock __VIRTUAL_CLK__ (rise edge)
                          0.00   10.00   clock network delay (ideal)
                         -0.25    9.75   clock uncertainty
                          0.00    9.75   clock reconvergence pessimism
                         -2.00    7.75   output external delay
                                  7.75   data required time
-----------------------------------------------------------------------------
                                  7.75   data required time
                                 -5.71   data arrival time
-----------------------------------------------------------------------------
                                  2.04   slack (MET)


Startpoint: A[2] (input port clocked by __VIRTUAL_CLK__)
Endpoint: OUT[5] (output port clocked by __VIRTUAL_CLK__)
Path Group: __VIRTUAL_CLK__
Path Type: max
Corner: Typical

Fanout     Cap    Slew   Delay    Time   Description
-----------------------------------------------------------------------------
                  0.00    0.00    0.00   clock __VIRTUAL_CLK__ (rise edge)
                          0.00    0.00   clock network delay (ideal)
                          2.00    2.00 ^ input external delay
     1    0.00    0.02    0.01    2.01 ^ A[2] (in)
                                         A[2] (net)
                  0.02    0.00    2.01 ^ input3/A (sky130_fd_sc_hd__buf_2)
     4    0.05    0.24    0.24    2.25 ^ input3/X (sky130_fd_sc_hd__buf_2)
                                         net3 (net)
                  0.24    0.01    2.26 ^ _176_/A (sky130_fd_sc_hd__buf_4)
    10    0.07    0.21    0.30    2.56 ^ _176_/X (sky130_fd_sc_hd__buf_4)
                                         _104_ (net)
                  0.21    0.01    2.57 ^ _194_/B1 (sky130_fd_sc_hd__a22o_1)
     2    0.03    0.29    0.35    2.93 ^ _194_/X (sky130_fd_sc_hd__a22o_1)
                                         _122_ (net)
                  0.29    0.00    2.93 ^ _196_/A3 (sky130_fd_sc_hd__a31o_1)
     2    0.02    0.24    0.35    3.28 ^ _196_/X (sky130_fd_sc_hd__a31o_1)
                                         _124_ (net)
                  0.24    0.00    3.28 ^ _198_/C (sky130_fd_sc_hd__and3_1)
     2    0.04    0.34    0.43    3.70 ^ _198_/X (sky130_fd_sc_hd__and3_1)
                                         _126_ (net)
                  0.34    0.00    3.71 ^ _199_/B1 (sky130_fd_sc_hd__a31o_1)
     2    0.03    0.29    0.34    4.05 ^ _199_/X (sky130_fd_sc_hd__a31o_1)
                                         _127_ (net)
                  0.29    0.00    4.05 ^ _201_/B (sky130_fd_sc_hd__xor2_2)
     2    0.03    0.35    0.36    4.41 ^ _201_/X (sky130_fd_sc_hd__xor2_2)
                                         _129_ (net)
                  0.35    0.00    4.41 ^ _210_/A (sky130_fd_sc_hd__nand3_2)
     3    0.03    0.20    0.24    4.65 v _210_/Y (sky130_fd_sc_hd__nand3_2)
                                         _138_ (net)
                  0.20    0.00    4.65 v _220_/B (sky130_fd_sc_hd__and3_1)
     1    0.02    0.12    0.32    4.98 v _220_/X (sky130_fd_sc_hd__and3_1)
                                         _148_ (net)
                  0.12    0.00    4.98 v _221_/B (sky130_fd_sc_hd__nor2_1)
     1    0.01    0.13    0.16    5.14 ^ _221_/Y (sky130_fd_sc_hd__nor2_1)
                                         _149_ (net)
                  0.13    0.00    5.14 ^ _267_/A2 (sky130_fd_sc_hd__a211o_1)
     1    0.01    0.09    0.18    5.32 ^ _267_/X (sky130_fd_sc_hd__a211o_1)
                                         net25 (net)
                  0.09    0.00    5.32 ^ output25/A (sky130_fd_sc_hd__buf_2)
     1    0.03    0.17    0.22    5.54 ^ output25/X (sky130_fd_sc_hd__buf_2)
                                         OUT[5] (net)
                  0.17    0.00    5.55 ^ OUT[5] (out)
                                  5.55   data arrival time

                  0.00   10.00   10.00   clock __VIRTUAL_CLK__ (rise edge)
                          0.00   10.00   clock network delay (ideal)
                         -0.25    9.75   clock uncertainty
                          0.00    9.75   clock reconvergence pessimism
                         -2.00    7.75   output external delay
                                  7.75   data required time
-----------------------------------------------------------------------------
                                  7.75   data required time
                                 -5.55   data arrival time
-----------------------------------------------------------------------------
                                  2.20   slack (MET)


Startpoint: A[2] (input port clocked by __VIRTUAL_CLK__)
Endpoint: OUT[3] (output port clocked by __VIRTUAL_CLK__)
Path Group: __VIRTUAL_CLK__
Path Type: max
Corner: Typical

Fanout     Cap    Slew   Delay    Time   Description
-----------------------------------------------------------------------------
                  0.00    0.00    0.00   clock __VIRTUAL_CLK__ (rise edge)
                          0.00    0.00   clock network delay (ideal)
                          2.00    2.00 ^ input external delay
     1    0.00    0.02    0.01    2.01 ^ A[2] (in)
                                         A[2] (net)
                  0.02    0.00    2.01 ^ input3/A (sky130_fd_sc_hd__buf_2)
     4    0.05    0.24    0.24    2.25 ^ input3/X (sky130_fd_sc_hd__buf_2)
                                         net3 (net)
                  0.24    0.01    2.26 ^ _176_/A (sky130_fd_sc_hd__buf_4)
    10    0.07    0.21    0.30    2.56 ^ _176_/X (sky130_fd_sc_hd__buf_4)
                                         _104_ (net)
                  0.21    0.01    2.57 ^ _194_/B1 (sky130_fd_sc_hd__a22o_1)
     2    0.03    0.29    0.35    2.93 ^ _194_/X (sky130_fd_sc_hd__a22o_1)
                                         _122_ (net)
                  0.29    0.00    2.93 ^ _196_/A3 (sky130_fd_sc_hd__a31o_1)
     2    0.02    0.24    0.35    3.28 ^ _196_/X (sky130_fd_sc_hd__a31o_1)
                                         _124_ (net)
                  0.24    0.00    3.28 ^ _198_/C (sky130_fd_sc_hd__and3_1)
     2    0.04    0.34    0.43    3.70 ^ _198_/X (sky130_fd_sc_hd__and3_1)
                                         _126_ (net)
                  0.34    0.00    3.71 ^ _208_/A_N (sky130_fd_sc_hd__and2b_1)
     1    0.02    0.12    0.32    4.03 v _208_/X (sky130_fd_sc_hd__and2b_1)
                                         _136_ (net)
                  0.12    0.00    4.03 v _209_/B (sky130_fd_sc_hd__xnor2_2)
     3    0.03    0.37    0.35    4.38 ^ _209_/Y (sky130_fd_sc_hd__xnor2_2)
                                         _137_ (net)
                  0.37    0.00    4.38 ^ _330_/B (sky130_fd_sc_hd__xor2_1)
     1    0.01    0.22    0.27    4.66 ^ _330_/X (sky130_fd_sc_hd__xor2_1)
                                         _082_ (net)
                  0.22    0.00    4.66 ^ _335_/B1 (sky130_fd_sc_hd__a221o_1)
     1    0.02    0.20    0.31    4.97 ^ _335_/X (sky130_fd_sc_hd__a221o_1)
                                         net23 (net)
                  0.20    0.00    4.97 ^ output23/A (sky130_fd_sc_hd__buf_2)
     1    0.03    0.17    0.26    5.23 ^ output23/X (sky130_fd_sc_hd__buf_2)
                                         OUT[3] (net)
                  0.17    0.00    5.23 ^ OUT[3] (out)
                                  5.23   data arrival time

                  0.00   10.00   10.00   clock __VIRTUAL_CLK__ (rise edge)
                          0.00   10.00   clock network delay (ideal)
                         -0.25    9.75   clock uncertainty
                          0.00    9.75   clock reconvergence pessimism
                         -2.00    7.75   output external delay
                                  7.75   data required time
-----------------------------------------------------------------------------
                                  7.75   data required time
                                 -5.23   data arrival time
-----------------------------------------------------------------------------
                                  2.52   slack (MET)


Startpoint: OP[0] (input port clocked by __VIRTUAL_CLK__)
Endpoint: OUT[1] (output port clocked by __VIRTUAL_CLK__)
Path Group: __VIRTUAL_CLK__
Path Type: max
Corner: Typical

Fanout     Cap    Slew   Delay    Time   Description
-----------------------------------------------------------------------------
                  0.00    0.00    0.00   clock __VIRTUAL_CLK__ (rise edge)
                          0.00    0.00   clock network delay (ideal)
                          2.00    2.00 v input external delay
     1    0.00    0.01    0.01    2.01 v OP[0] (in)
                                         OP[0] (net)
                  0.01    0.00    2.01 v input17/A (sky130_fd_sc_hd__buf_2)
     5    0.05    0.13    0.20    2.21 v input17/X (sky130_fd_sc_hd__buf_2)
                                         net17 (net)
                  0.13    0.01    2.21 v _235_/A_N (sky130_fd_sc_hd__nand3b_4)
     4    0.02    0.10    0.23    2.44 v _235_/Y (sky130_fd_sc_hd__nand3b_4)
                                         _163_ (net)
                  0.10    0.00    2.44 v rebuffer1/A (sky130_fd_sc_hd__clkbuf_2)
     4    0.02    0.09    0.18    2.62 v rebuffer1/X (sky130_fd_sc_hd__clkbuf_2)
                                         net29 (net)
                  0.09    0.00    2.63 v _243_/A2 (sky130_fd_sc_hd__a21oi_2)
     2    0.03    0.38    0.37    3.00 ^ _243_/Y (sky130_fd_sc_hd__a21oi_2)
                                         _001_ (net)
                  0.38    0.00    3.00 ^ _244_/A2 (sky130_fd_sc_hd__o21a_2)
     4    0.04    0.22    0.33    3.33 ^ _244_/X (sky130_fd_sc_hd__o21a_2)
                                         _002_ (net)
                  0.22    0.00    3.33 ^ _314_/A_N (sky130_fd_sc_hd__and2b_1)
     1    0.02    0.09    0.28    3.61 v _314_/X (sky130_fd_sc_hd__and2b_1)
                                         _068_ (net)
                  0.09    0.00    3.61 v _315_/A (sky130_fd_sc_hd__nor2_1)
     1    0.01    0.19    0.21    3.82 ^ _315_/Y (sky130_fd_sc_hd__nor2_1)
                                         _069_ (net)
                  0.19    0.00    3.82 ^ _316_/B (sky130_fd_sc_hd__or3b_1)
     1    0.02    0.18    0.25    4.07 ^ _316_/X (sky130_fd_sc_hd__or3b_1)
                                         _070_ (net)
                  0.18    0.00    4.07 ^ _317_/D_N (sky130_fd_sc_hd__or4b_1)
     1    0.01    0.12    0.53    4.60 v _317_/X (sky130_fd_sc_hd__or4b_1)
                                         _071_ (net)
                  0.12    0.00    4.60 v _318_/A (sky130_fd_sc_hd__buf_1)
     2    0.02    0.14    0.22    4.82 v _318_/X (sky130_fd_sc_hd__buf_1)
                                         net21 (net)
                  0.14    0.00    4.83 v output21/A (sky130_fd_sc_hd__buf_2)
     1    0.03    0.09    0.23    5.06 v output21/X (sky130_fd_sc_hd__buf_2)
                                         OUT[1] (net)
                  0.09    0.00    5.06 v OUT[1] (out)
                                  5.06   data arrival time

                  0.00   10.00   10.00   clock __VIRTUAL_CLK__ (rise edge)
                          0.00   10.00   clock network delay (ideal)
                         -0.25    9.75   clock uncertainty
                          0.00    9.75   clock reconvergence pessimism
                         -2.00    7.75   output external delay
                                  7.75   data required time
-----------------------------------------------------------------------------
                                  7.75   data required time
                                 -5.06   data arrival time
-----------------------------------------------------------------------------
                                  2.69   slack (MET)


Startpoint: B[0] (input port clocked by __VIRTUAL_CLK__)
Endpoint: OUT[2] (output port clocked by __VIRTUAL_CLK__)
Path Group: __VIRTUAL_CLK__
Path Type: max
Corner: Typical

Fanout     Cap    Slew   Delay    Time   Description
-----------------------------------------------------------------------------
                  0.00    0.00    0.00   clock __VIRTUAL_CLK__ (rise edge)
                          0.00    0.00   clock network delay (ideal)
                          2.00    2.00 v input external delay
     1    0.00    0.01    0.01    2.01 v B[0] (in)
                                         B[0] (net)
                  0.01    0.00    2.01 v input9/A (sky130_fd_sc_hd__clkbuf_2)
     4    0.04    0.14    0.18    2.19 v input9/X (sky130_fd_sc_hd__clkbuf_2)
                                         net9 (net)
                  0.14    0.00    2.19 v _184_/A (sky130_fd_sc_hd__buf_4)
    10    0.07    0.10    0.25    2.44 v _184_/X (sky130_fd_sc_hd__buf_4)
                                         _112_ (net)
                  0.10    0.01    2.46 v _194_/B2 (sky130_fd_sc_hd__a22o_1)
     2    0.03    0.15    0.34    2.80 v _194_/X (sky130_fd_sc_hd__a22o_1)
                                         _122_ (net)
                  0.15    0.00    2.80 v _203_/B (sky130_fd_sc_hd__and2b_1)
     1    0.01    0.07    0.25    3.04 v _203_/X (sky130_fd_sc_hd__and2b_1)
                                         _131_ (net)
                  0.07    0.00    3.05 v _204_/B (sky130_fd_sc_hd__xnor2_1)
     2    0.02    0.51    0.45    3.50 ^ _204_/Y (sky130_fd_sc_hd__xnor2_1)
                                         _132_ (net)
                  0.51    0.00    3.50 ^ _320_/A1 (sky130_fd_sc_hd__o21ai_1)
     1    0.02    0.25    0.30    3.80 v _320_/Y (sky130_fd_sc_hd__o21ai_1)
                                         _073_ (net)
                  0.25    0.00    3.80 v _325_/A2 (sky130_fd_sc_hd__o21bai_1)
     1    0.02    0.45    0.48    4.28 ^ _325_/Y (sky130_fd_sc_hd__o21bai_1)
                                         _078_ (net)
                  0.45    0.00    4.28 ^ _326_/B1 (sky130_fd_sc_hd__a31o_1)
     1    0.03    0.28    0.35    4.63 ^ _326_/X (sky130_fd_sc_hd__a31o_1)
                                         net22 (net)
                  0.28    0.00    4.63 ^ output22/A (sky130_fd_sc_hd__buf_2)
     1    0.03    0.17    0.28    4.92 ^ output22/X (sky130_fd_sc_hd__buf_2)
                                         OUT[2] (net)
                  0.17    0.00    4.92 ^ OUT[2] (out)
                                  4.92   data arrival time

                  0.00   10.00   10.00   clock __VIRTUAL_CLK__ (rise edge)
                          0.00   10.00   clock network delay (ideal)
                         -0.25    9.75   clock uncertainty
                          0.00    9.75   clock reconvergence pessimism
                         -2.00    7.75   output external delay
                                  7.75   data required time
-----------------------------------------------------------------------------
                                  7.75   data required time
                                 -4.92   data arrival time
-----------------------------------------------------------------------------
                                  2.83   slack (MET)


Startpoint: OP[0] (input port clocked by __VIRTUAL_CLK__)
Endpoint: OUT[0] (output port clocked by __VIRTUAL_CLK__)
Path Group: __VIRTUAL_CLK__
Path Type: max
Corner: Typical

Fanout     Cap    Slew   Delay    Time   Description
-----------------------------------------------------------------------------
                  0.00    0.00    0.00   clock __VIRTUAL_CLK__ (rise edge)
                          0.00    0.00   clock network delay (ideal)
                          2.00    2.00 v input external delay
     1    0.00    0.01    0.01    2.01 v OP[0] (in)
                                         OP[0] (net)
                  0.01    0.00    2.01 v input17/A (sky130_fd_sc_hd__buf_2)
     5    0.05    0.13    0.20    2.21 v input17/X (sky130_fd_sc_hd__buf_2)
                                         net17 (net)
                  0.13    0.01    2.22 v _171_/A (sky130_fd_sc_hd__or2_2)
     4    0.04    0.14    0.46    2.67 v _171_/X (sky130_fd_sc_hd__or2_2)
                                         _099_ (net)
                  0.14    0.00    2.68 v _224_/B (sky130_fd_sc_hd__or2_1)
     1    0.02    0.12    0.33    3.01 v _224_/X (sky130_fd_sc_hd__or2_1)
                                         _152_ (net)
                  0.12    0.00    3.01 v _225_/A (sky130_fd_sc_hd__clkbuf_4)
     8    0.07    0.14    0.27    3.29 v _225_/X (sky130_fd_sc_hd__clkbuf_4)
                                         _153_ (net)
                  0.14    0.01    3.29 v _306_/A2 (sky130_fd_sc_hd__o21ai_1)
     1    0.01    0.24    0.27    3.56 ^ _306_/Y (sky130_fd_sc_hd__o21ai_1)
                                         _061_ (net)
                  0.24    0.00    3.56 ^ _307_/B1 (sky130_fd_sc_hd__a31o_1)
     1    0.02    0.16    0.23    3.79 ^ _307_/X (sky130_fd_sc_hd__a31o_1)
                                         net20 (net)
                  0.16    0.00    3.79 ^ output20/A (sky130_fd_sc_hd__buf_2)
     1    0.04    0.17    0.25    4.04 ^ output20/X (sky130_fd_sc_hd__buf_2)
                                         OUT[0] (net)
                  0.17    0.00    4.04 ^ OUT[0] (out)
                                  4.04   data arrival time

                  0.00   10.00   10.00   clock __VIRTUAL_CLK__ (rise edge)
                          0.00   10.00   clock network delay (ideal)
                         -0.25    9.75   clock uncertainty
                          0.00    9.75   clock reconvergence pessimism
                         -2.00    7.75   output external delay
                                  7.75   data required time
-----------------------------------------------------------------------------
                                  7.75   data required time
                                 -4.04   data arrival time
-----------------------------------------------------------------------------
                                  3.71   slack (MET)



worst slack corner Typical: 2.0041
