
===========================================================================
 report_power
============================================================================
======================= Fastest Corner ===================================

Group                  Internal  Switching    Leakage      Total
                          Power      Power      Power      Power (Watts)
----------------------------------------------------------------
Sequential             0.00e+00   0.00e+00   0.00e+00   0.00e+00   0.0%
Combinational          5.21e-05   1.59e-04   1.84e-09   2.11e-04 100.0%
Clock                 -1.93e-10   0.00e+00   7.92e-10   5.98e-10   0.0%
Macro                  0.00e+00   0.00e+00   0.00e+00   0.00e+00   0.0%
Pad                    0.00e+00   0.00e+00   0.00e+00   0.00e+00   0.0%
----------------------------------------------------------------
Total                  5.21e-05   1.59e-04   2.64e-09   2.11e-04 100.0%
                          24.6%      75.4%       0.0%

======================= Slowest Corner ===================================

Group                  Internal  Switching    Leakage      Total
                          Power      Power      Power      Power (Watts)
----------------------------------------------------------------
Sequential             0.00e+00   0.00e+00   0.00e+00   0.00e+00   0.0%
Combinational          3.80e-05   1.07e-04   1.01e-06   1.46e-04 100.0%
Clock                 -7.74e-11   0.00e+00   7.97e-10   7.20e-10   0.0%
Macro                  0.00e+00   0.00e+00   0.00e+00   0.00e+00   0.0%
Pad                    0.00e+00   0.00e+00   0.00e+00   0.00e+00   0.0%
----------------------------------------------------------------
Total                  3.80e-05   1.07e-04   1.01e-06   1.46e-04 100.0%
                          26.0%      73.3%       0.7%

======================= Typical Corner ===================================

Group                  Internal  Switching    Leakage      Total
                          Power      Power      Power      Power (Watts)
----------------------------------------------------------------
Sequential             0.00e+00   0.00e+00   0.00e+00   0.00e+00   0.0%
Combinational          4.74e-05   1.35e-04   7.93e-10   1.83e-04 100.0%
Clock                 -3.15e-12   0.00e+00   7.92e-10   7.89e-10   0.0%
Macro                  0.00e+00   0.00e+00   0.00e+00   0.00e+00   0.0%
Pad                    0.00e+00   0.00e+00   0.00e+00   0.00e+00   0.0%
----------------------------------------------------------------
Total                  4.74e-05   1.35e-04   1.59e-09   1.83e-04 100.0%
                          25.9%      74.1%       0.0%

