OpenROAD b16bda7e82721d10566ff7e2b68f1ff0be9f9e38 
Features included (+) or not (-): +Charts +GPU +GUI +Python
This program is licensed under the BSD-3 license. See the LICENSE file for details.
Components of this program may be licensed under more restrictive licenses which must be honored.
define_corners Typical
read_liberty -corner Typical /home/segmen/.volare/sky130A/libs.ref/sky130_fd_sc_hd/lib/sky130_fd_sc_hd__tt_025C_1v80.lib
Using 1e-12 for capacitance...
Using 1e+03 for resistance...
Using 1e-09 for time...
Using 1e+00 for voltage...
Using 1e-03 for current...
Using 1e-09 for power...
Using 1e-06 for distance...
[INFO]: Reading ODB at '/openlane/designs/RegisterFile/runs/RUN_2025.06.01_18.15.32/tmp/floorplan/4-io.odb'…
Reading design constraints file at '/openlane/designs/RegisterFile/src/Lab4.sdc'…
[WARNING STA-0441] set_input_delay relative to a clock defined on the same port/pin not allowed.
[INFO TAP-0004] Inserted 2188 endcaps.
[INFO TAP-0005] Inserted 126588 tapcells.
Writing OpenROAD database to '/openlane/designs/RegisterFile/runs/RUN_2025.06.01_18.15.32/tmp/floorplan/5-tapcell.odb'…
Writing layout to '/openlane/designs/RegisterFile/runs/RUN_2025.06.01_18.15.32/tmp/floorplan/5-tapcell.def'…
