
===========================================================================
report_checks -unconstrained
===========================================================================
======================= Fastest Corner ===================================

Startpoint: OP[0] (input port clocked by __VIRTUAL_CLK__)
Endpoint: OUT[6] (output port clocked by __VIRTUAL_CLK__)
Path Group: __VIRTUAL_CLK__
Path Type: max
Corner: Fastest

Fanout     Cap    Slew   Delay    Time   Description
-----------------------------------------------------------------------------
                  0.00    0.00    0.00   clock __VIRTUAL_CLK__ (rise edge)
                          0.00    0.00   clock network delay (ideal)
                          2.00    2.00 v input external delay
     1    0.00    0.01    0.00    2.00 v OP[0] (in)
                                         OP[0] (net)
                  0.01    0.00    2.00 v input17/A (sky130_fd_sc_hd__buf_2)
     5    0.05    0.08    0.13    2.13 v input17/X (sky130_fd_sc_hd__buf_2)
                                         net17 (net)
                  0.08    0.00    2.13 v _235_/A_N (sky130_fd_sc_hd__nand3b_4)
     4    0.02    0.06    0.14    2.27 v _235_/Y (sky130_fd_sc_hd__nand3b_4)
                                         _163_ (net)
                  0.06    0.00    2.27 v rebuffer1/A (sky130_fd_sc_hd__clkbuf_2)
     4    0.02    0.05    0.12    2.39 v rebuffer1/X (sky130_fd_sc_hd__clkbuf_2)
                                         net29 (net)
                  0.05    0.00    2.39 v rebuffer2/A (sky130_fd_sc_hd__buf_4)
     3    0.02    0.03    0.12    2.51 v rebuffer2/X (sky130_fd_sc_hd__buf_4)
                                         net30 (net)
                  0.03    0.00    2.51 v _239_/A1 (sky130_fd_sc_hd__a21oi_2)
     2    0.03    0.30    0.27    2.77 ^ _239_/Y (sky130_fd_sc_hd__a21oi_2)
                                         _167_ (net)
                  0.30    0.00    2.78 ^ _248_/B (sky130_fd_sc_hd__or3_1)
     1    0.00    0.03    0.09    2.87 ^ _248_/X (sky130_fd_sc_hd__or3_1)
                                         _006_ (net)
                  0.03    0.00    2.87 ^ _249_/B (sky130_fd_sc_hd__and2_1)
     2    0.02    0.16    0.17    3.04 ^ _249_/X (sky130_fd_sc_hd__and2_1)
                                         _007_ (net)
                  0.16    0.00    3.04 ^ _250_/B1 (sky130_fd_sc_hd__o21ai_4)
     4    0.04    0.08    0.08    3.12 v _250_/Y (sky130_fd_sc_hd__o21ai_4)
                                         _008_ (net)
                  0.08    0.00    3.12 v _257_/A1 (sky130_fd_sc_hd__a311o_4)
     5    0.04    0.08    0.27    3.39 v _257_/X (sky130_fd_sc_hd__a311o_4)
                                         _015_ (net)
                  0.08    0.00    3.39 v _276_/A3 (sky130_fd_sc_hd__a311oi_4)
     3    0.03    0.30    0.34    3.73 ^ _276_/Y (sky130_fd_sc_hd__a311oi_4)
                                         _033_ (net)
                  0.30    0.00    3.73 ^ _277_/A_N (sky130_fd_sc_hd__and2b_1)
     1    0.01    0.05    0.16    3.89 v _277_/X (sky130_fd_sc_hd__and2b_1)
                                         _034_ (net)
                  0.05    0.00    3.89 v _291_/A2 (sky130_fd_sc_hd__a21o_1)
     2    0.02    0.08    0.18    4.07 v _291_/X (sky130_fd_sc_hd__a21o_1)
                                         net26 (net)
                  0.08    0.00    4.07 v output26/A (sky130_fd_sc_hd__clkbuf_4)
     1    0.03    0.06    0.15    4.22 v output26/X (sky130_fd_sc_hd__clkbuf_4)
                                         OUT[6] (net)
                  0.06    0.00    4.22 v OUT[6] (out)
                                  4.22   data arrival time

                  0.00   10.00   10.00   clock __VIRTUAL_CLK__ (rise edge)
                          0.00   10.00   clock network delay (ideal)
                         -0.25    9.75   clock uncertainty
                          0.00    9.75   clock reconvergence pessimism
                         -2.00    7.75   output external delay
                                  7.75   data required time
-----------------------------------------------------------------------------
                                  7.75   data required time
                                 -4.22   data arrival time
-----------------------------------------------------------------------------
                                  3.53   slack (MET)



======================= Slowest Corner ===================================

Startpoint: OP[0] (input port clocked by __VIRTUAL_CLK__)
Endpoint: OUT[4] (output port clocked by __VIRTUAL_CLK__)
Path Group: __VIRTUAL_CLK__
Path Type: max
Corner: Slowest

Fanout     Cap    Slew   Delay    Time   Description
-----------------------------------------------------------------------------
                  0.00    0.00    0.00   clock __VIRTUAL_CLK__ (rise edge)
                          0.00    0.00   clock network delay (ideal)
                          2.00    2.00 v input external delay
     1    0.00    0.02    0.01    2.01 v OP[0] (in)
                                         OP[0] (net)
                  0.02    0.00    2.01 v input17/A (sky130_fd_sc_hd__buf_2)
     5    0.05    0.21    0.37    2.38 v input17/X (sky130_fd_sc_hd__buf_2)
                                         net17 (net)
                  0.21    0.00    2.39 v _235_/A_N (sky130_fd_sc_hd__nand3b_4)
     4    0.02    0.17    0.42    2.81 v _235_/Y (sky130_fd_sc_hd__nand3b_4)
                                         _163_ (net)
                  0.17    0.00    2.81 v rebuffer1/A (sky130_fd_sc_hd__clkbuf_2)
     4    0.02    0.14    0.33    3.13 v rebuffer1/X (sky130_fd_sc_hd__clkbuf_2)
                                         net29 (net)
                  0.14    0.00    3.13 v _243_/A2 (sky130_fd_sc_hd__a21oi_2)
     2    0.03    0.52    0.56    3.69 ^ _243_/Y (sky130_fd_sc_hd__a21oi_2)
                                         _001_ (net)
                  0.52    0.00    3.69 ^ _244_/A2 (sky130_fd_sc_hd__o21a_2)
     4    0.04    0.31    0.60    4.29 ^ _244_/X (sky130_fd_sc_hd__o21a_2)
                                         _002_ (net)
                  0.31    0.00    4.29 ^ _247_/A_N (sky130_fd_sc_hd__and3b_2)
     3    0.03    0.18    0.66    4.96 v _247_/X (sky130_fd_sc_hd__and3b_2)
                                         _005_ (net)
                  0.18    0.00    4.96 v _250_/A1 (sky130_fd_sc_hd__o21ai_4)
     4    0.04    0.50    0.57    5.53 ^ _250_/Y (sky130_fd_sc_hd__o21ai_4)
                                         _008_ (net)
                  0.50    0.00    5.53 ^ _336_/A2 (sky130_fd_sc_hd__a31o_1)
     1    0.01    0.18    0.54    6.07 ^ _336_/X (sky130_fd_sc_hd__a31o_1)
                                         _087_ (net)
                  0.18    0.00    6.07 ^ _337_/B (sky130_fd_sc_hd__nand2_1)
     1    0.01    0.18    0.23    6.30 v _337_/Y (sky130_fd_sc_hd__nand2_1)
                                         _088_ (net)
                  0.18    0.00    6.30 v _338_/C (sky130_fd_sc_hd__and3_1)
     1    0.02    0.23    0.60    6.90 v _338_/X (sky130_fd_sc_hd__and3_1)
                                         _089_ (net)
                  0.23    0.00    6.90 v _346_/A (sky130_fd_sc_hd__or3_4)
     1    0.02    0.18    0.96    7.85 v _346_/X (sky130_fd_sc_hd__or3_4)
                                         _097_ (net)
                  0.18    0.00    7.85 v _347_/A (sky130_fd_sc_hd__buf_1)
     1    0.02    0.20    0.34    8.20 v _347_/X (sky130_fd_sc_hd__buf_1)
                                         net24 (net)
                  0.20    0.00    8.20 v output24/A (sky130_fd_sc_hd__buf_2)
     1    0.03    0.16    0.43    8.63 v output24/X (sky130_fd_sc_hd__buf_2)
                                         OUT[4] (net)
                  0.16    0.00    8.63 v OUT[4] (out)
                                  8.63   data arrival time

                  0.00   10.00   10.00   clock __VIRTUAL_CLK__ (rise edge)
                          0.00   10.00   clock network delay (ideal)
                         -0.25    9.75   clock uncertainty
                          0.00    9.75   clock reconvergence pessimism
                         -2.00    7.75   output external delay
                                  7.75   data required time
-----------------------------------------------------------------------------
                                  7.75   data required time
                                 -8.63   data arrival time
-----------------------------------------------------------------------------
                                 -0.88   slack (VIOLATED)



======================= Typical Corner ===================================

Startpoint: B[1] (input port clocked by __VIRTUAL_CLK__)
Endpoint: OUT[6] (output port clocked by __VIRTUAL_CLK__)
Path Group: __VIRTUAL_CLK__
Path Type: max
Corner: Typical

Fanout     Cap    Slew   Delay    Time   Description
-----------------------------------------------------------------------------
                  0.00    0.00    0.00   clock __VIRTUAL_CLK__ (rise edge)
                          0.00    0.00   clock network delay (ideal)
                          2.00    2.00 v input external delay
     1    0.00    0.01    0.01    2.01 v B[1] (in)
                                         B[1] (net)
                  0.01    0.00    2.01 v input10/A (sky130_fd_sc_hd__clkbuf_2)
     5    0.04    0.15    0.19    2.20 v input10/X (sky130_fd_sc_hd__clkbuf_2)
                                         net10 (net)
                  0.15    0.00    2.20 v _234_/B (sky130_fd_sc_hd__or2_4)
     4    0.03    0.08    0.33    2.52 v _234_/X (sky130_fd_sc_hd__or2_4)
                                         _162_ (net)
                  0.08    0.00    2.53 v _236_/A3 (sky130_fd_sc_hd__o31a_2)
     3    0.02    0.09    0.37    2.90 v _236_/X (sky130_fd_sc_hd__o31a_2)
                                         _164_ (net)
                  0.09    0.00    2.90 v _268_/A3 (sky130_fd_sc_hd__o31a_4)
     2    0.03    0.08    0.35    3.25 v _268_/X (sky130_fd_sc_hd__o31a_4)
                                         _025_ (net)
                  0.08    0.00    3.25 v _269_/B (sky130_fd_sc_hd__xnor2_2)
     2    0.03    0.42    0.38    3.63 ^ _269_/Y (sky130_fd_sc_hd__xnor2_2)
                                         _026_ (net)
                  0.42    0.00    3.63 ^ _271_/B (sky130_fd_sc_hd__nor2_1)
     1    0.02    0.14    0.18    3.82 v _271_/Y (sky130_fd_sc_hd__nor2_1)
                                         _028_ (net)
                  0.14    0.00    3.82 v _272_/B (sky130_fd_sc_hd__or2_2)
     2    0.02    0.09    0.38    4.20 v _272_/X (sky130_fd_sc_hd__or2_2)
                                         _029_ (net)
                  0.09    0.00    4.20 v _276_/B1 (sky130_fd_sc_hd__a311oi_4)
     3    0.03    0.40    0.45    4.64 ^ _276_/Y (sky130_fd_sc_hd__a311oi_4)
                                         _033_ (net)
                  0.40    0.00    4.64 ^ _277_/A_N (sky130_fd_sc_hd__and2b_1)
     1    0.01    0.07    0.29    4.93 v _277_/X (sky130_fd_sc_hd__and2b_1)
                                         _034_ (net)
                  0.07    0.00    4.93 v _291_/A2 (sky130_fd_sc_hd__a21o_1)
     2    0.02    0.11    0.27    5.20 v _291_/X (sky130_fd_sc_hd__a21o_1)
                                         net26 (net)
                  0.11    0.00    5.20 v output26/A (sky130_fd_sc_hd__clkbuf_4)
     1    0.03    0.08    0.22    5.42 v output26/X (sky130_fd_sc_hd__clkbuf_4)
                                         OUT[6] (net)
                  0.08    0.00    5.42 v OUT[6] (out)
                                  5.42   data arrival time

                  0.00   10.00   10.00   clock __VIRTUAL_CLK__ (rise edge)
                          0.00   10.00   clock network delay (ideal)
                         -0.25    9.75   clock uncertainty
                          0.00    9.75   clock reconvergence pessimism
                         -2.00    7.75   output external delay
                                  7.75   data required time
-----------------------------------------------------------------------------
                                  7.75   data required time
                                 -5.42   data arrival time
-----------------------------------------------------------------------------
                                  2.33   slack (MET)




===========================================================================
report_checks --slack_max -0.01
============================================================================
======================= Fastest Corner ===================================

No paths found.

======================= Slowest Corner ===================================

Startpoint: OP[0] (input port clocked by __VIRTUAL_CLK__)
Endpoint: OUT[4] (output port clocked by __VIRTUAL_CLK__)
Path Group: __VIRTUAL_CLK__
Path Type: max
Corner: Slowest

Fanout     Cap    Slew   Delay    Time   Description
-----------------------------------------------------------------------------
                  0.00    0.00    0.00   clock __VIRTUAL_CLK__ (rise edge)
                          0.00    0.00   clock network delay (ideal)
                          2.00    2.00 v input external delay
     1    0.00    0.02    0.01    2.01 v OP[0] (in)
                                         OP[0] (net)
                  0.02    0.00    2.01 v input17/A (sky130_fd_sc_hd__buf_2)
     5    0.05    0.21    0.37    2.38 v input17/X (sky130_fd_sc_hd__buf_2)
                                         net17 (net)
                  0.21    0.00    2.39 v _235_/A_N (sky130_fd_sc_hd__nand3b_4)
     4    0.02    0.17    0.42    2.81 v _235_/Y (sky130_fd_sc_hd__nand3b_4)
                                         _163_ (net)
                  0.17    0.00    2.81 v rebuffer1/A (sky130_fd_sc_hd__clkbuf_2)
     4    0.02    0.14    0.33    3.13 v rebuffer1/X (sky130_fd_sc_hd__clkbuf_2)
                                         net29 (net)
                  0.14    0.00    3.13 v _243_/A2 (sky130_fd_sc_hd__a21oi_2)
     2    0.03    0.52    0.56    3.69 ^ _243_/Y (sky130_fd_sc_hd__a21oi_2)
                                         _001_ (net)
                  0.52    0.00    3.69 ^ _244_/A2 (sky130_fd_sc_hd__o21a_2)
     4    0.04    0.31    0.60    4.29 ^ _244_/X (sky130_fd_sc_hd__o21a_2)
                                         _002_ (net)
                  0.31    0.00    4.29 ^ _247_/A_N (sky130_fd_sc_hd__and3b_2)
     3    0.03    0.18    0.66    4.96 v _247_/X (sky130_fd_sc_hd__and3b_2)
                                         _005_ (net)
                  0.18    0.00    4.96 v _250_/A1 (sky130_fd_sc_hd__o21ai_4)
     4    0.04    0.50    0.57    5.53 ^ _250_/Y (sky130_fd_sc_hd__o21ai_4)
                                         _008_ (net)
                  0.50    0.00    5.53 ^ _336_/A2 (sky130_fd_sc_hd__a31o_1)
     1    0.01    0.18    0.54    6.07 ^ _336_/X (sky130_fd_sc_hd__a31o_1)
                                         _087_ (net)
                  0.18    0.00    6.07 ^ _337_/B (sky130_fd_sc_hd__nand2_1)
     1    0.01    0.18    0.23    6.30 v _337_/Y (sky130_fd_sc_hd__nand2_1)
                                         _088_ (net)
                  0.18    0.00    6.30 v _338_/C (sky130_fd_sc_hd__and3_1)
     1    0.02    0.23    0.60    6.90 v _338_/X (sky130_fd_sc_hd__and3_1)
                                         _089_ (net)
                  0.23    0.00    6.90 v _346_/A (sky130_fd_sc_hd__or3_4)
     1    0.02    0.18    0.96    7.85 v _346_/X (sky130_fd_sc_hd__or3_4)
                                         _097_ (net)
                  0.18    0.00    7.85 v _347_/A (sky130_fd_sc_hd__buf_1)
     1    0.02    0.20    0.34    8.20 v _347_/X (sky130_fd_sc_hd__buf_1)
                                         net24 (net)
                  0.20    0.00    8.20 v output24/A (sky130_fd_sc_hd__buf_2)
     1    0.03    0.16    0.43    8.63 v output24/X (sky130_fd_sc_hd__buf_2)
                                         OUT[4] (net)
                  0.16    0.00    8.63 v OUT[4] (out)
                                  8.63   data arrival time

                  0.00   10.00   10.00   clock __VIRTUAL_CLK__ (rise edge)
                          0.00   10.00   clock network delay (ideal)
                         -0.25    9.75   clock uncertainty
                          0.00    9.75   clock reconvergence pessimism
                         -2.00    7.75   output external delay
                                  7.75   data required time
-----------------------------------------------------------------------------
                                  7.75   data required time
                                 -8.63   data arrival time
-----------------------------------------------------------------------------
                                 -0.88   slack (VIOLATED)



======================= Typical Corner ===================================

No paths found.


===========================================================================
 report_check_types -max_slew -max_cap -max_fanout -violators
============================================================================
======================= Fastest Corner ===================================


max slew violations count Fastest: 0
max fanout violations count Fastest: 0
max cap violations count Fastest: 0
======================= Slowest Corner ===================================

max slew

Pin                                    Limit    Slew   Slack
------------------------------------------------------------
_309_/B1                                0.75    0.86   -0.11 (VIOLATED)
_340_/B                                 0.75    0.86   -0.11 (VIOLATED)
_322_/B1                                0.75    0.86   -0.11 (VIOLATED)
_298_/B1                                0.75    0.86   -0.11 (VIOLATED)
_332_/B1                                0.75    0.86   -0.11 (VIOLATED)
_228_/Y                                 0.75    0.86   -0.11 (VIOLATED)
_232_/B1                                0.75    0.86   -0.11 (VIOLATED)
_311_/B                                 0.75    0.81   -0.06 (VIOLATED)
_301_/A1                                0.75    0.81   -0.06 (VIOLATED)
_320_/B1                                0.75    0.81   -0.06 (VIOLATED)
_290_/A1                                0.75    0.81   -0.06 (VIOLATED)
_335_/B2                                0.75    0.81   -0.06 (VIOLATED)
_172_/Y                                 0.75    0.81   -0.06 (VIOLATED)
_267_/A1                                0.75    0.81   -0.06 (VIOLATED)
_303_/A                                 0.75    0.81   -0.06 (VIOLATED)
_345_/A2                                0.75    0.81   -0.06 (VIOLATED)


max slew violations count Slowest: 16
max fanout violations count Slowest: 0
max cap violations count Slowest: 0
======================= Typical Corner ===================================


max slew violations count Typical: 0
max fanout violations count Typical: 0
max cap violations count Typical: 0

===========================================================================
report_parasitic_annotation -report_unannotated
============================================================================
Found 0 unannotated drivers.
Found 0 partially unannotated drivers.

===========================================================================
max slew violation count 16
max fanout violation count 0
max cap violation count 0
============================================================================

===========================================================================
check_setup -verbose -unconstrained_endpoints -multiple_clock -no_clock -no_input_delay -loops -generated_clocks
===========================================================================
