
===========================================================================
report_checks -path_delay max (Setup)
============================================================================
======================= Typical Corner ===================================

Startpoint: _43_ (rising edge-triggered flip-flop clocked by core_clock)
Endpoint: _44_ (rising edge-triggered flip-flop clocked by core_clock)
Path Group: core_clock
Path Type: max

Fanout     Cap    Slew   Delay    Time   Description
-----------------------------------------------------------------------------
                  0.00    0.00    0.00   clock core_clock (rise edge)
                          0.00    0.00   clock network delay (ideal)
                  0.00    0.00    0.00 ^ _43_/CLK (sky130_fd_sc_hd__dfrtp_2)
    10    0.03    0.11    0.45    0.45 v _43_/Q (sky130_fd_sc_hd__dfrtp_2)
                                         count[1] (net)
                  0.11    0.00    0.45 v _21_/A (sky130_fd_sc_hd__or4b_2)
     2    0.01    0.11    0.70    1.15 v _21_/X (sky130_fd_sc_hd__or4b_2)
                                         _09_ (net)
                  0.11    0.00    1.15 v _24_/A (sky130_fd_sc_hd__and3_2)
     1    0.00    0.04    0.19    1.34 v _24_/X (sky130_fd_sc_hd__and3_2)
                                         _12_ (net)
                  0.04    0.00    1.34 v _25_/A (sky130_fd_sc_hd__buf_1)
     1    0.00    0.02    0.08    1.42 v _25_/X (sky130_fd_sc_hd__buf_1)
                                         _02_ (net)
                  0.02    0.00    1.42 v _44_/D (sky130_fd_sc_hd__dfrtp_2)
                                  1.42   data arrival time

                  0.00   10.00   10.00   clock core_clock (rise edge)
                          0.00   10.00   clock network delay (ideal)
                          0.00   10.00   clock reconvergence pessimism
                                 10.00 ^ _44_/CLK (sky130_fd_sc_hd__dfrtp_2)
                         -0.12    9.88   library setup time
                                  9.88   data required time
-----------------------------------------------------------------------------
                                  9.88   data required time
                                 -1.42   data arrival time
-----------------------------------------------------------------------------
                                  8.46   slack (MET)


Startpoint: _43_ (rising edge-triggered flip-flop clocked by core_clock)
Endpoint: _42_ (rising edge-triggered flip-flop clocked by core_clock)
Path Group: core_clock
Path Type: max

Fanout     Cap    Slew   Delay    Time   Description
-----------------------------------------------------------------------------
                  0.00    0.00    0.00   clock core_clock (rise edge)
                          0.00    0.00   clock network delay (ideal)
                  0.00    0.00    0.00 ^ _43_/CLK (sky130_fd_sc_hd__dfrtp_2)
    10    0.03    0.11    0.45    0.45 v _43_/Q (sky130_fd_sc_hd__dfrtp_2)
                                         count[1] (net)
                  0.11    0.00    0.45 v _18_/A (sky130_fd_sc_hd__nor3b_2)
     3    0.01    0.19    0.24    0.69 ^ _18_/Y (sky130_fd_sc_hd__nor3b_2)
                                         _08_ (net)
                  0.19    0.00    0.69 ^ _19_/B (sky130_fd_sc_hd__nor2_2)
     1    0.00    0.04    0.04    0.73 v _19_/Y (sky130_fd_sc_hd__nor2_2)
                                         _00_ (net)
                  0.04    0.00    0.73 v _42_/D (sky130_fd_sc_hd__dfrtp_2)
                                  0.73   data arrival time

                  0.00   10.00   10.00   clock core_clock (rise edge)
                          0.00   10.00   clock network delay (ideal)
                          0.00   10.00   clock reconvergence pessimism
                                 10.00 ^ _42_/CLK (sky130_fd_sc_hd__dfrtp_2)
                         -0.12    9.88   library setup time
                                  9.88   data required time
-----------------------------------------------------------------------------
                                  9.88   data required time
                                 -0.73   data arrival time
-----------------------------------------------------------------------------
                                  9.15   slack (MET)


Startpoint: _43_ (rising edge-triggered flip-flop clocked by core_clock)
Endpoint: _45_ (rising edge-triggered flip-flop clocked by core_clock)
Path Group: core_clock
Path Type: max

Fanout     Cap    Slew   Delay    Time   Description
-----------------------------------------------------------------------------
                  0.00    0.00    0.00   clock core_clock (rise edge)
                          0.00    0.00   clock network delay (ideal)
                  0.00    0.00    0.00 ^ _43_/CLK (sky130_fd_sc_hd__dfrtp_2)
    10    0.04    0.18    0.44    0.44 ^ _43_/Q (sky130_fd_sc_hd__dfrtp_2)
                                         count[1] (net)
                  0.18    0.00    0.44 ^ _22_/A (sky130_fd_sc_hd__nand3_2)
     2    0.01    0.09    0.11    0.55 v _22_/Y (sky130_fd_sc_hd__nand3_2)
                                         _10_ (net)
                  0.09    0.00    0.55 v _26_/B (sky130_fd_sc_hd__xnor2_2)
     1    0.00    0.04    0.14    0.69 v _26_/Y (sky130_fd_sc_hd__xnor2_2)
                                         _03_ (net)
                  0.04    0.00    0.69 v _45_/D (sky130_fd_sc_hd__dfrtp_2)
                                  0.69   data arrival time

                  0.00   10.00   10.00   clock core_clock (rise edge)
                          0.00   10.00   clock network delay (ideal)
                          0.00   10.00   clock reconvergence pessimism
                                 10.00 ^ _45_/CLK (sky130_fd_sc_hd__dfrtp_2)
                         -0.12    9.88   library setup time
                                  9.88   data required time
-----------------------------------------------------------------------------
                                  9.88   data required time
                                 -0.69   data arrival time
-----------------------------------------------------------------------------
                                  9.19   slack (MET)


Startpoint: _43_ (rising edge-triggered flip-flop clocked by core_clock)
Endpoint: _43_ (rising edge-triggered flip-flop clocked by core_clock)
Path Group: core_clock
Path Type: max

Fanout     Cap    Slew   Delay    Time   Description
-----------------------------------------------------------------------------
                  0.00    0.00    0.00   clock core_clock (rise edge)
                          0.00    0.00   clock network delay (ideal)
                  0.00    0.00    0.00 ^ _43_/CLK (sky130_fd_sc_hd__dfrtp_2)
    10    0.03    0.11    0.45    0.45 v _43_/Q (sky130_fd_sc_hd__dfrtp_2)
                                         count[1] (net)
                  0.11    0.00    0.45 v _20_/A (sky130_fd_sc_hd__xor2_2)
     1    0.00    0.05    0.18    0.63 v _20_/X (sky130_fd_sc_hd__xor2_2)
                                         _01_ (net)
                  0.05    0.00    0.63 v _43_/D (sky130_fd_sc_hd__dfrtp_2)
                                  0.63   data arrival time

                  0.00   10.00   10.00   clock core_clock (rise edge)
                          0.00   10.00   clock network delay (ideal)
                          0.00   10.00   clock reconvergence pessimism
                                 10.00 ^ _43_/CLK (sky130_fd_sc_hd__dfrtp_2)
                         -0.13    9.87   library setup time
                                  9.87   data required time
-----------------------------------------------------------------------------
                                  9.87   data required time
                                 -0.63   data arrival time
-----------------------------------------------------------------------------
                                  9.24   slack (MET)



worst slack corner Typical: 8.4642
