
===========================================================================
report_checks -path_delay min (Hold)
============================================================================
======================= Typical Corner ===================================

Startpoint: _45_ (rising edge-triggered flip-flop clocked by core_clock)
Endpoint: _45_ (rising edge-triggered flip-flop clocked by core_clock)
Path Group: core_clock
Path Type: min

Fanout     Cap    Slew   Delay    Time   Description
-----------------------------------------------------------------------------
                  0.00    0.00    0.00   clock core_clock (rise edge)
                          0.00    0.00   clock network delay (ideal)
                  0.00    0.00    0.00 ^ _45_/CLK (sky130_fd_sc_hd__dfrtp_2)
     8    0.02    0.13    0.40    0.40 ^ _45_/Q (sky130_fd_sc_hd__dfrtp_2)
                                         count[3] (net)
                  0.13    0.00    0.40 ^ _26_/A (sky130_fd_sc_hd__xnor2_2)
     1    0.00    0.03    0.07    0.48 v _26_/Y (sky130_fd_sc_hd__xnor2_2)
                                         _03_ (net)
                  0.03    0.00    0.48 v _45_/D (sky130_fd_sc_hd__dfrtp_2)
                                  0.48   data arrival time

                  0.00    0.00    0.00   clock core_clock (rise edge)
                          0.00    0.00   clock network delay (ideal)
                          0.00    0.00   clock reconvergence pessimism
                                  0.00 ^ _45_/CLK (sky130_fd_sc_hd__dfrtp_2)
                         -0.04   -0.04   library hold time
                                 -0.04   data required time
-----------------------------------------------------------------------------
                                 -0.04   data required time
                                 -0.48   data arrival time
-----------------------------------------------------------------------------
                                  0.52   slack (MET)


Startpoint: _42_ (rising edge-triggered flip-flop clocked by core_clock)
Endpoint: _42_ (rising edge-triggered flip-flop clocked by core_clock)
Path Group: core_clock
Path Type: min

Fanout     Cap    Slew   Delay    Time   Description
-----------------------------------------------------------------------------
                  0.00    0.00    0.00   clock core_clock (rise edge)
                          0.00    0.00   clock network delay (ideal)
                  0.00    0.00    0.00 ^ _42_/CLK (sky130_fd_sc_hd__dfrtp_2)
    10    0.03    0.17    0.43    0.43 ^ _42_/Q (sky130_fd_sc_hd__dfrtp_2)
                                         count[0] (net)
                  0.17    0.00    0.43 ^ _19_/A (sky130_fd_sc_hd__nor2_2)
     1    0.00    0.04    0.05    0.48 v _19_/Y (sky130_fd_sc_hd__nor2_2)
                                         _00_ (net)
                  0.04    0.00    0.48 v _42_/D (sky130_fd_sc_hd__dfrtp_2)
                                  0.48   data arrival time

                  0.00    0.00    0.00   clock core_clock (rise edge)
                          0.00    0.00   clock network delay (ideal)
                          0.00    0.00   clock reconvergence pessimism
                                  0.00 ^ _42_/CLK (sky130_fd_sc_hd__dfrtp_2)
                         -0.05   -0.05   library hold time
                                 -0.05   data required time
-----------------------------------------------------------------------------
                                 -0.05   data required time
                                 -0.48   data arrival time
-----------------------------------------------------------------------------
                                  0.53   slack (MET)


Startpoint: _42_ (rising edge-triggered flip-flop clocked by core_clock)
Endpoint: _43_ (rising edge-triggered flip-flop clocked by core_clock)
Path Group: core_clock
Path Type: min

Fanout     Cap    Slew   Delay    Time   Description
-----------------------------------------------------------------------------
                  0.00    0.00    0.00   clock core_clock (rise edge)
                          0.00    0.00   clock network delay (ideal)
                  0.00    0.00    0.00 ^ _42_/CLK (sky130_fd_sc_hd__dfrtp_2)
    10    0.03    0.17    0.43    0.43 ^ _42_/Q (sky130_fd_sc_hd__dfrtp_2)
                                         count[0] (net)
                  0.17    0.00    0.43 ^ _20_/B (sky130_fd_sc_hd__xor2_2)
     1    0.00    0.03    0.07    0.50 v _20_/X (sky130_fd_sc_hd__xor2_2)
                                         _01_ (net)
                  0.03    0.00    0.50 v _43_/D (sky130_fd_sc_hd__dfrtp_2)
                                  0.50   data arrival time

                  0.00    0.00    0.00   clock core_clock (rise edge)
                          0.00    0.00   clock network delay (ideal)
                          0.00    0.00   clock reconvergence pessimism
                                  0.00 ^ _43_/CLK (sky130_fd_sc_hd__dfrtp_2)
                         -0.05   -0.05   library hold time
                                 -0.05   data required time
-----------------------------------------------------------------------------
                                 -0.05   data required time
                                 -0.50   data arrival time
-----------------------------------------------------------------------------
                                  0.55   slack (MET)


Startpoint: _44_ (rising edge-triggered flip-flop clocked by core_clock)
Endpoint: _44_ (rising edge-triggered flip-flop clocked by core_clock)
Path Group: core_clock
Path Type: min

Fanout     Cap    Slew   Delay    Time   Description
-----------------------------------------------------------------------------
                  0.00    0.00    0.00   clock core_clock (rise edge)
                          0.00    0.00   clock network delay (ideal)
                  0.00    0.00    0.00 ^ _44_/CLK (sky130_fd_sc_hd__dfrtp_2)
     9    0.02    0.11    0.38    0.38 ^ _44_/Q (sky130_fd_sc_hd__dfrtp_2)
                                         count[2] (net)
                  0.11    0.00    0.38 ^ _23_/B1 (sky130_fd_sc_hd__a21o_2)
     1    0.00    0.02    0.10    0.48 ^ _23_/X (sky130_fd_sc_hd__a21o_2)
                                         _11_ (net)
                  0.02    0.00    0.48 ^ _24_/C (sky130_fd_sc_hd__and3_2)
     1    0.00    0.04    0.16    0.64 ^ _24_/X (sky130_fd_sc_hd__and3_2)
                                         _12_ (net)
                  0.04    0.00    0.64 ^ _25_/A (sky130_fd_sc_hd__buf_1)
     1    0.00    0.04    0.07    0.71 ^ _25_/X (sky130_fd_sc_hd__buf_1)
                                         _02_ (net)
                  0.04    0.00    0.71 ^ _44_/D (sky130_fd_sc_hd__dfrtp_2)
                                  0.71   data arrival time

                  0.00    0.00    0.00   clock core_clock (rise edge)
                          0.00    0.00   clock network delay (ideal)
                          0.00    0.00   clock reconvergence pessimism
                                  0.00 ^ _44_/CLK (sky130_fd_sc_hd__dfrtp_2)
                         -0.04   -0.04   library hold time
                                 -0.04   data required time
-----------------------------------------------------------------------------
                                 -0.04   data required time
                                 -0.71   data arrival time
-----------------------------------------------------------------------------
                                  0.75   slack (MET)



worst slack corner Typical: 0.5202
