OpenROAD b16bda7e82721d10566ff7e2b68f1ff0be9f9e38 
Features included (+) or not (-): +Charts +GPU +GUI +Python
This program is licensed under the BSD-3 license. See the LICENSE file for details.
Components of this program may be licensed under more restrictive licenses which must be honored.
define_corners Typical
read_liberty -corner Typical /home/segmen/.volare/sky130A/libs.ref/sky130_fd_sc_hd/lib/sky130_fd_sc_hd__tt_025C_1v80.lib
Using 1e-12 for capacitance...
Using 1e+03 for resistance...
Using 1e-09 for time...
Using 1e+00 for voltage...
Using 1e-03 for current...
Using 1e-09 for power...
Using 1e-06 for distance...
[INFO]: Reading ODB at '/openlane/designs/twos_complement/runs/RUN_2025.04.25_20.27.30/results/cts/twos_complement.odb'…
Reading design constraints file at '/openlane/scripts/base.sdc'…
[INFO]: Setting output delay to: 2.0
[INFO]: Setting input delay to: 2.0
[WARNING STA-0366] port '__VIRTUAL_CLK__' not found.
[INFO]: Setting load to: 0.033442
[INFO]: Setting clock uncertainty to: 0.25
[INFO]: Setting clock transition to: 0.15
[WARNING STA-0419] transition time can not be specified for virtual clocks.
[INFO]: Setting timing derate to: 5.0 %
[INFO]: Propagating all clocks
[WARNING STA-0450] virtual clock __VIRTUAL_CLK__ can not be propagated.
[INFO]: Setting RC values...
min_report

===========================================================================
report_checks -path_delay min (Hold)
============================================================================
======================= Typical Corner ===================================

Startpoint: in[3] (input port clocked by __VIRTUAL_CLK__)
Endpoint: out[3] (output port clocked by __VIRTUAL_CLK__)
Path Group: __VIRTUAL_CLK__
Path Type: min

Fanout     Cap    Slew   Delay    Time   Description
-----------------------------------------------------------------------------
                  0.00    0.00    0.00   clock __VIRTUAL_CLK__ (rise edge)
                          0.00    0.00   clock network delay (ideal)
                          2.00    2.00 ^ input external delay
     1    0.00    0.02    0.01    2.01 ^ in[3] (in)
                                         in[3] (net)
                  0.02    0.00    2.01 ^ input4/A (sky130_fd_sc_hd__clkbuf_1)
     2    0.01    0.08    0.09    2.10 ^ input4/X (sky130_fd_sc_hd__clkbuf_1)
                                         net4 (net)
                  0.08    0.00    2.10 ^ _24_/A1 (sky130_fd_sc_hd__a21boi_1)
     1    0.00    0.04    0.06    2.17 v _24_/Y (sky130_fd_sc_hd__a21boi_1)
                                         net12 (net)
                  0.04    0.00    2.17 v output12/A (sky130_fd_sc_hd__buf_2)
     1    0.03    0.09    0.17    2.34 v output12/X (sky130_fd_sc_hd__buf_2)
                                         out[3] (net)
                  0.09    0.00    2.34 v out[3] (out)
                                  2.34   data arrival time

                  0.00    0.00    0.00   clock __VIRTUAL_CLK__ (rise edge)
                          0.00    0.00   clock network delay (ideal)
                          0.25    0.25   clock uncertainty
                          0.00    0.25   clock reconvergence pessimism
                         -2.00   -1.75   output external delay
                                 -1.75   data required time
-----------------------------------------------------------------------------
                                 -1.75   data required time
                                 -2.34   data arrival time
-----------------------------------------------------------------------------
                                  4.09   slack (MET)


Startpoint: in[7] (input port clocked by __VIRTUAL_CLK__)
Endpoint: out[7] (output port clocked by __VIRTUAL_CLK__)
Path Group: __VIRTUAL_CLK__
Path Type: min

Fanout     Cap    Slew   Delay    Time   Description
-----------------------------------------------------------------------------
                  0.00    0.00    0.00   clock __VIRTUAL_CLK__ (rise edge)
                          0.00    0.00   clock network delay (ideal)
                          2.00    2.00 ^ input external delay
     1    0.00    0.02    0.01    2.01 ^ in[7] (in)
                                         in[7] (net)
                  0.02    0.00    2.01 ^ input8/A (sky130_fd_sc_hd__clkbuf_1)
     1    0.01    0.07    0.09    2.10 ^ input8/X (sky130_fd_sc_hd__clkbuf_1)
                                         net8 (net)
                  0.07    0.00    2.10 ^ _18_/A (sky130_fd_sc_hd__xor2_1)
     1    0.00    0.04    0.07    2.17 v _18_/X (sky130_fd_sc_hd__xor2_1)
                                         net16 (net)
                  0.04    0.00    2.17 v output16/A (sky130_fd_sc_hd__clkbuf_4)
     1    0.03    0.08    0.17    2.34 v output16/X (sky130_fd_sc_hd__clkbuf_4)
                                         out[7] (net)
                  0.08    0.00    2.34 v out[7] (out)
                                  2.34   data arrival time

                  0.00    0.00    0.00   clock __VIRTUAL_CLK__ (rise edge)
                          0.00    0.00   clock network delay (ideal)
                          0.25    0.25   clock uncertainty
                          0.00    0.25   clock reconvergence pessimism
                         -2.00   -1.75   output external delay
                                 -1.75   data required time
-----------------------------------------------------------------------------
                                 -1.75   data required time
                                 -2.34   data arrival time
-----------------------------------------------------------------------------
                                  4.09   slack (MET)


Startpoint: in[5] (input port clocked by __VIRTUAL_CLK__)
Endpoint: out[5] (output port clocked by __VIRTUAL_CLK__)
Path Group: __VIRTUAL_CLK__
Path Type: min

Fanout     Cap    Slew   Delay    Time   Description
-----------------------------------------------------------------------------
                  0.00    0.00    0.00   clock __VIRTUAL_CLK__ (rise edge)
                          0.00    0.00   clock network delay (ideal)
                          2.00    2.00 v input external delay
     1    0.00    0.01    0.00    2.00 v in[5] (in)
                                         in[5] (net)
                  0.01    0.00    2.00 v input6/A (sky130_fd_sc_hd__buf_1)
     3    0.01    0.07    0.11    2.11 v input6/X (sky130_fd_sc_hd__buf_1)
                                         net6 (net)
                  0.07    0.00    2.11 v _13_/A (sky130_fd_sc_hd__xnor2_1)
     1    0.00    0.04    0.13    2.24 v _13_/Y (sky130_fd_sc_hd__xnor2_1)
                                         net14 (net)
                  0.04    0.00    2.24 v output14/A (sky130_fd_sc_hd__buf_2)
     1    0.03    0.09    0.17    2.41 v output14/X (sky130_fd_sc_hd__buf_2)
                                         out[5] (net)
                  0.09    0.00    2.41 v out[5] (out)
                                  2.41   data arrival time

                  0.00    0.00    0.00   clock __VIRTUAL_CLK__ (rise edge)
                          0.00    0.00   clock network delay (ideal)
                          0.25    0.25   clock uncertainty
                          0.00    0.25   clock reconvergence pessimism
                         -2.00   -1.75   output external delay
                                 -1.75   data required time
-----------------------------------------------------------------------------
                                 -1.75   data required time
                                 -2.41   data arrival time
-----------------------------------------------------------------------------
                                  4.16   slack (MET)


Startpoint: in[1] (input port clocked by __VIRTUAL_CLK__)
Endpoint: out[1] (output port clocked by __VIRTUAL_CLK__)
Path Group: __VIRTUAL_CLK__
Path Type: min

Fanout     Cap    Slew   Delay    Time   Description
-----------------------------------------------------------------------------
                  0.00    0.00    0.00   clock __VIRTUAL_CLK__ (rise edge)
                          0.00    0.00   clock network delay (ideal)
                          2.00    2.00 ^ input external delay
     1    0.00    0.02    0.01    2.01 ^ in[1] (in)
                                         in[1] (net)
                  0.02    0.00    2.01 ^ input2/A (sky130_fd_sc_hd__buf_1)
     4    0.01    0.17    0.15    2.16 ^ input2/X (sky130_fd_sc_hd__buf_1)
                                         net2 (net)
                  0.17    0.00    2.16 ^ _19_/A (sky130_fd_sc_hd__xor2_1)
     1    0.00    0.04    0.09    2.25 v _19_/X (sky130_fd_sc_hd__xor2_1)
                                         net10 (net)
                  0.04    0.00    2.25 v output10/A (sky130_fd_sc_hd__buf_2)
     1    0.03    0.09    0.17    2.42 v output10/X (sky130_fd_sc_hd__buf_2)
                                         out[1] (net)
                  0.09    0.00    2.42 v out[1] (out)
                                  2.42   data arrival time

                  0.00    0.00    0.00   clock __VIRTUAL_CLK__ (rise edge)
                          0.00    0.00   clock network delay (ideal)
                          0.25    0.25   clock uncertainty
                          0.00    0.25   clock reconvergence pessimism
                         -2.00   -1.75   output external delay
                                 -1.75   data required time
-----------------------------------------------------------------------------
                                 -1.75   data required time
                                 -2.42   data arrival time
-----------------------------------------------------------------------------
                                  4.17   slack (MET)


Startpoint: in[0] (input port clocked by __VIRTUAL_CLK__)
Endpoint: out[0] (output port clocked by __VIRTUAL_CLK__)
Path Group: __VIRTUAL_CLK__
Path Type: min

Fanout     Cap    Slew   Delay    Time   Description
-----------------------------------------------------------------------------
                  0.00    0.00    0.00   clock __VIRTUAL_CLK__ (rise edge)
                          0.00    0.00   clock network delay (ideal)
                          2.00    2.00 v input external delay
     1    0.00    0.01    0.00    2.00 v in[0] (in)
                                         in[0] (net)
                  0.01    0.00    2.00 v input1/A (sky130_fd_sc_hd__dlymetal6s2s_1)
     5    0.02    0.09    0.16    2.16 v input1/X (sky130_fd_sc_hd__dlymetal6s2s_1)
                                         net1 (net)
                  0.09    0.00    2.16 v _25_/A (sky130_fd_sc_hd__clkbuf_1)
     1    0.00    0.04    0.11    2.27 v _25_/X (sky130_fd_sc_hd__clkbuf_1)
                                         net9 (net)
                  0.04    0.00    2.27 v output9/A (sky130_fd_sc_hd__buf_2)
     1    0.03    0.09    0.17    2.44 v output9/X (sky130_fd_sc_hd__buf_2)
                                         out[0] (net)
                  0.09    0.00    2.44 v out[0] (out)
                                  2.44   data arrival time

                  0.00    0.00    0.00   clock __VIRTUAL_CLK__ (rise edge)
                          0.00    0.00   clock network delay (ideal)
                          0.25    0.25   clock uncertainty
                          0.00    0.25   clock reconvergence pessimism
                         -2.00   -1.75   output external delay
                                 -1.75   data required time
-----------------------------------------------------------------------------
                                 -1.75   data required time
                                 -2.44   data arrival time
-----------------------------------------------------------------------------
                                  4.19   slack (MET)


Startpoint: in[4] (input port clocked by __VIRTUAL_CLK__)
Endpoint: out[4] (output port clocked by __VIRTUAL_CLK__)
Path Group: __VIRTUAL_CLK__
Path Type: min

Fanout     Cap    Slew   Delay    Time   Description
-----------------------------------------------------------------------------
                  0.00    0.00    0.00   clock __VIRTUAL_CLK__ (rise edge)
                          0.00    0.00   clock network delay (ideal)
                          2.00    2.00 ^ input external delay
     1    0.00    0.02    0.01    2.01 ^ in[4] (in)
                                         in[4] (net)
                  0.02    0.00    2.01 ^ input5/A (sky130_fd_sc_hd__buf_1)
     4    0.01    0.15    0.14    2.15 ^ input5/X (sky130_fd_sc_hd__buf_1)
                                         net5 (net)
                  0.15    0.00    2.15 ^ _11_/A (sky130_fd_sc_hd__and2_1)
     1    0.00    0.06    0.14    2.29 ^ _11_/X (sky130_fd_sc_hd__and2_1)
                                         _02_ (net)
                  0.06    0.00    2.29 ^ _12_/B (sky130_fd_sc_hd__nor2_1)
     1    0.00    0.03    0.04    2.33 v _12_/Y (sky130_fd_sc_hd__nor2_1)
                                         net13 (net)
                  0.03    0.00    2.33 v output13/A (sky130_fd_sc_hd__buf_2)
     1    0.03    0.09    0.16    2.49 v output13/X (sky130_fd_sc_hd__buf_2)
                                         out[4] (net)
                  0.09    0.00    2.49 v out[4] (out)
                                  2.49   data arrival time

                  0.00    0.00    0.00   clock __VIRTUAL_CLK__ (rise edge)
                          0.00    0.00   clock network delay (ideal)
                          0.25    0.25   clock uncertainty
                          0.00    0.25   clock reconvergence pessimism
                         -2.00   -1.75   output external delay
                                 -1.75   data required time
-----------------------------------------------------------------------------
                                 -1.75   data required time
                                 -2.49   data arrival time
-----------------------------------------------------------------------------
                                  4.24   slack (MET)


Startpoint: in[2] (input port clocked by __VIRTUAL_CLK__)
Endpoint: out[2] (output port clocked by __VIRTUAL_CLK__)
Path Group: __VIRTUAL_CLK__
Path Type: min

Fanout     Cap    Slew   Delay    Time   Description
-----------------------------------------------------------------------------
                  0.00    0.00    0.00   clock __VIRTUAL_CLK__ (rise edge)
                          0.00    0.00   clock network delay (ideal)
                          2.00    2.00 v input external delay
     1    0.00    0.01    0.00    2.00 v in[2] (in)
                                         in[2] (net)
                  0.01    0.00    2.00 v input3/A (sky130_fd_sc_hd__buf_1)
     3    0.01    0.05    0.09    2.09 v input3/X (sky130_fd_sc_hd__buf_1)
                                         net3 (net)
                  0.05    0.00    2.09 v _21_/B1 (sky130_fd_sc_hd__o21ai_1)
     1    0.00    0.07    0.06    2.16 ^ _21_/Y (sky130_fd_sc_hd__o21ai_1)
                                         _07_ (net)
                  0.07    0.00    2.16 ^ _22_/B (sky130_fd_sc_hd__and2_1)
     1    0.00    0.04    0.11    2.27 ^ _22_/X (sky130_fd_sc_hd__and2_1)
                                         _08_ (net)
                  0.04    0.00    2.27 ^ _23_/A (sky130_fd_sc_hd__clkbuf_1)
     1    0.00    0.05    0.08    2.35 ^ _23_/X (sky130_fd_sc_hd__clkbuf_1)
                                         net11 (net)
                  0.05    0.00    2.35 ^ output11/A (sky130_fd_sc_hd__buf_2)
     1    0.03    0.17    0.19    2.54 ^ output11/X (sky130_fd_sc_hd__buf_2)
                                         out[2] (net)
                  0.17    0.00    2.54 ^ out[2] (out)
                                  2.54   data arrival time

                  0.00    0.00    0.00   clock __VIRTUAL_CLK__ (rise edge)
                          0.00    0.00   clock network delay (ideal)
                          0.25    0.25   clock uncertainty
                          0.00    0.25   clock reconvergence pessimism
                         -2.00   -1.75   output external delay
                                 -1.75   data required time
-----------------------------------------------------------------------------
                                 -1.75   data required time
                                 -2.54   data arrival time
-----------------------------------------------------------------------------
                                  4.29   slack (MET)


Startpoint: in[6] (input port clocked by __VIRTUAL_CLK__)
Endpoint: out[6] (output port clocked by __VIRTUAL_CLK__)
Path Group: __VIRTUAL_CLK__
Path Type: min

Fanout     Cap    Slew   Delay    Time   Description
-----------------------------------------------------------------------------
                  0.00    0.00    0.00   clock __VIRTUAL_CLK__ (rise edge)
                          0.00    0.00   clock network delay (ideal)
                          2.00    2.00 v input external delay
     1    0.00    0.01    0.00    2.00 v in[6] (in)
                                         in[6] (net)
                  0.01    0.00    2.00 v input7/A (sky130_fd_sc_hd__clkbuf_1)
     2    0.01    0.05    0.08    2.09 v input7/X (sky130_fd_sc_hd__clkbuf_1)
                                         net7 (net)
                  0.05    0.00    2.09 v _14_/B1 (sky130_fd_sc_hd__o31a_1)
     1    0.00    0.03    0.09    2.18 v _14_/X (sky130_fd_sc_hd__o31a_1)
                                         _03_ (net)
                  0.03    0.00    2.18 v _16_/A_N (sky130_fd_sc_hd__and2b_1)
     1    0.00    0.05    0.17    2.36 ^ _16_/X (sky130_fd_sc_hd__and2b_1)
                                         _05_ (net)
                  0.05    0.00    2.36 ^ _17_/A (sky130_fd_sc_hd__clkbuf_1)
     1    0.01    0.07    0.10    2.45 ^ _17_/X (sky130_fd_sc_hd__clkbuf_1)
                                         net15 (net)
                  0.07    0.00    2.45 ^ output15/A (sky130_fd_sc_hd__buf_2)
     1    0.03    0.17    0.20    2.65 ^ output15/X (sky130_fd_sc_hd__buf_2)
                                         out[6] (net)
                  0.17    0.00    2.65 ^ out[6] (out)
                                  2.65   data arrival time

                  0.00    0.00    0.00   clock __VIRTUAL_CLK__ (rise edge)
                          0.00    0.00   clock network delay (ideal)
                          0.25    0.25   clock uncertainty
                          0.00    0.25   clock reconvergence pessimism
                         -2.00   -1.75   output external delay
                                 -1.75   data required time
-----------------------------------------------------------------------------
                                 -1.75   data required time
                                 -2.65   data arrival time
-----------------------------------------------------------------------------
                                  4.40   slack (MET)



worst slack corner Typical: 4.0859
min_report_end
max_report

===========================================================================
report_checks -path_delay max (Setup)
============================================================================
======================= Typical Corner ===================================

Startpoint: in[3] (input port clocked by __VIRTUAL_CLK__)
Endpoint: out[6] (output port clocked by __VIRTUAL_CLK__)
Path Group: __VIRTUAL_CLK__
Path Type: max

Fanout     Cap    Slew   Delay    Time   Description
-----------------------------------------------------------------------------
                  0.00    0.00    0.00   clock __VIRTUAL_CLK__ (rise edge)
                          0.00    0.00   clock network delay (ideal)
                          2.00    2.00 v input external delay
     1    0.00    0.01    0.00    2.00 v in[3] (in)
                                         in[3] (net)
                  0.01    0.00    2.00 v input4/A (sky130_fd_sc_hd__clkbuf_1)
     2    0.01    0.04    0.09    2.09 v input4/X (sky130_fd_sc_hd__clkbuf_1)
                                         net4 (net)
                  0.04    0.00    2.09 v _09_/A (sky130_fd_sc_hd__or4_2)
     5    0.01    0.14    0.76    2.85 v _09_/X (sky130_fd_sc_hd__or4_2)
                                         _00_ (net)
                  0.14    0.00    2.85 v _15_/D (sky130_fd_sc_hd__or4_1)
     2    0.01    0.11    0.49    3.34 v _15_/X (sky130_fd_sc_hd__or4_1)
                                         _04_ (net)
                  0.11    0.00    3.34 v _16_/B (sky130_fd_sc_hd__and2b_1)
     1    0.00    0.04    0.19    3.53 v _16_/X (sky130_fd_sc_hd__and2b_1)
                                         _05_ (net)
                  0.04    0.00    3.53 v _17_/A (sky130_fd_sc_hd__clkbuf_1)
     1    0.01    0.04    0.10    3.63 v _17_/X (sky130_fd_sc_hd__clkbuf_1)
                                         net15 (net)
                  0.04    0.00    3.63 v output15/A (sky130_fd_sc_hd__buf_2)
     1    0.03    0.09    0.19    3.82 v output15/X (sky130_fd_sc_hd__buf_2)
                                         out[6] (net)
                  0.09    0.00    3.82 v out[6] (out)
                                  3.82   data arrival time

                  0.00   10.00   10.00   clock __VIRTUAL_CLK__ (rise edge)
                          0.00   10.00   clock network delay (ideal)
                         -0.25    9.75   clock uncertainty
                          0.00    9.75   clock reconvergence pessimism
                         -2.00    7.75   output external delay
                                  7.75   data required time
-----------------------------------------------------------------------------
                                  7.75   data required time
                                 -3.82   data arrival time
-----------------------------------------------------------------------------
                                  3.93   slack (MET)


Startpoint: in[3] (input port clocked by __VIRTUAL_CLK__)
Endpoint: out[7] (output port clocked by __VIRTUAL_CLK__)
Path Group: __VIRTUAL_CLK__
Path Type: max

Fanout     Cap    Slew   Delay    Time   Description
-----------------------------------------------------------------------------
                  0.00    0.00    0.00   clock __VIRTUAL_CLK__ (rise edge)
                          0.00    0.00   clock network delay (ideal)
                          2.00    2.00 v input external delay
     1    0.00    0.01    0.00    2.00 v in[3] (in)
                                         in[3] (net)
                  0.01    0.00    2.00 v input4/A (sky130_fd_sc_hd__clkbuf_1)
     2    0.01    0.04    0.09    2.09 v input4/X (sky130_fd_sc_hd__clkbuf_1)
                                         net4 (net)
                  0.04    0.00    2.09 v _09_/A (sky130_fd_sc_hd__or4_2)
     5    0.01    0.14    0.76    2.85 v _09_/X (sky130_fd_sc_hd__or4_2)
                                         _00_ (net)
                  0.14    0.00    2.85 v _15_/D (sky130_fd_sc_hd__or4_1)
     2    0.01    0.11    0.49    3.34 v _15_/X (sky130_fd_sc_hd__or4_1)
                                         _04_ (net)
                  0.11    0.00    3.34 v _18_/B (sky130_fd_sc_hd__xor2_1)
     1    0.00    0.13    0.17    3.51 ^ _18_/X (sky130_fd_sc_hd__xor2_1)
                                         net16 (net)
                  0.13    0.00    3.51 ^ output16/A (sky130_fd_sc_hd__clkbuf_4)
     1    0.03    0.11    0.23    3.73 ^ output16/X (sky130_fd_sc_hd__clkbuf_4)
                                         out[7] (net)
                  0.11    0.00    3.73 ^ out[7] (out)
                                  3.73   data arrival time

                  0.00   10.00   10.00   clock __VIRTUAL_CLK__ (rise edge)
                          0.00   10.00   clock network delay (ideal)
                         -0.25    9.75   clock uncertainty
                          0.00    9.75   clock reconvergence pessimism
                         -2.00    7.75   output external delay
                                  7.75   data required time
-----------------------------------------------------------------------------
                                  7.75   data required time
                                 -3.73   data arrival time
-----------------------------------------------------------------------------
                                  4.02   slack (MET)


Startpoint: in[3] (input port clocked by __VIRTUAL_CLK__)
Endpoint: out[5] (output port clocked by __VIRTUAL_CLK__)
Path Group: __VIRTUAL_CLK__
Path Type: max

Fanout     Cap    Slew   Delay    Time   Description
-----------------------------------------------------------------------------
                  0.00    0.00    0.00   clock __VIRTUAL_CLK__ (rise edge)
                          0.00    0.00   clock network delay (ideal)
                          2.00    2.00 v input external delay
     1    0.00    0.01    0.00    2.00 v in[3] (in)
                                         in[3] (net)
                  0.01    0.00    2.00 v input4/A (sky130_fd_sc_hd__clkbuf_1)
     2    0.01    0.04    0.09    2.09 v input4/X (sky130_fd_sc_hd__clkbuf_1)
                                         net4 (net)
                  0.04    0.00    2.09 v _09_/A (sky130_fd_sc_hd__or4_2)
     5    0.01    0.14    0.76    2.85 v _09_/X (sky130_fd_sc_hd__or4_2)
                                         _00_ (net)
                  0.14    0.00    2.85 v _10_/B (sky130_fd_sc_hd__nor2_1)
     2    0.01    0.19    0.21    3.07 ^ _10_/Y (sky130_fd_sc_hd__nor2_1)
                                         _01_ (net)
                  0.19    0.00    3.07 ^ _13_/B (sky130_fd_sc_hd__xnor2_1)
     1    0.00    0.13    0.15    3.22 ^ _13_/Y (sky130_fd_sc_hd__xnor2_1)
                                         net14 (net)
                  0.13    0.00    3.22 ^ output14/A (sky130_fd_sc_hd__buf_2)
     1    0.03    0.17    0.24    3.46 ^ output14/X (sky130_fd_sc_hd__buf_2)
                                         out[5] (net)
                  0.17    0.00    3.46 ^ out[5] (out)
                                  3.46   data arrival time

                  0.00   10.00   10.00   clock __VIRTUAL_CLK__ (rise edge)
                          0.00   10.00   clock network delay (ideal)
                         -0.25    9.75   clock uncertainty
                          0.00    9.75   clock reconvergence pessimism
                         -2.00    7.75   output external delay
                                  7.75   data required time
-----------------------------------------------------------------------------
                                  7.75   data required time
                                 -3.46   data arrival time
-----------------------------------------------------------------------------
                                  4.29   slack (MET)


Startpoint: in[3] (input port clocked by __VIRTUAL_CLK__)
Endpoint: out[4] (output port clocked by __VIRTUAL_CLK__)
Path Group: __VIRTUAL_CLK__
Path Type: max

Fanout     Cap    Slew   Delay    Time   Description
-----------------------------------------------------------------------------
                  0.00    0.00    0.00   clock __VIRTUAL_CLK__ (rise edge)
                          0.00    0.00   clock network delay (ideal)
                          2.00    2.00 v input external delay
     1    0.00    0.01    0.00    2.00 v in[3] (in)
                                         in[3] (net)
                  0.01    0.00    2.00 v input4/A (sky130_fd_sc_hd__clkbuf_1)
     2    0.01    0.04    0.09    2.09 v input4/X (sky130_fd_sc_hd__clkbuf_1)
                                         net4 (net)
                  0.04    0.00    2.09 v _09_/A (sky130_fd_sc_hd__or4_2)
     5    0.01    0.14    0.76    2.85 v _09_/X (sky130_fd_sc_hd__or4_2)
                                         _00_ (net)
                  0.14    0.00    2.85 v _11_/B (sky130_fd_sc_hd__and2_1)
     1    0.00    0.04    0.21    3.06 v _11_/X (sky130_fd_sc_hd__and2_1)
                                         _02_ (net)
                  0.04    0.00    3.06 v _12_/B (sky130_fd_sc_hd__nor2_1)
     1    0.00    0.09    0.10    3.16 ^ _12_/Y (sky130_fd_sc_hd__nor2_1)
                                         net13 (net)
                  0.09    0.00    3.16 ^ output13/A (sky130_fd_sc_hd__buf_2)
     1    0.03    0.17    0.22    3.38 ^ output13/X (sky130_fd_sc_hd__buf_2)
                                         out[4] (net)
                  0.17    0.00    3.38 ^ out[4] (out)
                                  3.38   data arrival time

                  0.00   10.00   10.00   clock __VIRTUAL_CLK__ (rise edge)
                          0.00   10.00   clock network delay (ideal)
                         -0.25    9.75   clock uncertainty
                          0.00    9.75   clock reconvergence pessimism
                         -2.00    7.75   output external delay
                                  7.75   data required time
-----------------------------------------------------------------------------
                                  7.75   data required time
                                 -3.38   data arrival time
-----------------------------------------------------------------------------
                                  4.37   slack (MET)


Startpoint: in[3] (input port clocked by __VIRTUAL_CLK__)
Endpoint: out[3] (output port clocked by __VIRTUAL_CLK__)
Path Group: __VIRTUAL_CLK__
Path Type: max

Fanout     Cap    Slew   Delay    Time   Description
-----------------------------------------------------------------------------
                  0.00    0.00    0.00   clock __VIRTUAL_CLK__ (rise edge)
                          0.00    0.00   clock network delay (ideal)
                          2.00    2.00 v input external delay
     1    0.00    0.01    0.00    2.00 v in[3] (in)
                                         in[3] (net)
                  0.01    0.00    2.00 v input4/A (sky130_fd_sc_hd__clkbuf_1)
     2    0.01    0.04    0.09    2.09 v input4/X (sky130_fd_sc_hd__clkbuf_1)
                                         net4 (net)
                  0.04    0.00    2.09 v _09_/A (sky130_fd_sc_hd__or4_2)
     5    0.01    0.14    0.76    2.85 v _09_/X (sky130_fd_sc_hd__or4_2)
                                         _00_ (net)
                  0.14    0.00    2.85 v _24_/B1_N (sky130_fd_sc_hd__a21boi_1)
     1    0.00    0.05    0.18    3.03 v _24_/Y (sky130_fd_sc_hd__a21boi_1)
                                         net12 (net)
                  0.05    0.00    3.03 v output12/A (sky130_fd_sc_hd__buf_2)
     1    0.03    0.09    0.19    3.22 v output12/X (sky130_fd_sc_hd__buf_2)
                                         out[3] (net)
                  0.09    0.00    3.22 v out[3] (out)
                                  3.22   data arrival time

                  0.00   10.00   10.00   clock __VIRTUAL_CLK__ (rise edge)
                          0.00   10.00   clock network delay (ideal)
                         -0.25    9.75   clock uncertainty
                          0.00    9.75   clock reconvergence pessimism
                         -2.00    7.75   output external delay
                                  7.75   data required time
-----------------------------------------------------------------------------
                                  7.75   data required time
                                 -3.22   data arrival time
-----------------------------------------------------------------------------
                                  4.53   slack (MET)


Startpoint: in[0] (input port clocked by __VIRTUAL_CLK__)
Endpoint: out[2] (output port clocked by __VIRTUAL_CLK__)
Path Group: __VIRTUAL_CLK__
Path Type: max

Fanout     Cap    Slew   Delay    Time   Description
-----------------------------------------------------------------------------
                  0.00    0.00    0.00   clock __VIRTUAL_CLK__ (rise edge)
                          0.00    0.00   clock network delay (ideal)
                          2.00    2.00 v input external delay
     1    0.00    0.01    0.00    2.00 v in[0] (in)
                                         in[0] (net)
                  0.01    0.00    2.00 v input1/A (sky130_fd_sc_hd__dlymetal6s2s_1)
     5    0.02    0.09    0.18    2.18 v input1/X (sky130_fd_sc_hd__dlymetal6s2s_1)
                                         net1 (net)
                  0.09    0.00    2.18 v _20_/C (sky130_fd_sc_hd__or3_1)
     2    0.00    0.08    0.35    2.53 v _20_/X (sky130_fd_sc_hd__or3_1)
                                         _06_ (net)
                  0.08    0.00    2.53 v _22_/A (sky130_fd_sc_hd__and2_1)
     1    0.00    0.03    0.15    2.68 v _22_/X (sky130_fd_sc_hd__and2_1)
                                         _08_ (net)
                  0.03    0.00    2.68 v _23_/A (sky130_fd_sc_hd__clkbuf_1)
     1    0.00    0.03    0.09    2.77 v _23_/X (sky130_fd_sc_hd__clkbuf_1)
                                         net11 (net)
                  0.03    0.00    2.77 v output11/A (sky130_fd_sc_hd__buf_2)
     1    0.03    0.09    0.18    2.95 v output11/X (sky130_fd_sc_hd__buf_2)
                                         out[2] (net)
                  0.09    0.00    2.95 v out[2] (out)
                                  2.95   data arrival time

                  0.00   10.00   10.00   clock __VIRTUAL_CLK__ (rise edge)
                          0.00   10.00   clock network delay (ideal)
                         -0.25    9.75   clock uncertainty
                          0.00    9.75   clock reconvergence pessimism
                         -2.00    7.75   output external delay
                                  7.75   data required time
-----------------------------------------------------------------------------
                                  7.75   data required time
                                 -2.95   data arrival time
-----------------------------------------------------------------------------
                                  4.80   slack (MET)


Startpoint: in[0] (input port clocked by __VIRTUAL_CLK__)
Endpoint: out[1] (output port clocked by __VIRTUAL_CLK__)
Path Group: __VIRTUAL_CLK__
Path Type: max

Fanout     Cap    Slew   Delay    Time   Description
-----------------------------------------------------------------------------
                  0.00    0.00    0.00   clock __VIRTUAL_CLK__ (rise edge)
                          0.00    0.00   clock network delay (ideal)
                          2.00    2.00 ^ input external delay
     1    0.00    0.02    0.01    2.01 ^ in[0] (in)
                                         in[0] (net)
                  0.02    0.00    2.01 ^ input1/A (sky130_fd_sc_hd__dlymetal6s2s_1)
     5    0.02    0.18    0.18    2.19 ^ input1/X (sky130_fd_sc_hd__dlymetal6s2s_1)
                                         net1 (net)
                  0.18    0.00    2.19 ^ _19_/B (sky130_fd_sc_hd__xor2_1)
     1    0.00    0.13    0.18    2.38 ^ _19_/X (sky130_fd_sc_hd__xor2_1)
                                         net10 (net)
                  0.13    0.00    2.38 ^ output10/A (sky130_fd_sc_hd__buf_2)
     1    0.03    0.17    0.24    2.62 ^ output10/X (sky130_fd_sc_hd__buf_2)
                                         out[1] (net)
                  0.17    0.00    2.62 ^ out[1] (out)
                                  2.62   data arrival time

                  0.00   10.00   10.00   clock __VIRTUAL_CLK__ (rise edge)
                          0.00   10.00   clock network delay (ideal)
                         -0.25    9.75   clock uncertainty
                          0.00    9.75   clock reconvergence pessimism
                         -2.00    7.75   output external delay
                                  7.75   data required time
-----------------------------------------------------------------------------
                                  7.75   data required time
                                 -2.62   data arrival time
-----------------------------------------------------------------------------
                                  5.13   slack (MET)


Startpoint: in[0] (input port clocked by __VIRTUAL_CLK__)
Endpoint: out[0] (output port clocked by __VIRTUAL_CLK__)
Path Group: __VIRTUAL_CLK__
Path Type: max

Fanout     Cap    Slew   Delay    Time   Description
-----------------------------------------------------------------------------
                  0.00    0.00    0.00   clock __VIRTUAL_CLK__ (rise edge)
                          0.00    0.00   clock network delay (ideal)
                          2.00    2.00 ^ input external delay
     1    0.00    0.02    0.01    2.01 ^ in[0] (in)
                                         in[0] (net)
                  0.02    0.00    2.01 ^ input1/A (sky130_fd_sc_hd__dlymetal6s2s_1)
     5    0.02    0.18    0.18    2.19 ^ input1/X (sky130_fd_sc_hd__dlymetal6s2s_1)
                                         net1 (net)
                  0.18    0.00    2.19 ^ _25_/A (sky130_fd_sc_hd__clkbuf_1)
     1    0.00    0.07    0.13    2.33 ^ _25_/X (sky130_fd_sc_hd__clkbuf_1)
                                         net9 (net)
                  0.07    0.00    2.33 ^ output9/A (sky130_fd_sc_hd__buf_2)
     1    0.03    0.17    0.22    2.54 ^ output9/X (sky130_fd_sc_hd__buf_2)
                                         out[0] (net)
                  0.17    0.00    2.54 ^ out[0] (out)
                                  2.54   data arrival time

                  0.00   10.00   10.00   clock __VIRTUAL_CLK__ (rise edge)
                          0.00   10.00   clock network delay (ideal)
                         -0.25    9.75   clock uncertainty
                          0.00    9.75   clock reconvergence pessimism
                         -2.00    7.75   output external delay
                                  7.75   data required time
-----------------------------------------------------------------------------
                                  7.75   data required time
                                 -2.54   data arrival time
-----------------------------------------------------------------------------
                                  5.21   slack (MET)



worst slack corner Typical: 3.9308
max_report_end
checks_report

===========================================================================
report_checks -unconstrained
===========================================================================
======================= Typical Corner ===================================

Startpoint: in[3] (input port clocked by __VIRTUAL_CLK__)
Endpoint: out[6] (output port clocked by __VIRTUAL_CLK__)
Path Group: __VIRTUAL_CLK__
Path Type: max

Fanout     Cap    Slew   Delay    Time   Description
-----------------------------------------------------------------------------
                  0.00    0.00    0.00   clock __VIRTUAL_CLK__ (rise edge)
                          0.00    0.00   clock network delay (ideal)
                          2.00    2.00 v input external delay
     1    0.00    0.01    0.00    2.00 v in[3] (in)
                                         in[3] (net)
                  0.01    0.00    2.00 v input4/A (sky130_fd_sc_hd__clkbuf_1)
     2    0.01    0.04    0.09    2.09 v input4/X (sky130_fd_sc_hd__clkbuf_1)
                                         net4 (net)
                  0.04    0.00    2.09 v _09_/A (sky130_fd_sc_hd__or4_2)
     5    0.01    0.14    0.76    2.85 v _09_/X (sky130_fd_sc_hd__or4_2)
                                         _00_ (net)
                  0.14    0.00    2.85 v _15_/D (sky130_fd_sc_hd__or4_1)
     2    0.01    0.11    0.49    3.34 v _15_/X (sky130_fd_sc_hd__or4_1)
                                         _04_ (net)
                  0.11    0.00    3.34 v _16_/B (sky130_fd_sc_hd__and2b_1)
     1    0.00    0.04    0.19    3.53 v _16_/X (sky130_fd_sc_hd__and2b_1)
                                         _05_ (net)
                  0.04    0.00    3.53 v _17_/A (sky130_fd_sc_hd__clkbuf_1)
     1    0.01    0.04    0.10    3.63 v _17_/X (sky130_fd_sc_hd__clkbuf_1)
                                         net15 (net)
                  0.04    0.00    3.63 v output15/A (sky130_fd_sc_hd__buf_2)
     1    0.03    0.09    0.19    3.82 v output15/X (sky130_fd_sc_hd__buf_2)
                                         out[6] (net)
                  0.09    0.00    3.82 v out[6] (out)
                                  3.82   data arrival time

                  0.00   10.00   10.00   clock __VIRTUAL_CLK__ (rise edge)
                          0.00   10.00   clock network delay (ideal)
                         -0.25    9.75   clock uncertainty
                          0.00    9.75   clock reconvergence pessimism
                         -2.00    7.75   output external delay
                                  7.75   data required time
-----------------------------------------------------------------------------
                                  7.75   data required time
                                 -3.82   data arrival time
-----------------------------------------------------------------------------
                                  3.93   slack (MET)




===========================================================================
report_checks --slack_max -0.01
============================================================================
======================= Typical Corner ===================================

No paths found.


===========================================================================
 report_check_types -max_slew -max_cap -max_fanout -violators
============================================================================
======================= Typical Corner ===================================


max slew violations count Typical: 0
max fanout violations count Typical: 0
max cap violations count Typical: 0

===========================================================================
report_parasitic_annotation -report_unannotated
============================================================================
Found 0 unannotated drivers.
Found 0 partially unannotated drivers.

===========================================================================
max slew violation count 0
max fanout violation count 0
max cap violation count 0
============================================================================

===========================================================================
check_setup -verbose -unconstrained_endpoints -multiple_clock -no_clock -no_input_delay -loops -generated_clocks
===========================================================================
checks_report_end
power_report

===========================================================================
 report_power
============================================================================
======================= Typical Corner ===================================

Group                  Internal  Switching    Leakage      Total
                          Power      Power      Power      Power (Watts)
----------------------------------------------------------------
Sequential             0.00e+00   0.00e+00   0.00e+00   0.00e+00   0.0%
Combinational          4.26e-06   8.44e-06   9.05e-11   1.27e-05 100.0%
Clock                  0.00e+00   0.00e+00   8.42e-11   8.42e-11   0.0%
Macro                  0.00e+00   0.00e+00   0.00e+00   0.00e+00   0.0%
Pad                    0.00e+00   0.00e+00   0.00e+00   0.00e+00   0.0%
----------------------------------------------------------------
Total                  4.26e-06   8.44e-06   1.75e-10   1.27e-05 100.0%
                          33.6%      66.4%       0.0%

power_report_end
summary_report

===========================================================================
report_tns
============================================================================
tns 0.00

===========================================================================
report_wns
============================================================================
wns 0.00

===========================================================================
report_worst_slack -max (Setup)
============================================================================
worst slack 3.93

===========================================================================
report_worst_slack -min (Hold)
============================================================================
worst slack 4.09
summary_report_end
area_report

===========================================================================
report_design_area
============================================================================
Design area 199 u^2 24% utilization.
area_report_end
check_nonpropagated_clocks
__VIRTUAL_CLK__
check_nonpropagated_clocks_end
[WARNING] Did not save OpenROAD database!
Writing SDF to '/openlane/designs/twos_complement/runs/RUN_2025.04.25_20.27.30/results/signoff/twos_complement.sdf'…
Writing timing model to '/openlane/designs/twos_complement/runs/RUN_2025.04.25_20.27.30/results/signoff/twos_complement.lib'…
