Instance,Terminal,Layer,X location,Y location,Voltage
FILLER_0_27_181,VGND,li1,89.0100,87.0400,0.000005
FILLER_0_27_169,VGND,li1,86.0200,87.0400,0.000005
FILLER_0_27_145,VGND,li1,74.9800,87.0400,0.000006
FILLER_0_27_137,VGND,li1,69.2300,87.0400,0.000005
FILLER_0_27_129,VGND,li1,66.7000,87.0400,0.000004
FILLER_0_27_117,VGND,li1,62.1000,87.0400,0.000004
FILLER_0_27_109,VGND,li1,56.3500,87.0400,0.000004
FILLER_0_27_101,VGND,li1,53.8200,87.0400,0.000004
FILLER_0_27_89,VGND,li1,49.2200,87.0400,0.000004
FILLER_0_27_82,VGND,li1,43.7000,87.0400,0.000004
FILLER_0_27_70,VGND,li1,40.4800,87.0400,0.000004
FILLER_0_27_51,VGND,li1,29.2100,87.0400,0.000005
FILLER_0_27_45,VGND,li1,27.6000,87.0400,0.000005
FILLER_0_27_33,VGND,li1,23.4600,87.0400,0.000005
FILLER_0_27_22,VGND,li1,17.0200,87.0400,0.000005
FILLER_0_27_10,VGND,li1,12.8800,87.0400,0.000004
FILLER_0_26_184,VGND,li1,90.6200,81.6000,0.000009
FILLER_0_26_176,VGND,li1,87.8600,81.6000,0.000008
FILLER_0_26_150,VGND,li1,75.4400,81.6000,0.000012
FILLER_0_26_141,VGND,li1,71.0700,81.6000,0.000011
FILLER_0_26_139,VGND,li1,69.6900,81.6000,0.000011
FILLER_0_26_133,VGND,li1,68.0800,81.6000,0.000010
FILLER_0_26_121,VGND,li1,63.9400,81.6000,0.000008
FILLER_0_26_109,VGND,li1,58.4200,81.6000,0.000009
FILLER_0_26_97,VGND,li1,52.9000,81.6000,0.000009
FILLER_0_26_85,VGND,li1,47.3800,81.6000,0.000009
FILLER_0_26_81,VGND,li1,43.4700,81.6000,0.000008
FILLER_0_26_69,VGND,li1,40.0200,81.6000,0.000007
FILLER_0_26_37,VGND,li1,23.2300,81.6000,0.000009
FILLER_0_26_29,VGND,li1,20.7000,81.6000,0.000008
FILLER_0_26_26,VGND,li1,17.9400,81.6000,0.000007
FILLER_0_26_19,VGND,li1,14.7200,81.6000,0.000006
FILLER_0_26_7,VGND,li1,11.5000,81.6000,0.000006
FILLER_0_25_189,VGND,li1,92.6900,81.6000,0.000010
FILLER_0_25_181,VGND,li1,90.6200,81.6000,0.000009
FILLER_0_25_169,VGND,li1,86.0200,81.6000,0.000009
FILLER_0_25_167,VGND,li1,82.5700,81.6000,0.000011
FILLER_0_25_157,VGND,li1,78.4300,81.6000,0.000012
FILLER_0_25_149,VGND,li1,75.9000,81.6000,0.000012
FILLER_0_25_122,VGND,li1,63.0200,81.6000,0.000008
FILLER_0_25_113,VGND,li1,57.9600,81.6000,0.000009
FILLER_0_25_111,VGND,li1,56.8100,81.6000,0.000009
FILLER_0_25_91,VGND,li1,48.0700,81.6000,0.000009
FILLER_0_25_83,VGND,li1,45.5400,81.6000,0.000008
FILLER_0_25_69,VGND,li1,39.1000,81.6000,0.000007
FILLER_0_25_57,VGND,li1,34.5000,81.6000,0.000009
FILLER_0_25_50,VGND,li1,29.9000,81.6000,0.000010
FILLER_0_25_41,VGND,li1,25.0700,81.6000,0.000010
FILLER_0_25_33,VGND,li1,22.5400,81.6000,0.000009
FILLER_0_25_21,VGND,li1,17.9400,81.6000,0.000007
FILLER_0_25_15,VGND,li1,12.8800,81.6000,0.000006
FILLER_0_25_3,VGND,li1,9.6600,81.6000,0.000006
FILLER_0_24_189,VGND,li1,92.6900,76.1600,0.000002
FILLER_0_24_183,VGND,li1,91.0800,76.1600,0.000002
FILLER_0_24_171,VGND,li1,86.9400,76.1600,0.000002
FILLER_0_24_159,VGND,li1,81.4200,76.1600,0.000003
FILLER_0_24_153,VGND,li1,76.1300,76.1600,0.000003
FILLER_0_24_141,VGND,li1,73.1400,76.1600,0.000003
FILLER_0_24_134,VGND,li1,68.5400,76.1600,0.000003
FILLER_0_24_122,VGND,li1,64.4000,76.1600,0.000003
FILLER_0_24_110,VGND,li1,58.8800,76.1600,0.000004
FILLER_0_24_98,VGND,li1,53.3600,76.1600,0.000005
FILLER_0_24_93,VGND,li1,48.7600,76.1600,0.000005
FILLER_0_24_85,VGND,li1,46.4600,76.1600,0.000005
FILLER_0_24_76,VGND,li1,42.3200,76.1600,0.000005
FILLER_0_24_66,VGND,li1,36.8000,76.1600,0.000006
FILLER_0_24_54,VGND,li1,33.1200,76.1600,0.000007
FILLER_0_24_49,VGND,li1,28.5200,76.1600,0.000006
FILLER_0_24_41,VGND,li1,26.2200,76.1600,0.000006
FILLER_0_24_29,VGND,li1,21.6200,76.1600,0.000006
FILLER_0_24_27,VGND,li1,18.1700,76.1600,0.000005
FILLER_0_24_11,VGND,li1,11.2700,76.1600,0.000005
FILLER_0_24_3,VGND,li1,8.7400,76.1600,0.000005
FILLER_0_23_188,VGND,li1,92.4600,76.1600,0.000002
FILLER_0_23_176,VGND,li1,89.2400,76.1600,0.000002
FILLER_0_23_169,VGND,li1,83.7200,76.1600,0.000002
FILLER_0_23_167,VGND,li1,82.5700,76.1600,0.000003
FILLER_0_23_163,VGND,li1,81.4200,76.1600,0.000003
FILLER_0_23_144,VGND,li1,73.6000,76.1600,0.000003
FILLER_0_23_132,VGND,li1,69.0000,76.1600,0.000003
FILLER_0_23_120,VGND,li1,63.4800,76.1600,0.000003
FILLER_0_23_113,VGND,li1,57.9600,76.1600,0.000004
FILLER_0_23_111,VGND,li1,56.8100,76.1600,0.000005
FILLER_0_23_94,VGND,li1,50.1400,76.1600,0.000005
FILLER_0_23_82,VGND,li1,46.0000,76.1600,0.000005
FILLER_0_23_70,VGND,li1,40.4800,76.1600,0.000005
FILLER_0_23_51,VGND,li1,29.4400,76.1600,0.000006
FILLER_0_23_43,VGND,li1,27.1400,76.1600,0.000006
FILLER_0_23_31,VGND,li1,22.5400,76.1600,0.000006
FILLER_0_23_19,VGND,li1,17.0200,76.1600,0.000005
FILLER_0_23_3,VGND,li1,7.1300,76.1600,0.000005
FILLER_0_22_162,VGND,li1,82.8000,70.7200,0.000007
FILLER_0_22_150,VGND,li1,77.2800,70.7200,0.000007
FILLER_0_22_141,VGND,li1,71.7600,70.7200,0.000007
FILLER_0_22_137,VGND,li1,69.2300,70.7200,0.000007
FILLER_0_22_129,VGND,li1,66.7000,70.7200,0.000006
FILLER_0_22_117,VGND,li1,62.1000,70.7200,0.000006
FILLER_0_22_105,VGND,li1,56.5800,70.7200,0.000007
FILLER_0_22_97,VGND,li1,50.8300,70.7200,0.000007
FILLER_0_22_85,VGND,li1,47.3800,70.7200,0.000007
FILLER_0_22_82,VGND,li1,43.7000,70.7200,0.000006
FILLER_0_22_70,VGND,li1,40.4800,70.7200,0.000005
FILLER_0_22_58,VGND,li1,34.9600,70.7200,0.000005
FILLER_0_22_49,VGND,li1,28.2900,70.7200,0.000005
FILLER_0_22_41,VGND,li1,26.2200,70.7200,0.000005
FILLER_0_22_29,VGND,li1,21.6200,70.7200,0.000006
FILLER_0_22_10,VGND,li1,11.5000,70.7200,0.000007
FILLER_0_21_180,VGND,li1,89.7000,70.7200,0.000006
FILLER_0_21_173,VGND,li1,85.3300,70.7200,0.000007
FILLER_0_21_169,VGND,li1,84.1800,70.7200,0.000007
FILLER_0_21_166,VGND,li1,82.3400,70.7200,0.000007
FILLER_0_21_157,VGND,li1,79.1200,70.7200,0.000007
FILLER_0_21_145,VGND,li1,74.9800,70.7200,0.000007
FILLER_0_21_128,VGND,li1,65.3200,70.7200,0.000006
FILLER_0_21_113,VGND,li1,58.8800,70.7200,0.000007
FILLER_0_21_103,VGND,li1,53.3600,70.7200,0.000007
FILLER_0_21_95,VGND,li1,51.0600,70.7200,0.000007
FILLER_0_21_73,VGND,li1,39.3300,70.7200,0.000004
FILLER_0_21_69,VGND,li1,38.1800,70.7200,0.000004
FILLER_0_21_57,VGND,li1,34.5000,70.7200,0.000005
FILLER_0_21_53,VGND,li1,30.5900,70.7200,0.000005
FILLER_0_21_41,VGND,li1,27.1400,70.7200,0.000005
FILLER_0_21_29,VGND,li1,21.6200,70.7200,0.000006
FILLER_0_21_19,VGND,li1,15.1800,70.7200,0.000006
FILLER_0_21_7,VGND,li1,11.5000,70.7200,0.000007
FILLER_0_20_188,VGND,li1,92.4600,65.2800,0.000002
FILLER_0_20_182,VGND,li1,89.9300,65.2800,0.000002
FILLER_0_20_170,VGND,li1,86.4800,65.2800,0.000002
FILLER_0_20_161,VGND,li1,80.0400,65.2800,0.000002
FILLER_0_20_153,VGND,li1,77.7400,65.2800,0.000002
FILLER_0_20_141,VGND,li1,73.1400,65.2800,0.000003
FILLER_0_20_139,VGND,li1,69.6900,65.2800,0.000003
FILLER_0_20_133,VGND,li1,67.3900,65.2800,0.000003
FILLER_0_20_121,VGND,li1,63.9400,65.2800,0.000002
FILLER_0_20_97,VGND,li1,52.9000,65.2800,0.000003
FILLER_0_20_85,VGND,li1,47.3800,65.2800,0.000003
FILLER_0_20_83,VGND,li1,43.9300,65.2800,0.000003
FILLER_0_20_79,VGND,li1,42.7800,65.2800,0.000003
FILLER_0_20_67,VGND,li1,39.1000,65.2800,0.000003
FILLER_0_20_62,VGND,li1,34.2700,65.2800,0.000004
FILLER_0_20_54,VGND,li1,30.5900,65.2800,0.000004
FILLER_0_20_50,VGND,li1,29.4400,65.2800,0.000004
FILLER_0_20_41,VGND,li1,24.8400,65.2800,0.000004
FILLER_0_20_33,VGND,li1,20.9300,65.2800,0.000004
FILLER_0_20_29,VGND,li1,19.7800,65.2800,0.000003
FILLER_0_20_27,VGND,li1,18.1700,65.2800,0.000003
FILLER_0_20_15,VGND,li1,15.1800,65.2800,0.000003
FILLER_0_20_3,VGND,li1,9.6600,65.2800,0.000003
FILLER_0_19_189,VGND,li1,92.6900,65.2800,0.000002
FILLER_0_19_181,VGND,li1,90.6200,65.2800,0.000002
FILLER_0_19_169,VGND,li1,86.0200,65.2800,0.000002
FILLER_0_19_162,VGND,li1,81.4200,65.2800,0.000002
FILLER_0_19_150,VGND,li1,77.2800,65.2800,0.000002
FILLER_0_19_138,VGND,li1,71.7600,65.2800,0.000003
FILLER_0_19_133,VGND,li1,67.1600,65.2800,0.000003
FILLER_0_19_125,VGND,li1,64.8600,65.2800,0.000002
FILLER_0_19_113,VGND,li1,60.2600,65.2800,0.000003
FILLER_0_19_111,VGND,li1,56.8100,65.2800,0.000003
FILLER_0_19_107,VGND,li1,55.6600,65.2800,0.000003
FILLER_0_19_95,VGND,li1,51.9800,65.2800,0.000003
FILLER_0_19_83,VGND,li1,46.4600,65.2800,0.000003
FILLER_0_19_71,VGND,li1,40.9400,65.2800,0.000003
FILLER_0_19_65,VGND,li1,35.6500,65.2800,0.000004
FILLER_0_19_57,VGND,li1,33.5800,65.2800,0.000004
FILLER_0_19_54,VGND,li1,30.8200,65.2800,0.000004
FILLER_0_19_46,VGND,li1,28.5200,65.2800,0.000004
FILLER_0_19_38,VGND,li1,23.2300,65.2800,0.000004
FILLER_0_19_34,VGND,li1,22.0800,65.2800,0.000004
FILLER_0_19_22,VGND,li1,18.4000,65.2800,0.000003
FILLER_0_19_11,VGND,li1,11.0400,65.2800,0.000003
FILLER_0_19_3,VGND,li1,8.7400,65.2800,0.000003
FILLER_0_18_188,VGND,li1,92.4600,59.8400,0.000005
FILLER_0_18_182,VGND,li1,89.4700,59.8400,0.000005
FILLER_0_18_174,VGND,li1,87.4000,59.8400,0.000005
FILLER_0_18_162,VGND,li1,82.8000,59.8400,0.000005
FILLER_0_18_154,VGND,li1,76.5900,59.8400,0.000005
FILLER_0_18_146,VGND,li1,74.5200,59.8400,0.000005
FILLER_0_18_139,VGND,li1,69.6900,59.8400,0.000004
FILLER_0_18_133,VGND,li1,68.0800,59.8400,0.000004
FILLER_0_18_121,VGND,li1,63.9400,59.8400,0.000004
FILLER_0_18_109,VGND,li1,58.4200,59.8400,0.000004
FILLER_0_18_97,VGND,li1,52.9000,59.8400,0.000004
FILLER_0_18_85,VGND,li1,47.3800,59.8400,0.000003
FILLER_0_18_83,VGND,li1,43.9300,59.8400,0.000003
FILLER_0_18_77,VGND,li1,42.3200,59.8400,0.000003
FILLER_0_18_65,VGND,li1,38.1800,59.8400,0.000002
FILLER_0_18_53,VGND,li1,32.6600,59.8400,0.000003
FILLER_0_18_41,VGND,li1,27.1400,59.8400,0.000003
FILLER_0_18_29,VGND,li1,21.6200,59.8400,0.000002
FILLER_0_18_27,VGND,li1,18.1700,59.8400,0.000002
FILLER_0_18_15,VGND,li1,15.1800,59.8400,0.000002
FILLER_0_18_3,VGND,li1,9.6600,59.8400,0.000002
FILLER_0_17_185,VGND,li1,90.8500,59.8400,0.000005
FILLER_0_17_181,VGND,li1,89.7000,59.8400,0.000005
FILLER_0_17_169,VGND,li1,86.0200,59.8400,0.000005
FILLER_0_17_167,VGND,li1,82.5700,59.8400,0.000006
FILLER_0_17_158,VGND,li1,78.8900,59.8400,0.000006
FILLER_0_17_150,VGND,li1,76.3600,59.8400,0.000005
FILLER_0_17_138,VGND,li1,71.7600,59.8400,0.000005
FILLER_0_17_126,VGND,li1,66.2400,59.8400,0.000004
FILLER_0_17_118,VGND,li1,60.0300,59.8400,0.000004
FILLER_0_17_111,VGND,li1,56.8100,59.8400,0.000004
FILLER_0_17_103,VGND,li1,54.7400,59.8400,0.000004
FILLER_0_17_91,VGND,li1,50.1400,59.8400,0.000004
FILLER_0_17_83,VGND,li1,43.9300,59.8400,0.000003
FILLER_0_17_75,VGND,li1,41.8600,59.8400,0.000003
FILLER_0_17_63,VGND,li1,37.2600,59.8400,0.000002
FILLER_0_17_57,VGND,li1,31.9700,59.8400,0.000003
FILLER_0_17_55,VGND,li1,31.0500,59.8400,0.000003
FILLER_0_17_51,VGND,li1,29.9000,59.8400,0.000003
FILLER_0_17_43,VGND,li1,26.2200,59.8400,0.000003
FILLER_0_17_31,VGND,li1,22.5400,59.8400,0.000002
FILLER_0_17_19,VGND,li1,17.0200,59.8400,0.000002
FILLER_0_17_7,VGND,li1,11.5000,59.8400,0.000002
FILLER_0_16_184,VGND,li1,91.5400,54.4000,0.000004
FILLER_0_16_172,VGND,li1,87.4000,54.4000,0.000004
FILLER_0_16_165,VGND,li1,81.6500,54.4000,0.000007
FILLER_0_16_157,VGND,li1,77.9700,54.4000,0.000007
FILLER_0_16_153,VGND,li1,76.8200,54.4000,0.000007
FILLER_0_16_141,VGND,li1,73.1400,54.4000,0.000007
FILLER_0_16_137,VGND,li1,69.2300,54.4000,0.000007
FILLER_0_16_125,VGND,li1,65.7800,54.4000,0.000007
FILLER_0_16_113,VGND,li1,60.2600,54.4000,0.000007
FILLER_0_16_93,VGND,li1,48.9900,54.4000,0.000008
FILLER_0_16_85,VGND,li1,46.4600,54.4000,0.000007
FILLER_0_16_82,VGND,li1,43.7000,54.4000,0.000006
FILLER_0_16_70,VGND,li1,40.4800,54.4000,0.000005
FILLER_0_16_61,VGND,li1,33.8100,54.4000,0.000004
FILLER_0_16_55,VGND,li1,32.2000,54.4000,0.000004
FILLER_0_16_43,VGND,li1,28.0600,54.4000,0.000004
FILLER_0_16_35,VGND,li1,21.8500,54.4000,0.000003
FILLER_0_16_29,VGND,li1,20.2400,54.4000,0.000003
FILLER_0_16_27,VGND,li1,18.1700,54.4000,0.000002
FILLER_0_16_23,VGND,li1,17.0200,54.4000,0.000002
FILLER_0_16_11,VGND,li1,13.3400,54.4000,0.000002
FILLER_0_16_7,VGND,li1,8.9700,54.4000,0.000002
FILLER_0_16_3,VGND,li1,7.8200,54.4000,0.000002
FILLER_0_15_188,VGND,li1,92.4600,54.4000,0.000004
FILLER_0_15_176,VGND,li1,89.2400,54.4000,0.000004
FILLER_0_15_165,VGND,li1,82.1100,54.4000,0.000007
FILLER_0_15_157,VGND,li1,79.5800,54.4000,0.000007
FILLER_0_15_145,VGND,li1,74.9800,54.4000,0.000007
FILLER_0_15_121,VGND,li1,61.8700,54.4000,0.000006
FILLER_0_15_113,VGND,li1,59.3400,54.4000,0.000007
FILLER_0_15_109,VGND,li1,56.3500,54.4000,0.000007
FILLER_0_15_101,VGND,li1,53.8200,54.4000,0.000008
FILLER_0_15_89,VGND,li1,46.6900,54.4000,0.000007
FILLER_0_15_81,VGND,li1,43.2400,54.4000,0.000006
FILLER_0_15_69,VGND,li1,40.0200,54.4000,0.000005
FILLER_0_15_57,VGND,li1,34.5000,54.4000,0.000005
FILLER_0_15_55,VGND,li1,31.0500,54.4000,0.000004
FILLER_0_15_51,VGND,li1,29.9000,54.4000,0.000004
FILLER_0_15_39,VGND,li1,26.2200,54.4000,0.000004
FILLER_0_15_27,VGND,li1,20.7000,54.4000,0.000003
FILLER_0_15_15,VGND,li1,15.1800,54.4000,0.000002
FILLER_0_15_3,VGND,li1,9.6600,54.4000,0.000002
FILLER_0_14_184,VGND,li1,91.5400,48.9600,0.000003
FILLER_0_14_172,VGND,li1,87.4000,48.9600,0.000004
FILLER_0_14_160,VGND,li1,81.8800,48.9600,0.000005
FILLER_0_14_152,VGND,li1,75.6700,48.9600,0.000004
FILLER_0_14_146,VGND,li1,74.0600,48.9600,0.000004
FILLER_0_14_141,VGND,li1,70.8400,48.9600,0.000004
FILLER_0_14_139,VGND,li1,69.6900,48.9600,0.000004
FILLER_0_14_135,VGND,li1,68.5400,48.9600,0.000004
FILLER_0_14_123,VGND,li1,64.8600,48.9600,0.000003
FILLER_0_14_115,VGND,li1,58.6500,48.9600,0.000004
FILLER_0_14_109,VGND,li1,57.0400,48.9600,0.000004
FILLER_0_14_97,VGND,li1,52.9000,48.9600,0.000004
FILLER_0_14_85,VGND,li1,47.3800,48.9600,0.000005
FILLER_0_14_83,VGND,li1,43.9300,48.9600,0.000005
FILLER_0_14_71,VGND,li1,40.9400,48.9600,0.000005
FILLER_0_14_60,VGND,li1,33.8100,48.9600,0.000007
FILLER_0_14_48,VGND,li1,28.9800,48.9600,0.000008
FILLER_0_14_41,VGND,li1,25.3000,48.9600,0.000007
FILLER_0_14_29,VGND,li1,21.6200,48.9600,0.000007
FILLER_0_14_26,VGND,li1,17.9400,48.9600,0.000006
FILLER_0_14_12,VGND,li1,11.5000,48.9600,0.000006
FILLER_0_14_3,VGND,li1,7.5900,48.9600,0.000006
FILLER_0_13_182,VGND,li1,91.0800,48.9600,0.000003
FILLER_0_13_156,VGND,li1,78.6600,48.9600,0.000005
FILLER_0_13_144,VGND,li1,74.5200,48.9600,0.000004
FILLER_0_13_132,VGND,li1,69.0000,48.9600,0.000004
FILLER_0_13_125,VGND,li1,63.2500,48.9600,0.000003
FILLER_0_13_113,VGND,li1,60.2600,48.9600,0.000004
FILLER_0_13_106,VGND,li1,55.6600,48.9600,0.000004
FILLER_0_13_94,VGND,li1,51.5200,48.9600,0.000004
FILLER_0_13_82,VGND,li1,46.0000,48.9600,0.000005
FILLER_0_13_70,VGND,li1,40.4800,48.9600,0.000005
FILLER_0_13_63,VGND,li1,35.4200,48.9600,0.000007
FILLER_0_13_55,VGND,li1,31.0500,48.9600,0.000008
FILLER_0_13_51,VGND,li1,29.9000,48.9600,0.000008
FILLER_0_13_39,VGND,li1,25.3000,48.9600,0.000007
FILLER_0_13_27,VGND,li1,20.7000,48.9600,0.000007
FILLER_0_13_15,VGND,li1,15.1800,48.9600,0.000006
FILLER_0_13_3,VGND,li1,8.2800,48.9600,0.000006
FILLER_0_12_185,VGND,li1,90.8500,43.5200,0.000005
FILLER_0_12_177,VGND,li1,88.7800,43.5200,0.000005
FILLER_0_12_165,VGND,li1,84.1800,43.5200,0.000005
FILLER_0_12_153,VGND,li1,78.6600,43.5200,0.000006
FILLER_0_12_147,VGND,li1,73.3700,43.5200,0.000006
FILLER_0_12_141,VGND,li1,71.7600,43.5200,0.000006
FILLER_0_12_138,VGND,li1,69.4600,43.5200,0.000006
FILLER_0_12_130,VGND,li1,67.1600,43.5200,0.000006
FILLER_0_12_126,VGND,li1,63.7100,43.5200,0.000005
FILLER_0_12_120,VGND,li1,62.1000,43.5200,0.000005
FILLER_0_12_108,VGND,li1,57.9600,43.5200,0.000006
FILLER_0_12_97,VGND,li1,51.0600,43.5200,0.000007
FILLER_0_12_85,VGND,li1,47.3800,43.5200,0.000006
FILLER_0_12_78,VGND,li1,42.7800,43.5200,0.000005
FILLER_0_12_66,VGND,li1,38.6400,43.5200,0.000004
FILLER_0_12_54,VGND,li1,33.1200,43.5200,0.000006
FILLER_0_12_42,VGND,li1,27.6000,43.5200,0.000007
FILLER_0_12_35,VGND,li1,22.3100,43.5200,0.000008
FILLER_0_12_27,VGND,li1,18.1700,43.5200,0.000007
FILLER_0_12_7,VGND,li1,9.6600,43.5200,0.000007
FILLER_0_11_189,VGND,li1,92.6900,43.5200,0.000005
FILLER_0_11_181,VGND,li1,90.6200,43.5200,0.000005
FILLER_0_11_169,VGND,li1,86.0200,43.5200,0.000005
FILLER_0_11_162,VGND,li1,81.4200,43.5200,0.000006
FILLER_0_11_150,VGND,li1,77.2800,43.5200,0.000006
FILLER_0_11_144,VGND,li1,71.9900,43.5200,0.000006
FILLER_0_11_138,VGND,li1,70.3800,43.5200,0.000006
FILLER_0_11_133,VGND,li1,66.9300,43.5200,0.000006
FILLER_0_11_121,VGND,li1,63.9400,43.5200,0.000005
FILLER_0_11_113,VGND,li1,57.7300,43.5200,0.000006
FILLER_0_11_110,VGND,li1,56.5800,43.5200,0.000006
FILLER_0_11_97,VGND,li1,50.3700,43.5200,0.000006
FILLER_0_11_93,VGND,li1,49.2200,43.5200,0.000006
FILLER_0_11_81,VGND,li1,45.5400,43.5200,0.000005
FILLER_0_11_69,VGND,li1,40.0200,43.5200,0.000004
FILLER_0_11_57,VGND,li1,34.5000,43.5200,0.000005
FILLER_0_11_48,VGND,li1,29.4400,43.5200,0.000006
FILLER_0_11_41,VGND,li1,25.3000,43.5200,0.000008
FILLER_0_11_34,VGND,li1,22.0800,43.5200,0.000008
FILLER_0_11_27,VGND,li1,18.6300,43.5200,0.000007
FILLER_0_11_15,VGND,li1,15.1800,43.5200,0.000007
FILLER_0_11_3,VGND,li1,9.6600,43.5200,0.000007
FILLER_0_10_189,VGND,li1,92.6900,38.0800,0.000003
FILLER_0_10_181,VGND,li1,90.6200,38.0800,0.000003
FILLER_0_10_169,VGND,li1,86.0200,38.0800,0.000003
FILLER_0_10_161,VGND,li1,80.0400,38.0800,0.000004
FILLER_0_10_153,VGND,li1,77.7400,38.0800,0.000004
FILLER_0_10_141,VGND,li1,73.1400,38.0800,0.000004
FILLER_0_10_139,VGND,li1,69.6900,38.0800,0.000003
FILLER_0_10_133,VGND,li1,68.0800,38.0800,0.000003
FILLER_0_10_114,VGND,li1,59.3400,38.0800,0.000002
FILLER_0_10_97,VGND,li1,52.9000,38.0800,0.000002
FILLER_0_10_85,VGND,li1,47.3800,38.0800,0.000002
FILLER_0_10_83,VGND,li1,43.9300,38.0800,0.000002
FILLER_0_10_71,VGND,li1,40.9400,38.0800,0.000002
FILLER_0_10_59,VGND,li1,35.4200,38.0800,0.000002
FILLER_0_10_49,VGND,li1,28.5200,38.0800,0.000002
FILLER_0_10_41,VGND,li1,26.2200,38.0800,0.000002
FILLER_0_10_29,VGND,li1,21.6200,38.0800,0.000002
FILLER_0_10_20,VGND,li1,16.5600,38.0800,0.000002
FILLER_0_10_14,VGND,li1,12.4200,38.0800,0.000002
FILLER_0_10_11,VGND,li1,10.8100,38.0800,0.000002
FILLER_0_10_3,VGND,li1,8.7400,38.0800,0.000002
FILLER_0_9_173,VGND,li1,85.3300,38.0800,0.000003
FILLER_0_9_169,VGND,li1,84.1800,38.0800,0.000003
FILLER_0_9_165,VGND,li1,82.1100,38.0800,0.000004
FILLER_0_9_157,VGND,li1,79.5800,38.0800,0.000004
FILLER_0_9_137,VGND,li1,69.9200,38.0800,0.000003
FILLER_0_9_125,VGND,li1,65.7800,38.0800,0.000003
FILLER_0_9_113,VGND,li1,60.2600,38.0800,0.000002
FILLER_0_9_110,VGND,li1,56.5800,38.0800,0.000002
FILLER_0_9_102,VGND,li1,54.2800,38.0800,0.000002
FILLER_0_9_90,VGND,li1,49.6800,38.0800,0.000002
FILLER_0_9_78,VGND,li1,44.1600,38.0800,0.000002
FILLER_0_9_69,VGND,li1,37.7200,38.0800,0.000001
FILLER_0_9_57,VGND,li1,34.5000,38.0800,0.000002
FILLER_0_9_55,VGND,li1,31.0500,38.0800,0.000002
FILLER_0_9_47,VGND,li1,28.9800,38.0800,0.000002
FILLER_0_9_35,VGND,li1,24.3800,38.0800,0.000002
FILLER_0_9_15,VGND,li1,15.1800,38.0800,0.000002
FILLER_0_9_3,VGND,li1,9.6600,38.0800,0.000002
FILLER_0_8_178,VGND,li1,89.2400,32.6400,0.000005
FILLER_0_8_171,VGND,li1,84.4100,32.6400,0.000005
FILLER_0_8_159,VGND,li1,81.4200,32.6400,0.000005
FILLER_0_8_147,VGND,li1,75.9000,32.6400,0.000005
FILLER_0_8_128,VGND,li1,67.1600,32.6400,0.000005
FILLER_0_8_120,VGND,li1,61.4100,32.6400,0.000005
FILLER_0_8_112,VGND,li1,58.8800,32.6400,0.000005
FILLER_0_8_102,VGND,li1,52.6700,32.6400,0.000007
FILLER_0_8_98,VGND,li1,51.5200,32.6400,0.000007
FILLER_0_8_80,VGND,li1,43.2400,32.6400,0.000007
FILLER_0_8_41,VGND,li1,27.1400,32.6400,0.000006
FILLER_0_8_29,VGND,li1,21.6200,32.6400,0.000005
FILLER_0_8_27,VGND,li1,18.1700,32.6400,0.000004
FILLER_0_8_19,VGND,li1,16.1000,32.6400,0.000004
FILLER_0_8_7,VGND,li1,11.5000,32.6400,0.000004
FILLER_0_7_189,VGND,li1,92.6900,32.6400,0.000006
FILLER_0_7_181,VGND,li1,90.6200,32.6400,0.000006
FILLER_0_7_169,VGND,li1,86.0200,32.6400,0.000005
FILLER_0_7_167,VGND,li1,82.5700,32.6400,0.000005
FILLER_0_7_161,VGND,li1,80.9600,32.6400,0.000005
FILLER_0_7_149,VGND,li1,76.8200,32.6400,0.000005
FILLER_0_7_137,VGND,li1,71.3000,32.6400,0.000005
FILLER_0_7_125,VGND,li1,65.7800,32.6400,0.000005
FILLER_0_7_113,VGND,li1,60.2600,32.6400,0.000005
FILLER_0_7_106,VGND,li1,55.6600,32.6400,0.000006
FILLER_0_7_97,VGND,li1,50.6000,32.6400,0.000007
FILLER_0_7_85,VGND,li1,47.3800,32.6400,0.000007
FILLER_0_7_76,VGND,li1,41.4000,32.6400,0.000006
FILLER_0_7_65,VGND,li1,36.1100,32.6400,0.000006
FILLER_0_7_57,VGND,li1,33.5800,32.6400,0.000006
FILLER_0_7_54,VGND,li1,30.8200,32.6400,0.000006
FILLER_0_7_42,VGND,li1,27.6000,32.6400,0.000006
FILLER_0_7_27,VGND,li1,19.7800,32.6400,0.000004
FILLER_0_7_15,VGND,li1,15.1800,32.6400,0.000003
FILLER_0_7_3,VGND,li1,9.6600,32.6400,0.000004
FILLER_0_6_182,VGND,li1,91.0800,27.2000,0.000001
FILLER_0_6_170,VGND,li1,86.4800,27.2000,0.000002
FILLER_0_6_158,VGND,li1,80.9600,27.2000,0.000002
FILLER_0_6_148,VGND,li1,74.2900,27.2000,0.000003
FILLER_0_6_133,VGND,li1,67.1600,27.2000,0.000003
FILLER_0_6_121,VGND,li1,63.9400,27.2000,0.000002
FILLER_0_6_109,VGND,li1,58.4200,27.2000,0.000003
FILLER_0_6_97,VGND,li1,52.9000,27.2000,0.000003
FILLER_0_6_85,VGND,li1,47.3800,27.2000,0.000003
FILLER_0_6_83,VGND,li1,43.9300,27.2000,0.000003
FILLER_0_6_75,VGND,li1,41.8600,27.2000,0.000002
FILLER_0_6_63,VGND,li1,37.2600,27.2000,0.000002
FILLER_0_6_53,VGND,li1,30.5900,27.2000,0.000002
FILLER_0_6_45,VGND,li1,28.0600,27.2000,0.000002
FILLER_0_6_33,VGND,li1,23.4600,27.2000,0.000002
FILLER_0_6_26,VGND,li1,17.9400,27.2000,0.000002
FILLER_0_6_14,VGND,li1,14.7200,27.2000,0.000002
FILLER_0_6_7,VGND,li1,8.9700,27.2000,0.000002
FILLER_0_6_3,VGND,li1,7.8200,27.2000,0.000002
FILLER_0_5_189,VGND,li1,92.6900,27.2000,0.000001
FILLER_0_5_181,VGND,li1,90.6200,27.2000,0.000001
FILLER_0_5_169,VGND,li1,86.0200,27.2000,0.000002
FILLER_0_5_165,VGND,li1,82.1100,27.2000,0.000002
FILLER_0_5_157,VGND,li1,79.5800,27.2000,0.000002
FILLER_0_5_145,VGND,li1,74.9800,27.2000,0.000003
FILLER_0_5_133,VGND,li1,69.4600,27.2000,0.000003
FILLER_0_5_121,VGND,li1,63.9400,27.2000,0.000002
FILLER_0_5_117,VGND,li1,59.5700,27.2000,0.000003
FILLER_0_5_113,VGND,li1,58.4200,27.2000,0.000003
FILLER_0_5_100,VGND,li1,54.2800,27.2000,0.000003
FILLER_0_5_86,VGND,li1,45.3100,27.2000,0.000003
FILLER_0_5_82,VGND,li1,44.1600,27.2000,0.000003
FILLER_0_5_70,VGND,li1,40.4800,27.2000,0.000002
FILLER_0_5_57,VGND,li1,33.1200,27.2000,0.000002
FILLER_0_5_54,VGND,li1,30.8200,27.2000,0.000002
FILLER_0_5_42,VGND,li1,27.6000,27.2000,0.000002
FILLER_0_5_30,VGND,li1,22.0800,27.2000,0.000002
FILLER_0_5_18,VGND,li1,16.5600,27.2000,0.000002
FILLER_0_5_3,VGND,li1,9.6600,27.2000,0.000002
FILLER_0_4_188,VGND,li1,92.4600,21.7600,0.000006
FILLER_0_4_180,VGND,li1,90.1600,21.7600,0.000005
FILLER_0_4_168,VGND,li1,85.5600,21.7600,0.000006
FILLER_0_4_156,VGND,li1,80.0400,21.7600,0.000006
FILLER_0_4_144,VGND,li1,74.5200,21.7600,0.000006
FILLER_0_4_121,VGND,li1,62.5600,21.7600,0.000005
FILLER_0_4_115,VGND,li1,58.6500,21.7600,0.000006
FILLER_0_4_103,VGND,li1,55.6600,21.7600,0.000006
FILLER_0_4_91,VGND,li1,50.1400,21.7600,0.000007
FILLER_0_4_83,VGND,li1,43.9300,21.7600,0.000008
FILLER_0_4_57,VGND,li1,32.6600,21.7600,0.000011
FILLER_0_4_40,VGND,li1,26.6800,21.7600,0.000012
FILLER_0_4_23,VGND,li1,16.5600,21.7600,0.000011
FILLER_0_4_15,VGND,li1,14.2600,21.7600,0.000009
FILLER_0_4_3,VGND,li1,9.6600,21.7600,0.000008
FILLER_0_3_181,VGND,li1,89.0100,21.7600,0.000005
FILLER_0_3_177,VGND,li1,87.8600,21.7600,0.000006
FILLER_0_3_167,VGND,li1,82.5700,21.7600,0.000006
FILLER_0_3_161,VGND,li1,80.9600,21.7600,0.000006
FILLER_0_3_149,VGND,li1,76.8200,21.7600,0.000006
FILLER_0_3_137,VGND,li1,71.3000,21.7600,0.000006
FILLER_0_3_125,VGND,li1,65.7800,21.7600,0.000006
FILLER_0_3_113,VGND,li1,60.2600,21.7600,0.000006
FILLER_0_3_111,VGND,li1,56.8100,21.7600,0.000006
FILLER_0_3_107,VGND,li1,55.6600,21.7600,0.000006
FILLER_0_3_95,VGND,li1,51.9800,21.7600,0.000007
FILLER_0_3_83,VGND,li1,46.4600,21.7600,0.000008
FILLER_0_3_70,VGND,li1,39.5600,21.7600,0.000008
FILLER_0_3_55,VGND,li1,31.0500,21.7600,0.000011
FILLER_0_3_51,VGND,li1,29.9000,21.7600,0.000011
FILLER_0_3_43,VGND,li1,25.5300,21.7600,0.000012
FILLER_0_3_37,VGND,li1,23.9200,21.7600,0.000012
FILLER_0_3_30,VGND,li1,19.5500,21.7600,0.000012
FILLER_0_3_19,VGND,li1,14.7200,21.7600,0.000009
FILLER_0_3_11,VGND,li1,12.4200,21.7600,0.000008
FILLER_0_2_184,VGND,li1,90.6200,16.3200,0.000007
FILLER_0_2_180,VGND,li1,88.7800,16.3200,0.000006
FILLER_0_2_165,VGND,li1,83.2600,16.3200,0.000007
FILLER_0_2_153,VGND,li1,78.6600,16.3200,0.000007
FILLER_0_2_141,VGND,li1,73.1400,16.3200,0.000007
FILLER_0_2_139,VGND,li1,69.6900,16.3200,0.000006
FILLER_0_2_133,VGND,li1,66.9300,16.3200,0.000006
FILLER_0_2_127,VGND,li1,65.3200,16.3200,0.000005
FILLER_0_2_117,VGND,li1,59.8000,16.3200,0.000005
FILLER_0_2_109,VGND,li1,57.5000,16.3200,0.000005
FILLER_0_2_97,VGND,li1,52.9000,16.3200,0.000005
FILLER_0_2_85,VGND,li1,47.3800,16.3200,0.000005
FILLER_0_2_82,VGND,li1,43.7000,16.3200,0.000005
FILLER_0_2_74,VGND,li1,41.4000,16.3200,0.000004
FILLER_0_2_62,VGND,li1,36.8000,16.3200,0.000006
FILLER_0_2_55,VGND,li1,31.0500,16.3200,0.000007
FILLER_0_2_51,VGND,li1,29.9000,16.3200,0.000007
FILLER_0_2_39,VGND,li1,26.2200,16.3200,0.000006
FILLER_0_2_35,VGND,li1,21.8500,16.3200,0.000006
FILLER_0_2_29,VGND,li1,20.2400,16.3200,0.000006
FILLER_0_2_20,VGND,li1,16.5600,16.3200,0.000005
FILLER_0_2_7,VGND,li1,10.1200,16.3200,0.000005
FILLER_0_1_178,VGND,li1,88.0900,16.3200,0.000006
FILLER_0_1_167,VGND,li1,82.5700,16.3200,0.000007
FILLER_0_1_155,VGND,li1,79.5800,16.3200,0.000007
FILLER_0_1_145,VGND,li1,72.6800,16.3200,0.000007
FILLER_0_1_137,VGND,li1,70.3800,16.3200,0.000007
FILLER_0_1_125,VGND,li1,65.7800,16.3200,0.000006
FILLER_0_1_113,VGND,li1,60.2600,16.3200,0.000005
FILLER_0_1_111,VGND,li1,56.8100,16.3200,0.000005
FILLER_0_1_103,VGND,li1,54.7400,16.3200,0.000005
FILLER_0_1_91,VGND,li1,50.1400,16.3200,0.000005
FILLER_0_1_79,VGND,li1,44.6200,16.3200,0.000005
FILLER_0_1_67,VGND,li1,39.1000,16.3200,0.000004
FILLER_0_1_57,VGND,li1,32.4300,16.3200,0.000007
FILLER_0_1_55,VGND,li1,31.0500,16.3200,0.000007
FILLER_0_1_51,VGND,li1,29.9000,16.3200,0.000007
FILLER_0_1_39,VGND,li1,26.2200,16.3200,0.000006
FILLER_0_1_27,VGND,li1,20.7000,16.3200,0.000006
FILLER_0_1_15,VGND,li1,15.1800,16.3200,0.000005
FILLER_0_1_3,VGND,li1,9.6600,16.3200,0.000005
FILLER_0_0_184,VGND,li1,91.5400,10.8800,0.000005
FILLER_0_0_169,VGND,li1,83.7200,10.8800,0.000005
FILLER_0_0_153,VGND,li1,76.8200,10.8800,0.000005
FILLER_0_0_141,VGND,li1,73.1400,10.8800,0.000004
FILLER_0_0_128,VGND,li1,67.1600,10.8800,0.000003
FILLER_0_0_113,VGND,li1,59.3400,10.8800,0.000003
FILLER_0_0_111,VGND,li1,56.8100,10.8800,0.000003
FILLER_0_0_103,VGND,li1,54.7400,10.8800,0.000003
FILLER_0_0_85,VGND,li1,47.3800,10.8800,0.000003
FILLER_0_0_81,VGND,li1,43.4700,10.8800,0.000002
FILLER_0_0_69,VGND,li1,40.0200,10.8800,0.000002
FILLER_0_0_57,VGND,li1,34.5000,10.8800,0.000002
FILLER_0_0_55,VGND,li1,31.0500,10.8800,0.000002
FILLER_0_0_47,VGND,li1,28.9800,10.8800,0.000002
FILLER_0_0_35,VGND,li1,24.3800,10.8800,0.000003
FILLER_0_0_27,VGND,li1,18.1700,10.8800,0.000003
FILLER_0_0_19,VGND,li1,16.1000,10.8800,0.000003
FILLER_0_0_7,VGND,li1,11.5000,10.8800,0.000003
ANTENNA_4,VGND,li1,89.7000,16.3200,0.000006
ANTENNA_3,VGND,li1,11.5000,38.0800,0.000002
ANTENNA_2,VGND,li1,89.7000,21.7600,0.000005
ANTENNA_1,VGND,li1,89.7000,81.6000,0.000009
rebuffer3,VGND,li1,15.8700,48.9600,0.000006
rebuffer2,VGND,li1,34.9600,32.6400,0.000006
rebuffer1,VGND,li1,56.1200,32.6400,0.000006
wire28,VGND,li1,37.0300,48.9600,0.000007
output27,VGND,li1,92.0000,16.3200,0.000007
output26,VGND,li1,91.5400,21.7600,0.000006
output25,VGND,li1,92.0000,32.6400,0.000006
output24,VGND,li1,92.0000,43.5200,0.000005
output23,VGND,li1,92.0000,59.8400,0.000005
output22,VGND,li1,92.0000,70.7200,0.000007
output21,VGND,li1,92.0000,81.6000,0.000010
output20,VGND,li1,90.1600,87.0400,0.000005
input19,VGND,li1,20.2400,10.8800,0.000003
input18,VGND,li1,51.5200,10.8800,0.000003
input17,VGND,li1,78.6600,10.8800,0.000005
input16,VGND,li1,7.8200,87.0400,0.000005
input15,VGND,li1,19.7800,87.0400,0.000005
input14,VGND,li1,30.3600,87.0400,0.000006
input13,VGND,li1,45.5400,87.0400,0.000005
input12,VGND,li1,58.4200,87.0400,0.000004
input11,VGND,li1,71.3000,87.0400,0.000005
input10,VGND,li1,81.8800,87.0400,0.000006
input9,VGND,li1,92.0000,87.0400,0.000005
input8,VGND,li1,7.8200,10.8800,0.000003
input7,VGND,li1,7.8200,16.3200,0.000005
input6,VGND,li1,7.8200,32.6400,0.000005
input5,VGND,li1,7.8200,43.5200,0.000008
input4,VGND,li1,7.8200,59.8400,0.000003
input3,VGND,li1,7.8200,70.7200,0.000008
input2,VGND,li1,7.8200,81.6000,0.000006
input1,VGND,li1,9.4300,87.0400,0.000004
TAP_TAPCELL_ROW_27_145,VGND,li1,83.0300,86.7480,0.000006
TAP_TAPCELL_ROW_27_144,VGND,li1,70.1500,86.7480,0.000005
TAP_TAPCELL_ROW_27_143,VGND,li1,57.2700,86.7480,0.000004
TAP_TAPCELL_ROW_27_142,VGND,li1,44.3900,86.7480,0.000004
TAP_TAPCELL_ROW_27_141,VGND,li1,31.5100,86.7480,0.000006
TAP_TAPCELL_ROW_27_140,VGND,li1,18.6300,86.7480,0.000005
TAP_TAPCELL_ROW_26_139,VGND,li1,70.1500,81.8910,0.000011
TAP_TAPCELL_ROW_26_138,VGND,li1,44.3900,81.8910,0.000008
TAP_TAPCELL_ROW_26_137,VGND,li1,18.6300,81.8910,0.000007
TAP_TAPCELL_ROW_25_136,VGND,li1,83.0300,81.3080,0.000011
TAP_TAPCELL_ROW_25_135,VGND,li1,57.2700,81.3080,0.000009
TAP_TAPCELL_ROW_25_134,VGND,li1,31.5100,81.3080,0.000010
TAP_TAPCELL_ROW_24_133,VGND,li1,70.1500,76.4510,0.000003
TAP_TAPCELL_ROW_24_132,VGND,li1,44.3900,76.4510,0.000005
TAP_TAPCELL_ROW_24_131,VGND,li1,18.6300,76.4510,0.000005
TAP_TAPCELL_ROW_23_130,VGND,li1,83.0300,75.8680,0.000003
TAP_TAPCELL_ROW_23_129,VGND,li1,57.2700,75.8680,0.000004
TAP_TAPCELL_ROW_23_128,VGND,li1,31.5100,75.8680,0.000007
TAP_TAPCELL_ROW_22_127,VGND,li1,70.1500,71.0110,0.000007
TAP_TAPCELL_ROW_22_126,VGND,li1,44.3900,71.0110,0.000006
TAP_TAPCELL_ROW_22_125,VGND,li1,18.6300,71.0110,0.000006
TAP_TAPCELL_ROW_21_124,VGND,li1,83.0300,70.4280,0.000007
TAP_TAPCELL_ROW_21_123,VGND,li1,57.2700,70.4280,0.000007
TAP_TAPCELL_ROW_21_122,VGND,li1,31.5100,70.4280,0.000005
TAP_TAPCELL_ROW_20_121,VGND,li1,70.1500,65.5710,0.000003
TAP_TAPCELL_ROW_20_120,VGND,li1,44.3900,65.5710,0.000003
TAP_TAPCELL_ROW_20_119,VGND,li1,18.6300,65.5710,0.000003
TAP_TAPCELL_ROW_19_118,VGND,li1,83.0300,64.9880,0.000002
TAP_TAPCELL_ROW_19_117,VGND,li1,57.2700,64.9880,0.000003
TAP_TAPCELL_ROW_19_116,VGND,li1,31.5100,64.9880,0.000004
TAP_TAPCELL_ROW_18_115,VGND,li1,70.1500,60.1310,0.000005
TAP_TAPCELL_ROW_18_114,VGND,li1,44.3900,60.1310,0.000003
TAP_TAPCELL_ROW_18_113,VGND,li1,18.6300,60.1310,0.000002
TAP_TAPCELL_ROW_17_112,VGND,li1,83.0300,59.5480,0.000005
TAP_TAPCELL_ROW_17_111,VGND,li1,57.2700,59.5480,0.000004
TAP_TAPCELL_ROW_17_110,VGND,li1,31.5100,59.5480,0.000003
TAP_TAPCELL_ROW_16_109,VGND,li1,70.1500,54.6910,0.000007
TAP_TAPCELL_ROW_16_108,VGND,li1,44.3900,54.6910,0.000006
TAP_TAPCELL_ROW_16_107,VGND,li1,18.6300,54.6910,0.000002
TAP_TAPCELL_ROW_15_106,VGND,li1,83.0300,54.1080,0.000007
TAP_TAPCELL_ROW_15_105,VGND,li1,57.2700,54.1080,0.000007
TAP_TAPCELL_ROW_15_104,VGND,li1,31.5100,54.1080,0.000004
TAP_TAPCELL_ROW_14_103,VGND,li1,70.1500,49.2510,0.000004
TAP_TAPCELL_ROW_14_102,VGND,li1,44.3900,49.2510,0.000005
TAP_TAPCELL_ROW_14_101,VGND,li1,18.6300,49.2510,0.000006
TAP_TAPCELL_ROW_13_100,VGND,li1,83.0300,48.6680,0.000005
TAP_TAPCELL_ROW_13_99,VGND,li1,57.2700,48.6680,0.000004
TAP_TAPCELL_ROW_13_98,VGND,li1,31.5100,48.6680,0.000008
TAP_TAPCELL_ROW_12_97,VGND,li1,70.1500,43.8110,0.000006
TAP_TAPCELL_ROW_12_96,VGND,li1,44.3900,43.8110,0.000005
TAP_TAPCELL_ROW_12_95,VGND,li1,18.6300,43.8110,0.000007
TAP_TAPCELL_ROW_11_94,VGND,li1,83.0300,43.2280,0.000006
TAP_TAPCELL_ROW_11_93,VGND,li1,57.2700,43.2280,0.000006
TAP_TAPCELL_ROW_11_92,VGND,li1,31.5100,43.2280,0.000006
TAP_TAPCELL_ROW_10_91,VGND,li1,70.1500,38.3710,0.000003
TAP_TAPCELL_ROW_10_90,VGND,li1,44.3900,38.3710,0.000002
TAP_TAPCELL_ROW_10_89,VGND,li1,18.6300,38.3710,0.000002
TAP_TAPCELL_ROW_9_88,VGND,li1,83.0300,37.7880,0.000004
TAP_TAPCELL_ROW_9_87,VGND,li1,57.2700,37.7880,0.000002
TAP_TAPCELL_ROW_9_86,VGND,li1,31.5100,37.7880,0.000002
TAP_TAPCELL_ROW_8_85,VGND,li1,70.1500,32.9310,0.000005
TAP_TAPCELL_ROW_8_84,VGND,li1,44.3900,32.9310,0.000007
TAP_TAPCELL_ROW_8_83,VGND,li1,18.6300,32.9310,0.000004
TAP_TAPCELL_ROW_7_82,VGND,li1,83.0300,32.3480,0.000005
TAP_TAPCELL_ROW_7_81,VGND,li1,57.2700,32.3480,0.000006
TAP_TAPCELL_ROW_7_80,VGND,li1,31.5100,32.3480,0.000006
TAP_TAPCELL_ROW_6_79,VGND,li1,70.1500,27.4910,0.000003
TAP_TAPCELL_ROW_6_78,VGND,li1,44.3900,27.4910,0.000003
TAP_TAPCELL_ROW_6_77,VGND,li1,18.6300,27.4910,0.000002
TAP_TAPCELL_ROW_5_76,VGND,li1,83.0300,26.9080,0.000002
TAP_TAPCELL_ROW_5_75,VGND,li1,57.2700,26.9080,0.000003
TAP_TAPCELL_ROW_5_74,VGND,li1,31.5100,26.9080,0.000002
TAP_TAPCELL_ROW_4_73,VGND,li1,70.1500,22.0510,0.000006
TAP_TAPCELL_ROW_4_72,VGND,li1,44.3900,22.0510,0.000008
TAP_TAPCELL_ROW_4_71,VGND,li1,18.6300,22.0510,0.000012
TAP_TAPCELL_ROW_3_70,VGND,li1,83.0300,21.4680,0.000006
TAP_TAPCELL_ROW_3_69,VGND,li1,57.2700,21.4680,0.000006
TAP_TAPCELL_ROW_3_68,VGND,li1,31.5100,21.4680,0.000011
TAP_TAPCELL_ROW_2_67,VGND,li1,70.1500,16.6110,0.000007
TAP_TAPCELL_ROW_2_66,VGND,li1,44.3900,16.6110,0.000005
TAP_TAPCELL_ROW_2_65,VGND,li1,18.6300,16.6110,0.000006
TAP_TAPCELL_ROW_1_64,VGND,li1,83.0300,16.0280,0.000007
TAP_TAPCELL_ROW_1_63,VGND,li1,57.2700,16.0280,0.000005
TAP_TAPCELL_ROW_1_62,VGND,li1,31.5100,16.0280,0.000007
TAP_TAPCELL_ROW_0_61,VGND,li1,83.0300,11.1710,0.000005
TAP_TAPCELL_ROW_0_60,VGND,li1,70.1500,11.1710,0.000004
TAP_TAPCELL_ROW_0_59,VGND,li1,57.2700,11.1710,0.000003
TAP_TAPCELL_ROW_0_58,VGND,li1,44.3900,11.1710,0.000002
TAP_TAPCELL_ROW_0_57,VGND,li1,31.5100,11.1710,0.000002
TAP_TAPCELL_ROW_0_56,VGND,li1,18.6300,11.1710,0.000003
PHY_EDGE_ROW_27_Left_55,VGND,li1,6.2100,87.0400,0.000005
PHY_EDGE_ROW_26_Left_54,VGND,li1,6.2100,81.6000,0.000006
PHY_EDGE_ROW_25_Left_53,VGND,li1,6.2100,81.6000,0.000006
PHY_EDGE_ROW_24_Left_52,VGND,li1,6.2100,76.1600,0.000005
PHY_EDGE_ROW_23_Left_51,VGND,li1,6.2100,76.1600,0.000005
PHY_EDGE_ROW_22_Left_50,VGND,li1,6.2100,70.7200,0.000008
PHY_EDGE_ROW_21_Left_49,VGND,li1,6.2100,70.7200,0.000008
PHY_EDGE_ROW_20_Left_48,VGND,li1,6.2100,65.2800,0.000003
PHY_EDGE_ROW_19_Left_47,VGND,li1,6.2100,65.2800,0.000003
PHY_EDGE_ROW_18_Left_46,VGND,li1,6.2100,59.8400,0.000003
PHY_EDGE_ROW_17_Left_45,VGND,li1,6.2100,59.8400,0.000003
PHY_EDGE_ROW_16_Left_44,VGND,li1,6.2100,54.4000,0.000002
PHY_EDGE_ROW_15_Left_43,VGND,li1,6.2100,54.4000,0.000002
PHY_EDGE_ROW_14_Left_42,VGND,li1,6.2100,48.9600,0.000006
PHY_EDGE_ROW_13_Left_41,VGND,li1,6.2100,48.9600,0.000006
PHY_EDGE_ROW_12_Left_40,VGND,li1,6.2100,43.5200,0.000008
PHY_EDGE_ROW_11_Left_39,VGND,li1,6.2100,43.5200,0.000008
PHY_EDGE_ROW_10_Left_38,VGND,li1,6.2100,38.0800,0.000002
PHY_EDGE_ROW_9_Left_37,VGND,li1,6.2100,38.0800,0.000002
PHY_EDGE_ROW_8_Left_36,VGND,li1,6.2100,32.6400,0.000005
PHY_EDGE_ROW_7_Left_35,VGND,li1,6.2100,32.6400,0.000005
PHY_EDGE_ROW_6_Left_34,VGND,li1,6.2100,27.2000,0.000002
PHY_EDGE_ROW_5_Left_33,VGND,li1,6.2100,27.2000,0.000002
PHY_EDGE_ROW_4_Left_32,VGND,li1,6.2100,21.7600,0.000008
PHY_EDGE_ROW_3_Left_31,VGND,li1,6.2100,21.7600,0.000008
PHY_EDGE_ROW_2_Left_30,VGND,li1,6.2100,16.3200,0.000005
PHY_EDGE_ROW_1_Left_29,VGND,li1,6.2100,16.3200,0.000005
PHY_EDGE_ROW_0_Left_28,VGND,li1,6.2100,10.8800,0.000003
PHY_EDGE_ROW_27_Right_27,VGND,li1,93.6100,87.0400,0.000005
PHY_EDGE_ROW_26_Right_26,VGND,li1,93.6100,81.6000,0.000010
PHY_EDGE_ROW_25_Right_25,VGND,li1,93.6100,81.6000,0.000010
PHY_EDGE_ROW_24_Right_24,VGND,li1,93.6100,76.1600,0.000002
PHY_EDGE_ROW_23_Right_23,VGND,li1,93.6100,76.1600,0.000002
PHY_EDGE_ROW_22_Right_22,VGND,li1,93.6100,70.7200,0.000007
PHY_EDGE_ROW_21_Right_21,VGND,li1,93.6100,70.7200,0.000007
PHY_EDGE_ROW_20_Right_20,VGND,li1,93.6100,65.2800,0.000002
PHY_EDGE_ROW_19_Right_19,VGND,li1,93.6100,65.2800,0.000002
PHY_EDGE_ROW_18_Right_18,VGND,li1,93.6100,59.8400,0.000005
PHY_EDGE_ROW_17_Right_17,VGND,li1,93.6100,59.8400,0.000005
PHY_EDGE_ROW_16_Right_16,VGND,li1,93.6100,54.4000,0.000004
PHY_EDGE_ROW_15_Right_15,VGND,li1,93.6100,54.4000,0.000004
PHY_EDGE_ROW_14_Right_14,VGND,li1,93.6100,48.9600,0.000003
PHY_EDGE_ROW_13_Right_13,VGND,li1,93.6100,48.9600,0.000003
PHY_EDGE_ROW_12_Right_12,VGND,li1,93.6100,43.5200,0.000005
PHY_EDGE_ROW_11_Right_11,VGND,li1,93.6100,43.5200,0.000005
PHY_EDGE_ROW_10_Right_10,VGND,li1,93.6100,38.0800,0.000003
PHY_EDGE_ROW_9_Right_9,VGND,li1,93.6100,38.0800,0.000003
PHY_EDGE_ROW_8_Right_8,VGND,li1,93.6100,32.6400,0.000006
PHY_EDGE_ROW_7_Right_7,VGND,li1,93.6100,32.6400,0.000006
PHY_EDGE_ROW_6_Right_6,VGND,li1,93.6100,27.2000,0.000001
PHY_EDGE_ROW_5_Right_5,VGND,li1,93.6100,27.2000,0.000001
PHY_EDGE_ROW_4_Right_4,VGND,li1,93.6100,21.7600,0.000006
PHY_EDGE_ROW_3_Right_3,VGND,li1,93.6100,21.7600,0.000006
PHY_EDGE_ROW_2_Right_2,VGND,li1,93.6100,16.3200,0.000007
PHY_EDGE_ROW_1_Right_1,VGND,li1,93.6100,16.3200,0.000007
PHY_EDGE_ROW_0_Right_0,VGND,li1,93.6100,10.8800,0.000005
_347_,VGND,li1,22.7700,16.3200,0.000006
_346_,VGND,li1,66.4700,81.6000,0.000010
_345_,VGND,li1,82.1100,65.2800,0.000002
_344_,VGND,li1,23.9200,43.5200,0.000008
_343_,VGND,li1,53.5900,43.5200,0.000007
_342_,VGND,li1,33.1200,48.9600,0.000008
_341_,VGND,li1,23.6900,54.4000,0.000003
_340_,VGND,li1,17.0200,70.7200,0.000006
_339_,VGND,li1,71.0700,21.7600,0.000006
_338_,VGND,li1,22.7700,21.7600,0.000012
_337_,VGND,li1,60.4900,27.2000,0.000003
_336_,VGND,li1,79.8100,54.4000,0.000007
_335_,VGND,li1,31.7400,81.6000,0.000010
_334_,VGND,li1,35.4200,81.6000,0.000009
_333_,VGND,li1,9.8900,54.4000,0.000002
_332_,VGND,li1,84.8700,54.4000,0.000005
_331_,VGND,li1,28.0600,59.8400,0.000003
_330_,VGND,li1,60.0300,81.6000,0.000009
_329_,VGND,li1,79.3500,87.0400,0.000006
_328_,VGND,li1,76.1300,16.3200,0.000007
_327_,VGND,li1,17.4800,70.7200,0.000006
_326_,VGND,li1,8.5100,70.7200,0.000008
_325_,VGND,li1,86.9400,70.7200,0.000007
_324_,VGND,li1,36.3400,48.9600,0.000007
_323_,VGND,li1,26.9100,48.9600,0.000007
_322_,VGND,li1,50.3700,81.6000,0.000009
_321_,VGND,li1,51.0600,54.4000,0.000008
_320_,VGND,li1,14.2600,81.6000,0.000006
_319_,VGND,li1,74.7500,43.5200,0.000006
_318_,VGND,li1,23.6900,43.5200,0.000008
_317_,VGND,li1,8.7400,21.7600,0.000008
_316_,VGND,li1,45.7700,59.8400,0.000003
_315_,VGND,li1,71.9900,48.9600,0.000004
_314_,VGND,li1,20.2400,43.5200,0.000008
_313_,VGND,li1,68.7700,65.2800,0.000003
_312_,VGND,li1,86.7100,16.3200,0.000007
_311_,VGND,li1,32.8900,27.2000,0.000002
_310_,VGND,li1,39.7900,38.0800,0.000002
_309_,VGND,li1,26.9100,65.2800,0.000004
_308_,VGND,li1,55.6600,81.6000,0.000009
_307_,VGND,li1,59.5700,43.5200,0.000006
_306_,VGND,li1,28.0600,48.9600,0.000008
_305_,VGND,li1,25.0700,65.2800,0.000004
_304_,VGND,li1,90.6200,70.7200,0.000007
_303_,VGND,li1,85.3300,76.1600,0.000002
_302_,VGND,li1,48.5300,54.4000,0.000008
_301_,VGND,li1,13.8000,76.1600,0.000004
_300_,VGND,li1,85.3300,16.3200,0.000007
_299_,VGND,li1,60.0300,21.7600,0.000006
_298_,VGND,li1,55.2000,76.1600,0.000005
_297_,VGND,li1,71.9900,27.2000,0.000003
_296_,VGND,li1,17.2500,21.7600,0.000011
_295_,VGND,li1,20.2400,43.5200,0.000008
_294_,VGND,li1,47.6100,70.7200,0.000007
_293_,VGND,li1,11.0400,48.9600,0.000006
_292_,VGND,li1,63.7100,38.0800,0.000002
_291_,VGND,li1,39.1000,76.1600,0.000005
_290_,VGND,li1,28.2900,81.6000,0.000010
_289_,VGND,li1,36.3400,87.0400,0.000005
_288_,VGND,li1,70.1500,81.6000,0.000011
_287_,VGND,li1,22.7700,65.2800,0.000004
_286_,VGND,li1,86.2500,21.7600,0.000006
_285_,VGND,li1,29.6700,76.1600,0.000006
_284_,VGND,li1,81.1900,70.7200,0.000007
_283_,VGND,li1,56.8100,65.2800,0.000003
_282_,VGND,li1,86.9400,70.7200,0.000007
_281_,VGND,li1,33.3500,59.8400,0.000003
_280_,VGND,li1,10.5800,27.2000,0.000002
_279_,VGND,li1,19.7800,38.0800,0.000002
_278_,VGND,li1,60.4900,48.9600,0.000003
_277_,VGND,li1,80.9600,59.8400,0.000006
_276_,VGND,li1,67.3900,54.4000,0.000007
_275_,VGND,li1,37.0300,54.4000,0.000005
_274_,VGND,li1,52.6700,32.6400,0.000007
_273_,VGND,li1,49.9100,76.1600,0.000005
_272_,VGND,li1,73.3700,43.5200,0.000006
_271_,VGND,li1,13.1100,27.2000,0.000002
_270_,VGND,li1,81.1900,10.8800,0.000005
_269_,VGND,li1,69.2300,70.7200,0.000007
_268_,VGND,li1,74.5200,38.0800,0.000004
_267_,VGND,li1,78.4300,59.8400,0.000006
_266_,VGND,li1,37.0300,65.2800,0.000004
_265_,VGND,li1,31.7400,48.9600,0.000008
_264_,VGND,li1,34.0400,16.3200,0.000007
_263_,VGND,li1,9.6600,48.9600,0.000006
_262_,VGND,li1,68.3100,65.2800,0.000003
_261_,VGND,li1,52.6700,70.7200,0.000007
_260_,VGND,li1,74.2900,16.3200,0.000007
_259_,VGND,li1,34.7300,21.7600,0.000010
_258_,VGND,li1,71.7600,32.6400,0.000005
_257_,VGND,li1,14.2600,43.5200,0.000007
_256_,VGND,li1,35.6500,16.3200,0.000006
_255_,VGND,li1,71.5300,59.8400,0.000005
_254_,VGND,li1,30.5900,21.7600,0.000011
_253_,VGND,li1,68.3100,16.3200,0.000006
_252_,VGND,li1,39.3300,32.6400,0.000006
_251_,VGND,li1,14.2600,70.7200,0.000006
_250_,VGND,li1,87.1700,10.8800,0.000005
_249_,VGND,li1,51.7500,43.5200,0.000007
_248_,VGND,li1,56.8100,38.0800,0.000002
_247_,VGND,li1,62.1000,16.3200,0.000005
_246_,VGND,li1,64.8600,48.9600,0.000003
_245_,VGND,li1,90.8500,16.3200,0.000007
_244_,VGND,li1,61.8700,59.8400,0.000004
_243_,VGND,li1,27.3700,21.7600,0.000012
_242_,VGND,li1,54.0500,32.6400,0.000007
_241_,VGND,li1,86.2500,48.9600,0.000004
_240_,VGND,li1,42.5500,21.7600,0.000008
_239_,VGND,li1,33.3500,87.0400,0.000005
_238_,VGND,li1,62.3300,70.7200,0.000006
_237_,VGND,li1,47.6100,32.6400,0.000007
_236_,VGND,li1,38.6400,32.6400,0.000006
_235_,VGND,li1,89.2400,38.0800,0.000003
_234_,VGND,li1,59.5700,65.2800,0.000003
_233_,VGND,li1,44.1600,70.7200,0.000006
_232_,VGND,li1,13.1100,16.3200,0.000004
_231_,VGND,li1,77.0500,76.1600,0.000003
_230_,VGND,li1,13.8000,38.0800,0.000002
_229_,VGND,li1,77.5100,48.9600,0.000005
_228_,VGND,li1,68.7700,27.2000,0.000003
_227_,VGND,li1,72.9100,81.6000,0.000012
_226_,VGND,li1,26.9100,43.5200,0.000007
_225_,VGND,li1,21.1600,21.7600,0.000012
_224_,VGND,li1,58.6500,59.8400,0.000004
_223_,VGND,li1,13.5700,65.2800,0.000003
_222_,VGND,li1,43.4700,32.6400,0.000007
_221_,VGND,li1,73.8300,70.7200,0.000007
_220_,VGND,li1,13.1100,48.9600,0.000005
_219_,VGND,li1,79.5800,76.1600,0.000003
_218_,VGND,li1,45.0800,54.4000,0.000007
_217_,VGND,li1,35.4200,65.2800,0.000004
_216_,VGND,li1,19.7800,27.2000,0.000002
_215_,VGND,li1,54.5100,43.5200,0.000007
_214_,VGND,li1,91.3100,65.2800,0.000002
_213_,VGND,li1,90.8500,59.8400,0.000005
_212_,VGND,li1,16.3300,81.6000,0.000007
_211_,VGND,li1,46.0000,21.7600,0.000008
_210_,VGND,li1,30.3600,70.7200,0.000005
_209_,VGND,li1,34.7300,76.1600,0.000007
_208_,VGND,li1,20.2400,21.7600,0.000012
_207_,VGND,li1,64.6300,43.5200,0.000005
_206_,VGND,li1,40.9400,70.7200,0.000005
_205_,VGND,li1,23.2300,32.6400,0.000005
_204_,VGND,li1,80.7300,81.6000,0.000012
_203_,VGND,li1,53.3600,81.6000,0.000009
_202_,VGND,li1,30.5900,76.1600,0.000007
_201_,VGND,li1,66.9300,21.7600,0.000006
_200_,VGND,li1,30.5900,32.6400,0.000006
_199_,VGND,li1,55.4300,70.7200,0.000007
_198_,VGND,li1,59.5700,76.1600,0.000004
_197_,VGND,li1,42.3200,81.6000,0.000008
_196_,VGND,li1,76.5900,27.2000,0.000003
_195_,VGND,li1,62.7900,10.8800,0.000003
_194_,VGND,li1,32.4300,65.2800,0.000004
_193_,VGND,li1,68.0800,43.5200,0.000006
_192_,VGND,li1,77.5100,76.1600,0.000003
_191_,VGND,li1,32.6600,16.3200,0.000007
_190_,VGND,li1,81.8800,38.0800,0.000004
_189_,VGND,li1,81.4200,81.6000,0.000012
_188_,VGND,li1,38.6400,21.7600,0.000008
_187_,VGND,li1,10.8100,76.1600,0.000005
_186_,VGND,li1,30.8200,38.0800,0.000002
_185_,VGND,li1,53.5900,54.4000,0.000008
_184_,VGND,li1,73.1400,81.6000,0.000012
_183_,VGND,li1,35.1900,54.4000,0.000005
_182_,VGND,li1,48.5300,27.2000,0.000003
_181_,VGND,li1,36.1100,27.2000,0.000002
_180_,VGND,li1,84.4100,21.7600,0.000006
_179_,VGND,li1,27.1400,81.6000,0.000010
_178_,VGND,li1,83.2600,54.4000,0.000007
_177_,VGND,li1,32.4300,32.6400,0.000006
_176_,VGND,li1,86.0200,32.6400,0.000005
_175_,VGND,li1,81.4200,48.9600,0.000005
_174_,VGND,li1,63.2500,32.6400,0.000004
_173_,VGND,li1,25.3000,81.6000,0.000010
_172_,VGND,li1,52.6700,76.1600,0.000005
_171_,VGND,li1,16.7900,76.1600,0.000005
_170_,VGND,li1,17.7100,21.7600,0.000011
