Instance,Terminal,Layer,X location,Y location,Voltage
FILLER_0_27_181,VPWR,li1,89.0100,84.3200,1.799988
FILLER_0_27_169,VPWR,li1,86.0200,84.3200,1.799989
FILLER_0_27_145,VPWR,li1,74.9800,84.3200,1.799988
FILLER_0_27_137,VPWR,li1,69.2300,84.3200,1.799990
FILLER_0_27_129,VPWR,li1,66.7000,84.3200,1.799991
FILLER_0_27_117,VPWR,li1,62.1000,84.3200,1.799994
FILLER_0_27_109,VPWR,li1,56.3500,84.3200,1.799994
FILLER_0_27_101,VPWR,li1,53.8200,84.3200,1.799993
FILLER_0_27_89,VPWR,li1,49.2200,84.3200,1.799993
FILLER_0_27_82,VPWR,li1,43.7000,84.3200,1.799992
FILLER_0_27_70,VPWR,li1,40.4800,84.3200,1.799992
FILLER_0_27_51,VPWR,li1,29.2100,84.3200,1.799990
FILLER_0_27_45,VPWR,li1,27.6000,84.3200,1.799990
FILLER_0_27_33,VPWR,li1,23.4600,84.3200,1.799990
FILLER_0_27_22,VPWR,li1,17.0200,84.3200,1.799992
FILLER_0_27_10,VPWR,li1,12.8800,84.3200,1.799994
FILLER_0_26_184,VPWR,li1,90.6200,84.3200,1.799987
FILLER_0_26_176,VPWR,li1,87.8600,84.3200,1.799988
FILLER_0_26_150,VPWR,li1,75.4400,84.3200,1.799988
FILLER_0_26_141,VPWR,li1,71.0700,84.3200,1.799989
FILLER_0_26_139,VPWR,li1,69.6900,84.3200,1.799990
FILLER_0_26_133,VPWR,li1,68.0800,84.3200,1.799991
FILLER_0_26_121,VPWR,li1,63.9400,84.3200,1.799992
FILLER_0_26_109,VPWR,li1,58.4200,84.3200,1.799994
FILLER_0_26_97,VPWR,li1,52.9000,84.3200,1.799993
FILLER_0_26_85,VPWR,li1,47.3800,84.3200,1.799993
FILLER_0_26_81,VPWR,li1,43.4700,84.3200,1.799992
FILLER_0_26_69,VPWR,li1,40.0200,84.3200,1.799992
FILLER_0_26_37,VPWR,li1,23.2300,84.3200,1.799990
FILLER_0_26_29,VPWR,li1,20.7000,84.3200,1.799991
FILLER_0_26_26,VPWR,li1,17.9400,84.3200,1.799992
FILLER_0_26_19,VPWR,li1,14.7200,84.3200,1.799992
FILLER_0_26_7,VPWR,li1,11.5000,84.3200,1.799994
FILLER_0_25_189,VPWR,li1,92.6900,78.8800,1.799997
FILLER_0_25_181,VPWR,li1,90.6200,78.8800,1.799997
FILLER_0_25_169,VPWR,li1,86.0200,78.8800,1.799997
FILLER_0_25_167,VPWR,li1,82.5700,78.8800,1.799996
FILLER_0_25_157,VPWR,li1,78.4300,78.8800,1.799995
FILLER_0_25_149,VPWR,li1,75.9000,78.8800,1.799994
FILLER_0_25_122,VPWR,li1,63.0200,78.8800,1.799994
FILLER_0_25_113,VPWR,li1,57.9600,78.8800,1.799995
FILLER_0_25_111,VPWR,li1,56.8100,78.8800,1.799995
FILLER_0_25_91,VPWR,li1,48.0700,78.8800,1.799995
FILLER_0_25_83,VPWR,li1,45.5400,78.8800,1.799995
FILLER_0_25_69,VPWR,li1,39.1000,78.8800,1.799996
FILLER_0_25_57,VPWR,li1,34.5000,78.8800,1.799997
FILLER_0_25_50,VPWR,li1,29.9000,78.8800,1.799996
FILLER_0_25_41,VPWR,li1,25.0700,78.8800,1.799995
FILLER_0_25_33,VPWR,li1,22.5400,78.8800,1.799996
FILLER_0_25_21,VPWR,li1,17.9400,78.8800,1.799996
FILLER_0_25_15,VPWR,li1,12.8800,78.8800,1.799997
FILLER_0_25_3,VPWR,li1,9.6600,78.8800,1.799997
FILLER_0_24_189,VPWR,li1,92.6900,78.8800,1.799997
FILLER_0_24_183,VPWR,li1,91.0800,78.8800,1.799997
FILLER_0_24_171,VPWR,li1,86.9400,78.8800,1.799997
FILLER_0_24_159,VPWR,li1,81.4200,78.8800,1.799995
FILLER_0_24_153,VPWR,li1,76.1300,78.8800,1.799994
FILLER_0_24_141,VPWR,li1,73.1400,78.8800,1.799994
FILLER_0_24_134,VPWR,li1,68.5400,78.8800,1.799993
FILLER_0_24_122,VPWR,li1,64.4000,78.8800,1.799994
FILLER_0_24_110,VPWR,li1,58.8800,78.8800,1.799995
FILLER_0_24_98,VPWR,li1,53.3600,78.8800,1.799995
FILLER_0_24_93,VPWR,li1,48.7600,78.8800,1.799995
FILLER_0_24_85,VPWR,li1,46.4600,78.8800,1.799995
FILLER_0_24_76,VPWR,li1,42.3200,78.8800,1.799996
FILLER_0_24_66,VPWR,li1,36.8000,78.8800,1.799996
FILLER_0_24_54,VPWR,li1,33.1200,78.8800,1.799996
FILLER_0_24_49,VPWR,li1,28.5200,78.8800,1.799995
FILLER_0_24_41,VPWR,li1,26.2200,78.8800,1.799995
FILLER_0_24_29,VPWR,li1,21.6200,78.8800,1.799996
FILLER_0_24_27,VPWR,li1,18.1700,78.8800,1.799996
FILLER_0_24_11,VPWR,li1,11.2700,78.8800,1.799997
FILLER_0_24_3,VPWR,li1,8.7400,78.8800,1.799997
FILLER_0_23_188,VPWR,li1,92.4600,73.4400,1.799996
FILLER_0_23_176,VPWR,li1,89.2400,73.4400,1.799996
FILLER_0_23_169,VPWR,li1,83.7200,73.4400,1.799996
FILLER_0_23_167,VPWR,li1,82.5700,73.4400,1.799996
FILLER_0_23_163,VPWR,li1,81.4200,73.4400,1.799996
FILLER_0_23_144,VPWR,li1,73.6000,73.4400,1.799995
FILLER_0_23_132,VPWR,li1,69.0000,73.4400,1.799996
FILLER_0_23_120,VPWR,li1,63.4800,73.4400,1.799997
FILLER_0_23_113,VPWR,li1,57.9600,73.4400,1.799997
FILLER_0_23_111,VPWR,li1,56.8100,73.4400,1.799996
FILLER_0_23_94,VPWR,li1,50.1400,73.4400,1.799996
FILLER_0_23_82,VPWR,li1,46.0000,73.4400,1.799996
FILLER_0_23_70,VPWR,li1,40.4800,73.4400,1.799996
FILLER_0_23_51,VPWR,li1,29.4400,73.4400,1.799996
FILLER_0_23_43,VPWR,li1,27.1400,73.4400,1.799996
FILLER_0_23_31,VPWR,li1,22.5400,73.4400,1.799995
FILLER_0_23_19,VPWR,li1,17.0200,73.4400,1.799995
FILLER_0_23_3,VPWR,li1,7.1300,73.4400,1.799995
FILLER_0_22_162,VPWR,li1,82.8000,73.4400,1.799996
FILLER_0_22_150,VPWR,li1,77.2800,73.4400,1.799995
FILLER_0_22_141,VPWR,li1,71.7600,73.4400,1.799996
FILLER_0_22_137,VPWR,li1,69.2300,73.4400,1.799996
FILLER_0_22_129,VPWR,li1,66.7000,73.4400,1.799996
FILLER_0_22_117,VPWR,li1,62.1000,73.4400,1.799997
FILLER_0_22_105,VPWR,li1,56.5800,73.4400,1.799996
FILLER_0_22_97,VPWR,li1,50.8300,73.4400,1.799996
FILLER_0_22_85,VPWR,li1,47.3800,73.4400,1.799996
FILLER_0_22_82,VPWR,li1,43.7000,73.4400,1.799996
FILLER_0_22_70,VPWR,li1,40.4800,73.4400,1.799996
FILLER_0_22_58,VPWR,li1,34.9600,73.4400,1.799996
FILLER_0_22_49,VPWR,li1,28.2900,73.4400,1.799996
FILLER_0_22_41,VPWR,li1,26.2200,73.4400,1.799996
FILLER_0_22_29,VPWR,li1,21.6200,73.4400,1.799995
FILLER_0_22_10,VPWR,li1,11.5000,73.4400,1.799995
FILLER_0_21_180,VPWR,li1,89.7000,68.0000,1.799991
FILLER_0_21_173,VPWR,li1,85.3300,68.0000,1.799993
FILLER_0_21_169,VPWR,li1,84.1800,68.0000,1.799993
FILLER_0_21_166,VPWR,li1,82.3400,68.0000,1.799993
FILLER_0_21_157,VPWR,li1,79.1200,68.0000,1.799992
FILLER_0_21_145,VPWR,li1,74.9800,68.0000,1.799992
FILLER_0_21_128,VPWR,li1,65.3200,68.0000,1.799992
FILLER_0_21_113,VPWR,li1,58.8800,68.0000,1.799993
FILLER_0_21_103,VPWR,li1,53.3600,68.0000,1.799993
FILLER_0_21_95,VPWR,li1,51.0600,68.0000,1.799993
FILLER_0_21_73,VPWR,li1,39.3300,68.0000,1.799994
FILLER_0_21_69,VPWR,li1,38.1800,68.0000,1.799994
FILLER_0_21_57,VPWR,li1,34.5000,68.0000,1.799995
FILLER_0_21_53,VPWR,li1,30.5900,68.0000,1.799995
FILLER_0_21_41,VPWR,li1,27.1400,68.0000,1.799995
FILLER_0_21_29,VPWR,li1,21.6200,68.0000,1.799995
FILLER_0_21_19,VPWR,li1,15.1800,68.0000,1.799996
FILLER_0_21_7,VPWR,li1,11.5000,68.0000,1.799996
FILLER_0_20_188,VPWR,li1,92.4600,68.0000,1.799990
FILLER_0_20_182,VPWR,li1,89.9300,68.0000,1.799991
FILLER_0_20_170,VPWR,li1,86.4800,68.0000,1.799992
FILLER_0_20_161,VPWR,li1,80.0400,68.0000,1.799992
FILLER_0_20_153,VPWR,li1,77.7400,68.0000,1.799992
FILLER_0_20_141,VPWR,li1,73.1400,68.0000,1.799992
FILLER_0_20_139,VPWR,li1,69.6900,68.0000,1.799992
FILLER_0_20_133,VPWR,li1,67.3900,68.0000,1.799992
FILLER_0_20_121,VPWR,li1,63.9400,68.0000,1.799993
FILLER_0_20_97,VPWR,li1,52.9000,68.0000,1.799993
FILLER_0_20_85,VPWR,li1,47.3800,68.0000,1.799993
FILLER_0_20_83,VPWR,li1,43.9300,68.0000,1.799993
FILLER_0_20_79,VPWR,li1,42.7800,68.0000,1.799993
FILLER_0_20_67,VPWR,li1,39.1000,68.0000,1.799994
FILLER_0_20_62,VPWR,li1,34.2700,68.0000,1.799995
FILLER_0_20_54,VPWR,li1,30.5900,68.0000,1.799995
FILLER_0_20_50,VPWR,li1,29.4400,68.0000,1.799995
FILLER_0_20_41,VPWR,li1,24.8400,68.0000,1.799995
FILLER_0_20_33,VPWR,li1,20.9300,68.0000,1.799995
FILLER_0_20_29,VPWR,li1,19.7800,68.0000,1.799995
FILLER_0_20_27,VPWR,li1,18.1700,68.0000,1.799995
FILLER_0_20_15,VPWR,li1,15.1800,68.0000,1.799996
FILLER_0_20_3,VPWR,li1,9.6600,68.0000,1.799997
FILLER_0_19_189,VPWR,li1,92.6900,62.5600,1.799998
FILLER_0_19_181,VPWR,li1,90.6200,62.5600,1.799998
FILLER_0_19_169,VPWR,li1,86.0200,62.5600,1.799998
FILLER_0_19_162,VPWR,li1,81.4200,62.5600,1.799997
FILLER_0_19_150,VPWR,li1,77.2800,62.5600,1.799997
FILLER_0_19_138,VPWR,li1,71.7600,62.5600,1.799997
FILLER_0_19_133,VPWR,li1,67.1600,62.5600,1.799997
FILLER_0_19_125,VPWR,li1,64.8600,62.5600,1.799998
FILLER_0_19_113,VPWR,li1,60.2600,62.5600,1.799998
FILLER_0_19_111,VPWR,li1,56.8100,62.5600,1.799998
FILLER_0_19_107,VPWR,li1,55.6600,62.5600,1.799998
FILLER_0_19_95,VPWR,li1,51.9800,62.5600,1.799998
FILLER_0_19_83,VPWR,li1,46.4600,62.5600,1.799998
FILLER_0_19_71,VPWR,li1,40.9400,62.5600,1.799999
FILLER_0_19_65,VPWR,li1,35.6500,62.5600,1.799999
FILLER_0_19_57,VPWR,li1,33.5800,62.5600,1.799998
FILLER_0_19_54,VPWR,li1,30.8200,62.5600,1.799998
FILLER_0_19_46,VPWR,li1,28.5200,62.5600,1.799998
FILLER_0_19_38,VPWR,li1,23.2300,62.5600,1.799998
FILLER_0_19_34,VPWR,li1,22.0800,62.5600,1.799998
FILLER_0_19_22,VPWR,li1,18.4000,62.5600,1.799998
FILLER_0_19_11,VPWR,li1,11.0400,62.5600,1.799999
FILLER_0_19_3,VPWR,li1,8.7400,62.5600,1.799999
FILLER_0_18_188,VPWR,li1,92.4600,62.5600,1.799998
FILLER_0_18_182,VPWR,li1,89.4700,62.5600,1.799998
FILLER_0_18_174,VPWR,li1,87.4000,62.5600,1.799998
FILLER_0_18_162,VPWR,li1,82.8000,62.5600,1.799997
FILLER_0_18_154,VPWR,li1,76.5900,62.5600,1.799997
FILLER_0_18_146,VPWR,li1,74.5200,62.5600,1.799997
FILLER_0_18_139,VPWR,li1,69.6900,62.5600,1.799997
FILLER_0_18_133,VPWR,li1,68.0800,62.5600,1.799997
FILLER_0_18_121,VPWR,li1,63.9400,62.5600,1.799998
FILLER_0_18_109,VPWR,li1,58.4200,62.5600,1.799998
FILLER_0_18_97,VPWR,li1,52.9000,62.5600,1.799998
FILLER_0_18_85,VPWR,li1,47.3800,62.5600,1.799998
FILLER_0_18_83,VPWR,li1,43.9300,62.5600,1.799998
FILLER_0_18_77,VPWR,li1,42.3200,62.5600,1.799999
FILLER_0_18_65,VPWR,li1,38.1800,62.5600,1.799999
FILLER_0_18_53,VPWR,li1,32.6600,62.5600,1.799998
FILLER_0_18_41,VPWR,li1,27.1400,62.5600,1.799998
FILLER_0_18_29,VPWR,li1,21.6200,62.5600,1.799998
FILLER_0_18_27,VPWR,li1,18.1700,62.5600,1.799998
FILLER_0_18_15,VPWR,li1,15.1800,62.5600,1.799998
FILLER_0_18_3,VPWR,li1,9.6600,62.5600,1.799999
FILLER_0_17_185,VPWR,li1,90.8500,57.1200,1.799992
FILLER_0_17_181,VPWR,li1,89.7000,57.1200,1.799992
FILLER_0_17_169,VPWR,li1,86.0200,57.1200,1.799993
FILLER_0_17_167,VPWR,li1,82.5700,57.1200,1.799993
FILLER_0_17_158,VPWR,li1,78.8900,57.1200,1.799993
FILLER_0_17_150,VPWR,li1,76.3600,57.1200,1.799993
FILLER_0_17_138,VPWR,li1,71.7600,57.1200,1.799993
FILLER_0_17_126,VPWR,li1,66.2400,57.1200,1.799994
FILLER_0_17_118,VPWR,li1,60.0300,57.1200,1.799995
FILLER_0_17_111,VPWR,li1,56.8100,57.1200,1.799994
FILLER_0_17_103,VPWR,li1,54.7400,57.1200,1.799994
FILLER_0_17_91,VPWR,li1,50.1400,57.1200,1.799994
FILLER_0_17_83,VPWR,li1,43.9300,57.1200,1.799995
FILLER_0_17_75,VPWR,li1,41.8600,57.1200,1.799995
FILLER_0_17_63,VPWR,li1,37.2600,57.1200,1.799996
FILLER_0_17_57,VPWR,li1,31.9700,57.1200,1.799996
FILLER_0_17_55,VPWR,li1,31.0500,57.1200,1.799996
FILLER_0_17_51,VPWR,li1,29.9000,57.1200,1.799996
FILLER_0_17_43,VPWR,li1,26.2200,57.1200,1.799996
FILLER_0_17_31,VPWR,li1,22.5400,57.1200,1.799997
FILLER_0_17_19,VPWR,li1,17.0200,57.1200,1.799997
FILLER_0_17_7,VPWR,li1,11.5000,57.1200,1.799998
FILLER_0_16_184,VPWR,li1,91.5400,57.1200,1.799991
FILLER_0_16_172,VPWR,li1,87.4000,57.1200,1.799993
FILLER_0_16_165,VPWR,li1,81.6500,57.1200,1.799993
FILLER_0_16_157,VPWR,li1,77.9700,57.1200,1.799993
FILLER_0_16_153,VPWR,li1,76.8200,57.1200,1.799993
FILLER_0_16_141,VPWR,li1,73.1400,57.1200,1.799993
FILLER_0_16_137,VPWR,li1,69.2300,57.1200,1.799994
FILLER_0_16_125,VPWR,li1,65.7800,57.1200,1.799994
FILLER_0_16_113,VPWR,li1,60.2600,57.1200,1.799995
FILLER_0_16_93,VPWR,li1,48.9900,57.1200,1.799994
FILLER_0_16_85,VPWR,li1,46.4600,57.1200,1.799995
FILLER_0_16_82,VPWR,li1,43.7000,57.1200,1.799995
FILLER_0_16_70,VPWR,li1,40.4800,57.1200,1.799995
FILLER_0_16_61,VPWR,li1,33.8100,57.1200,1.799996
FILLER_0_16_55,VPWR,li1,32.2000,57.1200,1.799996
FILLER_0_16_43,VPWR,li1,28.0600,57.1200,1.799996
FILLER_0_16_35,VPWR,li1,21.8500,57.1200,1.799997
FILLER_0_16_29,VPWR,li1,20.2400,57.1200,1.799997
FILLER_0_16_27,VPWR,li1,18.1700,57.1200,1.799997
FILLER_0_16_23,VPWR,li1,17.0200,57.1200,1.799997
FILLER_0_16_11,VPWR,li1,13.3400,57.1200,1.799998
FILLER_0_16_7,VPWR,li1,8.9700,57.1200,1.799998
FILLER_0_16_3,VPWR,li1,7.8200,57.1200,1.799998
FILLER_0_15_188,VPWR,li1,92.4600,51.6800,1.799997
FILLER_0_15_176,VPWR,li1,89.2400,51.6800,1.799997
FILLER_0_15_165,VPWR,li1,82.1100,51.6800,1.799996
FILLER_0_15_157,VPWR,li1,79.5800,51.6800,1.799996
FILLER_0_15_145,VPWR,li1,74.9800,51.6800,1.799995
FILLER_0_15_121,VPWR,li1,61.8700,51.6800,1.799995
FILLER_0_15_113,VPWR,li1,59.3400,51.6800,1.799995
FILLER_0_15_109,VPWR,li1,56.3500,51.6800,1.799995
FILLER_0_15_101,VPWR,li1,53.8200,51.6800,1.799994
FILLER_0_15_89,VPWR,li1,46.6900,51.6800,1.799993
FILLER_0_15_81,VPWR,li1,43.2400,51.6800,1.799994
FILLER_0_15_69,VPWR,li1,40.0200,51.6800,1.799994
FILLER_0_15_57,VPWR,li1,34.5000,51.6800,1.799995
FILLER_0_15_55,VPWR,li1,31.0500,51.6800,1.799995
FILLER_0_15_51,VPWR,li1,29.9000,51.6800,1.799995
FILLER_0_15_39,VPWR,li1,26.2200,51.6800,1.799995
FILLER_0_15_27,VPWR,li1,20.7000,51.6800,1.799996
FILLER_0_15_15,VPWR,li1,15.1800,51.6800,1.799996
FILLER_0_15_3,VPWR,li1,9.6600,51.6800,1.799997
FILLER_0_14_184,VPWR,li1,91.5400,51.6800,1.799997
FILLER_0_14_172,VPWR,li1,87.4000,51.6800,1.799997
FILLER_0_14_160,VPWR,li1,81.8800,51.6800,1.799996
FILLER_0_14_152,VPWR,li1,75.6700,51.6800,1.799995
FILLER_0_14_146,VPWR,li1,74.0600,51.6800,1.799995
FILLER_0_14_141,VPWR,li1,70.8400,51.6800,1.799994
FILLER_0_14_139,VPWR,li1,69.6900,51.6800,1.799994
FILLER_0_14_135,VPWR,li1,68.5400,51.6800,1.799994
FILLER_0_14_123,VPWR,li1,64.8600,51.6800,1.799994
FILLER_0_14_115,VPWR,li1,58.6500,51.6800,1.799995
FILLER_0_14_109,VPWR,li1,57.0400,51.6800,1.799995
FILLER_0_14_97,VPWR,li1,52.9000,51.6800,1.799994
FILLER_0_14_85,VPWR,li1,47.3800,51.6800,1.799993
FILLER_0_14_83,VPWR,li1,43.9300,51.6800,1.799994
FILLER_0_14_71,VPWR,li1,40.9400,51.6800,1.799994
FILLER_0_14_60,VPWR,li1,33.8100,51.6800,1.799995
FILLER_0_14_48,VPWR,li1,28.9800,51.6800,1.799995
FILLER_0_14_41,VPWR,li1,25.3000,51.6800,1.799995
FILLER_0_14_29,VPWR,li1,21.6200,51.6800,1.799996
FILLER_0_14_26,VPWR,li1,17.9400,51.6800,1.799996
FILLER_0_14_12,VPWR,li1,11.5000,51.6800,1.799996
FILLER_0_14_3,VPWR,li1,7.5900,51.6800,1.799997
FILLER_0_13_182,VPWR,li1,91.0800,46.2400,1.799991
FILLER_0_13_156,VPWR,li1,78.6600,46.2400,1.799993
FILLER_0_13_144,VPWR,li1,74.5200,46.2400,1.799993
FILLER_0_13_132,VPWR,li1,69.0000,46.2400,1.799994
FILLER_0_13_125,VPWR,li1,63.2500,46.2400,1.799996
FILLER_0_13_113,VPWR,li1,60.2600,46.2400,1.799997
FILLER_0_13_106,VPWR,li1,55.6600,46.2400,1.799996
FILLER_0_13_94,VPWR,li1,51.5200,46.2400,1.799996
FILLER_0_13_82,VPWR,li1,46.0000,46.2400,1.799996
FILLER_0_13_70,VPWR,li1,40.4800,46.2400,1.799996
FILLER_0_13_63,VPWR,li1,35.4200,46.2400,1.799996
FILLER_0_13_55,VPWR,li1,31.0500,46.2400,1.799995
FILLER_0_13_51,VPWR,li1,29.9000,46.2400,1.799995
FILLER_0_13_39,VPWR,li1,25.3000,46.2400,1.799994
FILLER_0_13_27,VPWR,li1,20.7000,46.2400,1.799993
FILLER_0_13_15,VPWR,li1,15.1800,46.2400,1.799993
FILLER_0_13_3,VPWR,li1,8.2800,46.2400,1.799994
FILLER_0_12_185,VPWR,li1,90.8500,46.2400,1.799991
FILLER_0_12_177,VPWR,li1,88.7800,46.2400,1.799992
FILLER_0_12_165,VPWR,li1,84.1800,46.2400,1.799993
FILLER_0_12_153,VPWR,li1,78.6600,46.2400,1.799993
FILLER_0_12_147,VPWR,li1,73.3700,46.2400,1.799994
FILLER_0_12_141,VPWR,li1,71.7600,46.2400,1.799994
FILLER_0_12_138,VPWR,li1,69.4600,46.2400,1.799994
FILLER_0_12_130,VPWR,li1,67.1600,46.2400,1.799995
FILLER_0_12_126,VPWR,li1,63.7100,46.2400,1.799996
FILLER_0_12_120,VPWR,li1,62.1000,46.2400,1.799996
FILLER_0_12_108,VPWR,li1,57.9600,46.2400,1.799996
FILLER_0_12_97,VPWR,li1,51.0600,46.2400,1.799996
FILLER_0_12_85,VPWR,li1,47.3800,46.2400,1.799996
FILLER_0_12_78,VPWR,li1,42.7800,46.2400,1.799996
FILLER_0_12_66,VPWR,li1,38.6400,46.2400,1.799996
FILLER_0_12_54,VPWR,li1,33.1200,46.2400,1.799996
FILLER_0_12_42,VPWR,li1,27.6000,46.2400,1.799994
FILLER_0_12_35,VPWR,li1,22.3100,46.2400,1.799993
FILLER_0_12_27,VPWR,li1,18.1700,46.2400,1.799993
FILLER_0_12_7,VPWR,li1,9.6600,46.2400,1.799994
FILLER_0_11_189,VPWR,li1,92.6900,40.8000,1.799997
FILLER_0_11_181,VPWR,li1,90.6200,40.8000,1.799997
FILLER_0_11_169,VPWR,li1,86.0200,40.8000,1.799997
FILLER_0_11_162,VPWR,li1,81.4200,40.8000,1.799996
FILLER_0_11_150,VPWR,li1,77.2800,40.8000,1.799995
FILLER_0_11_144,VPWR,li1,71.9900,40.8000,1.799995
FILLER_0_11_138,VPWR,li1,70.3800,40.8000,1.799995
FILLER_0_11_133,VPWR,li1,66.9300,40.8000,1.799995
FILLER_0_11_121,VPWR,li1,63.9400,40.8000,1.799995
FILLER_0_11_113,VPWR,li1,57.7300,40.8000,1.799995
FILLER_0_11_110,VPWR,li1,56.5800,40.8000,1.799995
FILLER_0_11_97,VPWR,li1,50.3700,40.8000,1.799995
FILLER_0_11_93,VPWR,li1,49.2200,40.8000,1.799995
FILLER_0_11_81,VPWR,li1,45.5400,40.8000,1.799996
FILLER_0_11_69,VPWR,li1,40.0200,40.8000,1.799996
FILLER_0_11_57,VPWR,li1,34.5000,40.8000,1.799997
FILLER_0_11_48,VPWR,li1,29.4400,40.8000,1.799996
FILLER_0_11_41,VPWR,li1,25.3000,40.8000,1.799995
FILLER_0_11_34,VPWR,li1,22.0800,40.8000,1.799995
FILLER_0_11_27,VPWR,li1,18.6300,40.8000,1.799996
FILLER_0_11_15,VPWR,li1,15.1800,40.8000,1.799996
FILLER_0_11_3,VPWR,li1,9.6600,40.8000,1.799997
FILLER_0_10_189,VPWR,li1,92.6900,40.8000,1.799997
FILLER_0_10_181,VPWR,li1,90.6200,40.8000,1.799997
FILLER_0_10_169,VPWR,li1,86.0200,40.8000,1.799997
FILLER_0_10_161,VPWR,li1,80.0400,40.8000,1.799996
FILLER_0_10_153,VPWR,li1,77.7400,40.8000,1.799995
FILLER_0_10_141,VPWR,li1,73.1400,40.8000,1.799995
FILLER_0_10_139,VPWR,li1,69.6900,40.8000,1.799995
FILLER_0_10_133,VPWR,li1,68.0800,40.8000,1.799995
FILLER_0_10_114,VPWR,li1,59.3400,40.8000,1.799996
FILLER_0_10_97,VPWR,li1,52.9000,40.8000,1.799995
FILLER_0_10_85,VPWR,li1,47.3800,40.8000,1.799995
FILLER_0_10_83,VPWR,li1,43.9300,40.8000,1.799996
FILLER_0_10_71,VPWR,li1,40.9400,40.8000,1.799996
FILLER_0_10_59,VPWR,li1,35.4200,40.8000,1.799997
FILLER_0_10_49,VPWR,li1,28.5200,40.8000,1.799996
FILLER_0_10_41,VPWR,li1,26.2200,40.8000,1.799996
FILLER_0_10_29,VPWR,li1,21.6200,40.8000,1.799995
FILLER_0_10_20,VPWR,li1,16.5600,40.8000,1.799996
FILLER_0_10_14,VPWR,li1,12.4200,40.8000,1.799997
FILLER_0_10_11,VPWR,li1,10.8100,40.8000,1.799997
FILLER_0_10_3,VPWR,li1,8.7400,40.8000,1.799997
FILLER_0_9_173,VPWR,li1,85.3300,35.3600,1.799994
FILLER_0_9_169,VPWR,li1,84.1800,35.3600,1.799994
FILLER_0_9_165,VPWR,li1,82.1100,35.3600,1.799994
FILLER_0_9_157,VPWR,li1,79.5800,35.3600,1.799994
FILLER_0_9_137,VPWR,li1,69.9200,35.3600,1.799994
FILLER_0_9_125,VPWR,li1,65.7800,35.3600,1.799995
FILLER_0_9_113,VPWR,li1,60.2600,35.3600,1.799996
FILLER_0_9_110,VPWR,li1,56.5800,35.3600,1.799995
FILLER_0_9_102,VPWR,li1,54.2800,35.3600,1.799995
FILLER_0_9_90,VPWR,li1,49.6800,35.3600,1.799995
FILLER_0_9_78,VPWR,li1,44.1600,35.3600,1.799995
FILLER_0_9_69,VPWR,li1,37.7200,35.3600,1.799995
FILLER_0_9_57,VPWR,li1,34.5000,35.3600,1.799996
FILLER_0_9_55,VPWR,li1,31.0500,35.3600,1.799995
FILLER_0_9_47,VPWR,li1,28.9800,35.3600,1.799995
FILLER_0_9_35,VPWR,li1,24.3800,35.3600,1.799996
FILLER_0_9_15,VPWR,li1,15.1800,35.3600,1.799997
FILLER_0_9_3,VPWR,li1,9.6600,35.3600,1.799997
FILLER_0_8_178,VPWR,li1,89.2400,35.3600,1.799992
FILLER_0_8_171,VPWR,li1,84.4100,35.3600,1.799994
FILLER_0_8_159,VPWR,li1,81.4200,35.3600,1.799994
FILLER_0_8_147,VPWR,li1,75.9000,35.3600,1.799994
FILLER_0_8_128,VPWR,li1,67.1600,35.3600,1.799995
FILLER_0_8_120,VPWR,li1,61.4100,35.3600,1.799995
FILLER_0_8_112,VPWR,li1,58.8800,35.3600,1.799996
FILLER_0_8_102,VPWR,li1,52.6700,35.3600,1.799995
FILLER_0_8_98,VPWR,li1,51.5200,35.3600,1.799995
FILLER_0_8_80,VPWR,li1,43.2400,35.3600,1.799995
FILLER_0_8_41,VPWR,li1,27.1400,35.3600,1.799995
FILLER_0_8_29,VPWR,li1,21.6200,35.3600,1.799996
FILLER_0_8_27,VPWR,li1,18.1700,35.3600,1.799996
FILLER_0_8_19,VPWR,li1,16.1000,35.3600,1.799997
FILLER_0_8_7,VPWR,li1,11.5000,35.3600,1.799997
FILLER_0_7_189,VPWR,li1,92.6900,29.9200,1.799998
FILLER_0_7_181,VPWR,li1,90.6200,29.9200,1.799998
FILLER_0_7_169,VPWR,li1,86.0200,29.9200,1.799998
FILLER_0_7_167,VPWR,li1,82.5700,29.9200,1.799998
FILLER_0_7_161,VPWR,li1,80.9600,29.9200,1.799998
FILLER_0_7_149,VPWR,li1,76.8200,29.9200,1.799997
FILLER_0_7_137,VPWR,li1,71.3000,29.9200,1.799997
FILLER_0_7_125,VPWR,li1,65.7800,29.9200,1.799997
FILLER_0_7_113,VPWR,li1,60.2600,29.9200,1.799998
FILLER_0_7_106,VPWR,li1,55.6600,29.9200,1.799997
FILLER_0_7_97,VPWR,li1,50.6000,29.9200,1.799997
FILLER_0_7_85,VPWR,li1,47.3800,29.9200,1.799997
FILLER_0_7_76,VPWR,li1,41.4000,29.9200,1.799997
FILLER_0_7_65,VPWR,li1,36.1100,29.9200,1.799998
FILLER_0_7_57,VPWR,li1,33.5800,29.9200,1.799998
FILLER_0_7_54,VPWR,li1,30.8200,29.9200,1.799998
FILLER_0_7_42,VPWR,li1,27.6000,29.9200,1.799998
FILLER_0_7_27,VPWR,li1,19.7800,29.9200,1.799998
FILLER_0_7_15,VPWR,li1,15.1800,29.9200,1.799998
FILLER_0_7_3,VPWR,li1,9.6600,29.9200,1.799999
FILLER_0_6_182,VPWR,li1,91.0800,29.9200,1.799998
FILLER_0_6_170,VPWR,li1,86.4800,29.9200,1.799998
FILLER_0_6_158,VPWR,li1,80.9600,29.9200,1.799998
FILLER_0_6_148,VPWR,li1,74.2900,29.9200,1.799997
FILLER_0_6_133,VPWR,li1,67.1600,29.9200,1.799997
FILLER_0_6_121,VPWR,li1,63.9400,29.9200,1.799997
FILLER_0_6_109,VPWR,li1,58.4200,29.9200,1.799997
FILLER_0_6_97,VPWR,li1,52.9000,29.9200,1.799997
FILLER_0_6_85,VPWR,li1,47.3800,29.9200,1.799997
FILLER_0_6_83,VPWR,li1,43.9300,29.9200,1.799997
FILLER_0_6_75,VPWR,li1,41.8600,29.9200,1.799997
FILLER_0_6_63,VPWR,li1,37.2600,29.9200,1.799998
FILLER_0_6_53,VPWR,li1,30.5900,29.9200,1.799998
FILLER_0_6_45,VPWR,li1,28.0600,29.9200,1.799998
FILLER_0_6_33,VPWR,li1,23.4600,29.9200,1.799998
FILLER_0_6_26,VPWR,li1,17.9400,29.9200,1.799998
FILLER_0_6_14,VPWR,li1,14.7200,29.9200,1.799998
FILLER_0_6_7,VPWR,li1,8.9700,29.9200,1.799999
FILLER_0_6_3,VPWR,li1,7.8200,29.9200,1.799999
FILLER_0_5_189,VPWR,li1,92.6900,24.4800,1.799998
FILLER_0_5_181,VPWR,li1,90.6200,24.4800,1.799998
FILLER_0_5_169,VPWR,li1,86.0200,24.4800,1.799998
FILLER_0_5_165,VPWR,li1,82.1100,24.4800,1.799997
FILLER_0_5_157,VPWR,li1,79.5800,24.4800,1.799997
FILLER_0_5_145,VPWR,li1,74.9800,24.4800,1.799996
FILLER_0_5_133,VPWR,li1,69.4600,24.4800,1.799995
FILLER_0_5_121,VPWR,li1,63.9400,24.4800,1.799995
FILLER_0_5_117,VPWR,li1,59.5700,24.4800,1.799995
FILLER_0_5_113,VPWR,li1,58.4200,24.4800,1.799995
FILLER_0_5_100,VPWR,li1,54.2800,24.4800,1.799994
FILLER_0_5_86,VPWR,li1,45.3100,24.4800,1.799993
FILLER_0_5_82,VPWR,li1,44.1600,24.4800,1.799993
FILLER_0_5_70,VPWR,li1,40.4800,24.4800,1.799993
FILLER_0_5_57,VPWR,li1,33.1200,24.4800,1.799993
FILLER_0_5_54,VPWR,li1,30.8200,24.4800,1.799993
FILLER_0_5_42,VPWR,li1,27.6000,24.4800,1.799993
FILLER_0_5_30,VPWR,li1,22.0800,24.4800,1.799992
FILLER_0_5_18,VPWR,li1,16.5600,24.4800,1.799993
FILLER_0_5_3,VPWR,li1,9.6600,24.4800,1.799996
FILLER_0_4_188,VPWR,li1,92.4600,24.4800,1.799998
FILLER_0_4_180,VPWR,li1,90.1600,24.4800,1.799998
FILLER_0_4_168,VPWR,li1,85.5600,24.4800,1.799998
FILLER_0_4_156,VPWR,li1,80.0400,24.4800,1.799997
FILLER_0_4_144,VPWR,li1,74.5200,24.4800,1.799996
FILLER_0_4_121,VPWR,li1,62.5600,24.4800,1.799995
FILLER_0_4_115,VPWR,li1,58.6500,24.4800,1.799995
FILLER_0_4_103,VPWR,li1,55.6600,24.4800,1.799994
FILLER_0_4_91,VPWR,li1,50.1400,24.4800,1.799993
FILLER_0_4_83,VPWR,li1,43.9300,24.4800,1.799993
FILLER_0_4_57,VPWR,li1,32.6600,24.4800,1.799993
FILLER_0_4_40,VPWR,li1,26.6800,24.4800,1.799993
FILLER_0_4_23,VPWR,li1,16.5600,24.4800,1.799993
FILLER_0_4_15,VPWR,li1,14.2600,24.4800,1.799994
FILLER_0_4_3,VPWR,li1,9.6600,24.4800,1.799996
FILLER_0_3_181,VPWR,li1,89.0100,19.0400,1.799991
FILLER_0_3_177,VPWR,li1,87.8600,19.0400,1.799991
FILLER_0_3_167,VPWR,li1,82.5700,19.0400,1.799992
FILLER_0_3_161,VPWR,li1,80.9600,19.0400,1.799992
FILLER_0_3_149,VPWR,li1,76.8200,19.0400,1.799992
FILLER_0_3_137,VPWR,li1,71.3000,19.0400,1.799993
FILLER_0_3_125,VPWR,li1,65.7800,19.0400,1.799993
FILLER_0_3_113,VPWR,li1,60.2600,19.0400,1.799995
FILLER_0_3_111,VPWR,li1,56.8100,19.0400,1.799995
FILLER_0_3_107,VPWR,li1,55.6600,19.0400,1.799995
FILLER_0_3_95,VPWR,li1,51.9800,19.0400,1.799994
FILLER_0_3_83,VPWR,li1,46.4600,19.0400,1.799994
FILLER_0_3_70,VPWR,li1,39.5600,19.0400,1.799993
FILLER_0_3_55,VPWR,li1,31.0500,19.0400,1.799992
FILLER_0_3_51,VPWR,li1,29.9000,19.0400,1.799992
FILLER_0_3_43,VPWR,li1,25.5300,19.0400,1.799990
FILLER_0_3_37,VPWR,li1,23.9200,19.0400,1.799990
FILLER_0_3_30,VPWR,li1,19.5500,19.0400,1.799990
FILLER_0_3_19,VPWR,li1,14.7200,19.0400,1.799991
FILLER_0_3_11,VPWR,li1,12.4200,19.0400,1.799992
FILLER_0_2_184,VPWR,li1,90.6200,19.0400,1.799990
FILLER_0_2_180,VPWR,li1,88.7800,19.0400,1.799991
FILLER_0_2_165,VPWR,li1,83.2600,19.0400,1.799992
FILLER_0_2_153,VPWR,li1,78.6600,19.0400,1.799992
FILLER_0_2_141,VPWR,li1,73.1400,19.0400,1.799993
FILLER_0_2_139,VPWR,li1,69.6900,19.0400,1.799993
FILLER_0_2_133,VPWR,li1,66.9300,19.0400,1.799993
FILLER_0_2_127,VPWR,li1,65.3200,19.0400,1.799993
FILLER_0_2_117,VPWR,li1,59.8000,19.0400,1.799995
FILLER_0_2_109,VPWR,li1,57.5000,19.0400,1.799995
FILLER_0_2_97,VPWR,li1,52.9000,19.0400,1.799994
FILLER_0_2_85,VPWR,li1,47.3800,19.0400,1.799994
FILLER_0_2_82,VPWR,li1,43.7000,19.0400,1.799994
FILLER_0_2_74,VPWR,li1,41.4000,19.0400,1.799993
FILLER_0_2_62,VPWR,li1,36.8000,19.0400,1.799993
FILLER_0_2_55,VPWR,li1,31.0500,19.0400,1.799992
FILLER_0_2_51,VPWR,li1,29.9000,19.0400,1.799992
FILLER_0_2_39,VPWR,li1,26.2200,19.0400,1.799991
FILLER_0_2_35,VPWR,li1,21.8500,19.0400,1.799990
FILLER_0_2_29,VPWR,li1,20.2400,19.0400,1.799990
FILLER_0_2_20,VPWR,li1,16.5600,19.0400,1.799991
FILLER_0_2_7,VPWR,li1,10.1200,19.0400,1.799993
FILLER_0_1_178,VPWR,li1,88.0900,13.6000,1.799991
FILLER_0_1_167,VPWR,li1,82.5700,13.6000,1.799991
FILLER_0_1_155,VPWR,li1,79.5800,13.6000,1.799991
FILLER_0_1_145,VPWR,li1,72.6800,13.6000,1.799992
FILLER_0_1_137,VPWR,li1,70.3800,13.6000,1.799992
FILLER_0_1_125,VPWR,li1,65.7800,13.6000,1.799994
FILLER_0_1_113,VPWR,li1,60.2600,13.6000,1.799996
FILLER_0_1_111,VPWR,li1,56.8100,13.6000,1.799996
FILLER_0_1_103,VPWR,li1,54.7400,13.6000,1.799995
FILLER_0_1_91,VPWR,li1,50.1400,13.6000,1.799995
FILLER_0_1_79,VPWR,li1,44.6200,13.6000,1.799996
FILLER_0_1_67,VPWR,li1,39.1000,13.6000,1.799996
FILLER_0_1_57,VPWR,li1,32.4300,13.6000,1.799997
FILLER_0_1_55,VPWR,li1,31.0500,13.6000,1.799997
FILLER_0_1_51,VPWR,li1,29.9000,13.6000,1.799996
FILLER_0_1_39,VPWR,li1,26.2200,13.6000,1.799996
FILLER_0_1_27,VPWR,li1,20.7000,13.6000,1.799996
FILLER_0_1_15,VPWR,li1,15.1800,13.6000,1.799997
FILLER_0_1_3,VPWR,li1,9.6600,13.6000,1.799997
FILLER_0_0_184,VPWR,li1,91.5400,13.6000,1.799990
FILLER_0_0_169,VPWR,li1,83.7200,13.6000,1.799991
FILLER_0_0_153,VPWR,li1,76.8200,13.6000,1.799991
FILLER_0_0_141,VPWR,li1,73.1400,13.6000,1.799992
FILLER_0_0_128,VPWR,li1,67.1600,13.6000,1.799994
FILLER_0_0_113,VPWR,li1,59.3400,13.6000,1.799996
FILLER_0_0_111,VPWR,li1,56.8100,13.6000,1.799996
FILLER_0_0_103,VPWR,li1,54.7400,13.6000,1.799995
FILLER_0_0_85,VPWR,li1,47.3800,13.6000,1.799995
FILLER_0_0_81,VPWR,li1,43.4700,13.6000,1.799996
FILLER_0_0_69,VPWR,li1,40.0200,13.6000,1.799996
FILLER_0_0_57,VPWR,li1,34.5000,13.6000,1.799997
FILLER_0_0_55,VPWR,li1,31.0500,13.6000,1.799997
FILLER_0_0_47,VPWR,li1,28.9800,13.6000,1.799996
FILLER_0_0_35,VPWR,li1,24.3800,13.6000,1.799996
FILLER_0_0_27,VPWR,li1,18.1700,13.6000,1.799996
FILLER_0_0_19,VPWR,li1,16.1000,13.6000,1.799997
FILLER_0_0_7,VPWR,li1,11.5000,13.6000,1.799997
ANTENNA_4,VPWR,li1,89.7000,19.0400,1.799990
ANTENNA_3,VPWR,li1,11.5000,40.8000,1.799997
ANTENNA_2,VPWR,li1,89.7000,19.0400,1.799990
ANTENNA_1,VPWR,li1,89.7000,84.3200,1.799987
rebuffer3,VPWR,li1,15.8700,51.6800,1.799996
rebuffer2,VPWR,li1,34.9600,35.3600,1.799996
rebuffer1,VPWR,li1,56.1200,35.3600,1.799995
wire28,VPWR,li1,37.0300,46.2400,1.799996
output27,VPWR,li1,92.0000,19.0400,1.799988
output26,VPWR,li1,91.5400,19.0400,1.799988
output25,VPWR,li1,92.0000,35.3600,1.799991
output24,VPWR,li1,92.0000,46.2400,1.799991
output23,VPWR,li1,92.0000,57.1200,1.799991
output22,VPWR,li1,92.0000,68.0000,1.799990
output21,VPWR,li1,92.0000,84.3200,1.799987
output20,VPWR,li1,90.1600,84.3200,1.799987
input19,VPWR,li1,20.2400,13.6000,1.799996
input18,VPWR,li1,51.5200,13.6000,1.799995
input17,VPWR,li1,78.6600,13.6000,1.799991
input16,VPWR,li1,7.8200,84.3200,1.799994
input15,VPWR,li1,19.7800,84.3200,1.799991
input14,VPWR,li1,30.3600,84.3200,1.799990
input13,VPWR,li1,45.5400,84.3200,1.799992
input12,VPWR,li1,58.4200,84.3200,1.799994
input11,VPWR,li1,71.3000,84.3200,1.799989
input10,VPWR,li1,81.8800,84.3200,1.799987
input9,VPWR,li1,92.0000,84.3200,1.799987
input8,VPWR,li1,7.8200,13.6000,1.799997
input7,VPWR,li1,7.8200,19.0400,1.799992
input6,VPWR,li1,7.8200,35.3600,1.799997
input5,VPWR,li1,7.8200,46.2400,1.799994
input4,VPWR,li1,7.8200,57.1200,1.799998
input3,VPWR,li1,7.8200,68.0000,1.799996
input2,VPWR,li1,7.8200,84.3200,1.799994
input1,VPWR,li1,9.4300,84.3200,1.799994
TAP_TAPCELL_ROW_27_145,VPWR,li1,83.0300,84.6260,1.799987
TAP_TAPCELL_ROW_27_144,VPWR,li1,70.1500,84.6260,1.799990
TAP_TAPCELL_ROW_27_143,VPWR,li1,57.2700,84.6260,1.799994
TAP_TAPCELL_ROW_27_142,VPWR,li1,44.3900,84.6260,1.799992
TAP_TAPCELL_ROW_27_141,VPWR,li1,31.5100,84.6260,1.799990
TAP_TAPCELL_ROW_27_140,VPWR,li1,18.6300,84.6260,1.799992
TAP_TAPCELL_ROW_26_139,VPWR,li1,70.1500,84.0130,1.799990
TAP_TAPCELL_ROW_26_138,VPWR,li1,44.3900,84.0130,1.799992
TAP_TAPCELL_ROW_26_137,VPWR,li1,18.6300,84.0130,1.799992
TAP_TAPCELL_ROW_25_136,VPWR,li1,83.0300,79.1860,1.799996
TAP_TAPCELL_ROW_25_135,VPWR,li1,57.2700,79.1860,1.799995
TAP_TAPCELL_ROW_25_134,VPWR,li1,31.5100,79.1860,1.799996
TAP_TAPCELL_ROW_24_133,VPWR,li1,70.1500,78.5730,1.799993
TAP_TAPCELL_ROW_24_132,VPWR,li1,44.3900,78.5730,1.799995
TAP_TAPCELL_ROW_24_131,VPWR,li1,18.6300,78.5730,1.799996
TAP_TAPCELL_ROW_23_130,VPWR,li1,83.0300,73.7460,1.799996
TAP_TAPCELL_ROW_23_129,VPWR,li1,57.2700,73.7460,1.799997
TAP_TAPCELL_ROW_23_128,VPWR,li1,31.5100,73.7460,1.799996
TAP_TAPCELL_ROW_22_127,VPWR,li1,70.1500,73.1330,1.799996
TAP_TAPCELL_ROW_22_126,VPWR,li1,44.3900,73.1330,1.799996
TAP_TAPCELL_ROW_22_125,VPWR,li1,18.6300,73.1330,1.799995
TAP_TAPCELL_ROW_21_124,VPWR,li1,83.0300,68.3060,1.799993
TAP_TAPCELL_ROW_21_123,VPWR,li1,57.2700,68.3060,1.799993
TAP_TAPCELL_ROW_21_122,VPWR,li1,31.5100,68.3060,1.799995
TAP_TAPCELL_ROW_20_121,VPWR,li1,70.1500,67.6930,1.799992
TAP_TAPCELL_ROW_20_120,VPWR,li1,44.3900,67.6930,1.799993
TAP_TAPCELL_ROW_20_119,VPWR,li1,18.6300,67.6930,1.799995
TAP_TAPCELL_ROW_19_118,VPWR,li1,83.0300,62.8660,1.799997
TAP_TAPCELL_ROW_19_117,VPWR,li1,57.2700,62.8660,1.799998
TAP_TAPCELL_ROW_19_116,VPWR,li1,31.5100,62.8660,1.799998
TAP_TAPCELL_ROW_18_115,VPWR,li1,70.1500,62.2530,1.799997
TAP_TAPCELL_ROW_18_114,VPWR,li1,44.3900,62.2530,1.799998
TAP_TAPCELL_ROW_18_113,VPWR,li1,18.6300,62.2530,1.799998
TAP_TAPCELL_ROW_17_112,VPWR,li1,83.0300,57.4260,1.799993
TAP_TAPCELL_ROW_17_111,VPWR,li1,57.2700,57.4260,1.799994
TAP_TAPCELL_ROW_17_110,VPWR,li1,31.5100,57.4260,1.799996
TAP_TAPCELL_ROW_16_109,VPWR,li1,70.1500,56.8130,1.799994
TAP_TAPCELL_ROW_16_108,VPWR,li1,44.3900,56.8130,1.799995
TAP_TAPCELL_ROW_16_107,VPWR,li1,18.6300,56.8130,1.799997
TAP_TAPCELL_ROW_15_106,VPWR,li1,83.0300,51.9860,1.799996
TAP_TAPCELL_ROW_15_105,VPWR,li1,57.2700,51.9860,1.799995
TAP_TAPCELL_ROW_15_104,VPWR,li1,31.5100,51.9860,1.799995
TAP_TAPCELL_ROW_14_103,VPWR,li1,70.1500,51.3730,1.799994
TAP_TAPCELL_ROW_14_102,VPWR,li1,44.3900,51.3730,1.799994
TAP_TAPCELL_ROW_14_101,VPWR,li1,18.6300,51.3730,1.799996
TAP_TAPCELL_ROW_13_100,VPWR,li1,83.0300,46.5460,1.799993
TAP_TAPCELL_ROW_13_99,VPWR,li1,57.2700,46.5460,1.799996
TAP_TAPCELL_ROW_13_98,VPWR,li1,31.5100,46.5460,1.799995
TAP_TAPCELL_ROW_12_97,VPWR,li1,70.1500,45.9330,1.799994
TAP_TAPCELL_ROW_12_96,VPWR,li1,44.3900,45.9330,1.799996
TAP_TAPCELL_ROW_12_95,VPWR,li1,18.6300,45.9330,1.799993
TAP_TAPCELL_ROW_11_94,VPWR,li1,83.0300,41.1060,1.799996
TAP_TAPCELL_ROW_11_93,VPWR,li1,57.2700,41.1060,1.799995
TAP_TAPCELL_ROW_11_92,VPWR,li1,31.5100,41.1060,1.799996
TAP_TAPCELL_ROW_10_91,VPWR,li1,70.1500,40.4930,1.799995
TAP_TAPCELL_ROW_10_90,VPWR,li1,44.3900,40.4930,1.799996
TAP_TAPCELL_ROW_10_89,VPWR,li1,18.6300,40.4930,1.799996
TAP_TAPCELL_ROW_9_88,VPWR,li1,83.0300,35.6660,1.799994
TAP_TAPCELL_ROW_9_87,VPWR,li1,57.2700,35.6660,1.799995
TAP_TAPCELL_ROW_9_86,VPWR,li1,31.5100,35.6660,1.799995
TAP_TAPCELL_ROW_8_85,VPWR,li1,70.1500,35.0530,1.799994
TAP_TAPCELL_ROW_8_84,VPWR,li1,44.3900,35.0530,1.799995
TAP_TAPCELL_ROW_8_83,VPWR,li1,18.6300,35.0530,1.799996
TAP_TAPCELL_ROW_7_82,VPWR,li1,83.0300,30.2260,1.799998
TAP_TAPCELL_ROW_7_81,VPWR,li1,57.2700,30.2260,1.799997
TAP_TAPCELL_ROW_7_80,VPWR,li1,31.5100,30.2260,1.799998
TAP_TAPCELL_ROW_6_79,VPWR,li1,70.1500,29.6130,1.799997
TAP_TAPCELL_ROW_6_78,VPWR,li1,44.3900,29.6130,1.799997
TAP_TAPCELL_ROW_6_77,VPWR,li1,18.6300,29.6130,1.799998
TAP_TAPCELL_ROW_5_76,VPWR,li1,83.0300,24.7860,1.799997
TAP_TAPCELL_ROW_5_75,VPWR,li1,57.2700,24.7860,1.799995
TAP_TAPCELL_ROW_5_74,VPWR,li1,31.5100,24.7860,1.799993
TAP_TAPCELL_ROW_4_73,VPWR,li1,70.1500,24.1730,1.799995
TAP_TAPCELL_ROW_4_72,VPWR,li1,44.3900,24.1730,1.799993
TAP_TAPCELL_ROW_4_71,VPWR,li1,18.6300,24.1730,1.799993
TAP_TAPCELL_ROW_3_70,VPWR,li1,83.0300,19.3460,1.799992
TAP_TAPCELL_ROW_3_69,VPWR,li1,57.2700,19.3460,1.799995
TAP_TAPCELL_ROW_3_68,VPWR,li1,31.5100,19.3460,1.799992
TAP_TAPCELL_ROW_2_67,VPWR,li1,70.1500,18.7330,1.799993
TAP_TAPCELL_ROW_2_66,VPWR,li1,44.3900,18.7330,1.799994
TAP_TAPCELL_ROW_2_65,VPWR,li1,18.6300,18.7330,1.799990
TAP_TAPCELL_ROW_1_64,VPWR,li1,83.0300,13.9060,1.799991
TAP_TAPCELL_ROW_1_63,VPWR,li1,57.2700,13.9060,1.799996
TAP_TAPCELL_ROW_1_62,VPWR,li1,31.5100,13.9060,1.799997
TAP_TAPCELL_ROW_0_61,VPWR,li1,83.0300,13.2930,1.799991
TAP_TAPCELL_ROW_0_60,VPWR,li1,70.1500,13.2930,1.799992
TAP_TAPCELL_ROW_0_59,VPWR,li1,57.2700,13.2930,1.799996
TAP_TAPCELL_ROW_0_58,VPWR,li1,44.3900,13.2930,1.799996
TAP_TAPCELL_ROW_0_57,VPWR,li1,31.5100,13.2930,1.799997
TAP_TAPCELL_ROW_0_56,VPWR,li1,18.6300,13.2930,1.799996
PHY_EDGE_ROW_27_Left_55,VPWR,li1,6.2100,84.3200,1.799994
PHY_EDGE_ROW_26_Left_54,VPWR,li1,6.2100,84.3200,1.799994
PHY_EDGE_ROW_25_Left_53,VPWR,li1,6.2100,78.8800,1.799997
PHY_EDGE_ROW_24_Left_52,VPWR,li1,6.2100,78.8800,1.799997
PHY_EDGE_ROW_23_Left_51,VPWR,li1,6.2100,73.4400,1.799995
PHY_EDGE_ROW_22_Left_50,VPWR,li1,6.2100,73.4400,1.799995
PHY_EDGE_ROW_21_Left_49,VPWR,li1,6.2100,68.0000,1.799996
PHY_EDGE_ROW_20_Left_48,VPWR,li1,6.2100,68.0000,1.799996
PHY_EDGE_ROW_19_Left_47,VPWR,li1,6.2100,62.5600,1.799999
PHY_EDGE_ROW_18_Left_46,VPWR,li1,6.2100,62.5600,1.799999
PHY_EDGE_ROW_17_Left_45,VPWR,li1,6.2100,57.1200,1.799998
PHY_EDGE_ROW_16_Left_44,VPWR,li1,6.2100,57.1200,1.799998
PHY_EDGE_ROW_15_Left_43,VPWR,li1,6.2100,51.6800,1.799997
PHY_EDGE_ROW_14_Left_42,VPWR,li1,6.2100,51.6800,1.799997
PHY_EDGE_ROW_13_Left_41,VPWR,li1,6.2100,46.2400,1.799994
PHY_EDGE_ROW_12_Left_40,VPWR,li1,6.2100,46.2400,1.799994
PHY_EDGE_ROW_11_Left_39,VPWR,li1,6.2100,40.8000,1.799997
PHY_EDGE_ROW_10_Left_38,VPWR,li1,6.2100,40.8000,1.799997
PHY_EDGE_ROW_9_Left_37,VPWR,li1,6.2100,35.3600,1.799997
PHY_EDGE_ROW_8_Left_36,VPWR,li1,6.2100,35.3600,1.799997
PHY_EDGE_ROW_7_Left_35,VPWR,li1,6.2100,29.9200,1.799999
PHY_EDGE_ROW_6_Left_34,VPWR,li1,6.2100,29.9200,1.799999
PHY_EDGE_ROW_5_Left_33,VPWR,li1,6.2100,24.4800,1.799996
PHY_EDGE_ROW_4_Left_32,VPWR,li1,6.2100,24.4800,1.799996
PHY_EDGE_ROW_3_Left_31,VPWR,li1,6.2100,19.0400,1.799992
PHY_EDGE_ROW_2_Left_30,VPWR,li1,6.2100,19.0400,1.799992
PHY_EDGE_ROW_1_Left_29,VPWR,li1,6.2100,13.6000,1.799997
PHY_EDGE_ROW_0_Left_28,VPWR,li1,6.2100,13.6000,1.799997
PHY_EDGE_ROW_27_Right_27,VPWR,li1,93.6100,84.3200,1.799987
PHY_EDGE_ROW_26_Right_26,VPWR,li1,93.6100,84.3200,1.799987
PHY_EDGE_ROW_25_Right_25,VPWR,li1,93.6100,78.8800,1.799997
PHY_EDGE_ROW_24_Right_24,VPWR,li1,93.6100,78.8800,1.799997
PHY_EDGE_ROW_23_Right_23,VPWR,li1,93.6100,73.4400,1.799996
PHY_EDGE_ROW_22_Right_22,VPWR,li1,93.6100,73.4400,1.799996
PHY_EDGE_ROW_21_Right_21,VPWR,li1,93.6100,68.0000,1.799990
PHY_EDGE_ROW_20_Right_20,VPWR,li1,93.6100,68.0000,1.799990
PHY_EDGE_ROW_19_Right_19,VPWR,li1,93.6100,62.5600,1.799998
PHY_EDGE_ROW_18_Right_18,VPWR,li1,93.6100,62.5600,1.799998
PHY_EDGE_ROW_17_Right_17,VPWR,li1,93.6100,57.1200,1.799991
PHY_EDGE_ROW_16_Right_16,VPWR,li1,93.6100,57.1200,1.799991
PHY_EDGE_ROW_15_Right_15,VPWR,li1,93.6100,51.6800,1.799997
PHY_EDGE_ROW_14_Right_14,VPWR,li1,93.6100,51.6800,1.799997
PHY_EDGE_ROW_13_Right_13,VPWR,li1,93.6100,46.2400,1.799991
PHY_EDGE_ROW_12_Right_12,VPWR,li1,93.6100,46.2400,1.799991
PHY_EDGE_ROW_11_Right_11,VPWR,li1,93.6100,40.8000,1.799997
PHY_EDGE_ROW_10_Right_10,VPWR,li1,93.6100,40.8000,1.799997
PHY_EDGE_ROW_9_Right_9,VPWR,li1,93.6100,35.3600,1.799991
PHY_EDGE_ROW_8_Right_8,VPWR,li1,93.6100,35.3600,1.799991
PHY_EDGE_ROW_7_Right_7,VPWR,li1,93.6100,29.9200,1.799998
PHY_EDGE_ROW_6_Right_6,VPWR,li1,93.6100,29.9200,1.799998
PHY_EDGE_ROW_5_Right_5,VPWR,li1,93.6100,24.4800,1.799998
PHY_EDGE_ROW_4_Right_4,VPWR,li1,93.6100,24.4800,1.799998
PHY_EDGE_ROW_3_Right_3,VPWR,li1,93.6100,19.0400,1.799988
PHY_EDGE_ROW_2_Right_2,VPWR,li1,93.6100,19.0400,1.799988
PHY_EDGE_ROW_1_Right_1,VPWR,li1,93.6100,13.6000,1.799990
PHY_EDGE_ROW_0_Right_0,VPWR,li1,93.6100,13.6000,1.799990
_347_,VPWR,li1,22.7700,19.0400,1.799990
_346_,VPWR,li1,66.4700,78.8800,1.799993
_345_,VPWR,li1,82.1100,68.0000,1.799993
_344_,VPWR,li1,23.9200,46.2400,1.799993
_343_,VPWR,li1,53.5900,46.2400,1.799996
_342_,VPWR,li1,33.1200,46.2400,1.799996
_341_,VPWR,li1,23.6900,57.1200,1.799997
_340_,VPWR,li1,17.0200,73.4400,1.799995
_339_,VPWR,li1,71.0700,24.4800,1.799995
_338_,VPWR,li1,22.7700,24.4800,1.799992
_337_,VPWR,li1,60.4900,24.4800,1.799995
_336_,VPWR,li1,79.8100,57.1200,1.799993
_335_,VPWR,li1,31.7400,84.3200,1.799990
_334_,VPWR,li1,35.4200,84.3200,1.799993
_333_,VPWR,li1,9.8900,57.1200,1.799998
_332_,VPWR,li1,84.8700,51.6800,1.799997
_331_,VPWR,li1,28.0600,57.1200,1.799996
_330_,VPWR,li1,60.0300,78.8800,1.799995
_329_,VPWR,li1,79.3500,84.3200,1.799987
_328_,VPWR,li1,76.1300,13.6000,1.799991
_327_,VPWR,li1,17.4800,68.0000,1.799995
_326_,VPWR,li1,8.5100,73.4400,1.799995
_325_,VPWR,li1,86.9400,73.4400,1.799996
_324_,VPWR,li1,36.3400,51.6800,1.799995
_323_,VPWR,li1,26.9100,51.6800,1.799995
_322_,VPWR,li1,50.3700,78.8800,1.799995
_321_,VPWR,li1,51.0600,51.6800,1.799994
_320_,VPWR,li1,14.2600,78.8800,1.799997
_319_,VPWR,li1,74.7500,46.2400,1.799993
_318_,VPWR,li1,23.6900,40.8000,1.799995
_317_,VPWR,li1,8.7400,19.0400,1.799993
_316_,VPWR,li1,45.7700,57.1200,1.799995
_315_,VPWR,li1,71.9900,51.6800,1.799994
_314_,VPWR,li1,20.2400,46.2400,1.799993
_313_,VPWR,li1,68.7700,68.0000,1.799992
_312_,VPWR,li1,86.7100,19.0400,1.799992
_311_,VPWR,li1,32.8900,29.9200,1.799998
_310_,VPWR,li1,39.7900,35.3600,1.799995
_309_,VPWR,li1,26.9100,68.0000,1.799995
_308_,VPWR,li1,55.6600,78.8800,1.799995
_307_,VPWR,li1,59.5700,40.8000,1.799996
_306_,VPWR,li1,28.0600,46.2400,1.799994
_305_,VPWR,li1,25.0700,62.5600,1.799998
_304_,VPWR,li1,90.6200,73.4400,1.799996
_303_,VPWR,li1,85.3300,73.4400,1.799996
_302_,VPWR,li1,48.5300,51.6800,1.799993
_301_,VPWR,li1,13.8000,78.8800,1.799997
_300_,VPWR,li1,85.3300,13.6000,1.799992
_299_,VPWR,li1,60.0300,24.4800,1.799995
_298_,VPWR,li1,55.2000,73.4400,1.799996
_297_,VPWR,li1,71.9900,29.9200,1.799997
_296_,VPWR,li1,17.2500,19.0400,1.799991
_295_,VPWR,li1,20.2400,40.8000,1.799996
_294_,VPWR,li1,47.6100,68.0000,1.799993
_293_,VPWR,li1,11.0400,46.2400,1.799994
_292_,VPWR,li1,63.7100,40.8000,1.799995
_291_,VPWR,li1,39.1000,78.8800,1.799996
_290_,VPWR,li1,28.2900,84.3200,1.799990
_289_,VPWR,li1,36.3400,84.3200,1.799993
_288_,VPWR,li1,70.1500,78.8800,1.799993
_287_,VPWR,li1,22.7700,68.0000,1.799995
_286_,VPWR,li1,86.2500,19.0400,1.799992
_285_,VPWR,li1,29.6700,78.8800,1.799996
_284_,VPWR,li1,81.1900,68.0000,1.799992
_283_,VPWR,li1,56.8100,68.0000,1.799993
_282_,VPWR,li1,86.9400,68.0000,1.799992
_281_,VPWR,li1,33.3500,57.1200,1.799996
_280_,VPWR,li1,10.5800,29.9200,1.799999
_279_,VPWR,li1,19.7800,35.3600,1.799996
_278_,VPWR,li1,60.4900,51.6800,1.799995
_277_,VPWR,li1,80.9600,57.1200,1.799993
_276_,VPWR,li1,67.3900,51.6800,1.799994
_275_,VPWR,li1,37.0300,57.1200,1.799996
_274_,VPWR,li1,52.6700,29.9200,1.799997
_273_,VPWR,li1,49.9100,78.8800,1.799995
_272_,VPWR,li1,73.3700,40.8000,1.799995
_271_,VPWR,li1,13.1100,24.4800,1.799994
_270_,VPWR,li1,81.1900,13.6000,1.799991
_269_,VPWR,li1,69.2300,68.0000,1.799992
_268_,VPWR,li1,74.5200,35.3600,1.799994
_267_,VPWR,li1,78.4300,62.5600,1.799997
_266_,VPWR,li1,37.0300,62.5600,1.799999
_265_,VPWR,li1,31.7400,51.6800,1.799995
_264_,VPWR,li1,34.0400,13.6000,1.799997
_263_,VPWR,li1,9.6600,51.6800,1.799997
_262_,VPWR,li1,68.3100,62.5600,1.799997
_261_,VPWR,li1,52.6700,73.4400,1.799996
_260_,VPWR,li1,74.2900,13.6000,1.799992
_259_,VPWR,li1,34.7300,19.0400,1.799993
_258_,VPWR,li1,71.7600,35.3600,1.799994
_257_,VPWR,li1,14.2600,46.2400,1.799993
_256_,VPWR,li1,35.6500,13.6000,1.799997
_255_,VPWR,li1,71.5300,62.5600,1.799997
_254_,VPWR,li1,30.5900,24.4800,1.799993
_253_,VPWR,li1,68.3100,19.0400,1.799993
_252_,VPWR,li1,39.3300,35.3600,1.799995
_251_,VPWR,li1,14.2600,73.4400,1.799995
_250_,VPWR,li1,87.1700,13.6000,1.799991
_249_,VPWR,li1,51.7500,40.8000,1.799995
_248_,VPWR,li1,56.8100,40.8000,1.799995
_247_,VPWR,li1,62.1000,19.0400,1.799994
_246_,VPWR,li1,64.8600,46.2400,1.799995
_245_,VPWR,li1,90.8500,13.6000,1.799990
_244_,VPWR,li1,61.8700,57.1200,1.799995
_243_,VPWR,li1,27.3700,19.0400,1.799991
_242_,VPWR,li1,54.0500,35.3600,1.799995
_241_,VPWR,li1,86.2500,46.2400,1.799992
_240_,VPWR,li1,42.5500,19.0400,1.799993
_239_,VPWR,li1,33.3500,84.3200,1.799991
_238_,VPWR,li1,62.3300,68.0000,1.799993
_237_,VPWR,li1,47.6100,35.3600,1.799994
_236_,VPWR,li1,38.6400,29.9200,1.799998
_235_,VPWR,li1,89.2400,35.3600,1.799992
_234_,VPWR,li1,59.5700,68.0000,1.799994
_233_,VPWR,li1,44.1600,68.0000,1.799993
_232_,VPWR,li1,13.1100,19.0400,1.799992
_231_,VPWR,li1,77.0500,73.4400,1.799995
_230_,VPWR,li1,13.8000,40.8000,1.799997
_229_,VPWR,li1,77.5100,51.6800,1.799995
_228_,VPWR,li1,68.7700,29.9200,1.799997
_227_,VPWR,li1,72.9100,78.8800,1.799994
_226_,VPWR,li1,26.9100,40.8000,1.799996
_225_,VPWR,li1,21.1600,19.0400,1.799990
_224_,VPWR,li1,58.6500,57.1200,1.799995
_223_,VPWR,li1,13.5700,62.5600,1.799998
_222_,VPWR,li1,43.4700,29.9200,1.799997
_221_,VPWR,li1,73.8300,73.4400,1.799995
_220_,VPWR,li1,13.1100,51.6800,1.799996
_219_,VPWR,li1,79.5800,73.4400,1.799996
_218_,VPWR,li1,45.0800,51.6800,1.799993
_217_,VPWR,li1,35.4200,68.0000,1.799995
_216_,VPWR,li1,19.7800,29.9200,1.799998
_215_,VPWR,li1,54.5100,40.8000,1.799995
_214_,VPWR,li1,91.3100,68.0000,1.799991
_213_,VPWR,li1,90.8500,62.5600,1.799998
_212_,VPWR,li1,16.3300,84.3200,1.799992
_211_,VPWR,li1,46.0000,24.4800,1.799993
_210_,VPWR,li1,30.3600,73.4400,1.799996
_209_,VPWR,li1,34.7300,73.4400,1.799996
_208_,VPWR,li1,20.2400,24.4800,1.799993
_207_,VPWR,li1,64.6300,46.2400,1.799995
_206_,VPWR,li1,40.9400,68.0000,1.799994
_205_,VPWR,li1,23.2300,29.9200,1.799998
_204_,VPWR,li1,80.7300,78.8800,1.799995
_203_,VPWR,li1,53.3600,78.8800,1.799995
_202_,VPWR,li1,30.5900,73.4400,1.799996
_201_,VPWR,li1,66.9300,24.4800,1.799994
_200_,VPWR,li1,30.5900,35.3600,1.799995
_199_,VPWR,li1,55.4300,68.0000,1.799993
_198_,VPWR,li1,59.5700,73.4400,1.799997
_197_,VPWR,li1,42.3200,78.8800,1.799996
_196_,VPWR,li1,76.5900,29.9200,1.799997
_195_,VPWR,li1,62.7900,13.6000,1.799995
_194_,VPWR,li1,32.4300,68.0000,1.799995
_193_,VPWR,li1,68.0800,40.8000,1.799995
_192_,VPWR,li1,77.5100,78.8800,1.799994
_191_,VPWR,li1,32.6600,19.0400,1.799992
_190_,VPWR,li1,81.8800,40.8000,1.799996
_189_,VPWR,li1,81.4200,84.3200,1.799987
_188_,VPWR,li1,38.6400,24.4800,1.799993
_187_,VPWR,li1,10.8100,73.4400,1.799995
_186_,VPWR,li1,30.8200,40.8000,1.799996
_185_,VPWR,li1,53.5900,57.1200,1.799994
_184_,VPWR,li1,73.1400,84.3200,1.799988
_183_,VPWR,li1,35.1900,57.1200,1.799996
_182_,VPWR,li1,48.5300,24.4800,1.799993
_181_,VPWR,li1,36.1100,24.4800,1.799994
_180_,VPWR,li1,84.4100,19.0400,1.799992
_179_,VPWR,li1,27.1400,78.8800,1.799995
_178_,VPWR,li1,83.2600,57.1200,1.799993
_177_,VPWR,li1,32.4300,35.3600,1.799995
_176_,VPWR,li1,86.0200,35.3600,1.799993
_175_,VPWR,li1,81.4200,46.2400,1.799993
_174_,VPWR,li1,63.2500,35.3600,1.799995
_173_,VPWR,li1,25.3000,84.3200,1.799990
_172_,VPWR,li1,52.6700,73.4400,1.799996
_171_,VPWR,li1,16.7900,78.8800,1.799996
_170_,VPWR,li1,17.7100,24.4800,1.799993
