
===========================================================================
 report_power
============================================================================
======================= Fastest Corner ===================================

Group                  Internal  Switching    Leakage      Total
                          Power      Power      Power      Power (Watts)
----------------------------------------------------------------
Sequential             0.00e+00   0.00e+00   0.00e+00   0.00e+00   0.0%
Combinational          4.74e-06   1.09e-05   1.48e-10   1.56e-05 100.0%
Clock                  0.00e+00   0.00e+00   1.70e-10   1.70e-10   0.0%
Macro                  0.00e+00   0.00e+00   0.00e+00   0.00e+00   0.0%
Pad                    0.00e+00   0.00e+00   0.00e+00   0.00e+00   0.0%
----------------------------------------------------------------
Total                  4.74e-06   1.09e-05   3.19e-10   1.56e-05 100.0%
                          30.3%      69.7%       0.0%

======================= Slowest Corner ===================================

Group                  Internal  Switching    Leakage      Total
                          Power      Power      Power      Power (Watts)
----------------------------------------------------------------
Sequential             0.00e+00   0.00e+00   0.00e+00   0.00e+00   0.0%
Combinational          3.53e-06   7.27e-06   1.58e-07   1.10e-05 100.0%
Clock                  0.00e+00   0.00e+00   1.70e-10   1.70e-10   0.0%
Macro                  0.00e+00   0.00e+00   0.00e+00   0.00e+00   0.0%
Pad                    0.00e+00   0.00e+00   0.00e+00   0.00e+00   0.0%
----------------------------------------------------------------
Total                  3.53e-06   7.27e-06   1.58e-07   1.10e-05 100.0%
                          32.2%      66.3%       1.4%

======================= Typical Corner ===================================

Group                  Internal  Switching    Leakage      Total
                          Power      Power      Power      Power (Watts)
----------------------------------------------------------------
Sequential             0.00e+00   0.00e+00   0.00e+00   0.00e+00   0.0%
Combinational          4.27e-06   9.23e-06   9.05e-11   1.35e-05 100.0%
Clock                  0.00e+00   0.00e+00   1.70e-10   1.70e-10   0.0%
Macro                  0.00e+00   0.00e+00   0.00e+00   0.00e+00   0.0%
Pad                    0.00e+00   0.00e+00   0.00e+00   0.00e+00   0.0%
----------------------------------------------------------------
Total                  4.27e-06   9.23e-06   2.61e-10   1.35e-05 100.0%
                          31.6%      68.4%       0.0%

